;  LST file generated by mikroListExporter - v.2.0 
; Date/Time: 20/01/2014 10:46:56 AM
;----------------------------------------------

;Address Opcode 	ASM
0x0000	0xF000EFCF  	GOTO        414
_interrupt:
;lights_mikroc.c,260 :: 		void interrupt (void)
0x0008	0xF016C000  	MOVFF       R0, 22
0x000C	0xF015C001  	MOVFF       R1, 21
;lights_mikroc.c,268 :: 		if (T0IF_bit && T0IE_bit)
0x0010	0xA4F2      	BTFSS       T0IF_bit, 2 
0x0012	0xD002      	BRA         L_interrupt30
0x0014	0xBAF2      	BTFSC       T0IE_bit, 5 
L__interrupt51:
;lights_mikroc.c,270 :: 		T0IF_bit = 0;
0x0016	0x94F2      	BCF         T0IF_bit, 2 
;lights_mikroc.c,272 :: 		}
L_interrupt30:
;lights_mikroc.c,279 :: 		if (TMR2IF_bit)       //call is made to the timer every 10 ms
0x0018	0xA29E      	BTFSS       TMR2IF_bit, 1 
0x001A	0xD031      	BRA         L_interrupt31
;lights_mikroc.c,281 :: 		TMR2IF_bit = 0;
0x001C	0x929E      	BCF         TMR2IF_bit, 1 
;lights_mikroc.c,282 :: 		OS_Timer();
0x001E	0xA820      	BTFSS       __OS_Tasks, 4 
0x0020	0xD00E      	BRA         L_interrupt32
0x0022	0x0E01      	MOVLW       1
0x0024	0x2425      	ADDWF       __OS_Tasks+5, 0 
0x0026	0x6E00      	MOVWF       R0 
0x0028	0x0E00      	MOVLW       0
0x002A	0x2026      	ADDWFC      __OS_Tasks+6, 0 
0x002C	0x6E01      	MOVWF       R1 
0x002E	0xF025C000  	MOVFF       R0, __OS_Tasks+5
0x0032	0xF026C001  	MOVFF       R1, __OS_Tasks+6
0x0036	0x5025      	MOVF        __OS_Tasks+5, 0 
0x0038	0x1026      	IORWF       __OS_Tasks+6, 0 
0x003A	0xB4D8      	BTFSC       STATUS, 2 
0x003C	0x9820      	BCF         __OS_Tasks, 4 
L_interrupt33:
L_interrupt32:
0x003E	0xA827      	BTFSS       __OS_Tasks+7, 4 
0x0040	0xD00E      	BRA         L_interrupt34
0x0042	0x0E01      	MOVLW       1
0x0044	0x242C      	ADDWF       __OS_Tasks+12, 0 
0x0046	0x6E00      	MOVWF       R0 
0x0048	0x0E00      	MOVLW       0
0x004A	0x202D      	ADDWFC      __OS_Tasks+13, 0 
0x004C	0x6E01      	MOVWF       R1 
0x004E	0xF02CC000  	MOVFF       R0, __OS_Tasks+12
0x0052	0xF02DC001  	MOVFF       R1, __OS_Tasks+13
0x0056	0x502C      	MOVF        __OS_Tasks+12, 0 
0x0058	0x102D      	IORWF       __OS_Tasks+13, 0 
0x005A	0xB4D8      	BTFSC       STATUS, 2 
0x005C	0x9827      	BCF         __OS_Tasks+7, 4 
L_interrupt35:
L_interrupt34:
0x005E	0xA82E      	BTFSS       __OS_Tasks+14, 4 
0x0060	0xD00E      	BRA         L_interrupt36
0x0062	0x0E01      	MOVLW       1
0x0064	0x2433      	ADDWF       __OS_Tasks+19, 0 
0x0066	0x6E00      	MOVWF       R0 
0x0068	0x0E00      	MOVLW       0
0x006A	0x2034      	ADDWFC      __OS_Tasks+20, 0 
0x006C	0x6E01      	MOVWF       R1 
0x006E	0xF033C000  	MOVFF       R0, __OS_Tasks+19
0x0072	0xF034C001  	MOVFF       R1, __OS_Tasks+20
0x0076	0x5033      	MOVF        __OS_Tasks+19, 0 
0x0078	0x1034      	IORWF       __OS_Tasks+20, 0 
0x007A	0xB4D8      	BTFSC       STATUS, 2 
0x007C	0x982E      	BCF         __OS_Tasks+14, 4 
L_interrupt37:
L_interrupt36:
;lights_mikroc.c,283 :: 		}
L_interrupt31:
;lights_mikroc.c,285 :: 		}
L_end_interrupt:
L__interrupt57:
0x007E	0xF000C016  	MOVFF       22, R0
0x0082	0xF001C015  	MOVFF       21, R1
0x0086	0x0011      	RETFIE      1
; end of _interrupt
__OS_SET_FSR_CUR_TASK:
;osa_pic18_mikroc.c,242 :: 		
;osa_pic18_mikroc.c,244 :: 		
0x0088	0xFFE9C017  	MOVFF       __OS_CurTask, FSR0L
0x008C	0xFFEAC018  	MOVFF       __OS_CurTask+1, FSR0H
;osa_pic18_mikroc.c,245 :: 		
L_end__OS_SET_FSR_CUR_TASK:
0x0090	0x0012      	RETURN      0
; end of __OS_SET_FSR_CUR_TASK
_OS_Init:
;osa_system.c,67 :: 		
;osa_system.c,72 :: 		
0x0092	0x6A1B      	CLRF        __OS_Flags 
;osa_system.c,81 :: 		
0x0094	0x0E20      	MOVLW       __OS_Tasks
0x0096	0x6E00      	MOVWF       R0 
0x0098	0x0E00      	MOVLW       hi_addr(__OS_Tasks)
0x009A	0x6E01      	MOVWF       R1 
0x009C	0x0E0E      	MOVLW       14
0x009E	0x2400      	ADDWF       R0, 0 
0x00A0	0x6E19      	MOVWF       __OS_LastTask 
0x00A2	0x0E00      	MOVLW       0
0x00A4	0x2001      	ADDWFC      R1, 0 
0x00A6	0x6E1A      	MOVWF       __OS_LastTask+1 
;osa_system.c,326 :: 		
0x00A8	0x9C20      	BCF         __OS_Tasks, 6 
;osa_system.c,329 :: 		
0x00AA	0x9C27      	BCF         __OS_Tasks+7, 6 
;osa_system.c,333 :: 		
0x00AC	0x9C2E      	BCF         __OS_Tasks+14, 6 
;osa_system.c,394 :: 		
L_end_OS_Init:
0x00AE	0x0012      	RETURN      0
; end of _OS_Init
__OS_Task_Create:
;osa_tasks.c,75 :: 		
;osa_tasks.c,79 :: 		
0x00B0	0x921B      	BCF         __OS_Flags, 1 
;osa_tasks.c,88 :: 		
0x00B2	0x0E20      	MOVLW       __OS_Tasks
0x00B4	0x6E01      	MOVWF       R1 
0x00B6	0x0E00      	MOVLW       hi_addr(__OS_Tasks)
0x00B8	0x6E02      	MOVWF       R2 
;osa_tasks.c,89 :: 		
0x00BA	0x6A1D      	CLRF        __OS_Temp 
;osa_tasks.c,91 :: 		
L__OS_Task_Create17:
;osa_tasks.c,93 :: 		
0x00BC	0xFFE9C001  	MOVFF       R1, FSR0L
0x00C0	0xFFEAC002  	MOVFF       R2, FSR0H
0x00C4	0xF000CFEE  	MOVFF       POSTINC0, R0
0x00C8	0xBC00      	BTFSC       R0, 6 
0x00CA	0xD028      	BRA         L__OS_Task_Create20
;osa_tasks.c,95 :: 		
0x00CC	0x8C36      	BSF         FARG__OS_Task_Create_priority, 6 
;osa_tasks.c,96 :: 		
0x00CE	0x8636      	BSF         FARG__OS_Task_Create_priority, 3 
;osa_tasks.c,98 :: 		
0x00D0	0x0E01      	MOVLW       1
0x00D2	0x2401      	ADDWF       R1, 0 
0x00D4	0x6EE1      	MOVWF       FSR1L 
0x00D6	0x0E00      	MOVLW       0
0x00D8	0x2002      	ADDWFC      R2, 0 
0x00DA	0x6EE2      	MOVWF       FSR1H 
0x00DC	0xFFE6C037  	MOVFF       FARG__OS_Task_Create_TaskAddr, POSTINC1
0x00E0	0xFFE6C038  	MOVFF       FARG__OS_Task_Create_TaskAddr+1, POSTINC1
0x00E4	0xFFE6C039  	MOVFF       FARG__OS_Task_Create_TaskAddr+2, POSTINC1
0x00E8	0xFFE6C03A  	MOVFF       FARG__OS_Task_Create_TaskAddr+3, POSTINC1
;osa_tasks.c,101 :: 		
0x00EC	0x0E05      	MOVLW       5
0x00EE	0x2401      	ADDWF       R1, 0 
0x00F0	0x6EE1      	MOVWF       FSR1L 
0x00F2	0x0E00      	MOVLW       0
0x00F4	0x2002      	ADDWFC      R2, 0 
0x00F6	0x6EE2      	MOVWF       FSR1H 
0x00F8	0x6AE6      	CLRF        POSTINC1 
0x00FA	0x6AE6      	CLRF        POSTINC1 
;osa_tasks.c,108 :: 		
0x00FC	0xFFE1C001  	MOVFF       R1, FSR1L
0x0100	0xFFE2C002  	MOVFF       R2, FSR1H
0x0104	0xFFE6C036  	MOVFF       FARG__OS_Task_Create_priority, POSTINC1
;osa_tasks.c,111 :: 		
0x0108	0x5002      	MOVF        R2, 0 
0x010A	0x1818      	XORWF       __OS_CurTask+1, 0 
0x010C	0xE102      	BNZ         L___OS_Task_Create38
0x010E	0x5017      	MOVF        __OS_CurTask, 0 
0x0110	0x1801      	XORWF       R1, 0 
L___OS_Task_Create38:
0x0112	0xE102      	BNZ         L__OS_Task_Create21
0x0114	0xF035C036  	MOVFF       FARG__OS_Task_Create_priority, __OS_State
L__OS_Task_Create21:
;osa_tasks.c,126 :: 		
0x0118	0x921B      	BCF         __OS_Flags, 1 
;osa_tasks.c,128 :: 		
0x011A	0xD009      	BRA         L_end__OS_Task_Create
;osa_tasks.c,130 :: 		
L__OS_Task_Create20:
;osa_tasks.c,132 :: 		
0x011C	0x0E07      	MOVLW       7
0x011E	0x2601      	ADDWF       R1, 1 
0x0120	0x0E00      	MOVLW       0
0x0122	0x2202      	ADDWFC      R2, 1 
;osa_tasks.c,134 :: 		
0x0124	0x2A1D      	INCF        __OS_Temp, 1 
0x0126	0x0E03      	MOVLW       3
0x0128	0x5C1D      	SUBWF       __OS_Temp, 0 
0x012A	0xE3C8      	BNC         L__OS_Task_Create17
;osa_tasks.c,137 :: 		
0x012C	0x821B      	BSF         __OS_Flags, 1 
;osa_tasks.c,139 :: 		
;osa_tasks.c,140 :: 		
L_end__OS_Task_Create:
0x012E	0x0012      	RETURN      0
; end of __OS_Task_Create
__OS_JumpToTask:
;osa_pic18_mikroc.c,64 :: 		
;osa_pic18_mikroc.c,66 :: 		
0x0130	0xDFAB      	RCALL       __OS_SET_FSR_CUR_TASK
;osa_pic18_mikroc.c,67 :: 		
0x0132	0xF035CFEE  	MOVFF       POSTINC0, __OS_State
;osa_pic18_mikroc.c,69 :: 		
0x0136	0x0005      	PUSH
;osa_pic18_mikroc.c,70 :: 		
0x0138	0x50EE      	MOVF        POSTINC0, 0, 0
;osa_pic18_mikroc.c,71 :: 		
0x013A	0x6EFD      	MOVWF       TOSL, 0
;osa_pic18_mikroc.c,72 :: 		
0x013C	0x50EE      	MOVF        POSTINC0, 0, 0
;osa_pic18_mikroc.c,73 :: 		
0x013E	0x6EFE      	MOVWF       TOSH, 0
;osa_pic18_mikroc.c,74 :: 		
0x0140	0x50EE      	MOVF        POSTINC0, 0, 0
;osa_pic18_mikroc.c,75 :: 		
0x0142	0x6EFF      	MOVWF       TOSU, 0
;osa_pic18_mikroc.c,76 :: 		
0x0144	0x0012      	RETURN      0
;osa_pic18_mikroc.c,78 :: 		
L_end__OS_JumpToTask:
0x0146	0x0012      	RETURN      0
; end of __OS_JumpToTask
_Init:
;lights_mikroc.c,195 :: 		void Init (void)
;lights_mikroc.c,202 :: 		PORTA = PORTA_CONST;
0x0148	0x0EFF      	MOVLW       255
0x014A	0x6E80      	MOVWF       PORTA 
;lights_mikroc.c,203 :: 		PORTB = PORTB_CONST;
0x014C	0x0EFF      	MOVLW       255
0x014E	0x6E81      	MOVWF       PORTB 
;lights_mikroc.c,205 :: 		TRISA = TRISA_CONST;
0x0150	0x6A92      	CLRF        TRISA 
;lights_mikroc.c,206 :: 		TRISB = TRISB_CONST;
0x0152	0x6A93      	CLRF        TRISB 
;lights_mikroc.c,208 :: 		NOT_RBPU_bit = 0;
0x0154	0x9EF1      	BCF         NOT_RBPU_bit, 7 
;lights_mikroc.c,210 :: 		PORTC = PORTC_CONST;
0x0156	0x6A82      	CLRF        PORTC 
;lights_mikroc.c,211 :: 		TRISC = TRISC_CONST;
0x0158	0x6A94      	CLRF        TRISC 
;lights_mikroc.c,215 :: 		PORTD = PORTD_CONST;
0x015A	0x6A83      	CLRF        PORTD 
;lights_mikroc.c,216 :: 		TRISD = TRISD_CONST;
0x015C	0x6A95      	CLRF        TRISD 
;lights_mikroc.c,220 :: 		PORTE = PORTE_CONST;
0x015E	0x6A84      	CLRF        PORTE 
;lights_mikroc.c,221 :: 		TRISE = TRISE_CONST;
0x0160	0x6A96      	CLRF        TRISE 
;lights_mikroc.c,237 :: 		T2CON	 = 0x4E;
0x0162	0x0E4E      	MOVLW       78
0x0164	0x6ECA      	MOVWF       T2CON 
;lights_mikroc.c,238 :: 		TMR2IE_bit	 = 1;
0x0166	0x829D      	BSF         TMR2IE_bit, 1 
;lights_mikroc.c,239 :: 		PR2		 = 250;
0x0168	0x0EFA      	MOVLW       250
0x016A	0x6ECB      	MOVWF       PR2 
;lights_mikroc.c,240 :: 		INTCON	 = 0xC0;
0x016C	0x0EC0      	MOVLW       192
0x016E	0x6EF2      	MOVWF       INTCON 
;lights_mikroc.c,250 :: 		PEIE_bit = 1;
0x0170	0x8CF2      	BSF         PEIE_bit, 6 
;lights_mikroc.c,252 :: 		}
L_end_Init:
0x0172	0x0012      	RETURN      0
; end of _Init
_Thread1:
;lights_mikroc.c,300 :: 		void Thread1 (void)
;lights_mikroc.c,304 :: 		for (;;)
L_Thread138:
;lights_mikroc.c,306 :: 		PORTA++;     //add code here
0x0174	0x5080      	MOVF        PORTA, 0 
0x0176	0x0F01      	ADDLW       1
0x0178	0x6E00      	MOVWF       R0 
0x017A	0xFF80C000  	MOVFF       R0, PORTA
;lights_mikroc.c,307 :: 		}
0x017E	0xD7FA      	BRA         L_Thread138
;lights_mikroc.c,308 :: 		}
L_end_Thread1:
0x0180	0x0012      	RETURN      0
; end of _Thread1
_Thread2:
;lights_mikroc.c,321 :: 		void Thread2 (void)
;lights_mikroc.c,323 :: 		for (;;)
L_Thread241:
;lights_mikroc.c,325 :: 		portb++;
0x0182	0x5081      	MOVF        PORTB, 0 
0x0184	0x0F01      	ADDLW       1
0x0186	0x6E00      	MOVWF       R0 
0x0188	0xFF81C000  	MOVFF       R0, PORTB
;lights_mikroc.c,327 :: 		}
0x018C	0xD7FA      	BRA         L_Thread241
;lights_mikroc.c,328 :: 		}
L_end_Thread2:
0x018E	0x0012      	RETURN      0
; end of _Thread2
_Thread3:
;lights_mikroc.c,340 :: 		void Thread3 (void)
;lights_mikroc.c,342 :: 		for (;;)
L_Thread344:
;lights_mikroc.c,344 :: 		portc++;
0x0190	0x5082      	MOVF        PORTC, 0 
0x0192	0x0F01      	ADDLW       1
0x0194	0x6E00      	MOVWF       R0 
0x0196	0xFF82C000  	MOVFF       R0, PORTC
;lights_mikroc.c,345 :: 		}
0x019A	0xD7FA      	BRA         L_Thread344
;lights_mikroc.c,346 :: 		}
L_end_Thread3:
0x019C	0x0012      	RETURN      0
; end of _Thread3
_main:
;lights_mikroc.c,155 :: 		void main (void)
;lights_mikroc.c,157 :: 		Init();                             // Init periphery
0x019E	0xDFD4      	RCALL       _Init
;lights_mikroc.c,159 :: 		OS_Init();                          // Init OS
0x01A0	0xDF78      	RCALL       _OS_Init
;lights_mikroc.c,163 :: 		OS_Task_Create(0, Thread1);    // Create tasks.
0x01A2	0x6A36      	CLRF        FARG__OS_Task_Create_priority 
0x01A4	0x0E74      	MOVLW       _Thread1
0x01A6	0x6E37      	MOVWF       FARG__OS_Task_Create_TaskAddr 
0x01A8	0x0E01      	MOVLW       hi_addr(_Thread1)
0x01AA	0x6E38      	MOVWF       FARG__OS_Task_Create_TaskAddr+1 
0x01AC	0x0E00      	MOVLW       0
0x01AE	0x6E39      	MOVWF       FARG__OS_Task_Create_TaskAddr+2 
0x01B0	0x0E00      	MOVLW       0
0x01B2	0x6E3A      	MOVWF       FARG__OS_Task_Create_TaskAddr+3 
0x01B4	0xDF7D      	RCALL       __OS_Task_Create
;lights_mikroc.c,164 :: 		OS_Task_Create(0, Thread2);   //
0x01B6	0x6A36      	CLRF        FARG__OS_Task_Create_priority 
0x01B8	0x0E82      	MOVLW       _Thread2
0x01BA	0x6E37      	MOVWF       FARG__OS_Task_Create_TaskAddr 
0x01BC	0x0E01      	MOVLW       hi_addr(_Thread2)
0x01BE	0x6E38      	MOVWF       FARG__OS_Task_Create_TaskAddr+1 
0x01C0	0x0E00      	MOVLW       0
0x01C2	0x6E39      	MOVWF       FARG__OS_Task_Create_TaskAddr+2 
0x01C4	0x0E00      	MOVLW       0
0x01C6	0x6E3A      	MOVWF       FARG__OS_Task_Create_TaskAddr+3 
0x01C8	0xDF73      	RCALL       __OS_Task_Create
;lights_mikroc.c,165 :: 		OS_Task_Create(0, Thread3);     //
0x01CA	0x6A36      	CLRF        FARG__OS_Task_Create_priority 
0x01CC	0x0E90      	MOVLW       _Thread3
0x01CE	0x6E37      	MOVWF       FARG__OS_Task_Create_TaskAddr 
0x01D0	0x0E01      	MOVLW       hi_addr(_Thread3)
0x01D2	0x6E38      	MOVWF       FARG__OS_Task_Create_TaskAddr+1 
0x01D4	0x0E00      	MOVLW       0
0x01D6	0x6E39      	MOVWF       FARG__OS_Task_Create_TaskAddr+2 
0x01D8	0x0E00      	MOVLW       0
0x01DA	0x6E3A      	MOVWF       FARG__OS_Task_Create_TaskAddr+3 
0x01DC	0xDF69      	RCALL       __OS_Task_Create
;lights_mikroc.c,170 :: 		OS_EI();                            // Enable interrupts
0x01DE	0x8EF2      	BSF         GIE_bit, 7 
0x01E0	0xBED0      	BTFSC       IPEN_bit, 7 
0x01E2	0x8CF2      	BSF         GIEL_bit, 6 
L_main0:
;lights_mikroc.c,172 :: 		OS_Run();                           // Running scheduler void hello() iv 0x0018 ics ICS_AUTO {}
L_main1:
0x01E4	0x981B      	BCF         __OS_Flags, 4 
0x01E6	0x861B      	BSF         __OS_Flags, 3 
0x01E8	0x0E08      	MOVLW       8
0x01EA	0x6E1C      	MOVWF       __OS_Best_Priority 
0x01EC	0xF017C019  	MOVFF       __OS_LastTask, __OS_CurTask
0x01F0	0xF018C01A  	MOVFF       __OS_LastTask+1, __OS_CurTask+1
L_main4:
0x01F4	0x0E20      	MOVLW       __OS_Tasks
0x01F6	0x6E00      	MOVWF       R0 
0x01F8	0x0E00      	MOVLW       hi_addr(__OS_Tasks)
0x01FA	0x6E01      	MOVWF       R1 
0x01FC	0x0E0E      	MOVLW       14
0x01FE	0x2400      	ADDWF       R0, 0 
0x0200	0x6E02      	MOVWF       R2 
0x0202	0x0E00      	MOVLW       0
0x0204	0x2001      	ADDWFC      R1, 0 
0x0206	0x6E03      	MOVWF       R3 
0x0208	0x5003      	MOVF        R3, 0 
0x020A	0x5C18      	SUBWF       __OS_CurTask+1, 0 
0x020C	0xE102      	BNZ         L__main53
0x020E	0x5002      	MOVF        R2, 0 
0x0210	0x5C17      	SUBWF       __OS_CurTask, 0 
L__main53:
0x0212	0xE305      	BNC         L_main7
0x0214	0x0E20      	MOVLW       __OS_Tasks
0x0216	0x6E17      	MOVWF       __OS_CurTask 
0x0218	0x0E00      	MOVLW       hi_addr(__OS_Tasks)
0x021A	0x6E18      	MOVWF       __OS_CurTask+1 
0x021C	0xD00A      	BRA         L_main8
L_main7:
0x021E	0x0E07      	MOVLW       7
0x0220	0x2417      	ADDWF       __OS_CurTask, 0 
0x0222	0x6E00      	MOVWF       R0 
0x0224	0x0E00      	MOVLW       0
0x0226	0x2018      	ADDWFC      __OS_CurTask+1, 0 
0x0228	0x6E01      	MOVWF       R1 
0x022A	0xF017C000  	MOVFF       R0, __OS_CurTask
0x022E	0xF018C001  	MOVFF       R1, __OS_CurTask+1
L_main8:
0x0232	0xFFE9C017  	MOVFF       __OS_CurTask, FSR0L
0x0236	0xFFEAC018  	MOVFF       __OS_CurTask+1, FSR0H
0x023A	0x0E01      	MOVLW       1
0x023C	0x6E00      	MOVWF       R0 
0x023E	0x0E35      	MOVLW       __OS_State
0x0240	0x6EE1      	MOVWF       FSR1L 
0x0242	0x0E00      	MOVLW       hi_addr(__OS_State)
0x0244	0x6EE2      	MOVWF       FSR1H 
L_main9:
0x0246	0xFFE6CFEE  	MOVFF       POSTINC0, POSTINC1
0x024A	0x0600      	DECF        R0, 1 
0x024C	0xE1FC      	BNZ         L_main9
0x024E	0xAC35      	BTFSS       __OS_State, 6 
0x0250	0xD003      	BRA         L__main50
0x0252	0xBE35      	BTFSC       __OS_State, 7 
0x0254	0xD001      	BRA         L__main50
0x0256	0xD001      	BRA         L_main12
L__main50:
0x0258	0xD02E      	BRA         ___main__OS_SCHED_CONTINUE
L_main12:
0x025A	0xF000C035  	MOVFF       __OS_State, R0
0x025E	0x0E07      	MOVLW       7
0x0260	0x1600      	ANDWF       R0, 1 
0x0262	0xF01DC000  	MOVFF       R0, __OS_Temp
0x0266	0x501C      	MOVF        __OS_Best_Priority, 0 
0x0268	0x5C1D      	SUBWF       __OS_Temp, 0 
0x026A	0xE301      	BNC         L_main13
0x026C	0xD024      	BRA         ___main__OS_SCHED_CONTINUE
L_main13:
0x026E	0xB635      	BTFSC       __OS_State, 3 
0x0270	0xD00C      	BRA         L_main14
___main__OS_SCHED_RUN:
0x0272	0xDF5E      	RCALL       __OS_JumpToTask
0x0274	0xDF09      	RCALL       __OS_SET_FSR_CUR_TASK
0x0276	0x0ED7      	MOVLW       215
0x0278	0x16EF      	ANDWF       __indf, 1 
0x027A	0x0E28      	MOVLW       40
0x027C	0x1435      	ANDWF       __OS_State, 0 
0x027E	0x6E00      	MOVWF       R0 
0x0280	0x5000      	MOVF        R0, 0 
0x0282	0x12EF      	IORWF       __indf, 1 
0x0284	0xB61B      	BTFSC       __OS_Flags, 3 
0x0286	0xD001      	BRA         L_main15
0x0288	0xD03B      	BRA         ___main_SCHED_END
L_main15:
L_main14:
0x028A	0xA835      	BTFSS       __OS_State, 4 
0x028C	0xD003      	BRA         L_main18
0x028E	0xBA35      	BTFSC       __OS_State, 5 
0x0290	0xD001      	BRA         L_main18
L__main49:
0x0292	0xD011      	BRA         ___main__OS_SCHED_CONTINUE
L_main18:
0x0294	0xA635      	BTFSS       __OS_State, 3 
0x0296	0xD00F      	BRA         L_main19
0x0298	0x881B      	BSF         __OS_Flags, 4 
0x029A	0xF01EC017  	MOVFF       __OS_CurTask, __OS_BestTask
0x029E	0xF01FC018  	MOVFF       __OS_CurTask+1, __OS_BestTask+1
0x02A2	0xF000C035  	MOVFF       __OS_State, R0
0x02A6	0x0E07      	MOVLW       7
0x02A8	0x1600      	ANDWF       R0, 1 
0x02AA	0xF01CC000  	MOVFF       R0, __OS_Best_Priority
0x02AE	0x501C      	MOVF        __OS_Best_Priority, 0 
0x02B0	0x0A00      	XORLW       0
0x02B2	0xE101      	BNZ         L_main20
0x02B4	0xD007      	BRA         L_main5
L_main20:
L_main19:
___main__OS_SCHED_CONTINUE:
0x02B6	0x5018      	MOVF        __OS_CurTask+1, 0 
0x02B8	0x181A      	XORWF       __OS_LastTask+1, 0 
0x02BA	0xE102      	BNZ         L__main54
0x02BC	0x5019      	MOVF        __OS_LastTask, 0 
0x02BE	0x1817      	XORWF       __OS_CurTask, 0 
L__main54:
0x02C0	0xE001      	BZ          L__main48
0x02C2	0xD798      	BRA         L_main4
L__main48:
L_main5:
0x02C4	0xA81B      	BTFSS       __OS_Flags, 4 
0x02C6	0xD01C      	BRA         L_main23
0x02C8	0x961B      	BCF         __OS_Flags, 3 
0x02CA	0xF017C01E  	MOVFF       __OS_BestTask, __OS_CurTask
0x02CE	0xF018C01F  	MOVFF       __OS_BestTask+1, __OS_CurTask+1
0x02D2	0xF019C017  	MOVFF       __OS_CurTask, __OS_LastTask
0x02D6	0xF01AC018  	MOVFF       __OS_CurTask+1, __OS_LastTask+1
0x02DA	0xFFE9C017  	MOVFF       __OS_CurTask, FSR0L
0x02DE	0xFFEAC018  	MOVFF       __OS_CurTask+1, FSR0H
0x02E2	0x0E01      	MOVLW       1
0x02E4	0x6E00      	MOVWF       R0 
0x02E6	0x0E35      	MOVLW       __OS_State
0x02E8	0x6EE1      	MOVWF       FSR1L 
0x02EA	0x0E00      	MOVLW       hi_addr(__OS_State)
0x02EC	0x6EE2      	MOVWF       FSR1H 
L_main24:
0x02EE	0xFFE6CFEE  	MOVFF       POSTINC0, POSTINC1
0x02F2	0x0600      	DECF        R0, 1 
0x02F4	0xE1FC      	BNZ         L_main24
0x02F6	0xAC35      	BTFSS       __OS_State, 6 
0x02F8	0xD003      	BRA         L_main27
0x02FA	0xBE35      	BTFSC       __OS_State, 7 
0x02FC	0xD001      	BRA         L_main27
L__main47:
0x02FE	0xD7B9      	BRA         ___main__OS_SCHED_RUN
L_main27:
L_main23:
___main_SCHED_END:
0x0300	0xD771      	BRA         L_main1
;lights_mikroc.c,174 :: 		}
L_end_main:
0x0302	0xD7FF      	BRA         $+0
; end of _main
Symbol List:
//** Routines locations **
//ADDRESS    SIZE    PROCEDURE
//----------------------------------------------
0x0008     [128]    _interrupt
0x0088      [10]    __OS_SET_FSR_CUR_TASK
0x0092      [30]    _OS_Init
0x00B0     [128]    __OS_Task_Create
0x0130      [24]    __OS_JumpToTask
0x0148      [44]    _Init
0x0174      [14]    _Thread1
0x0182      [14]    _Thread2
0x0190      [14]    _Thread3
0x019E     [358]    _main
//** Variables locations ** 
//ADDRESS    SIZE    VARIABLE
//----------------------------------------------
0x0000       [1]    R0
0x0000       [1]    UART1_Init_tmp_L0
0x0001       [2]    _OS_Task_Create_Task_L0
0x0001       [1]    UART1_Read___tmp_UART1_Read_L0
0x0001       [1]    OS_DI_temp_L0
0x0001       [1]    R1
0x0002       [1]    R2
0x0003       [1]    R3
0x0004       [1]    R4
0x0005       [1]    R5
0x0006       [1]    R6
0x0007       [1]    R7
0x0008       [1]    R8
0x0009       [1]    R9
0x000A       [1]    R10
0x000B       [1]    R11
0x000C       [1]    R12
0x000D       [1]    R13
0x000E       [1]    R14
0x000F       [1]    R15
0x0010       [1]    R16
0x0011       [1]    R17
0x0012       [1]    R18
0x0013       [1]    R19
0x0014       [1]    R20
0x0017       [2]    __OS_CurTask
0x0019       [2]    __OS_LastTask
0x001B       [1]    __OS_Flags
0x001C       [1]    __OS_Best_Priority
0x001D       [1]    __OS_Temp
0x001E       [2]    __OS_BestTask
0x0020      [21]    __OS_Tasks
0x0035       [1]    __OS_State
0x0036       [1]    FARG__OS_Task_Create_priority
0x0037       [4]    FARG__OS_Task_Create_TaskAddr
0x0F80       [1]    PORTA
0x0F81       [1]    PORTB
0x0F82       [1]    PORTC
0x0F83       [1]    PORTD
0x0F84       [1]    PORTE
0x0F92       [1]    TRISA
0x0F93       [1]    TRISB
0x0F94       [1]    TRISC
0x0F95       [1]    TRISD
0x0F96       [1]    TRISE
0x0F9D       [0]    TMR2IE_bit
0x0F9E       [0]    TMR2IF_bit
0x0FCA       [1]    T2CON
0x0FCB       [1]    PR2
0x0FD0       [0]    IPEN_bit
0x0FD8       [1]    STATUS
0x0FD9       [1]    FSR2L
0x0FDA       [1]    FSR2H
0x0FDE       [1]    POSTINC2
0x0FE0       [1]    BSR
0x0FE1       [1]    FSR1L
0x0FE2       [1]    FSR1H
0x0FE4       [1]    PREINC1
0x0FE6       [1]    POSTINC1
0x0FE7       [1]    INDF1
0x0FE8       [1]    WREG
0x0FE9       [1]    FSR0L
0x0FE9       [2]    __fsr
0x0FEA       [1]    FSR0H
0x0FEE       [1]    POSTINC0
0x0FEE       [1]    __postinc
0x0FEF       [1]    __indf
0x0FF1       [0]    NOT_RBPU_bit
0x0FF2       [1]    INTCON
0x0FF2       [0]    GIEL_bit
0x0FF2       [0]    GIE_bit
0x0FF2       [0]    T0IE_bit
0x0FF2       [0]    PEIE_bit
0x0FF2       [0]    T0IF_bit
0x0FF3       [1]    PRODL
0x0FF4       [1]    PRODH
0x0FF5       [1]    TABLAT
0x0FF6       [1]    TBLPTRL
0x0FF7       [1]    TBLPTRH
0x0FF8       [1]    TBLPTRU
0x0FFD       [1]    __tosl
0x0FFE       [1]    __tosh
0x0FFF       [1]    __tosu
//** Label List: ** 
//----------------------------------------------
  L_main0
  L_main1
  L_main2
  L_main3
  L_main4
  L_main5
  L_main6
  L_main7
  L_main8
  L_main9
  L_main10
  L_main11
  L_main12
  ___main__OS_SCHED_CONTINUE
  L_main13
  L_main14
  ___main__OS_SCHED_RUN
  L_main15
  ___main_SCHED_END
  L_main16
  L_main17
  L_main18
  L_main19
  L_main20
  L_main21
  L_main22
  L_main23
  L_main24
  L_main25
  L_main26
  L_main27
  L_interrupt28
  L_interrupt29
  L_interrupt30
  L_interrupt31
  L_interrupt32
  L_interrupt33
  L_interrupt34
  L_interrupt35
  L_interrupt36
  L_interrupt37
  L_Thread138
  L_Thread139
  L_Thread140
  L_Thread241
  L_Thread242
  L_Thread243
  L_Thread344
  L_Thread345
  L_Thread346
  L__main47
  L__main48
  L__main49
  L__main50
  L__interrupt51
  L_end_main
  _main
  L__main53
  L__main54
  L_end_Init
  _Init
  L_end_interrupt
  _interrupt
  L__interrupt57
  L_end_Thread1
  _Thread1
  L_end_Thread2
  _Thread2
  L_end_Thread3
  _Thread3
  L__OS_ClrReadySetClrCanContinue0
  L__OS_ClrReadySetClrCanContinue1
  L_OS_DI2
  L__OS_DI_INT3
  L_OS_RI4
  L_OS_RI5
  L_OS_RI6
  L__OS_RI_INT7
  L__OS_RI_INT8
  L__OS_RI_INT9
  L__OS_CheckEvent10
  L__OS_CheckEvent11
  L__OS_CheckEvent12
  L__OS_CheckEvent13
  L__OS_CheckEvent14
  L__OS_CheckEvent15
  L__OS_InitDelay16
  L__OS_Task_Create17
  L__OS_Task_Create18
  L__OS_Task_Create19
  L__OS_Task_Create20
  L__OS_Task_Create21
  L___OS_CheckEvent22
  L_end__OS_JumpToTask
  __OS_JumpToTask
  L_end__OS_ReturnSave
  __OS_ReturnSave
  L_end__OS_ReturnNoSave
  __OS_ReturnNoSave
  L_end__OS_EnterWaitMode
  __OS_EnterWaitMode
  L_end__OS_EnterWaitModeTO
  __OS_EnterWaitModeTO
  L_end__OS_ClrReadySetClrCanContinue
  __OS_ClrReadySetClrCanContinue
  L_end__OS_SET_FSR_CUR_TASK
  __OS_SET_FSR_CUR_TASK
  L_end_OS_DI
  _OS_DI
  L_end__OS_DI_INT
  __OS_DI_INT
  L_end_OS_RI
  _OS_RI
  L_end__OS_RI_INT
  __OS_RI_INT
  L_end__OS_CheckEvent
  __OS_CheckEvent
  L_end__OS_InitDelay
  __OS_InitDelay
  L_end_OS_Init
  _OS_Init
  L_end__OS_Task_Create
  __OS_Task_Create
  L___OS_Task_Create38
  L_main0
  L_main1
  L_main2
  L_main3
  L_main4
  L_main5
  L_main6
  L_main7
  L_main8
  L_main9
  L_main10
  L_main11
  L_main12
  ___main__OS_SCHED_CONTINUE
  L_main13
  L_main14
  ___main__OS_SCHED_RUN
  L_main15
  ___main_SCHED_END
  L_main16
  L_main17
  L_main18
  L_main19
  L_main20
  L_main21
  L_main22
  L_main23
  L_main24
  L_main25
  L_main26
  L_main27
  L_interrupt28
  L_interrupt29
  L_interrupt30
  L_interrupt31
  L_interrupt32
  L_interrupt33
  L_interrupt34
  L_interrupt35
  L_interrupt36
  L_interrupt37
  L_Thread138
  L_Thread139
  L_Thread140
  L_Thread241
  L_Thread242
  L_Thread243
  L_Thread344
  L_Thread345
  L_Thread346
  L__main47
  L__main48
  L__main49
  L__main50
  L__interrupt51
  L_end_main
  _main
  L__main53
  L__main54
  L_end_Init
  _Init
  L_end_interrupt
  _interrupt
  L__interrupt57
  L_end_Thread1
  _Thread1
  L_end_Thread2
  _Thread2
  L_end_Thread3
  _Thread3
