;  LST file generated by mikroListExporter - v.2.0 
; Date/Time: 12/12/2017 02:58:13 p.m.
;----------------------------------------------

;Address Opcode 	ASM
0x0000	0x288C      	GOTO       140
_interrupt:
0x0004	0x00DF      	MOVWF      R15
0x0005	0x0E03      	SWAPF      STATUS, 0
0x0006	0x0183      	CLRF       STATUS
0x0007	0x00A7      	MOVWF      ___saveSTATUS
0x0008	0x080A      	MOVF       PCLATH, 0
0x0009	0x00A6      	MOVWF      ___savePCLATH
0x000A	0x018A      	CLRF       PCLATH
;BRIGHTING_REGULATOR.c,10 :: 		void interrupt(void)
;BRIGHTING_REGULATOR.c,12 :: 		if(INTCON.F2)
0x000B	0x1D0B      	BTFSS      INTCON, 2
0x000C	0x2843      	GOTO       L_interrupt0
;BRIGHTING_REGULATOR.c,14 :: 		INTCON.F2=0;
0x000D	0x1283      	BCF        STATUS, 5
0x000E	0x110B      	BCF        INTCON, 2
;BRIGHTING_REGULATOR.c,15 :: 		GPIO.F1=1;
0x000F	0x1485      	BSF        GPIO, 1
;BRIGHTING_REGULATOR.c,16 :: 		reg=ADC_Read(0)>>3;
0x0010	0x01A8      	CLRF       FARG_ADC_Read_channel
0x0011	0x2069      	CALL       _ADC_Read
0x0012	0x0850      	MOVF       R0, 0
0x0013	0x00D2      	MOVWF      R2
0x0014	0x0851      	MOVF       R0+1, 0
0x0015	0x00D3      	MOVWF      R2+1
0x0016	0x0CD3      	RRF        R2+1, 1
0x0017	0x0CD2      	RRF        R2, 1
0x0018	0x13D3      	BCF        R2+1, 7
0x0019	0x0CD3      	RRF        R2+1, 1
0x001A	0x0CD2      	RRF        R2, 1
0x001B	0x13D3      	BCF        R2+1, 7
0x001C	0x0CD3      	RRF        R2+1, 1
0x001D	0x0CD2      	RRF        R2, 1
0x001E	0x13D3      	BCF        R2+1, 7
0x001F	0x0852      	MOVF       R2, 0
0x0020	0x00A0      	MOVWF      _reg
0x0021	0x0853      	MOVF       R2+1, 0
0x0022	0x00A1      	MOVWF      _reg+1
;BRIGHTING_REGULATOR.c,17 :: 		if(reg<100)
0x0023	0x3080      	MOVLW      128
0x0024	0x0653      	XORWF      R2+1, 0
0x0025	0x00D0      	MOVWF      R0
0x0026	0x3080      	MOVLW      128
0x0027	0x0250      	SUBWF      R0, 0
0x0028	0x1D03      	BTFSS      STATUS, 2
0x0029	0x282C      	GOTO       L__interrupt8
0x002A	0x3064      	MOVLW      100
0x002B	0x0252      	SUBWF      R2, 0
L__interrupt8:
0x002C	0x1803      	BTFSC      STATUS, 0
0x002D	0x2843      	GOTO       L_interrupt1
;BRIGHTING_REGULATOR.c,19 :: 		for(i=0;i<=reg;i++)  delay_us(1);
0x002E	0x01A2      	CLRF       _i
0x002F	0x01A3      	CLRF       _i+1
L_interrupt2:
0x0030	0x3080      	MOVLW      128
0x0031	0x0621      	XORWF      _reg+1, 0
0x0032	0x00D0      	MOVWF      R0
0x0033	0x3080      	MOVLW      128
0x0034	0x0623      	XORWF      _i+1, 0
0x0035	0x0250      	SUBWF      R0, 0
0x0036	0x1D03      	BTFSS      STATUS, 2
0x0037	0x283A      	GOTO       L__interrupt9
0x0038	0x0822      	MOVF       _i, 0
0x0039	0x0220      	SUBWF      _reg, 0
L__interrupt9:
0x003A	0x1C03      	BTFSS      STATUS, 0
0x003B	0x2841      	GOTO       L_interrupt3
0x003C	0x0000      	NOP
0x003D	0x0AA2      	INCF       _i, 1
0x003E	0x1903      	BTFSC      STATUS, 2
0x003F	0x0AA3      	INCF       _i+1, 1
0x0040	0x2830      	GOTO       L_interrupt2
L_interrupt3:
;BRIGHTING_REGULATOR.c,21 :: 		GPIO.F1=0;
0x0041	0x1283      	BCF        STATUS, 5
0x0042	0x1085      	BCF        GPIO, 1
;BRIGHTING_REGULATOR.c,22 :: 		}
L_interrupt1:
;BRIGHTING_REGULATOR.c,23 :: 		}
L_interrupt0:
;BRIGHTING_REGULATOR.c,24 :: 		}
L__interrupt7:
0x0043	0x0826      	MOVF       ___savePCLATH, 0
0x0044	0x008A      	MOVWF      PCLATH
0x0045	0x0E27      	SWAPF      ___saveSTATUS, 0
0x0046	0x0083      	MOVWF      STATUS
0x0047	0x0EDF      	SWAPF      R15, 1
0x0048	0x0E5F      	SWAPF      R15, 0
0x0049	0x0009      	RETFIE
; end of _interrupt
_Delay_22us:
;__Lib_Delays.c,15 :: 		void Delay_22us() {
;__Lib_Delays.c,16 :: 		Delay_us(22);
0x004A	0x3007      	MOVLW      7
0x004B	0x1283      	BCF        STATUS, 5
0x004C	0x00DD      	MOVWF      R13
L_Delay_22us1:
0x004D	0x0BDD      	DECFSZ     R13, 1
0x004E	0x284D      	GOTO       L_Delay_22us1
;__Lib_Delays.c,17 :: 		}
0x004F	0x0008      	RETURN
; end of _Delay_22us
_____DoICP:
;__Lib_System.c,6 :: 		
;__Lib_System.c,9 :: 		
0x0050	0x1283      	BCF        STATUS, 5
0x0051	0x0825      	MOVF       ___DoICPAddr+1, 0
0x0052	0x008A      	MOVWF      PCLATH
;__Lib_System.c,10 :: 		
0x0053	0x0824      	MOVF       ___DoICPAddr, 0
0x0054	0x0082      	MOVWF      PCL
;__Lib_System.c,12 :: 		
L_end_____DoICP:
0x0055	0x0008      	RETURN
; end of _____DoICP
___CC2DW:
;__Lib_System.c,134 :: 		
;__Lib_System.c,137 :: 		
_CC2D_Loop1:
;__Lib_System.c,139 :: 		
0x0056	0x2050      	CALL       _____DoICP
0x0057	0x118A      	BCF        PCLATH, 3
0x0058	0x120A      	BCF        PCLATH, 4
;__Lib_System.c,141 :: 		
0x0059	0x0080      	MOVWF      INDF
;__Lib_System.c,142 :: 		
0x005A	0x0A84      	INCF       FSR, 1
;__Lib_System.c,143 :: 		
0x005B	0x0AA4      	INCF       ___DoICPAddr, 1
;__Lib_System.c,145 :: 		
0x005C	0x1903      	BTFSC      STATUS, 2
;__Lib_System.c,146 :: 		
0x005D	0x0AA5      	INCF       ___DoICPAddr+1, 1
;__Lib_System.c,147 :: 		
0x005E	0x03D0      	DECF       R0, 1
;__Lib_System.c,149 :: 		
0x005F	0x1D03      	BTFSS      STATUS, 2
;__Lib_System.c,150 :: 		
0x0060	0x2856      	GOTO       _CC2D_Loop1
;__Lib_System.c,152 :: 		
L_end___CC2DW:
0x0061	0x0008      	RETURN
; end of ___CC2DW
_Timer0_Int_Init:
;BRIGHTING_REGULATOR.c,2 :: 		void Timer0_Int_Init()
;BRIGHTING_REGULATOR.c,4 :: 		OPTION_REG=0b11010010;
0x0062	0x30D2      	MOVLW      210
0x0063	0x1683      	BSF        STATUS, 5
0x0064	0x0081      	MOVWF      OPTION_REG
;BRIGHTING_REGULATOR.c,5 :: 		INTCON.F7=1;
0x0065	0x178B      	BSF        INTCON, 7
;BRIGHTING_REGULATOR.c,6 :: 		INTCON.F6=1;
0x0066	0x170B      	BSF        INTCON, 6
;BRIGHTING_REGULATOR.c,7 :: 		INTCON.F5=1;
0x0067	0x168B      	BSF        INTCON, 5
;BRIGHTING_REGULATOR.c,9 :: 		}
0x0068	0x0008      	RETURN
; end of _Timer0_Int_Init
_ADC_Read:
;__Lib_ADC_A_E.c,53 :: 		
;__Lib_ADC_A_E.c,55 :: 		
0x0069	0x30C3      	MOVLW      195
0x006A	0x1283      	BCF        STATUS, 5
0x006B	0x059F      	ANDWF      ADCON0, 1
;__Lib_ADC_A_E.c,60 :: 		
0x006C	0x30F0      	MOVLW      240
0x006D	0x059F      	ANDWF      ADCON0, 1
;__Lib_ADC_A_E.c,61 :: 		
0x006E	0x30F0      	MOVLW      240
0x006F	0x1683      	BSF        STATUS, 5
0x0070	0x049F      	IORWF      ANSEL, 1
;__Lib_ADC_A_E.c,62 :: 		
0x0071	0x1283      	BCF        STATUS, 5
0x0072	0x179F      	BSF        ADCON0, 7
;__Lib_ADC_A_E.c,63 :: 		
0x0073	0x0828      	MOVF       FARG_ADC_Read_channel, 0
0x0074	0x00D0      	MOVWF      R0
0x0075	0x0DD0      	RLF        R0, 1
0x0076	0x1050      	BCF        R0, 0
0x0077	0x0DD0      	RLF        R0, 1
0x0078	0x1050      	BCF        R0, 0
0x0079	0x0850      	MOVF       R0, 0
0x007A	0x049F      	IORWF      ADCON0, 1
;__Lib_ADC_A_E.c,66 :: 		
0x007B	0x141F      	BSF        ADCON0, 0
;__Lib_ADC_A_E.c,69 :: 		
0x007C	0x204A      	CALL       _Delay_22us
;__Lib_ADC_A_E.c,72 :: 		
0x007D	0x149F      	BSF        ADCON0, 1
;__Lib_ADC_A_E.c,75 :: 		
L_ADC_Read2:
0x007E	0x1C9F      	BTFSS      ADCON0, 1
0x007F	0x2882      	GOTO       L_ADC_Read3
;__Lib_ADC_A_E.c,76 :: 		
0x0080	0x0000      	NOP
0x0081	0x287E      	GOTO       L_ADC_Read2
L_ADC_Read3:
;__Lib_ADC_A_E.c,79 :: 		
0x0082	0x101F      	BCF        ADCON0, 0
;__Lib_ADC_A_E.c,82 :: 		
0x0083	0x081E      	MOVF       ADRESH, 0
0x0084	0x00D1      	MOVWF      R0+1
0x0085	0x01D0      	CLRF       R0
0x0086	0x1683      	BSF        STATUS, 5
0x0087	0x081E      	MOVF       ADRESL, 0
0x0088	0x04D0      	IORWF      R0, 1
0x0089	0x3000      	MOVLW      0
0x008A	0x04D1      	IORWF      R0+1, 1
;__Lib_ADC_A_E.c,83 :: 		
L_end_ADC_Read:
0x008B	0x0008      	RETURN
; end of _ADC_Read
_main:
;BRIGHTING_REGULATOR.c,25 :: 		void main()
;BRIGHTING_REGULATOR.c,27 :: 		Timer0_Int_Init();
0x008C	0x2062      	CALL       _Timer0_Int_Init
;BRIGHTING_REGULATOR.c,28 :: 		ANSEL.F3=0;
0x008D	0x119F      	BCF        ANSEL, 3
;BRIGHTING_REGULATOR.c,29 :: 		ANSEL.F2=0;
0x008E	0x111F      	BCF        ANSEL, 2
;BRIGHTING_REGULATOR.c,30 :: 		ANSEL.F1=0;
0x008F	0x109F      	BCF        ANSEL, 1
;BRIGHTING_REGULATOR.c,31 :: 		TRISIO.F1=0;
0x0090	0x1085      	BCF        TRISIO, 1
;BRIGHTING_REGULATOR.c,32 :: 		GPIO.F1=0;
0x0091	0x1283      	BCF        STATUS, 5
0x0092	0x1085      	BCF        GPIO, 1
;BRIGHTING_REGULATOR.c,33 :: 		while(1)
L_main5:
;BRIGHTING_REGULATOR.c,36 :: 		}
0x0093	0x2893      	GOTO       L_main5
;BRIGHTING_REGULATOR.c,38 :: 		}
0x0094	0x2894      	GOTO       $+0
; end of _main
Symbol List:
//** Routines locations **
//ADDRESS    SIZE    PROCEDURE
//----------------------------------------------
0x0004      [70]    _interrupt
0x004A       [6]    _Delay_22us
0x0050       [6]    _____DoICP
0x0056      [12]    ___CC2DW
0x0062       [7]    _Timer0_Int_Init
0x0069      [35]    _ADC_Read
0x008C       [9]    _main
//** Variables locations ** 
//ADDRESS    SIZE    VARIABLE
//----------------------------------------------
0x0000       [1]    INDF
0x0001       [1]    TMR0
0x0002       [1]    PCL
0x0003       [0]    DC_bit
0x0003       [0]    NOT_PD_bit
0x0003       [0]    Z_bit
0x0003       [0]    RP1_bit
0x0003       [0]    NOT_TO_bit
0x0003       [0]    C_bit
0x0003       [0]    IRP_bit
0x0003       [0]    RP0_bit
0x0003       [1]    STATUS
0x0004       [1]    FSR
0x0004       [1]    FSRPTR
0x0005       [0]    GP0_bit
0x0005       [0]    GP5_bit
0x0005       [0]    GP4_bit
0x0005       [0]    GP2_bit
0x0005       [0]    GP1_bit
0x0005       [0]    GP3_bit
0x0005       [1]    GPIO
0x000A       [1]    PCLATH
0x000B       [0]    INTF_bit
0x000B       [0]    INTE_bit
0x000B       [0]    GPIE_bit
0x000B       [0]    GPIF_bit
0x000B       [1]    INTCON
0x000B       [0]    TMR0IE_bit
0x000B       [0]    TMR0IF_bit
0x000B       [0]    T0IF_bit
0x000B       [0]    T0IE_bit
0x000B       [0]    PEIE_bit
0x000B       [0]    GIE_bit
0x000C       [1]    PIR1
0x000C       [0]    CMIF_bit
0x000C       [0]    TMR1IF_bit
0x000C       [0]    ADIF_bit
0x000C       [0]    T1IF_bit
0x000C       [0]    EEIF_bit
0x000E       [1]    TMR1L
0x000F       [1]    TMR1H
0x0010       [0]    T1CKPS0_bit
0x0010       [1]    T1CON
0x0010       [0]    T1CKPS1_bit
0x0010       [0]    TMR1ON_bit
0x0010       [0]    T1OSCEN_bit
0x0010       [0]    NOT_T1SYNC_bit
0x0010       [0]    TMR1GE_bit
0x0010       [0]    TMR1CS_bit
0x0019       [0]    CIS_bit
0x0019       [0]    CM0_bit
0x0019       [1]    CMCON
0x0019       [0]    CM2_bit
0x0019       [0]    CM1_bit
0x0019       [0]    CINV_bit
0x0019       [0]    COUT_bit
0x001E       [1]    ADRESH
0x001F       [0]    ADFM_bit
0x001F       [0]    VCFG_bit
0x001F       [0]    GO_NOT_DONE_bit
0x001F       [0]    CHS0_bit
0x001F       [0]    GO_bit
0x001F       [0]    GO_DONE_bit
0x001F       [0]    NOT_DONE_bit
0x001F       [1]    ADCON0
0x001F       [0]    ADON_bit
0x001F       [0]    CHS1_bit
0x0020       [2]    _reg
0x0022       [2]    _i
0x0024       [2]    ___DoICPAddr
0x0026       [1]    ___savePCLATH
0x0027       [1]    ___saveSTATUS
0x0028       [1]    FARG_ADC_Read_channel
0x0050       [1]    R0
0x0051       [1]    R1
0x0052       [1]    R2
0x0053       [1]    R3
0x0054       [1]    R4
0x0055       [1]    R5
0x0056       [1]    R6
0x0057       [1]    R7
0x0058       [1]    R8
0x0059       [1]    R9
0x005A       [1]    R10
0x005B       [1]    R11
0x005C       [1]    R12
0x005D       [1]    R13
0x005E       [1]    R14
0x005F       [1]    R15
0x0081       [0]    PSA_bit
0x0081       [0]    NOT_GPPU_bit
0x0081       [0]    PS2_bit
0x0081       [0]    PS0_bit
0x0081       [0]    PS1_bit
0x0081       [0]    T0SE_bit
0x0081       [1]    OPTION_REG
0x0081       [0]    INTEDG_bit
0x0081       [0]    T0CS_bit
0x0085       [0]    TRISIO2_bit
0x0085       [0]    TRISIO0_bit
0x0085       [0]    TRISIO1_bit
0x0085       [0]    TRISIO4_bit
0x0085       [0]    TRISIO5_bit
0x0085       [0]    TRISIO3_bit
0x0085       [1]    TRISIO
0x008C       [1]    PIE1
0x008C       [0]    T1IE_bit
0x008C       [0]    ADIE_bit
0x008C       [0]    EEIE_bit
0x008C       [0]    TMR1IE_bit
0x008C       [0]    CMIE_bit
0x008E       [1]    PCON
0x008E       [0]    NOT_BOD_bit
0x008E       [0]    NOT_POR_bit
0x008E       [0]    NOT_BOR_bit
0x0090       [1]    OSCCAL
0x0090       [0]    CAL0_bit
0x0090       [0]    CAL1_bit
0x0090       [0]    CAL4_bit
0x0090       [0]    CAL5_bit
0x0090       [0]    CAL2_bit
0x0090       [0]    CAL3_bit
0x0095       [0]    WPU4_bit
0x0095       [0]    WPU5_bit
0x0095       [0]    WPU2_bit
0x0095       [0]    WPU0_bit
0x0095       [0]    WPU1_bit
0x0095       [1]    WPU
0x0096       [0]    IOC5_bit
0x0096       [0]    IOCB0_bit
0x0096       [0]    IOC4_bit
0x0096       [0]    IOC2_bit
0x0096       [0]    IOC3_bit
0x0096       [0]    IOCB4_bit
0x0096       [0]    IOCB5_bit
0x0096       [0]    IOCB3_bit
0x0096       [0]    IOCB1_bit
0x0096       [0]    IOCB2_bit
0x0096       [0]    IOC1_bit
0x0096       [1]    IOC
0x0096       [1]    IOCB
0x0096       [0]    IOC0_bit
0x0099       [0]    VREN_bit
0x0099       [0]    VRR_bit
0x0099       [0]    VR2_bit
0x0099       [0]    VR3_bit
0x0099       [0]    VR0_bit
0x0099       [0]    VR1_bit
0x0099       [1]    VRCON
0x009A       [1]    EEDATA
0x009A       [1]    EEDAT
0x009B       [1]    EEADR
0x009C       [0]    WR_bit
0x009C       [0]    WREN_bit
0x009C       [0]    WRERR_bit
0x009C       [0]    RD_bit
0x009C       [1]    EECON1
0x009D       [1]    EECON2
0x009E       [1]    ADRESL
0x009F       [0]    ADCS1_bit
0x009F       [0]    ADCS0_bit
0x009F       [1]    ANSEL
0x009F       [0]    ADCS2_bit
0x009F       [0]    ANS1_bit
0x009F       [0]    ANS0_bit
0x009F       [0]    ANS3_bit
0x009F       [0]    ANS2_bit
//** Label List: ** 
//----------------------------------------------
  L_interrupt0
  L_interrupt1
  L_interrupt2
  L_interrupt3
  L_interrupt4
  L_main5
  L_main6
  _Timer0_Int_Init
  _interrupt
  L__interrupt7
  L__interrupt8
  L__interrupt9
  _main
  L_loopCA2AWs
  L_CA2AWend
  _CCA2AW_Loop1
  L_loopCS2Ss
  L_CS2Send
  _CCS2S_Loop1
  L_CCS2Send
  L_loopFZinSWs
  L_FZinSend
  _CC2D_Loop1
  L_end_____DoICP
  _____DoICP
  L_end_____DoIFC
  _____DoIFC
  L_end___CA2AW
  ___CA2AW
  L_end___CCA2AW
  ___CCA2AW
  L_end___CS2S
  ___CS2S
  L_end___CCS2S
  ___CCS2S
  L_end___FZinS
  ___FZinS
  L_end___CC2DW
  ___CC2DW
  L_end_Swap
  _Swap
  L_interrupt0
  L_interrupt1
  L_interrupt2
  L_interrupt3
  L_interrupt4
  L_main5
  L_main6
  _Timer0_Int_Init
  _interrupt
  L__interrupt7
  L__interrupt8
  L__interrupt9
  _main
  L_ADC_Get_Sample0
  L_ADC_Get_Sample1
  L_ADC_Read2
  L_ADC_Read3
  L_end_ADC_Init
  _ADC_Init
  L_end_ADC_Get_Sample
  _ADC_Get_Sample
  L_end_ADC_Read
  _ADC_Read
  L_Delay_10us0
  L_Delay_22us1
  L_Delay_50us2
  L_Delay_80us3
  L_Delay_500us4
  L_Delay_5500us5
  L_Delay_1ms6
  L_Delay_5ms7
  L_Delay_8ms8
  L_Delay_10ms9
  L_Delay_100ms10
  L_Delay_1sec11
  L_boot16_Delay_5ms12
  L_Delay_Cyc13
  L_Delay_Cyc14
  L_VDelay_ms15
  L_VDelay_ms16
  L_VDelay_ms17
  L_VDelay_Advanced_ms18
  L_VDelay_Advanced_ms19
  L_VDelay_Advanced_ms20
  _Get_Fosc_kHz
  _Delay_1us
  _Delay_10us
  _Delay_22us
  _Delay_50us
  _Delay_80us
  _Delay_500us
  _Delay_5500us
  _Delay_1ms
  _Delay_5ms
  _Delay_8ms
  _Delay_10ms
  _Delay_100ms
  _Delay_1sec
  _boot16_Delay_5ms
  _Delay_Cyc
  _VDelay_ms
  L__VDelay_ms21
  L__VDelay_ms22
  L__VDelay_ms23
  _VDelay_Advanced_ms
  L__VDelay_Advanced_ms24
  L__VDelay_Advanced_ms25
  L__VDelay_Advanced_ms26
