     0
     0
     0
     0
     0
     0
     0
     0
     0
     0
     0
     0
     0
     0
     0
     0
     0
     0
     6
    14
    12
     3
    10
    11
    13
     8
    11
    12
    10
    12
    18
    15
    15
    10
    21
    15
    16
    15
    18
    13
    11
    14
    17
    13
    10
    14
    21
    12
    18
    15
    16
    16
    13
    16
    16
    16
    14
    14
    18
    13
    16
    13
    15
     9
    12
    16
    14
    16
    14
    19
    14
    14
    17
    16
     9
    13
    16
    19
    15
    16
    10
    16
    13
    20
    12
    18
    15
    19
    22
    13
    17
    15
    13
    14
    16
    18
    16
    14
    13
    12
    18
    12
    18
    13
     8
     2
     4
     1
     0
     0
     0
     0
     0
     0
     0
     0
     0
     0
     0
     0
     0
     0
     0
     0
     0
     0
     0
     0
     0
     0
     0
     0
     0
     0
     0
     0
     0
     0
     0
     0
     0
     0
     0
     0
     0
     0
     0
     0
     0
     0
     0
     0
     0
