     0
     0
     0
     0
     0
     0
     0
     0
     0
     0
     0
     0
     0
     0
     0
     0
     0
     0
     4
    34
    39
    53
    54
    52
    46
    59
    48
    51
    47
    77
    48
    69
    55
    58
    53
    50
    55
    46
    38
    55
    64
    46
    75
    52
    68
    52
    59
    47
    42
    46
    73
    54
    60
    52
    47
    73
    44
    63
    57
    44
    48
    49
    49
    56
    52
    55
    61
    51
    59
    47
    55
    50
    70
    44
    56
    42
    46
     4
     3
     3
     2
     0
     0
     0
     0
     0
     0
     0
     0
     0
     0
     0
     0
     0
     0
     0
     0
     0
