;  LST file generated by mikroListExporter - v.2.0 
; Date/Time: 07/03/2014 04:16:02 PM
;----------------------------------------------

;Address Opcode 	ASM
0x0000	0xF001EFF6  	GOTO        1004
_Interrupt:
;MyProject.c,11 :: 		void Interrupt(){
0x0008	0xF01EC000  	MOVFF       R0, 30
0x000C	0xF01DC001  	MOVFF       R1, 29
0x0010	0xF01CC002  	MOVFF       R2, 28
0x0014	0xF01BC003  	MOVFF       R3, 27
0x0018	0xF01AC004  	MOVFF       R4, 26
0x001C	0xF019C005  	MOVFF       R5, 25
0x0020	0xF018C008  	MOVFF       R8, 24
0x0024	0xF017C009  	MOVFF       R9, 23
0x0028	0xF016C00A  	MOVFF       R10, 22
0x002C	0xF015C00B  	MOVFF       R11, 21
;MyProject.c,12 :: 		if (TMR0IF_bit){
0x0030	0xF023CFE1  	MOVFF       FSR1L, 35
0x0034	0xF024CFE2  	MOVFF       FSR1H, 36
0x0038	0xF021CFE9  	MOVFF       FSR0L, 33
0x003C	0xF022CFEA  	MOVFF       FSR0H, 34
0x0040	0xF01FCFF3  	MOVFF       PROD, 31
0x0044	0xF020CFF4  	MOVFF       PRODH, 32
0x0048	0xA4F2      	BTFSS       TMR0IF_bit, 2 
0x004A	0xD06E      	BRA         L_Interrupt0
;MyProject.c,13 :: 		TMR0IF_bit    = 0;
0x004C	0x94F2      	BCF         TMR0IF_bit, 2 
;MyProject.c,14 :: 		TMR0H         = 0xD1;
0x004E	0x0ED1      	MOVLW       209
0x0050	0x6ED7      	MOVWF       TMR0H 
;MyProject.c,15 :: 		TMR0L         = 0x21;
0x0052	0x0E21      	MOVLW       33
0x0054	0x6ED6      	MOVWF       TMR0L 
;MyProject.c,17 :: 		OS_Timer();      //incrementing by one tick
0x0056	0x6A65      	CLRF        Interrupt__os_i_L3 
L_Interrupt1:
0x0058	0x0E04      	MOVLW       4
0x005A	0x5C65      	SUBWF       Interrupt__os_i_L3, 0 
0x005C	0xE265      	BC          L_Interrupt2
0x005E	0x0E09      	MOVLW       9
0x0060	0x6E00      	MOVWF       R0 
0x0062	0x0E00      	MOVLW       0
0x0064	0x6E01      	MOVWF       R1 
0x0066	0xF004C065  	MOVFF       Interrupt__os_i_L3, R4
0x006A	0x0E00      	MOVLW       0
0x006C	0x6E05      	MOVWF       R5 
0x006E	0xD930      	RCALL       _Mul_16x16_U
0x0070	0x0E37      	MOVLW       __OS_Tasks
0x0072	0x2400      	ADDWF       R0, 0 
0x0074	0x6EE9      	MOVWF       FSR0L 
0x0076	0x0E00      	MOVLW       hi_addr(__OS_Tasks)
0x0078	0x2001      	ADDWFC      R1, 0 
0x007A	0x6EEA      	MOVWF       FSR0H 
0x007C	0xF000CFEE  	MOVFF       POSTINC0, R0
0x0080	0xA800      	BTFSS       R0, 4 
0x0082	0xD050      	BRA         L_Interrupt4
0x0084	0x0E09      	MOVLW       9
0x0086	0x6E00      	MOVWF       R0 
0x0088	0x0E00      	MOVLW       0
0x008A	0x6E01      	MOVWF       R1 
0x008C	0xF004C065  	MOVFF       Interrupt__os_i_L3, R4
0x0090	0x0E00      	MOVLW       0
0x0092	0x6E05      	MOVWF       R5 
0x0094	0xD91D      	RCALL       _Mul_16x16_U
0x0096	0x0E37      	MOVLW       __OS_Tasks
0x0098	0x2600      	ADDWF       R0, 1 
0x009A	0x0E00      	MOVLW       hi_addr(__OS_Tasks)
0x009C	0x2201      	ADDWFC      R1, 1 
0x009E	0x0E05      	MOVLW       5
0x00A0	0x2400      	ADDWF       R0, 0 
0x00A2	0x6E04      	MOVWF       R4 
0x00A4	0x0E00      	MOVLW       0
0x00A6	0x2001      	ADDWFC      R1, 0 
0x00A8	0x6E05      	MOVWF       R5 
0x00AA	0xFFE9C004  	MOVFF       R4, FSR0L
0x00AE	0xFFEAC005  	MOVFF       R5, FSR0H
0x00B2	0x0E01      	MOVLW       1
0x00B4	0x24EE      	ADDWF       POSTINC0, 0 
0x00B6	0x6E00      	MOVWF       R0 
0x00B8	0x0E00      	MOVLW       0
0x00BA	0x20EE      	ADDWFC      POSTINC0, 0 
0x00BC	0x6E01      	MOVWF       R1 
0x00BE	0x0E00      	MOVLW       0
0x00C0	0x20EE      	ADDWFC      POSTINC0, 0 
0x00C2	0x6E02      	MOVWF       R2 
0x00C4	0x0E00      	MOVLW       0
0x00C6	0x20EE      	ADDWFC      POSTINC0, 0 
0x00C8	0x6E03      	MOVWF       R3 
0x00CA	0xFFE1C004  	MOVFF       R4, FSR1L
0x00CE	0xFFE2C005  	MOVFF       R5, FSR1H
0x00D2	0xFFE6C000  	MOVFF       R0, POSTINC1
0x00D6	0xFFE6C001  	MOVFF       R1, POSTINC1
0x00DA	0xFFE6C002  	MOVFF       R2, POSTINC1
0x00DE	0xFFE6C003  	MOVFF       R3, POSTINC1
0x00E2	0xFFE9C004  	MOVFF       R4, FSR0L
0x00E6	0xFFEAC005  	MOVFF       R5, FSR0H
0x00EA	0xF000CFEE  	MOVFF       POSTINC0, R0
0x00EE	0xF001CFEE  	MOVFF       POSTINC0, R1
0x00F2	0xF002CFEE  	MOVFF       POSTINC0, R2
0x00F6	0xF003CFEE  	MOVFF       POSTINC0, R3
0x00FA	0x5000      	MOVF        R0, 0 
0x00FC	0x1001      	IORWF       R1, 0 
0x00FE	0x1002      	IORWF       R2, 0 
0x0100	0x1003      	IORWF       R3, 0 
0x0102	0xE110      	BNZ         L_Interrupt5
0x0104	0x0E09      	MOVLW       9
0x0106	0x6E00      	MOVWF       R0 
0x0108	0x0E00      	MOVLW       0
0x010A	0x6E01      	MOVWF       R1 
0x010C	0xF004C065  	MOVFF       Interrupt__os_i_L3, R4
0x0110	0x0E00      	MOVLW       0
0x0112	0x6E05      	MOVWF       R5 
0x0114	0xD8DD      	RCALL       _Mul_16x16_U
0x0116	0x0E37      	MOVLW       __OS_Tasks
0x0118	0x2400      	ADDWF       R0, 0 
0x011A	0x6EE1      	MOVWF       FSR1L 
0x011C	0x0E00      	MOVLW       hi_addr(__OS_Tasks)
0x011E	0x2001      	ADDWFC      R1, 0 
0x0120	0x6EE2      	MOVWF       FSR1H 
0x0122	0x98E6      	BCF         POSTINC1, 4 
L_Interrupt5:
L_Interrupt4:
0x0124	0x2A65      	INCF        Interrupt__os_i_L3, 1 
0x0126	0xD798      	BRA         L_Interrupt1
L_Interrupt2:
;MyProject.c,18 :: 		}
L_Interrupt0:
;MyProject.c,19 :: 		}
L_end_Interrupt:
L__Interrupt53:
0x0128	0xFFF3C01F  	MOVFF       31, PROD
0x012C	0xFFF4C020  	MOVFF       32, PRODH
0x0130	0xF000C01E  	MOVFF       30, R0
0x0134	0xF001C01D  	MOVFF       29, R1
0x0138	0xF002C01C  	MOVFF       28, R2
0x013C	0xF003C01B  	MOVFF       27, R3
0x0140	0xF004C01A  	MOVFF       26, R4
0x0144	0xF005C019  	MOVFF       25, R5
0x0148	0xF008C018  	MOVFF       24, R8
0x014C	0xF009C017  	MOVFF       23, R9
0x0150	0xF00AC016  	MOVFF       22, R10
0x0154	0xF00BC015  	MOVFF       21, R11
0x0158	0xFFE9C021  	MOVFF       33, FSR0L
0x015C	0xFFEAC022  	MOVFF       34, FSR0H
0x0160	0xFFE1C023  	MOVFF       35, FSR1L
0x0164	0xFFE2C024  	MOVFF       36, FSR1H
0x0168	0x0011      	RETFIE      1
; end of _Interrupt
__OS_SET_FSR_CUR_TASK:
;osa_pic18_mikroc.c,242 :: 		
;osa_pic18_mikroc.c,244 :: 		
0x016A	0xFFE9C035  	MOVFF       __OS_CurTask, FSR0L
0x016E	0xFFEAC036  	MOVFF       __OS_CurTask+1, FSR0H
;osa_pic18_mikroc.c,245 :: 		
L_end__OS_SET_FSR_CUR_TASK:
0x0172	0x0012      	RETURN      0
; end of __OS_SET_FSR_CUR_TASK
__OS_ReturnSave:
;osa_pic18_mikroc.c,106 :: 		
;osa_pic18_mikroc.c,108 :: 		
0x0174	0xDFFA      	RCALL       __OS_SET_FSR_CUR_TASK
;osa_pic18_mikroc.c,109 :: 		
0x0176	0xFFECCFFD  	MOVFF       TOSL, PREINC0
0x017A	0xFFECCFFE  	MOVFF       TOSH, PREINC0
0x017E	0xFFECCFFF  	MOVFF       TOSU, PREINC0
;osa_pic18_mikroc.c,110 :: 		
0x0182	0x865B      	BSF         __OS_State, 3 
;osa_pic18_mikroc.c,111 :: 		
0x0184	0x0006      	POP
;osa_pic18_mikroc.c,112 :: 		
L_end__OS_ReturnSave:
0x0186	0x0012      	RETURN      0
; end of __OS_ReturnSave
__OS_InitDelay:
;osa_ttimer.c,69 :: 		
;osa_ttimer.c,72 :: 		
0x0188	0x9A5B      	BCF         __OS_State, 5 
0x018A	0xFFE1C035  	MOVFF       __OS_CurTask, FSR1L
0x018E	0xFFE2C036  	MOVFF       __OS_CurTask+1, FSR1H
0x0192	0x98E6      	BCF         POSTINC1, 4 
;osa_ttimer.c,77 :: 		
0x0194	0x5061      	MOVF        FARG__OS_InitDelay_Delay, 0 
0x0196	0x1062      	IORWF       FARG__OS_InitDelay_Delay+1, 0 
0x0198	0x1063      	IORWF       FARG__OS_InitDelay_Delay+2, 0 
0x019A	0x1064      	IORWF       FARG__OS_InitDelay_Delay+3, 0 
0x019C	0xE046      	BZ          L__OS_InitDelay12
;osa_ttimer.c,79 :: 		
0x019E	0x0EFF      	MOVLW       255
0x01A0	0x1861      	XORWF       FARG__OS_InitDelay_Delay, 0 
0x01A2	0x6E00      	MOVWF       R0 
0x01A4	0x0EFF      	MOVLW       255
0x01A6	0x1862      	XORWF       FARG__OS_InitDelay_Delay+1, 0 
0x01A8	0x6E01      	MOVWF       R1 
0x01AA	0x0EFF      	MOVLW       255
0x01AC	0x1863      	XORWF       FARG__OS_InitDelay_Delay+2, 0 
0x01AE	0x6E02      	MOVWF       R2 
0x01B0	0x0EFF      	MOVLW       255
0x01B2	0x1864      	XORWF       FARG__OS_InitDelay_Delay+3, 0 
0x01B4	0x6E03      	MOVWF       R3 
0x01B6	0xF061C000  	MOVFF       R0, FARG__OS_InitDelay_Delay
0x01BA	0xF062C001  	MOVFF       R1, FARG__OS_InitDelay_Delay+1
0x01BE	0xF063C002  	MOVFF       R2, FARG__OS_InitDelay_Delay+2
0x01C2	0xF064C003  	MOVFF       R3, FARG__OS_InitDelay_Delay+3
;osa_ttimer.c,80 :: 		
0x01C6	0x0E01      	MOVLW       1
0x01C8	0x2400      	ADDWF       R0, 0 
0x01CA	0x6E04      	MOVWF       R4 
0x01CC	0x0E00      	MOVLW       0
0x01CE	0x2001      	ADDWFC      R1, 0 
0x01D0	0x6E05      	MOVWF       R5 
0x01D2	0x0E00      	MOVLW       0
0x01D4	0x2002      	ADDWFC      R2, 0 
0x01D6	0x6E06      	MOVWF       R6 
0x01D8	0x0E00      	MOVLW       0
0x01DA	0x2003      	ADDWFC      R3, 0 
0x01DC	0x6E07      	MOVWF       R7 
0x01DE	0xF061C004  	MOVFF       R4, FARG__OS_InitDelay_Delay
0x01E2	0xF062C005  	MOVFF       R5, FARG__OS_InitDelay_Delay+1
0x01E6	0xF063C006  	MOVFF       R6, FARG__OS_InitDelay_Delay+2
0x01EA	0xF064C007  	MOVFF       R7, FARG__OS_InitDelay_Delay+3
;osa_ttimer.c,81 :: 		
0x01EE	0xF000C035  	MOVFF       __OS_CurTask, R0
0x01F2	0xF001C036  	MOVFF       __OS_CurTask+1, R1
0x01F6	0x0E05      	MOVLW       5
0x01F8	0x2400      	ADDWF       R0, 0 
0x01FA	0x6EE1      	MOVWF       FSR1L 
0x01FC	0x0E00      	MOVLW       0
0x01FE	0x2001      	ADDWFC      R1, 0 
0x0200	0x6EE2      	MOVWF       FSR1H 
0x0202	0xFFE6C004  	MOVFF       R4, POSTINC1
0x0206	0xFFE6C005  	MOVFF       R5, POSTINC1
0x020A	0xFFE6C006  	MOVFF       R6, POSTINC1
0x020E	0xFFE6C007  	MOVFF       R7, POSTINC1
;osa_ttimer.c,82 :: 		
0x0212	0xFFE1C035  	MOVFF       __OS_CurTask, FSR1L
0x0216	0xFFE2C036  	MOVFF       __OS_CurTask+1, FSR1H
0x021A	0x86E6      	BSF         POSTINC1, 3 
0x021C	0xFFE1C035  	MOVFF       __OS_CurTask, FSR1L
0x0220	0xFFE2C036  	MOVFF       __OS_CurTask+1, FSR1H
0x0224	0x88E6      	BSF         POSTINC1, 4 
;osa_ttimer.c,87 :: 		
0x0226	0x885B      	BSF         __OS_State, 4 
;osa_ttimer.c,88 :: 		
0x0228	0x865B      	BSF         __OS_State, 3 
;osa_ttimer.c,90 :: 		
L__OS_InitDelay12:
;osa_ttimer.c,91 :: 		
L_end__OS_InitDelay:
0x022A	0x0012      	RETURN      0
; end of __OS_InitDelay
_OS_Init:
;osa_system.c,67 :: 		
;osa_system.c,72 :: 		
0x022C	0x6A2B      	CLRF        __OS_Flags 
;osa_system.c,326 :: 		
0x022E	0x9C37      	BCF         __OS_Tasks, 6 
;osa_system.c,329 :: 		
0x0230	0x9C40      	BCF         __OS_Tasks+9, 6 
;osa_system.c,333 :: 		
0x0232	0x9C49      	BCF         __OS_Tasks+18, 6 
;osa_system.c,337 :: 		
0x0234	0x9C52      	BCF         __OS_Tasks+27, 6 
;osa_system.c,380 :: 		
0x0236	0x0E37      	MOVLW       __OS_Tasks
0x0238	0x6E35      	MOVWF       __OS_CurTask 
0x023A	0x0E00      	MOVLW       hi_addr(__OS_Tasks)
0x023C	0x6E36      	MOVWF       __OS_CurTask+1 
;osa_system.c,381 :: 		
0x023E	0x0E04      	MOVLW       4
0x0240	0x6E34      	MOVWF       __OS_Temp 
;osa_system.c,382 :: 		
L_OS_Init13:
;osa_system.c,384 :: 		
0x0242	0x0434      	DECF        __OS_Temp, 0 
0x0244	0x6E00      	MOVWF       R0 
0x0246	0x6A01      	CLRF        R1 
0x0248	0x0E00      	MOVLW       0
0x024A	0x5A01      	SUBWFB      R1, 1 
0x024C	0x0E27      	MOVLW       __OS_TaskQueue
0x024E	0x2400      	ADDWF       R0, 0 
0x0250	0x6EE1      	MOVWF       FSR1L 
0x0252	0x0E00      	MOVLW       hi_addr(__OS_TaskQueue)
0x0254	0x2001      	ADDWFC      R1, 0 
0x0256	0x6EE2      	MOVWF       FSR1H 
0x0258	0xFFE6C000  	MOVFF       R0, POSTINC1
;osa_system.c,385 :: 		
0x025C	0x0434      	DECF        __OS_Temp, 0 
0x025E	0x6E00      	MOVWF       R0 
0x0260	0x6A01      	CLRF        R1 
0x0262	0x0E00      	MOVLW       0
0x0264	0x5A01      	SUBWFB      R1, 1 
0x0266	0x0E2F      	MOVLW       __OS_TaskLevel
0x0268	0x2400      	ADDWF       R0, 0 
0x026A	0x6EE1      	MOVWF       FSR1L 
0x026C	0x0E00      	MOVLW       hi_addr(__OS_TaskLevel)
0x026E	0x2001      	ADDWFC      R1, 0 
0x0270	0x6EE2      	MOVWF       FSR1H 
0x0272	0x6AE6      	CLRF        POSTINC1 
;osa_system.c,386 :: 		
0x0274	0x0634      	DECF        __OS_Temp, 1 
0x0276	0x5234      	MOVF        __OS_Temp, 1 
0x0278	0xE1E4      	BNZ         L_OS_Init13
;osa_system.c,394 :: 		
L_end_OS_Init:
0x027A	0x0012      	RETURN      0
; end of _OS_Init
_InitTimer0:
;MyProject.c,3 :: 		void InitTimer0(){
;MyProject.c,4 :: 		T0CON         = 0x88;
0x027C	0x0E88      	MOVLW       136
0x027E	0x6ED5      	MOVWF       T0CON 
;MyProject.c,5 :: 		TMR0H         = 0xD1;
0x0280	0x0ED1      	MOVLW       209
0x0282	0x6ED7      	MOVWF       TMR0H 
;MyProject.c,6 :: 		TMR0L         = 0x21;
0x0284	0x0E21      	MOVLW       33
0x0286	0x6ED6      	MOVWF       TMR0L 
;MyProject.c,7 :: 		GIE_bit       = 1;
0x0288	0x8EF2      	BSF         GIE_bit, 7 
;MyProject.c,8 :: 		TMR0IE_bit    = 1;
0x028A	0x8AF2      	BSF         TMR0IE_bit, 5 
;MyProject.c,9 :: 		}
L_end_InitTimer0:
0x028C	0x0012      	RETURN      0
; end of _InitTimer0
___CC2DW:
;__Lib_System.c,21 :: 		
;__Lib_System.c,23 :: 		
_CC2DL_Loop1:
;__Lib_System.c,24 :: 		
0x028E	0x0009      	TBLRD*+
;__Lib_System.c,25 :: 		
0x0290	0xFFE6CFF5  	MOVFF       TABLAT, POSTINC1
;__Lib_System.c,26 :: 		
0x0294	0x0600      	DECF        R0, 1, 0
;__Lib_System.c,27 :: 		
0x0296	0xE1FB      	BNZ         _CC2DL_Loop1
;__Lib_System.c,28 :: 		
0x0298	0x0601      	DECF        R1, 1, 0
;__Lib_System.c,29 :: 		
0x029A	0xE1F9      	BNZ         _CC2DL_Loop1
;__Lib_System.c,31 :: 		
L_end___CC2DW:
0x029C	0x0012      	RETURN      0
; end of ___CC2DW
__OS_JumpToTask:
;osa_pic18_mikroc.c,64 :: 		
;osa_pic18_mikroc.c,66 :: 		
0x029E	0xDF65      	RCALL       __OS_SET_FSR_CUR_TASK
;osa_pic18_mikroc.c,67 :: 		
0x02A0	0xF05BCFEE  	MOVFF       POSTINC0, __OS_State
;osa_pic18_mikroc.c,69 :: 		
0x02A4	0x0005      	PUSH
;osa_pic18_mikroc.c,70 :: 		
0x02A6	0x50EE      	MOVF        POSTINC0, 0, 0
;osa_pic18_mikroc.c,71 :: 		
0x02A8	0x6EFD      	MOVWF       TOSL, 0
;osa_pic18_mikroc.c,72 :: 		
0x02AA	0x50EE      	MOVF        POSTINC0, 0, 0
;osa_pic18_mikroc.c,73 :: 		
0x02AC	0x6EFE      	MOVWF       TOSH, 0
;osa_pic18_mikroc.c,74 :: 		
0x02AE	0x50EE      	MOVF        POSTINC0, 0, 0
;osa_pic18_mikroc.c,75 :: 		
0x02B0	0x6EFF      	MOVWF       TOSU, 0
;osa_pic18_mikroc.c,76 :: 		
0x02B2	0x0012      	RETURN      0
;osa_pic18_mikroc.c,78 :: 		
L_end__OS_JumpToTask:
0x02B4	0x0012      	RETURN      0
; end of __OS_JumpToTask
_Thread1:
;MyProject.c,23 :: 		void Thread1(void)
;MyProject.c,25 :: 		while(1)   //indefinite loop exists
L_Thread16:
;MyProject.c,29 :: 		portc.b1=~portc.b1;
0x02B6	0x7282      	BTG         PORTC, 1 
;MyProject.c,30 :: 		OS_Delay(1000);       // This inserts a delay for 1000 ticks
0x02B8	0x0EE8      	MOVLW       232
0x02BA	0x6E61      	MOVWF       FARG__OS_InitDelay_Delay 
0x02BC	0x0E03      	MOVLW       3
0x02BE	0x6E62      	MOVWF       FARG__OS_InitDelay_Delay+1 
0x02C0	0x0E00      	MOVLW       0
0x02C2	0x6E63      	MOVWF       FARG__OS_InitDelay_Delay+2 
0x02C4	0x6E64      	MOVWF       FARG__OS_InitDelay_Delay+3 
0x02C6	0xDF60      	RCALL       __OS_InitDelay
0x02C8	0xDF55      	RCALL       __OS_ReturnSave
0x02CA	0x0000      	NOP
;MyProject.c,33 :: 		}
0x02CC	0xD7F4      	BRA         L_Thread16
;MyProject.c,34 :: 		}
L_end_Thread1:
0x02CE	0x0012      	RETURN      0
; end of _Thread1
_Mul_16x16_U:
;__Lib_Math.c,440 :: 		
;__Lib_Math.c,447 :: 		
0x02D0	0x6A0B      	CLRF        R11, 0
;__Lib_Math.c,448 :: 		
0x02D2	0x6A0A      	CLRF        R10, 0
;__Lib_Math.c,449 :: 		
0x02D4	0x6A09      	CLRF        R9, 0
;__Lib_Math.c,450 :: 		
0x02D6	0x5000      	MOVF        R0, 0, 0
;__Lib_Math.c,451 :: 		
0x02D8	0x0204      	MULWF       R4, 0
;__Lib_Math.c,453 :: 		
0x02DA	0xF009CFF4  	MOVFF       PRODH, R9
;__Lib_Math.c,454 :: 		
0x02DE	0xF008CFF3  	MOVFF       PRODL, R8
;__Lib_Math.c,455 :: 		
0x02E2	0x5001      	MOVF        R1, 0, 0
;__Lib_Math.c,456 :: 		
0x02E4	0x0205      	MULWF       R5, 0
;__Lib_Math.c,458 :: 		
0x02E6	0xF00BCFF4  	MOVFF       PRODH, R11
;__Lib_Math.c,459 :: 		
0x02EA	0xF00ACFF3  	MOVFF       PRODL, R10
;__Lib_Math.c,460 :: 		
0x02EE	0x5000      	MOVF        R0, 0, 0
;__Lib_Math.c,461 :: 		
0x02F0	0x0205      	MULWF       R5, 0
;__Lib_Math.c,463 :: 		
0x02F2	0x50F3      	MOVF        PRODL, 0, 0
;__Lib_Math.c,464 :: 		
0x02F4	0x2609      	ADDWF       R9, 1, 0
;__Lib_Math.c,465 :: 		
0x02F6	0x50F4      	MOVF        PRODH, 0, 0
;__Lib_Math.c,466 :: 		
0x02F8	0x220A      	ADDWFC      R10, 1, 0
;__Lib_Math.c,467 :: 		
0x02FA	0x6AE8      	CLRF        WREG, 0
;__Lib_Math.c,468 :: 		
0x02FC	0x220B      	ADDWFC      R11, 1, 0
;__Lib_Math.c,469 :: 		
0x02FE	0x5001      	MOVF        R1, 0, 0
;__Lib_Math.c,470 :: 		
0x0300	0x0204      	MULWF       R4, 0
;__Lib_Math.c,472 :: 		
0x0302	0x50F3      	MOVF        PRODL, 0, 0
;__Lib_Math.c,473 :: 		
0x0304	0x2609      	ADDWF       R9, 1, 0
;__Lib_Math.c,474 :: 		
0x0306	0x50F4      	MOVF        PRODH, 0, 0
;__Lib_Math.c,475 :: 		
0x0308	0x220A      	ADDWFC      R10, 1, 0
;__Lib_Math.c,476 :: 		
0x030A	0x6AE8      	CLRF        WREG, 0
;__Lib_Math.c,477 :: 		
0x030C	0x220B      	ADDWFC      R11, 1, 0
;__Lib_Math.c,479 :: 		
0x030E	0xF000C008  	MOVFF       R8, R0
;__Lib_Math.c,480 :: 		
0x0312	0xF001C009  	MOVFF       R9, R1
;__Lib_Math.c,481 :: 		
0x0316	0xF002C00A  	MOVFF       R10, R2
;__Lib_Math.c,482 :: 		
0x031A	0xF003C00B  	MOVFF       R11, R3
;__Lib_Math.c,485 :: 		
L_end_Mul_16x16_U:
0x031E	0x0012      	RETURN      0
; end of _Mul_16x16_U
_Thread4:
;MyProject.c,63 :: 		void Thread4(void)
;MyProject.c,65 :: 		while(1)
L_Thread412:
;MyProject.c,67 :: 		portc.b4=~portc.b4;
0x0320	0x7882      	BTG         PORTC, 4 
;MyProject.c,68 :: 		OS_Delay(10);
0x0322	0x0E0A      	MOVLW       10
0x0324	0x6E61      	MOVWF       FARG__OS_InitDelay_Delay 
0x0326	0x0E00      	MOVLW       0
0x0328	0x6E62      	MOVWF       FARG__OS_InitDelay_Delay+1 
0x032A	0x6E63      	MOVWF       FARG__OS_InitDelay_Delay+2 
0x032C	0x6E64      	MOVWF       FARG__OS_InitDelay_Delay+3 
0x032E	0xDF2C      	RCALL       __OS_InitDelay
0x0330	0xDF21      	RCALL       __OS_ReturnSave
0x0332	0x0000      	NOP
;MyProject.c,69 :: 		}
0x0334	0xD7F5      	BRA         L_Thread412
;MyProject.c,70 :: 		}
L_end_Thread4:
0x0336	0x0012      	RETURN      0
; end of _Thread4
__OS_Task_Create:
;osa_tasks.c,75 :: 		
;osa_tasks.c,79 :: 		
0x0338	0x922B      	BCF         __OS_Flags, 1 
;osa_tasks.c,88 :: 		
0x033A	0x0E37      	MOVLW       __OS_Tasks
0x033C	0x6E01      	MOVWF       R1 
0x033E	0x0E00      	MOVLW       hi_addr(__OS_Tasks)
0x0340	0x6E02      	MOVWF       R2 
;osa_tasks.c,89 :: 		
0x0342	0x6A34      	CLRF        __OS_Temp 
;osa_tasks.c,91 :: 		
L__OS_Task_Create16:
;osa_tasks.c,93 :: 		
0x0344	0xFFE9C001  	MOVFF       R1, FSR0L
0x0348	0xFFEAC002  	MOVFF       R2, FSR0H
0x034C	0xF000CFEE  	MOVFF       POSTINC0, R0
0x0350	0xBC00      	BTFSC       R0, 6 
0x0352	0xD02A      	BRA         L__OS_Task_Create19
;osa_tasks.c,95 :: 		
0x0354	0x8C5C      	BSF         FARG__OS_Task_Create_priority, 6 
;osa_tasks.c,96 :: 		
0x0356	0x865C      	BSF         FARG__OS_Task_Create_priority, 3 
;osa_tasks.c,98 :: 		
0x0358	0x0E01      	MOVLW       1
0x035A	0x2401      	ADDWF       R1, 0 
0x035C	0x6EE1      	MOVWF       FSR1L 
0x035E	0x0E00      	MOVLW       0
0x0360	0x2002      	ADDWFC      R2, 0 
0x0362	0x6EE2      	MOVWF       FSR1H 
0x0364	0xFFE6C05D  	MOVFF       FARG__OS_Task_Create_TaskAddr, POSTINC1
0x0368	0xFFE6C05E  	MOVFF       FARG__OS_Task_Create_TaskAddr+1, POSTINC1
0x036C	0xFFE6C05F  	MOVFF       FARG__OS_Task_Create_TaskAddr+2, POSTINC1
0x0370	0xFFE6C060  	MOVFF       FARG__OS_Task_Create_TaskAddr+3, POSTINC1
;osa_tasks.c,101 :: 		
0x0374	0x0E05      	MOVLW       5
0x0376	0x2401      	ADDWF       R1, 0 
0x0378	0x6EE1      	MOVWF       FSR1L 
0x037A	0x0E00      	MOVLW       0
0x037C	0x2002      	ADDWFC      R2, 0 
0x037E	0x6EE2      	MOVWF       FSR1H 
0x0380	0x6AE6      	CLRF        POSTINC1 
0x0382	0x6AE6      	CLRF        POSTINC1 
0x0384	0x6AE6      	CLRF        POSTINC1 
0x0386	0x6AE6      	CLRF        POSTINC1 
;osa_tasks.c,108 :: 		
0x0388	0xFFE1C001  	MOVFF       R1, FSR1L
0x038C	0xFFE2C002  	MOVFF       R2, FSR1H
0x0390	0xFFE6C05C  	MOVFF       FARG__OS_Task_Create_priority, POSTINC1
;osa_tasks.c,111 :: 		
0x0394	0x5002      	MOVF        R2, 0 
0x0396	0x1836      	XORWF       __OS_CurTask+1, 0 
0x0398	0xE102      	BNZ         L___OS_Task_Create35
0x039A	0x5035      	MOVF        __OS_CurTask, 0 
0x039C	0x1801      	XORWF       R1, 0 
L___OS_Task_Create35:
0x039E	0xE102      	BNZ         L__OS_Task_Create20
0x03A0	0xF05BC05C  	MOVFF       FARG__OS_Task_Create_priority, __OS_State
L__OS_Task_Create20:
;osa_tasks.c,126 :: 		
0x03A4	0x922B      	BCF         __OS_Flags, 1 
;osa_tasks.c,128 :: 		
0x03A6	0xD009      	BRA         L_end__OS_Task_Create
;osa_tasks.c,130 :: 		
L__OS_Task_Create19:
;osa_tasks.c,132 :: 		
0x03A8	0x0E09      	MOVLW       9
0x03AA	0x2601      	ADDWF       R1, 1 
0x03AC	0x0E00      	MOVLW       0
0x03AE	0x2202      	ADDWFC      R2, 1 
;osa_tasks.c,134 :: 		
0x03B0	0x2A34      	INCF        __OS_Temp, 1 
0x03B2	0x0E04      	MOVLW       4
0x03B4	0x5C34      	SUBWF       __OS_Temp, 0 
0x03B6	0xE3C6      	BNC         L__OS_Task_Create16
;osa_tasks.c,137 :: 		
0x03B8	0x822B      	BSF         __OS_Flags, 1 
;osa_tasks.c,139 :: 		
;osa_tasks.c,140 :: 		
L_end__OS_Task_Create:
0x03BA	0x0012      	RETURN      0
; end of __OS_Task_Create
_Thread2:
;MyProject.c,38 :: 		void Thread2(void)
;MyProject.c,40 :: 		while(1)
L_Thread28:
;MyProject.c,44 :: 		portc.b2=portc.b2;
;MyProject.c,45 :: 		OS_Delay(500);
0x03BC	0x0EF4      	MOVLW       244
0x03BE	0x6E61      	MOVWF       FARG__OS_InitDelay_Delay 
0x03C0	0x0E01      	MOVLW       1
0x03C2	0x6E62      	MOVWF       FARG__OS_InitDelay_Delay+1 
0x03C4	0x0E00      	MOVLW       0
0x03C6	0x6E63      	MOVWF       FARG__OS_InitDelay_Delay+2 
0x03C8	0x6E64      	MOVWF       FARG__OS_InitDelay_Delay+3 
0x03CA	0xDEDE      	RCALL       __OS_InitDelay
0x03CC	0xDED3      	RCALL       __OS_ReturnSave
0x03CE	0x0000      	NOP
;MyProject.c,47 :: 		}
0x03D0	0xD7F5      	BRA         L_Thread28
;MyProject.c,48 :: 		}
L_end_Thread2:
0x03D2	0x0012      	RETURN      0
; end of _Thread2
_Thread3:
;MyProject.c,51 :: 		void Thread3(void)
;MyProject.c,54 :: 		while(1)
L_Thread310:
;MyProject.c,56 :: 		portc.b3=~portc.b3;
0x03D4	0x7682      	BTG         PORTC, 3 
;MyProject.c,57 :: 		OS_Delay(100);
0x03D6	0x0E64      	MOVLW       100
0x03D8	0x6E61      	MOVWF       FARG__OS_InitDelay_Delay 
0x03DA	0x0E00      	MOVLW       0
0x03DC	0x6E62      	MOVWF       FARG__OS_InitDelay_Delay+1 
0x03DE	0x6E63      	MOVWF       FARG__OS_InitDelay_Delay+2 
0x03E0	0x6E64      	MOVWF       FARG__OS_InitDelay_Delay+3 
0x03E2	0xDED2      	RCALL       __OS_InitDelay
0x03E4	0xDEC7      	RCALL       __OS_ReturnSave
0x03E6	0x0000      	NOP
;MyProject.c,59 :: 		}
0x03E8	0xD7F5      	BRA         L_Thread310
;MyProject.c,60 :: 		}
L_end_Thread3:
0x03EA	0x0012      	RETURN      0
; end of _Thread3
_main:
;MyProject.c,72 :: 		void main() {
;MyProject.c,73 :: 		trisc=0;                     // setting portc as an output port
0x03EC	0x6A94      	CLRF        TRISC 
;MyProject.c,74 :: 		portc=0;                     //initializing the port with zero value
0x03EE	0x6A82      	CLRF        PORTC 
;MyProject.c,75 :: 		OS_Init();                   //must call to initialize OS services
0x03F0	0xDF1D      	RCALL       _OS_Init
;MyProject.c,77 :: 		OS_Task_Create(0,Thread2);   //creates a task with highest priority
0x03F2	0x6A5C      	CLRF        FARG__OS_Task_Create_priority 
0x03F4	0x0EBC      	MOVLW       _Thread2
0x03F6	0x6E5D      	MOVWF       FARG__OS_Task_Create_TaskAddr 
0x03F8	0x0E03      	MOVLW       hi_addr(_Thread2)
0x03FA	0x6E5E      	MOVWF       FARG__OS_Task_Create_TaskAddr+1 
0x03FC	0x0E00      	MOVLW       0
0x03FE	0x6E5F      	MOVWF       FARG__OS_Task_Create_TaskAddr+2 
0x0400	0x0E00      	MOVLW       0
0x0402	0x6E60      	MOVWF       FARG__OS_Task_Create_TaskAddr+3 
0x0404	0xDF99      	RCALL       __OS_Task_Create
;MyProject.c,78 :: 		OS_Task_Create(2,Thread1);   //thread2 has been created with the lowest priority
0x0406	0x0E02      	MOVLW       2
0x0408	0x6E5C      	MOVWF       FARG__OS_Task_Create_priority 
0x040A	0x0EB6      	MOVLW       _Thread1
0x040C	0x6E5D      	MOVWF       FARG__OS_Task_Create_TaskAddr 
0x040E	0x0E02      	MOVLW       hi_addr(_Thread1)
0x0410	0x6E5E      	MOVWF       FARG__OS_Task_Create_TaskAddr+1 
0x0412	0x0E00      	MOVLW       0
0x0414	0x6E5F      	MOVWF       FARG__OS_Task_Create_TaskAddr+2 
0x0416	0x0E00      	MOVLW       0
0x0418	0x6E60      	MOVWF       FARG__OS_Task_Create_TaskAddr+3 
0x041A	0xDF8E      	RCALL       __OS_Task_Create
;MyProject.c,79 :: 		OS_Task_Create(4,Thread3);
0x041C	0x0E04      	MOVLW       4
0x041E	0x6E5C      	MOVWF       FARG__OS_Task_Create_priority 
0x0420	0x0ED4      	MOVLW       _Thread3
0x0422	0x6E5D      	MOVWF       FARG__OS_Task_Create_TaskAddr 
0x0424	0x0E03      	MOVLW       hi_addr(_Thread3)
0x0426	0x6E5E      	MOVWF       FARG__OS_Task_Create_TaskAddr+1 
0x0428	0x0E00      	MOVLW       0
0x042A	0x6E5F      	MOVWF       FARG__OS_Task_Create_TaskAddr+2 
0x042C	0x0E00      	MOVLW       0
0x042E	0x6E60      	MOVWF       FARG__OS_Task_Create_TaskAddr+3 
0x0430	0xDF83      	RCALL       __OS_Task_Create
;MyProject.c,80 :: 		OS_Task_Create(7,Thread4);   //remember that threads with very low priotity will
0x0432	0x0E07      	MOVLW       7
0x0434	0x6E5C      	MOVWF       FARG__OS_Task_Create_priority 
0x0436	0x0E20      	MOVLW       _Thread4
0x0438	0x6E5D      	MOVWF       FARG__OS_Task_Create_TaskAddr 
0x043A	0x0E03      	MOVLW       hi_addr(_Thread4)
0x043C	0x6E5E      	MOVWF       FARG__OS_Task_Create_TaskAddr+1 
0x043E	0x0E00      	MOVLW       0
0x0440	0x6E5F      	MOVWF       FARG__OS_Task_Create_TaskAddr+2 
0x0442	0x0E00      	MOVLW       0
0x0444	0x6E60      	MOVWF       FARG__OS_Task_Create_TaskAddr+3 
0x0446	0xDF78      	RCALL       __OS_Task_Create
;MyProject.c,86 :: 		InitTimer0();                //Initiates the timer to count ticks
0x0448	0xDF19      	RCALL       _InitTimer0
;MyProject.c,88 :: 		OS_Run();                    //calls scheduler repeatedly
L_main14:
0x044A	0x982B      	BCF         __OS_Flags, 4 
0x044C	0x862B      	BSF         __OS_Flags, 3 
0x044E	0x6A2D      	CLRF        __OS_Best_Priority 
0x0450	0x6A2E      	CLRF        __OS_Worst_Priority 
0x0452	0x0E04      	MOVLW       4
0x0454	0x6E25      	MOVWF       __OS_n 
L_main17:
0x0456	0x0425      	DECF        __OS_n, 0 
0x0458	0x6E00      	MOVWF       R0 
0x045A	0x6A01      	CLRF        R1 
0x045C	0x0E00      	MOVLW       0
0x045E	0x5A01      	SUBWFB      R1, 1 
0x0460	0x0E27      	MOVLW       __OS_TaskQueue
0x0462	0x2400      	ADDWF       R0, 0 
0x0464	0x6ED9      	MOVWF       FSR2L 
0x0466	0x0E00      	MOVLW       hi_addr(__OS_TaskQueue)
0x0468	0x2001      	ADDWFC      R1, 0 
0x046A	0x6EDA      	MOVWF       FSR2H 
0x046C	0xF000CFDE  	MOVFF       POSTINC2, R0
0x0470	0xF026C000  	MOVFF       R0, __OS_Cur_Pos
0x0474	0x0E00      	MOVLW       0
0x0476	0x6E01      	MOVWF       R1 
0x0478	0x0E09      	MOVLW       9
0x047A	0x6E04      	MOVWF       R4 
0x047C	0x0E00      	MOVLW       0
0x047E	0x6E05      	MOVWF       R5 
0x0480	0xDF27      	RCALL       _Mul_16x16_U
0x0482	0x0E37      	MOVLW       __OS_Tasks
0x0484	0x2400      	ADDWF       R0, 0 
0x0486	0x6E35      	MOVWF       __OS_CurTask 
0x0488	0x0E00      	MOVLW       hi_addr(__OS_Tasks)
0x048A	0x2001      	ADDWFC      R1, 0 
0x048C	0x6E36      	MOVWF       __OS_CurTask+1 
0x048E	0xFFE9C035  	MOVFF       __OS_CurTask, FSR0L
0x0492	0xFFEAC036  	MOVFF       __OS_CurTask+1, FSR0H
0x0496	0x0E01      	MOVLW       1
0x0498	0x6E00      	MOVWF       R0 
0x049A	0x0E5B      	MOVLW       __OS_State
0x049C	0x6EE1      	MOVWF       FSR1L 
0x049E	0x0E00      	MOVLW       hi_addr(__OS_State)
0x04A0	0x6EE2      	MOVWF       FSR1H 
L_main20:
0x04A2	0xFFE6CFEE  	MOVFF       POSTINC0, POSTINC1
0x04A6	0x0600      	DECF        R0, 1 
0x04A8	0xE1FC      	BNZ         L_main20
0x04AA	0xAC5B      	BTFSS       __OS_State, 6 
0x04AC	0xD003      	BRA         L__main50
0x04AE	0xBE5B      	BTFSC       __OS_State, 7 
0x04B0	0xD001      	BRA         L__main50
0x04B2	0xD001      	BRA         L_main23
L__main50:
0x04B4	0xD086      	BRA         ___main__OS_SCHED_CONTINUE
L_main23:
0x04B6	0xB65B      	BTFSC       __OS_State, 3 
0x04B8	0xD043      	BRA         L_main24
___main__OS_SCHED_RUN:
0x04BA	0xDEF1      	RCALL       __OS_JumpToTask
0x04BC	0xDE56      	RCALL       __OS_SET_FSR_CUR_TASK
0x04BE	0x0ED7      	MOVLW       215
0x04C0	0x16EF      	ANDWF       __indf, 1 
0x04C2	0x0E28      	MOVLW       40
0x04C4	0x145B      	ANDWF       __OS_State, 0 
0x04C6	0x6E00      	MOVWF       R0 
0x04C8	0x5000      	MOVF        R0, 0 
0x04CA	0x12EF      	IORWF       __indf, 1 
0x04CC	0xB62B      	BTFSC       __OS_Flags, 3 
0x04CE	0xD038      	BRA         L_main25
0x04D0	0xB65B      	BTFSC       __OS_State, 3 
0x04D2	0xD003      	BRA         L__main49
0x04D4	0xB02C      	BTFSC       __OS_Flags+1, 0 
0x04D6	0xD001      	BRA         L__main49
0x04D8	0xD032      	BRA         L_main28
L__main49:
0x04DA	0x0E2F      	MOVLW       __OS_TaskLevel
0x04DC	0x6E01      	MOVWF       R1 
0x04DE	0x0E00      	MOVLW       hi_addr(__OS_TaskLevel)
0x04E0	0x6E02      	MOVWF       R2 
0x04E2	0x5026      	MOVF        __OS_Cur_Pos, 0 
0x04E4	0x2601      	ADDWF       R1, 1 
0x04E6	0xB0D8      	BTFSC       STATUS, 0 
0x04E8	0x2A02      	INCF        R2, 1 
0x04EA	0xFFE9C001  	MOVFF       R1, FSR0L
0x04EE	0xFFEAC002  	MOVFF       R2, FSR0H
0x04F2	0x502E      	MOVF        __OS_Worst_Priority, 0 
0x04F4	0x5CEE      	SUBWF       POSTINC0, 0 
0x04F6	0x6E00      	MOVWF       R0 
0x04F8	0xFFE1C001  	MOVFF       R1, FSR1L
0x04FC	0xFFE2C002  	MOVFF       R2, FSR1H
0x0500	0xFFE6C000  	MOVFF       R0, POSTINC1
0x0504	0xF025C033  	MOVFF       __OS_Best_n, __OS_n
L_main29:
0x0508	0x5225      	MOVF        __OS_n, 1 
0x050A	0xE017      	BZ          L_main30
0x050C	0x0E27      	MOVLW       __OS_TaskQueue
0x050E	0x6EE1      	MOVWF       FSR1L 
0x0510	0x0E00      	MOVLW       hi_addr(__OS_TaskQueue)
0x0512	0x6EE2      	MOVWF       FSR1H 
0x0514	0x5025      	MOVF        __OS_n, 0 
0x0516	0x26E1      	ADDWF       FSR1L, 1 
0x0518	0xB0D8      	BTFSC       STATUS, 0 
0x051A	0x2AE2      	INCF        FSR1H, 1 
0x051C	0x0425      	DECF        __OS_n, 0 
0x051E	0x6E00      	MOVWF       R0 
0x0520	0x6A01      	CLRF        R1 
0x0522	0x0E00      	MOVLW       0
0x0524	0x5A01      	SUBWFB      R1, 1 
0x0526	0x0E27      	MOVLW       __OS_TaskQueue
0x0528	0x2400      	ADDWF       R0, 0 
0x052A	0x6EE9      	MOVWF       FSR0L 
0x052C	0x0E00      	MOVLW       hi_addr(__OS_TaskQueue)
0x052E	0x2001      	ADDWFC      R1, 0 
0x0530	0x6EEA      	MOVWF       FSR0H 
0x0532	0xFFE6CFEE  	MOVFF       POSTINC0, POSTINC1
0x0536	0x0625      	DECF        __OS_n, 1 
0x0538	0xD7E7      	BRA         L_main29
L_main30:
0x053A	0xF027C026  	MOVFF       __OS_Cur_Pos, __OS_TaskQueue
L_main28:
0x053E	0xD075      	BRA         ___main_SCHED_END
L_main25:
L_main24:
0x0540	0xA85B      	BTFSS       __OS_State, 4 
0x0542	0xD003      	BRA         L_main33
0x0544	0xBA5B      	BTFSC       __OS_State, 5 
0x0546	0xD001      	BRA         L_main33
L__main48:
0x0548	0xD03C      	BRA         ___main__OS_SCHED_CONTINUE
L_main33:
0x054A	0xA65B      	BTFSS       __OS_State, 3 
0x054C	0xD03A      	BRA         L_main34
0x054E	0x0E2F      	MOVLW       __OS_TaskLevel
0x0550	0x6EE9      	MOVWF       FSR0L 
0x0552	0x0E00      	MOVLW       hi_addr(__OS_TaskLevel)
0x0554	0x6EEA      	MOVWF       FSR0H 
0x0556	0x5026      	MOVF        __OS_Cur_Pos, 0 
0x0558	0x26E9      	ADDWF       FSR0L, 1 
0x055A	0xB0D8      	BTFSC       STATUS, 0 
0x055C	0x2AEA      	INCF        FSR0H, 1 
0x055E	0xF001CFEE  	MOVFF       POSTINC0, R1
0x0562	0xF034C001  	MOVFF       R1, __OS_Temp
0x0566	0xBE01      	BTFSC       R1, 7 
0x0568	0xD01C      	BRA         L_main35
0x056A	0x0E08      	MOVLW       8
0x056C	0x2434      	ADDWF       __OS_Temp, 0 
0x056E	0x6E01      	MOVWF       R1 
0x0570	0xF034C001  	MOVFF       R1, __OS_Temp
0x0574	0xFFE9C035  	MOVFF       __OS_CurTask, FSR0L
0x0578	0xFFEAC036  	MOVFF       __OS_CurTask+1, FSR0H
0x057C	0xF000CFEE  	MOVFF       POSTINC0, R0
0x0580	0x0E07      	MOVLW       7
0x0582	0x1600      	ANDWF       R0, 1 
0x0584	0x5000      	MOVF        R0, 0 
0x0586	0x5C01      	SUBWF       R1, 0 
0x0588	0x6E00      	MOVWF       R0 
0x058A	0xF034C000  	MOVFF       R0, __OS_Temp
0x058E	0x0E2F      	MOVLW       __OS_TaskLevel
0x0590	0x6EE1      	MOVWF       FSR1L 
0x0592	0x0E00      	MOVLW       hi_addr(__OS_TaskLevel)
0x0594	0x6EE2      	MOVWF       FSR1H 
0x0596	0x5026      	MOVF        __OS_Cur_Pos, 0 
0x0598	0x26E1      	ADDWF       FSR1L, 1 
0x059A	0xB0D8      	BTFSC       STATUS, 0 
0x059C	0x2AE2      	INCF        FSR1H, 1 
0x059E	0xFFE6C000  	MOVFF       R0, POSTINC1
L_main35:
0x05A2	0x5034      	MOVF        __OS_Temp, 0 
0x05A4	0x5C2D      	SUBWF       __OS_Best_Priority, 0 
0x05A6	0xE208      	BC          L_main36
0x05A8	0xF02EC02D  	MOVFF       __OS_Best_Priority, __OS_Worst_Priority
0x05AC	0xF02DC034  	MOVFF       __OS_Temp, __OS_Best_Priority
0x05B0	0x0425      	DECF        __OS_n, 0 
0x05B2	0x6E33      	MOVWF       __OS_Best_n 
0x05B4	0x882B      	BSF         __OS_Flags, 4 
0x05B6	0xD005      	BRA         L_main37
L_main36:
0x05B8	0x5034      	MOVF        __OS_Temp, 0 
0x05BA	0x5C2E      	SUBWF       __OS_Worst_Priority, 0 
0x05BC	0xE202      	BC          L_main38
0x05BE	0xF02EC034  	MOVFF       __OS_Temp, __OS_Worst_Priority
L_main38:
L_main37:
L_main34:
___main__OS_SCHED_CONTINUE:
0x05C2	0x0625      	DECF        __OS_n, 1 
0x05C4	0x5225      	MOVF        __OS_n, 1 
0x05C6	0xE001      	BZ          L__main47
0x05C8	0xD746      	BRA         L_main17
L__main47:
0x05CA	0xA82B      	BTFSS       __OS_Flags, 4 
0x05CC	0xD02E      	BRA         L_main41
0x05CE	0x962B      	BCF         __OS_Flags, 3 
0x05D0	0x902C      	BCF         __OS_Flags+1, 0 
0x05D2	0x0E27      	MOVLW       __OS_TaskQueue
0x05D4	0x6ED9      	MOVWF       FSR2L 
0x05D6	0x0E00      	MOVLW       hi_addr(__OS_TaskQueue)
0x05D8	0x6EDA      	MOVWF       FSR2H 
0x05DA	0x5033      	MOVF        __OS_Best_n, 0 
0x05DC	0x26D9      	ADDWF       FSR2L, 1 
0x05DE	0xB0D8      	BTFSC       STATUS, 0 
0x05E0	0x2ADA      	INCF        FSR2H, 1 
0x05E2	0xF000CFDE  	MOVFF       POSTINC2, R0
0x05E6	0xF026C000  	MOVFF       R0, __OS_Cur_Pos
0x05EA	0x0E00      	MOVLW       0
0x05EC	0x6E01      	MOVWF       R1 
0x05EE	0x0E09      	MOVLW       9
0x05F0	0x6E04      	MOVWF       R4 
0x05F2	0x0E00      	MOVLW       0
0x05F4	0x6E05      	MOVWF       R5 
0x05F6	0xDE6C      	RCALL       _Mul_16x16_U
0x05F8	0x0E37      	MOVLW       __OS_Tasks
0x05FA	0x2400      	ADDWF       R0, 0 
0x05FC	0x6E35      	MOVWF       __OS_CurTask 
0x05FE	0x0E00      	MOVLW       hi_addr(__OS_Tasks)
0x0600	0x2001      	ADDWFC      R1, 0 
0x0602	0x6E36      	MOVWF       __OS_CurTask+1 
0x0604	0xFFE9C035  	MOVFF       __OS_CurTask, FSR0L
0x0608	0xFFEAC036  	MOVFF       __OS_CurTask+1, FSR0H
0x060C	0x0E01      	MOVLW       1
0x060E	0x6E00      	MOVWF       R0 
0x0610	0x0E5B      	MOVLW       __OS_State
0x0612	0x6EE1      	MOVWF       FSR1L 
0x0614	0x0E00      	MOVLW       hi_addr(__OS_State)
0x0616	0x6EE2      	MOVWF       FSR1H 
L_main42:
0x0618	0xFFE6CFEE  	MOVFF       POSTINC0, POSTINC1
0x061C	0x0600      	DECF        R0, 1 
0x061E	0xE1FC      	BNZ         L_main42
0x0620	0xAC5B      	BTFSS       __OS_State, 6 
0x0622	0xD003      	BRA         L_main45
0x0624	0xBE5B      	BTFSC       __OS_State, 7 
0x0626	0xD001      	BRA         L_main45
L__main46:
0x0628	0xD748      	BRA         ___main__OS_SCHED_RUN
L_main45:
L_main41:
___main_SCHED_END:
0x062A	0xD70F      	BRA         L_main14
;MyProject.c,89 :: 		}
L_end_main:
0x062C	0xD7FF      	BRA         $+0
; end of _main
Symbol List:
//** Routines locations **
//ADDRESS    SIZE    PROCEDURE
//----------------------------------------------
0x0008     [354]    _Interrupt
0x016A      [10]    __OS_SET_FSR_CUR_TASK
0x0174      [20]    __OS_ReturnSave
0x0188     [164]    __OS_InitDelay
0x022C      [80]    _OS_Init
0x027C      [18]    _InitTimer0
0x028E      [16]    ___CC2DW
0x029E      [24]    __OS_JumpToTask
0x02B6      [26]    _Thread1
0x02D0      [80]    _Mul_16x16_U
0x0320      [24]    _Thread4
0x0338     [132]    __OS_Task_Create
0x03BC      [24]    _Thread2
0x03D4      [24]    _Thread3
0x03EC     [578]    _main
//** Variables locations ** 
//ADDRESS    SIZE    VARIABLE
//----------------------------------------------
0x0000       [1]    SPI1_Write_tmp_L0
0x0000       [1]    __Lib_SoftI2C_PutZerosToLATScl_temp_scl_L0
0x0000       [1]    UART1_Init_tmp_L0
0x0000       [1]    FLASH_Erase_64_SaveINTCON_L0
0x0000       [1]    R0
0x0000       [1]    __Lib_SoftI2C_PutZerosToLATSda_temp_sda_L0
0x0000       [1]    EEPROM_Write_SaveINTCON_L0
0x0001       [1]    UART1_Read___tmp_UART1_Read_L0
0x0001       [2]    _OS_Task_Create_Task_L0
0x0001       [1]    __Lib_TFT_16bit_JPEG_FileRead_i_L0
0x0001       [1]    R1
0x0001       [1]    __Lib_PS2_Wait_Falling_nsample_L0
0x0001       [1]    __Lib_TFT_JPEG_FileRead_i_L0
0x0001       [1]    ispunct_rslt_L0
0x0001       [1]    __Lib_TFT_JPEG_FileReadBytes_Result_L0
0x0001       [1]    FLASH_Write_8_i_L0
0x0001       [2]    FLASH_Read_N_Bytes_i_L0
0x0001       [1]    __Lib_TFT_16bit_JPEG_FileReadBytes_Result_L0
0x0001       [1]    FLASH_Erase_Write_64_i_L0
0x0001       [1]    I2C1_Rd_tmp_L0
0x0001       [1]    OS_DI_temp_L0
0x0002       [2]    strlen_cp_L0
0x0002       [2]    memchr_s_L0
0x0002       [2]    memset_pp_L0
0x0002       [1]    FLASH_Write_8_SaveINTCON_L0
0x0002       [1]    FLASH_Erase_Write_64_j_L0
0x0002       [2]    memcpy_dd_L0
0x0002       [1]    R2
0x0003       [1]    R3
0x0003       [2]    __Lib_MmcFat16_f16_toInt_l_L0
0x0003       [2]    memmove_tt_L0
0x0003       [2]    Ltrim_original_L0
0x0003       [2]    MM_TotalFreeMemSize_Tot_L0
0x0003       [1]    FLASH_Erase_Write_64_SaveINTCON_L0
0x0003       [1]    MM_Init_i_L0
0x0004       [2]    memcpy_ss_L0
0x0004       [1]    R4
0x0004       [2]    strncpy_cp_L0
0x0004       [2]    frexp_pom_L0
0x0004       [2]    strcpy_cp_L0
0x0004       [2]    strcat_cp_L0
0x0004       [2]    strncat_cp_L0
0x0004       [2]    __Lib_MemManager_MM_GetMemAlign_P_L0
0x0005       [2]    Ltrim_p_L0
0x0005       [2]    LongWordToHex_input_half_L0
0x0005       [2]    LongIntToHex_input_half_L0
0x0005       [2]    memmove_ff_L0
0x0005       [1]    R5
0x0005       [1]    MM_TotalFreeMemSize_i_L0
0x0006       [1]    R6
0x0006       [1]    __Lib_MemManager_MM_GetMemAlign_i_L0
0x0007       [1]    __Lib_TFT_16bit_JPEG_GenerateHuffmanTables_bLength_L0
0x0007       [1]    R7
0x0007       [1]    __Lib_TFT_JPEG_GenerateHuffmanTables_bLength_L0
0x0008       [1]    __Lib_TFT_JPEG_GenerateHuffmanTables_bTable_L0
0x0008       [1]    R8
0x0008       [1]    __Lib_TFT_16bit_JPEG_GenerateHuffmanTables_bTable_L0
0x0009       [1]    R9
0x0009       [4]    __Lib_MmcFat16_f16_toLong_l_L0
0x000A       [1]    R10
0x000B       [1]    R11
0x000C       [1]    R12
0x000D       [1]    R13
0x000E       [1]    R14
0x000F       [1]    R15
0x0010       [1]    R16
0x0011       [1]    R17
0x0012       [1]    R18
0x0013       [1]    R19
0x0014       [1]    R20
0x0025       [1]    __OS_n
0x0026       [1]    __OS_Cur_Pos
0x0027       [4]    __OS_TaskQueue
0x002B       [2]    __OS_Flags
0x002D       [1]    __OS_Best_Priority
0x002E       [1]    __OS_Worst_Priority
0x002F       [4]    __OS_TaskLevel
0x0033       [1]    __OS_Best_n
0x0034       [1]    __OS_Temp
0x0035       [2]    __OS_CurTask
0x0037      [36]    __OS_Tasks
0x005B       [1]    __OS_State
0x005C       [1]    FARG__OS_Task_Create_priority
0x005D       [4]    FARG__OS_Task_Create_TaskAddr
0x0061       [4]    FARG__OS_InitDelay_Delay
0x0065       [1]    Interrupt__os_i_L3
0x0F82       [1]    PORTC
0x0F94       [1]    TRISC
0x0FD5       [1]    T0CON
0x0FD6       [1]    TMR0L
0x0FD7       [1]    TMR0H
0x0FD8       [1]    STATUS
0x0FD9       [1]    FSR2L
0x0FDA       [1]    FSR2H
0x0FDE       [1]    POSTINC2
0x0FE0       [1]    BSR
0x0FE1       [1]    FSR1L
0x0FE2       [1]    FSR1H
0x0FE4       [1]    PREINC1
0x0FE6       [1]    POSTINC1
0x0FE7       [1]    INDF1
0x0FE8       [1]    WREG
0x0FE9       [1]    FSR0L
0x0FE9       [2]    __fsr
0x0FEA       [1]    FSR0H
0x0FEC       [1]    __preinc
0x0FEE       [1]    __postinc
0x0FEE       [1]    POSTINC0
0x0FEF       [1]    __indf
0x0FF2       [0]    GIE_bit
0x0FF2       [0]    TMR0IF_bit
0x0FF2       [0]    TMR0IE_bit
0x0FF3       [1]    PRODL
0x0FF4       [1]    PRODH
0x0FF5       [1]    TABLAT
0x0FF6       [1]    TBLPTRL
0x0FF7       [1]    TBLPTRH
0x0FF8       [1]    TBLPTRU
0x0FFD       [1]    __tosl
0x0FFE       [1]    __tosh
0x0FFF       [1]    __tosu
//** Label List: ** 
//----------------------------------------------
  L_Interrupt0
  L_Interrupt1
  L_Interrupt2
  L_Interrupt3
  L_Interrupt4
  L_Interrupt5
  L_Thread16
  L_Thread17
  L_Thread28
  L_Thread29
  L_Thread310
  L_Thread311
  L_Thread412
  L_Thread413
  L_main14
  L_main15
  L_main16
  L_main17
  L_main18
  L_main19
  L_main20
  L_main21
  L_main22
  L_main23
  ___main__OS_SCHED_CONTINUE
  L_main24
  ___main__OS_SCHED_RUN
  L_main25
  L_main26
  L_main27
  L_main28
  L_main29
  L_main30
  ___main_SCHED_END
  L_main31
  L_main32
  L_main33
  L_main34
  L_main35
  L_main36
  L_main37
  L_main38
  L_main39
  L_main40
  L_main41
  L_main42
  L_main43
  L_main44
  L_main45
  L__main46
  L__main47
  L__main48
  L__main49
  L__main50
  L_end_InitTimer0
  _InitTimer0
  L_end_Interrupt
  _Interrupt
  L__Interrupt53
  L_end_Thread1
  _Thread1
  L_end_Thread2
  _Thread2
  L_end_Thread3
  _Thread3
  L_end_Thread4
  _Thread4
  L_end_main
  _main
  L__OS_ClrReadySetClrCanContinue0
  L__OS_ClrReadySetClrCanContinue1
  L_OS_DI2
  L_OS_RI3
  L_OS_RI4
  L_OS_RI5
  L__OS_CheckEvent6
  L__OS_CheckEvent7
  L__OS_CheckEvent8
  L__OS_CheckEvent9
  L__OS_CheckEvent10
  L__OS_CheckEvent11
  L__OS_InitDelay12
  L_OS_Init13
  L_OS_Init14
  L_OS_Init15
  L__OS_Task_Create16
  L__OS_Task_Create17
  L__OS_Task_Create18
  L__OS_Task_Create19
  L__OS_Task_Create20
  L___OS_CheckEvent21
  L_end__OS_JumpToTask
  __OS_JumpToTask
  L_end__OS_ReturnSave
  __OS_ReturnSave
  L_end__OS_ReturnNoSave
  __OS_ReturnNoSave
  L_end__OS_EnterWaitMode
  __OS_EnterWaitMode
  L_end__OS_EnterWaitModeTO
  __OS_EnterWaitModeTO
  L_end__OS_ClrReadySetClrCanContinue
  __OS_ClrReadySetClrCanContinue
  L_end__OS_SET_FSR_CUR_TASK
  __OS_SET_FSR_CUR_TASK
  L_end_OS_DI
  _OS_DI
  L_end_OS_RI
  _OS_RI
  L_end__OS_CheckEvent
  __OS_CheckEvent
  L_end__OS_InitDelay
  __OS_InitDelay
  L_end_OS_Init
  _OS_Init
  L_end__OS_Task_Create
  __OS_Task_Create
  L___OS_Task_Create35
  L_Div_16x16_S0
  L_Div_16x16_S1
  LOOPS3232A
  SADD22LA
  SOK22LA
  SADD22L8
  SOK22L8
  LOOPS3232B
  SADD22LB
  SOK22LB
  SADD22L16
  SOK22L16
  LOOPS3232C
  SADD22LC
  SOK22LC
  SADD22L24
  SOK22L24
  LOOPS3232D
  SADD22LD
  SOK22LD
  SOK22L
  L_Div_32x32_S6
  L_Div_32x32_S7
  L_Div_32x32_S8
  L_Div_32x32_S9
  FXD3232S
  END_ALL
  CA3232S
  C3232SX
  C3232SX1
  C3232S
  C3232S2
  C3232SX4
  C3232SOK
  C3232SX3
  C3232SX2
  avoid_comfrem
  LOOPU3232A
  UADD22LA
  UOK22LA
  UADD22L8
  UOK22L8
  LOOPU3232B
  UADD22LB
  UOK22LB
  UADD22L16
  UOK22L16
  LOOPU3232C
  UADD22LC
  UOK22LC
  UADD22L24
  UOK22L24
  LOOPU3232D
  UADD22LD
  UOK22LD
  UOK22L
  _NEXT
  _EXIT2
  _LOOP
  _EXIT1
  _IF_FIRST
  _IF_SECOND
  _INVERCE_FIRST
  _MULT
  _INBERSE_SECOND
  _EXIT
  L_end_Div_8x8_U
  _Div_8x8_U
  L_end_Div_16x16_U
  _Div_16x16_U
  L_end_Div_16x16_S_L
  _Div_16x16_S_L
  L_end_Div_16x16_S
  _Div_16x16_S
  L_end_Div_8x8_S
  _Div_8x8_S
  L_end_Mul_8x8_S
  _Mul_8x8_S
  L_end_Mul_16x16_U
  _Mul_16x16_U
  L_end_Mul_16x16_S
  _Mul_16x16_S
  L_end_SDIV3232L
  _SDIV3232L
  L_end_COMFREM
  _COMFREM
  L_end_Div_32x32_S
  _Div_32x32_S
  L_end_Div_32x32_U
  _Div_32x32_U
  L_end_Mul_32x32_U
  _Mul_32x32_U
  L_end_Mul_32x32_S
  _Mul_32x32_S
  _CC2D_Loop1
  _CC2DL_Loop1
  L_loopCA2AWs
  L_loopCCA2AWs
  L_loopCS2Ss
  L_CS2Send
  L_loopCCS2Ss
  L_CCS2Send
  L_loopFZinSWs
  L_longjmp7
  L_end___CC2D
  ___CC2D
  L_end___CC2DW
  ___CC2DW
  L_end___CA2AW
  ___CA2AW
  L_end___CCA2AW
  ___CCA2AW
  L_end___CS2S
  ___CS2S
  L_end___CCS2S
  ___CCS2S
  L_end___FZinS
  ___FZinS
  L_end_____DoIFC
  _____DoIFC
  L_end_Swap
  _Swap
  L_end_setjmp
  _setjmp
  L_end_longjmp
  _longjmp
  L_Interrupt0
  L_Interrupt1
  L_Interrupt2
  L_Interrupt3
  L_Interrupt4
  L_Interrupt5
  L_Thread16
  L_Thread17
  L_Thread28
  L_Thread29
  L_Thread310
  L_Thread311
  L_Thread412
  L_Thread413
  L_main14
  L_main15
  L_main16
  L_main17
  L_main18
  L_main19
  L_main20
  L_main21
  L_main22
  L_main23
  ___main__OS_SCHED_CONTINUE
  L_main24
  ___main__OS_SCHED_RUN
  L_main25
  L_main26
  L_main27
  L_main28
  L_main29
  L_main30
  ___main_SCHED_END
  L_main31
  L_main32
  L_main33
  L_main34
  L_main35
  L_main36
  L_main37
  L_main38
  L_main39
  L_main40
  L_main41
  L_main42
  L_main43
  L_main44
  L_main45
  L__main46
  L__main47
  L__main48
  L__main49
  L__main50
  L_end_InitTimer0
  _InitTimer0
  L_end_Interrupt
  _Interrupt
  L__Interrupt53
  L_end_Thread1
  _Thread1
  L_end_Thread2
  _Thread2
  L_end_Thread3
  _Thread3
  L_end_Thread4
  _Thread4
  L_end_main
  _main
