;  LST file generated by mikroListExporter - v.2.0 
; Date/Time: 28/09/2017 09:06:34 p.m.
;----------------------------------------------

;Address Opcode 	ASM
0x0000	0xF002EF64  	GOTO        1224
0x0004	0x0000      	NOP
0x0006	0x0000      	NOP
0x0008	0xF000EF00  	GOTO        0
0x000C	0x0000      	NOP
0x000E	0x0000      	NOP
0x0010	0x0000      	NOP
0x0012	0x0000      	NOP
0x0014	0x0000      	NOP
0x0016	0x0000      	NOP
0x0018	0xD7F3      	BRA         0
_I2C1_Is_Idle:
;__Lib_I2C_b10.c,29 :: 		
;__Lib_I2C_b10.c,30 :: 		
0x001C	0xB4C7      	BTFSC       SSPSTAT, 2 
0x001E	0xD009      	BRA         L_I2C1_Is_Idle0
;__Lib_I2C_b10.c,31 :: 		
0x0020	0x0E1F      	MOVLW       31
0x0022	0x14C5      	ANDWF       SSPCON2, 0 
0x0024	0x6E01      	MOVWF       R1 
0x0026	0x5001      	MOVF        R1, 0 
0x0028	0x0A00      	XORLW       0
0x002A	0xE103      	BNZ         L_I2C1_Is_Idle1
;__Lib_I2C_b10.c,32 :: 		
0x002C	0x0E01      	MOVLW       1
0x002E	0x6E00      	MOVWF       R0 
0x0030	0xD001      	BRA         L_end_I2C1_Is_Idle
L_I2C1_Is_Idle1:
L_I2C1_Is_Idle0:
;__Lib_I2C_b10.c,33 :: 		
0x0032	0x6A00      	CLRF        R0 
;__Lib_I2C_b10.c,34 :: 		
L_end_I2C1_Is_Idle:
0x0034	0x0012      	RETURN      0
; end of _I2C1_Is_Idle
_I2C1_Stop:
;__Lib_I2C_b10.c,105 :: 		
;__Lib_I2C_b10.c,106 :: 		
0x0036	0x84C5      	BSF         SSPCON2, 2 
;__Lib_I2C_b10.c,107 :: 		
L_end_I2C1_Stop:
0x0038	0x0012      	RETURN      0
; end of _I2C1_Stop
_I2C1_Wr:
;__Lib_I2C_b10.c,84 :: 		
;__Lib_I2C_b10.c,86 :: 		
0x003A	0x969E      	BCF         PIR1, 3 
;__Lib_I2C_b10.c,87 :: 		
0x003C	0xFFC9C061  	MOVFF       FARG_I2C1_Wr_data_, SSPBUF
;__Lib_I2C_b10.c,89 :: 		
L_I2C1_Wr18:
0x0040	0xA4C7      	BTFSS       SSPSTAT, 2 
0x0042	0xD001      	BRA         L_I2C1_Wr19
;__Lib_I2C_b10.c,90 :: 		
0x0044	0xD7FD      	BRA         L_I2C1_Wr18
L_I2C1_Wr19:
;__Lib_I2C_b10.c,92 :: 		
L_I2C1_Wr20:
0x0046	0xB69E      	BTFSC       PIR1, 3 
0x0048	0xD001      	BRA         L_I2C1_Wr21
;__Lib_I2C_b10.c,93 :: 		
0x004A	0xD7FD      	BRA         L_I2C1_Wr20
L_I2C1_Wr21:
;__Lib_I2C_b10.c,95 :: 		
0x004C	0xBCC5      	BTFSC       SSPCON2, 6 
0x004E	0xD002      	BRA         L_I2C1_Wr22
;__Lib_I2C_b10.c,96 :: 		
0x0050	0x6A00      	CLRF        R0 
0x0052	0xD003      	BRA         L_end_I2C1_Wr
;__Lib_I2C_b10.c,97 :: 		
L_I2C1_Wr22:
;__Lib_I2C_b10.c,99 :: 		
0x0054	0x84C5      	BSF         SSPCON2, 2 
;__Lib_I2C_b10.c,100 :: 		
0x0056	0x0E02      	MOVLW       2
0x0058	0x6E00      	MOVWF       R0 
;__Lib_I2C_b10.c,102 :: 		
L_end_I2C1_Wr:
0x005A	0x0012      	RETURN      0
; end of _I2C1_Wr
_I2C1_Start:
;__Lib_I2C_b10.c,36 :: 		
;__Lib_I2C_b10.c,39 :: 		
0x005C	0x0100      	MOVLB       0
0x005E	0x6B61      	CLRF        I2C1_Start_j_L0, 1
0x0060	0x6B62      	CLRF        I2C1_Start_j_L0+1, 1
L_I2C1_Start2:
0x0062	0x5162      	MOVF        I2C1_Start_j_L0+1, 0, 1
0x0064	0x0812      	SUBLW       18
0x0066	0xE102      	BNZ         L__I2C1_Start27
0x0068	0x5161      	MOVF        I2C1_Start_j_L0, 0, 1
0x006A	0x088E      	SUBLW       142
L__I2C1_Start27:
0x006C	0xE308      	BNC         L_I2C1_Start3
;__Lib_I2C_b10.c,40 :: 		
0x006E	0xDFD6      	RCALL       _I2C1_Is_Idle
0x0070	0x5200      	MOVF        R0, 1 
0x0072	0xE001      	BZ          L_I2C1_Start5
;__Lib_I2C_b10.c,41 :: 		
0x0074	0xD004      	BRA         L_I2C1_Start3
L_I2C1_Start5:
;__Lib_I2C_b10.c,39 :: 		
0x0076	0x0100      	MOVLB       0
0x0078	0x4B61      	INFSNZ      I2C1_Start_j_L0, 1, 1
0x007A	0x2B62      	INCF        I2C1_Start_j_L0+1, 1, 1
;__Lib_I2C_b10.c,42 :: 		
0x007C	0xD7F2      	BRA         L_I2C1_Start2
L_I2C1_Start3:
0x007E	0x0100      	MOVLB       0
;__Lib_I2C_b10.c,44 :: 		
0x0080	0x0E12      	MOVLW       18
0x0082	0x5D62      	SUBWF       I2C1_Start_j_L0+1, 0, 1
0x0084	0xE102      	BNZ         L__I2C1_Start28
0x0086	0x0E8F      	MOVLW       143
0x0088	0x5D61      	SUBWF       I2C1_Start_j_L0, 0, 1
L__I2C1_Start28:
0x008A	0xE303      	BNC         L_I2C1_Start6
;__Lib_I2C_b10.c,45 :: 		
0x008C	0x0E7B      	MOVLW       123
0x008E	0x6E00      	MOVWF       R0 
0x0090	0xD005      	BRA         L_end_I2C1_Start
L_I2C1_Start6:
;__Lib_I2C_b10.c,47 :: 		
0x0092	0x80C5      	BSF         SSPCON2, 0 
;__Lib_I2C_b10.c,48 :: 		
L_I2C1_Start8:
0x0094	0xA0C5      	BTFSS       SSPCON2, 0 
0x0096	0xD001      	BRA         L_I2C1_Start9
;__Lib_I2C_b10.c,49 :: 		
0x0098	0xD7FD      	BRA         L_I2C1_Start8
L_I2C1_Start9:
;__Lib_I2C_b10.c,50 :: 		
0x009A	0x6A00      	CLRF        R0 
;__Lib_I2C_b10.c,52 :: 		
L_end_I2C1_Start:
0x009C	0x0012      	RETURN      0
; end of _I2C1_Start
_Div_16x16_U:
;__Lib_Math.c,102 :: 		
;__Lib_Math.c,109 :: 		
0x009E	0x6A08      	CLRF        R8, higher_addr(L_Div_16x16_S0)
;__Lib_Math.c,110 :: 		
0x00A0	0x6A09      	CLRF        R9, higher_addr(L_Div_16x16_S0)
;__Lib_Math.c,111 :: 		
0x00A2	0x0E10      	MOVLW       16
;__Lib_Math.c,112 :: 		
0x00A4	0x6E0C      	MOVWF       R12, higher_addr(L_Div_16x16_S0)
;__Lib_Math.c,113 :: 		
0x00A6	0x3401      	RLCF        R1, 0, 0
;__Lib_Math.c,114 :: 		
0x00A8	0x3608      	RLCF        R8, 1, 0
;__Lib_Math.c,115 :: 		
0x00AA	0x3609      	RLCF        R9, 1, 0
;__Lib_Math.c,116 :: 		
0x00AC	0x5004      	MOVF        R4, 0, 0
;__Lib_Math.c,117 :: 		
0x00AE	0x5E08      	SUBWF       R8, 1, 0
;__Lib_Math.c,118 :: 		
0x00B0	0x5005      	MOVF        R5, 0, 0
;__Lib_Math.c,119 :: 		
0x00B2	0xA0D8      	BTFSS       STATUS, 0, 0
;__Lib_Math.c,120 :: 		
0x00B4	0x3C05      	INCFSZ      R5, 0, 0
;__Lib_Math.c,121 :: 		
0x00B6	0x5E09      	SUBWF       R9, 1, 0
;__Lib_Math.c,122 :: 		
0x00B8	0xB0D8      	BTFSC       STATUS, 0, 0
;__Lib_Math.c,123 :: 		
0x00BA	0xD007      	BRA         $+16
;__Lib_Math.c,124 :: 		
0x00BC	0x5004      	MOVF        R4, 0, 0
;__Lib_Math.c,125 :: 		
0x00BE	0x2608      	ADDWF       R8, 1, 0
;__Lib_Math.c,126 :: 		
0x00C0	0x5005      	MOVF        R5, 0, 0
;__Lib_Math.c,127 :: 		
0x00C2	0xB0D8      	BTFSC       STATUS, 0, 0
;__Lib_Math.c,128 :: 		
0x00C4	0x3C05      	INCFSZ      R5, 0, 0
;__Lib_Math.c,129 :: 		
0x00C6	0x2609      	ADDWF       R9, 1, 0
;__Lib_Math.c,130 :: 		
0x00C8	0x90D8      	BCF         STATUS, 0, 0
;__Lib_Math.c,131 :: 		
0x00CA	0x3600      	RLCF        R0, 1, 0
;__Lib_Math.c,132 :: 		
0x00CC	0x3601      	RLCF        R1, 1, 0
;__Lib_Math.c,133 :: 		
0x00CE	0x2E0C      	DECFSZ      R12, 1, 0
;__Lib_Math.c,134 :: 		
0x00D0	0xD7EA      	BRA         $-42
;__Lib_Math.c,136 :: 		
L_end_Div_16x16_U:
0x00D2	0x0012      	RETURN      0
; end of _Div_16x16_U
_I2C1_Repeated_Start:
;__Lib_I2C_b10.c,54 :: 		
;__Lib_I2C_b10.c,55 :: 		
0x00D4	0x82C5      	BSF         SSPCON2, 1 
;__Lib_I2C_b10.c,56 :: 		
L_I2C1_Repeated_Start10:
0x00D6	0xA2C5      	BTFSS       SSPCON2, 1 
0x00D8	0xD001      	BRA         L_I2C1_Repeated_Start11
;__Lib_I2C_b10.c,57 :: 		
0x00DA	0xD7FD      	BRA         L_I2C1_Repeated_Start10
L_I2C1_Repeated_Start11:
;__Lib_I2C_b10.c,58 :: 		
L_end_I2C1_Repeated_Start:
0x00DC	0x0012      	RETURN      0
; end of _I2C1_Repeated_Start
_WordToStr:
;__Lib_Conversions.c,84 :: 		
;__Lib_Conversions.c,89 :: 		
0x00DE	0x6A5E      	CLRF        WordToStr_len_L0 
L_WordToStr6:
0x00E0	0x0E05      	MOVLW       5
0x00E2	0x5C5E      	SUBWF       WordToStr_len_L0, 0 
0x00E4	0xE20A      	BC          L_WordToStr7
;__Lib_Conversions.c,90 :: 		
0x00E6	0x505E      	MOVF        WordToStr_len_L0, 0 
0x00E8	0x245C      	ADDWF       FARG_WordToStr_output, 0 
0x00EA	0x6EE1      	MOVWF       FSR1L 
0x00EC	0x0E00      	MOVLW       0
0x00EE	0x205D      	ADDWFC      FARG_WordToStr_output+1, 0 
0x00F0	0x6EE2      	MOVWF       FSR1H 
0x00F2	0x0E20      	MOVLW       32
0x00F4	0x6EE6      	MOVWF       POSTINC1 
;__Lib_Conversions.c,89 :: 		
0x00F6	0x2A5E      	INCF        WordToStr_len_L0, 1 
;__Lib_Conversions.c,90 :: 		
0x00F8	0xD7F3      	BRA         L_WordToStr6
L_WordToStr7:
;__Lib_Conversions.c,91 :: 		
0x00FA	0x505E      	MOVF        WordToStr_len_L0, 0 
0x00FC	0x245C      	ADDWF       FARG_WordToStr_output, 0 
0x00FE	0x6EE1      	MOVWF       FSR1L 
0x0100	0x0E00      	MOVLW       0
0x0102	0x205D      	ADDWFC      FARG_WordToStr_output+1, 0 
0x0104	0x6EE2      	MOVWF       FSR1H 
0x0106	0x6AE6      	CLRF        POSTINC1 
0x0108	0x065E      	DECF        WordToStr_len_L0, 1 
;__Lib_Conversions.c,93 :: 		
L_WordToStr9:
;__Lib_Conversions.c,94 :: 		
0x010A	0x505E      	MOVF        WordToStr_len_L0, 0 
0x010C	0x245C      	ADDWF       FARG_WordToStr_output, 0 
0x010E	0x6E5F      	MOVWF       FLOC__WordToStr 
0x0110	0x0E00      	MOVLW       0
0x0112	0x205D      	ADDWFC      FARG_WordToStr_output+1, 0 
0x0114	0x0100      	MOVLB       0
0x0116	0x6F60      	MOVWF       FLOC__WordToStr+1, 1
0x0118	0x0E0A      	MOVLW       10
0x011A	0x6E04      	MOVWF       R4 
0x011C	0x0E00      	MOVLW       0
0x011E	0x6E05      	MOVWF       R5 
0x0120	0xF000C05A  	MOVFF       FARG_WordToStr_input, R0
0x0124	0xF001C05B  	MOVFF       FARG_WordToStr_input+1, R1
0x0128	0xDFBA      	RCALL       _Div_16x16_U
0x012A	0xF000C008  	MOVFF       R8, R0
0x012E	0xF001C009  	MOVFF       R9, R1
0x0132	0x0E30      	MOVLW       48
0x0134	0x2600      	ADDWF       R0, 1 
0x0136	0xFFE1C05F  	MOVFF       FLOC__WordToStr, FSR1L
0x013A	0xFFE2C060  	MOVFF       FLOC__WordToStr+1, FSR1H
0x013E	0xFFE6C000  	MOVFF       R0, POSTINC1
;__Lib_Conversions.c,95 :: 		
0x0142	0x0E0A      	MOVLW       10
0x0144	0x6E04      	MOVWF       R4 
0x0146	0x0E00      	MOVLW       0
0x0148	0x6E05      	MOVWF       R5 
0x014A	0xF000C05A  	MOVFF       FARG_WordToStr_input, R0
0x014E	0xF001C05B  	MOVFF       FARG_WordToStr_input+1, R1
0x0152	0xDFA5      	RCALL       _Div_16x16_U
0x0154	0xF05AC000  	MOVFF       R0, FARG_WordToStr_input
0x0158	0xF05BC001  	MOVFF       R1, FARG_WordToStr_input+1
;__Lib_Conversions.c,96 :: 		
0x015C	0x0E00      	MOVLW       0
0x015E	0x1801      	XORWF       R1, 0 
0x0160	0xE102      	BNZ         L__WordToStr109
0x0162	0x0E00      	MOVLW       0
0x0164	0x1800      	XORWF       R0, 0 
L__WordToStr109:
0x0166	0xE101      	BNZ         L_WordToStr11
;__Lib_Conversions.c,97 :: 		
0x0168	0xD002      	BRA         L_WordToStr10
L_WordToStr11:
;__Lib_Conversions.c,98 :: 		
0x016A	0x065E      	DECF        WordToStr_len_L0, 1 
;__Lib_Conversions.c,99 :: 		
0x016C	0xD7CE      	BRA         L_WordToStr9
L_WordToStr10:
;__Lib_Conversions.c,100 :: 		
L_end_WordToStr:
0x016E	0x0012      	RETURN      0
; end of _WordToStr
_UART1_Write:
;__Lib_UART_c67.c,58 :: 		
;__Lib_UART_c67.c,59 :: 		
L_UART1_Write3:
0x0170	0xB2AC      	BTFSC       TXSTA, 1 
0x0172	0xD002      	BRA         L_UART1_Write4
;__Lib_UART_c67.c,60 :: 		
0x0174	0x0000      	NOP
0x0176	0xD7FC      	BRA         L_UART1_Write3
L_UART1_Write4:
;__Lib_UART_c67.c,61 :: 		
0x0178	0xFFADC05A  	MOVFF       FARG_UART1_Write_data_, TXREG
;__Lib_UART_c67.c,62 :: 		
L_end_UART1_Write:
0x017C	0x0012      	RETURN      0
; end of _UART1_Write
_Div_16x16_S_L:
;__Lib_Math.c,139 :: 		
;__Lib_Math.c,146 :: 		
0x017E	0x3401      	RLCF        R1, 0, 0
;__Lib_Math.c,147 :: 		
0x0180	0x3608      	RLCF        R8, 1, 0
;__Lib_Math.c,148 :: 		
0x0182	0x3609      	RLCF        R9, 1, 0
;__Lib_Math.c,149 :: 		
0x0184	0x5004      	MOVF        R4, 0, 0
;__Lib_Math.c,150 :: 		
0x0186	0x5E08      	SUBWF       R8, 1, 0
;__Lib_Math.c,151 :: 		
0x0188	0x5005      	MOVF        R5, 0, 0
;__Lib_Math.c,152 :: 		
0x018A	0xA0D8      	BTFSS       STATUS, 0, 0
;__Lib_Math.c,153 :: 		
0x018C	0x3C05      	INCFSZ      R5, 0, 0
;__Lib_Math.c,154 :: 		
0x018E	0x5E09      	SUBWF       R9, 1, 0
;__Lib_Math.c,155 :: 		
0x0190	0x3600      	RLCF        R0, 1, 0
;__Lib_Math.c,156 :: 		
0x0192	0x3601      	RLCF        R1, 1, 0
;__Lib_Math.c,158 :: 		
0x0194	0x0E0F      	MOVLW       15
;__Lib_Math.c,159 :: 		
0x0196	0x6E0C      	MOVWF       R12, higher_addr(L_Div_16x16_S0)
;__Lib_Math.c,161 :: 		
0x0198	0x3401      	RLCF        R1, 0, 0
;__Lib_Math.c,162 :: 		
0x019A	0x3608      	RLCF        R8, 1, 0
;__Lib_Math.c,163 :: 		
0x019C	0x3609      	RLCF        R9, 1, 0
;__Lib_Math.c,164 :: 		
0x019E	0x5004      	MOVF        R4, 0, 0
;__Lib_Math.c,166 :: 		
0x01A0	0xA000      	BTFSS       R0, 0, 0
;__Lib_Math.c,167 :: 		
0x01A2	0xD006      	BRA         $+14
;__Lib_Math.c,168 :: 		
0x01A4	0x5E08      	SUBWF       R8, 1, 0
;__Lib_Math.c,169 :: 		
0x01A6	0x5005      	MOVF        R5, 0, 0
;__Lib_Math.c,170 :: 		
0x01A8	0xA0D8      	BTFSS       STATUS, 0, 0
;__Lib_Math.c,171 :: 		
0x01AA	0x3C05      	INCFSZ      R5, 0, 0
;__Lib_Math.c,172 :: 		
0x01AC	0x5E09      	SUBWF       R9, 1, 0
;__Lib_Math.c,173 :: 		
0x01AE	0xD005      	BRA         $+12
;__Lib_Math.c,175 :: 		
0x01B0	0x2608      	ADDWF       R8, 1, 0
;__Lib_Math.c,176 :: 		
0x01B2	0x5005      	MOVF        R5, 0, 0
;__Lib_Math.c,177 :: 		
0x01B4	0xB0D8      	BTFSC       STATUS, 0, 0
;__Lib_Math.c,178 :: 		
0x01B6	0x3C05      	INCFSZ      R5, 0, 0
;__Lib_Math.c,179 :: 		
0x01B8	0x2609      	ADDWF       R9, 1, 0
;__Lib_Math.c,181 :: 		
0x01BA	0x3600      	RLCF        R0, 1, 0
;__Lib_Math.c,182 :: 		
0x01BC	0x3601      	RLCF        R1, 1, 0
;__Lib_Math.c,184 :: 		
0x01BE	0x2E0C      	DECFSZ      R12, 1, 0
;__Lib_Math.c,185 :: 		
0x01C0	0xD7EB      	BRA         $-40
;__Lib_Math.c,187 :: 		
0x01C2	0xB000      	BTFSC       R0, 0, 0
;__Lib_Math.c,188 :: 		
0x01C4	0xD006      	BRA         $+14
;__Lib_Math.c,189 :: 		
0x01C6	0x5004      	MOVF        R4, 0, 0
;__Lib_Math.c,190 :: 		
0x01C8	0x2608      	ADDWF       R8, 1, 0
;__Lib_Math.c,191 :: 		
0x01CA	0x5005      	MOVF        R5, 0, 0
;__Lib_Math.c,192 :: 		
0x01CC	0xB0D8      	BTFSC       STATUS, 0, 0
;__Lib_Math.c,193 :: 		
0x01CE	0x3C05      	INCFSZ      R5, 0, 0
;__Lib_Math.c,194 :: 		
0x01D0	0x2609      	ADDWF       R9, 1, 0
;__Lib_Math.c,195 :: 		
0x01D2	0x0000      	NOP
;__Lib_Math.c,197 :: 		
L_end_Div_16x16_S_L:
0x01D4	0x0012      	RETURN      0
; end of _Div_16x16_S_L
_MPU_Write:
;GYROS_ACCEL_PIC.c,15 :: 		void  MPU_Write(unsigned short add,unsigned short dato)
;GYROS_ACCEL_PIC.c,17 :: 		I2C1_Start();
0x01D6	0xDF42      	RCALL       _I2C1_Start
;GYROS_ACCEL_PIC.c,18 :: 		I2C1_Wr(W_DATA);
0x01D8	0xF061C01E  	MOVFF       _W_DATA, FARG_I2C1_Wr_data_
0x01DC	0xDF2E      	RCALL       _I2C1_Wr
;GYROS_ACCEL_PIC.c,19 :: 		I2C1_Wr(add);
0x01DE	0xF061C05A  	MOVFF       FARG_MPU_Write_add, FARG_I2C1_Wr_data_
0x01E2	0xDF2B      	RCALL       _I2C1_Wr
;GYROS_ACCEL_PIC.c,20 :: 		I2C1_Wr(dato);
0x01E4	0xF061C05B  	MOVFF       FARG_MPU_Write_dato, FARG_I2C1_Wr_data_
0x01E8	0xDF28      	RCALL       _I2C1_Wr
;GYROS_ACCEL_PIC.c,21 :: 		I2C1_Stop();
0x01EA	0xDF25      	RCALL       _I2C1_Stop
;GYROS_ACCEL_PIC.c,22 :: 		delay_ms(50);
0x01EC	0x0E04      	MOVLW       4
0x01EE	0x6E0B      	MOVWF       R11, 0
0x01F0	0x0E0C      	MOVLW       12
0x01F2	0x6E0C      	MOVWF       R12, 0
0x01F4	0x0E33      	MOVLW       51
0x01F6	0x6E0D      	MOVWF       R13, 0
L_MPU_Write0:
0x01F8	0x2E0D      	DECFSZ      R13, 1, 0
0x01FA	0xD7FE      	BRA         L_MPU_Write0
0x01FC	0x2E0C      	DECFSZ      R12, 1, 0
0x01FE	0xD7FC      	BRA         L_MPU_Write0
0x0200	0x2E0B      	DECFSZ      R11, 1, 0
0x0202	0xD7FA      	BRA         L_MPU_Write0
0x0204	0x0000      	NOP
0x0206	0x0000      	NOP
;GYROS_ACCEL_PIC.c,23 :: 		}
0x0208	0x0012      	RETURN      0
; end of _MPU_Write
_I2C1_Rd:
;__Lib_I2C_b10.c,60 :: 		
;__Lib_I2C_b10.c,63 :: 		
0x020A	0x969E      	BCF         PIR1, 3 
;__Lib_I2C_b10.c,64 :: 		
0x020C	0x86C5      	BSF         SSPCON2, 3 
;__Lib_I2C_b10.c,66 :: 		
L_I2C1_Rd12:
0x020E	0xB69E      	BTFSC       PIR1, 3 
0x0210	0xD001      	BRA         L_I2C1_Rd13
;__Lib_I2C_b10.c,67 :: 		
0x0212	0xD7FD      	BRA         L_I2C1_Rd12
L_I2C1_Rd13:
;__Lib_I2C_b10.c,69 :: 		
0x0214	0xF001CFC9  	MOVFF       SSPBUF, R1
;__Lib_I2C_b10.c,70 :: 		
0x0218	0x505A      	MOVF        FARG_I2C1_Rd_ack, 0 
0x021A	0x0A00      	XORLW       0
0x021C	0xE102      	BNZ         L_I2C1_Rd14
;__Lib_I2C_b10.c,71 :: 		
0x021E	0x8AC5      	BSF         SSPCON2, 5 
0x0220	0xD001      	BRA         L_I2C1_Rd15
L_I2C1_Rd14:
;__Lib_I2C_b10.c,73 :: 		
0x0222	0x9AC5      	BCF         SSPCON2, 5 
L_I2C1_Rd15:
;__Lib_I2C_b10.c,75 :: 		
0x0224	0x969E      	BCF         PIR1, 3 
;__Lib_I2C_b10.c,76 :: 		
0x0226	0x88C5      	BSF         SSPCON2, 4 
;__Lib_I2C_b10.c,78 :: 		
L_I2C1_Rd16:
0x0228	0xB69E      	BTFSC       PIR1, 3 
0x022A	0xD001      	BRA         L_I2C1_Rd17
;__Lib_I2C_b10.c,79 :: 		
0x022C	0xD7FD      	BRA         L_I2C1_Rd16
L_I2C1_Rd17:
;__Lib_I2C_b10.c,81 :: 		
0x022E	0xF000C001  	MOVFF       R1, R0
;__Lib_I2C_b10.c,82 :: 		
L_end_I2C1_Rd:
0x0232	0x0012      	RETURN      0
; end of _I2C1_Rd
_MPU6050_Init:
;GYROS_ACCEL_PIC.c,36 :: 		void  MPU6050_Init(void)
;GYROS_ACCEL_PIC.c,38 :: 		MPU_Write(0x6B,0x80);
0x0234	0x0E6B      	MOVLW       107
0x0236	0x6E5A      	MOVWF       FARG_MPU_Write_add 
0x0238	0x0E80      	MOVLW       128
0x023A	0x6E5B      	MOVWF       FARG_MPU_Write_dato 
0x023C	0xDFCC      	RCALL       _MPU_Write
;GYROS_ACCEL_PIC.c,39 :: 		MPU_Write(0x6B,0x00);
0x023E	0x0E6B      	MOVLW       107
0x0240	0x6E5A      	MOVWF       FARG_MPU_Write_add 
0x0242	0x6A5B      	CLRF        FARG_MPU_Write_dato 
0x0244	0xDFC8      	RCALL       _MPU_Write
;GYROS_ACCEL_PIC.c,40 :: 		MPU_Write(0x1B,0x00);
0x0246	0x0E1B      	MOVLW       27
0x0248	0x6E5A      	MOVWF       FARG_MPU_Write_add 
0x024A	0x6A5B      	CLRF        FARG_MPU_Write_dato 
0x024C	0xDFC4      	RCALL       _MPU_Write
;GYROS_ACCEL_PIC.c,41 :: 		MPU_Write(0x1C,0x00);
0x024E	0x0E1C      	MOVLW       28
0x0250	0x6E5A      	MOVWF       FARG_MPU_Write_add 
0x0252	0x6A5B      	CLRF        FARG_MPU_Write_dato 
0x0254	0xDFC0      	RCALL       _MPU_Write
;GYROS_ACCEL_PIC.c,42 :: 		}
0x0256	0x0012      	RETURN      0
; end of _MPU6050_Init
___CC2DW:
;__Lib_System.c,21 :: 		
;__Lib_System.c,23 :: 		
_CC2DL_Loop1:
;__Lib_System.c,24 :: 		
0x0258	0x0009      	TBLRD*+
;__Lib_System.c,25 :: 		
0x025A	0xFFE6CFF5  	MOVFF       TABLAT, POSTINC1
;__Lib_System.c,26 :: 		
0x025E	0x0600      	DECF        R0, 1, 0
;__Lib_System.c,27 :: 		
0x0260	0xE1FB      	BNZ         _CC2DL_Loop1
;__Lib_System.c,28 :: 		
0x0262	0x0601      	DECF        R1, 1, 0
;__Lib_System.c,29 :: 		
0x0264	0xE1F9      	BNZ         _CC2DL_Loop1
;__Lib_System.c,31 :: 		
L_end___CC2DW:
0x0266	0x0012      	RETURN      0
; end of ___CC2DW
_UART1_Init:
;__Lib_UART_c67.c,15 :: 		
;__Lib_UART_c67.c,18 :: 		
0x0268	0x0E70      	MOVLW       _UART1_Write
0x026A	0x6E35      	MOVWF       _UART_Wr_Ptr 
0x026C	0x0E01      	MOVLW       hi_addr(_UART1_Write)
0x026E	0x6E36      	MOVWF       _UART_Wr_Ptr+1 
0x0270	0x0E5A      	MOVLW       FARG_UART1_Write_data_
0x0272	0x6E37      	MOVWF       _UART_Wr_Ptr+2 
0x0274	0x0E00      	MOVLW       hi_addr(FARG_UART1_Write_data_)
0x0276	0x6E38      	MOVWF       _UART_Wr_Ptr+3 
;__Lib_UART_c67.c,19 :: 		
0x0278	0x0EFF      	MOVLW       _UART1_Read
0x027A	0x6E29      	MOVWF       _UART_Rd_Ptr 
0x027C	0x0EFF      	MOVLW       hi_addr(_UART1_Read)
0x027E	0x6E2A      	MOVWF       _UART_Rd_Ptr+1 
0x0280	0x0E00      	MOVLW       0
0x0282	0x6E2B      	MOVWF       _UART_Rd_Ptr+2 
0x0284	0x0E00      	MOVLW       0
0x0286	0x6E2C      	MOVWF       _UART_Rd_Ptr+3 
;__Lib_UART_c67.c,20 :: 		
0x0288	0x0EFF      	MOVLW       _UART1_Data_Ready
0x028A	0x6E2D      	MOVWF       _UART_Rdy_Ptr 
0x028C	0x0EFF      	MOVLW       hi_addr(_UART1_Data_Ready)
0x028E	0x6E2E      	MOVWF       _UART_Rdy_Ptr+1 
0x0290	0x0E00      	MOVLW       0
0x0292	0x6E2F      	MOVWF       _UART_Rdy_Ptr+2 
0x0294	0x0E00      	MOVLW       0
0x0296	0x6E30      	MOVWF       _UART_Rdy_Ptr+3 
;__Lib_UART_c67.c,21 :: 		
0x0298	0x0EFF      	MOVLW       _UART1_Tx_Idle
0x029A	0x6E31      	MOVWF       _UART_Tx_Idle_Ptr 
0x029C	0x0EFF      	MOVLW       hi_addr(_UART1_Tx_Idle)
0x029E	0x6E32      	MOVWF       _UART_Tx_Idle_Ptr+1 
0x02A0	0x0E00      	MOVLW       0
0x02A2	0x6E33      	MOVWF       _UART_Tx_Idle_Ptr+2 
0x02A4	0x0E00      	MOVLW       0
0x02A6	0x6E34      	MOVWF       _UART_Tx_Idle_Ptr+3 
;__Lib_UART_c67.c,23 :: 		
0x02A8	0x8AAC      	BSF         TXSTA, 5 
;__Lib_UART_c67.c,24 :: 		
0x02AA	0x0E90      	MOVLW       144
0x02AC	0x6EAB      	MOVWF       RCSTA 
;__Lib_UART_c67.c,25 :: 		
0x02AE	0x8E94      	BSF         TRISC7_bit, BitPos(TRISC7_bit+0) 
;__Lib_UART_c67.c,26 :: 		
0x02B0	0x9C94      	BCF         TRISC6_bit, BitPos(TRISC6_bit+0) 
;__Lib_UART_c67.c,28 :: 		
L_UART1_Init0:
0x02B2	0xAA9E      	BTFSS       PIR1, 5 
0x02B4	0xD003      	BRA         L_UART1_Init1
;__Lib_UART_c67.c,29 :: 		
0x02B6	0xF000CFAE  	MOVFF       RCREG, R0
0x02BA	0xD7FB      	BRA         L_UART1_Init0
L_UART1_Init1:
;__Lib_UART_c67.c,30 :: 		
L_end_UART1_Init:
0x02BC	0x0012      	RETURN      0
; end of _UART1_Init
_I2C1_Init:
;__Lib_I2C_b10.c,4 :: 		
;__Lib_I2C_b10.c,11 :: 		
0x02BE	0x9093      	BCF         TRISB0_bit, BitPos(TRISB0_bit+0) 
;__Lib_I2C_b10.c,12 :: 		
0x02C0	0x9293      	BCF         TRISB1_bit, BitPos(TRISB1_bit+0) 
;__Lib_I2C_b10.c,15 :: 		
0x02C2	0x908A      	BCF         LATB0_bit, BitPos(LATB0_bit+0) 
;__Lib_I2C_b10.c,16 :: 		
0x02C4	0x928A      	BCF         LATB1_bit, BitPos(LATB1_bit+0) 
;__Lib_I2C_b10.c,19 :: 		
0x02C6	0x8093      	BSF         TRISB0_bit, BitPos(TRISB0_bit+0) 
;__Lib_I2C_b10.c,20 :: 		
0x02C8	0x8293      	BSF         TRISB1_bit, BitPos(TRISB1_bit+0) 
;__Lib_I2C_b10.c,22 :: 		
0x02CA	0x9EC7      	BCF         SSPSTAT, 7 
;__Lib_I2C_b10.c,23 :: 		
0x02CC	0x9CC7      	BCF         SSPSTAT, 6 
;__Lib_I2C_b10.c,24 :: 		
0x02CE	0x0E38      	MOVLW       56
0x02D0	0x6EC6      	MOVWF       SSPCON1 
;__Lib_I2C_b10.c,27 :: 		
L_end_I2C1_Init:
0x02D2	0x0012      	RETURN      0
; end of _I2C1_Init
_Div_16x16_S:
;__Lib_Math.c,200 :: 		
;__Lib_Math.c,208 :: 		
0x02D4	0x5004      	MOVF        R4, 0 
0x02D6	0x0A00      	XORLW       0
0x02D8	0xE108      	BNZ         L_Div_16x16_S0
;__Lib_Math.c,209 :: 		
0x02DA	0x5005      	MOVF        R5, 0 
0x02DC	0x0A00      	XORLW       0
0x02DE	0xE105      	BNZ         L_Div_16x16_S1
;__Lib_Math.c,210 :: 		
0x02E0	0x0EFF      	MOVLW       255
0x02E2	0x6E00      	MOVWF       R0 
;__Lib_Math.c,211 :: 		
0x02E4	0x0E7F      	MOVLW       127
0x02E6	0x6E01      	MOVWF       R1 
;__Lib_Math.c,212 :: 		
0x02E8	0xD057      	BRA         L_end_Div_16x16_S
;__Lib_Math.c,213 :: 		
L_Div_16x16_S1:
L_Div_16x16_S0:
;__Lib_Math.c,216 :: 		
0x02EA	0x6A0D      	CLRF        R13, higher_addr(L_Div_16x16_S0)
;__Lib_Math.c,217 :: 		
0x02EC	0x6A09      	CLRF        R9, higher_addr(L_Div_16x16_S0)
;__Lib_Math.c,218 :: 		
0x02EE	0x6A08      	CLRF        R8, higher_addr(L_Div_16x16_S0)
;__Lib_Math.c,219 :: 		
0x02F0	0x5001      	MOVF        R1, 0, 0
;__Lib_Math.c,220 :: 		
0x02F2	0x1000      	IORWF       R0, 0, 0
;__Lib_Math.c,221 :: 		
0x02F4	0xB4D8      	BTFSC       STATUS, 2, 0
;__Lib_Math.c,222 :: 		
0x02F6	0x0C00      	RETLW       0
;__Lib_Math.c,224 :: 		
0x02F8	0x5001      	MOVF        R1, 0, 0
;__Lib_Math.c,225 :: 		
0x02FA	0x1805      	XORWF       R5, 0, 0
;__Lib_Math.c,226 :: 		
0x02FC	0x6E0A      	MOVWF       R10, higher_addr(L_Div_16x16_S0)
;__Lib_Math.c,227 :: 		
0x02FE	0xBE0A      	BTFSC       R10, 7, 0
;__Lib_Math.c,228 :: 		
0x0300	0x1E0D      	COMF        R13, 1, 0
;__Lib_Math.c,230 :: 		
0x0302	0x6A0B      	CLRF        R11, higher_addr(L_Div_16x16_S0)
;__Lib_Math.c,232 :: 		
0x0304	0xAE05      	BTFSS       R5, 7, 0
;__Lib_Math.c,233 :: 		
0x0306	0xD005      	BRA         $+12
;__Lib_Math.c,235 :: 		
0x0308	0x1E04      	COMF        R4, 1, 0
;__Lib_Math.c,236 :: 		
0x030A	0x1E05      	COMF        R5, 1, 0
;__Lib_Math.c,237 :: 		
0x030C	0x2A04      	INCF        R4, 1, 0
;__Lib_Math.c,238 :: 		
0x030E	0xB4D8      	BTFSC       STATUS, 2, 0
;__Lib_Math.c,239 :: 		
0x0310	0x2A05      	INCF        R5, 1, 0
;__Lib_Math.c,241 :: 		
0x0312	0xAE01      	BTFSS       R1, 7, 0
;__Lib_Math.c,242 :: 		
0x0314	0xD005      	BRA         $+12
;__Lib_Math.c,244 :: 		
0x0316	0x1E00      	COMF        R0, 1, 0
;__Lib_Math.c,245 :: 		
0x0318	0x1E01      	COMF        R1, 1, 0
;__Lib_Math.c,246 :: 		
0x031A	0x2A00      	INCF        R0, 1, 0
;__Lib_Math.c,247 :: 		
0x031C	0xB4D8      	BTFSC       STATUS, 2, 0
;__Lib_Math.c,248 :: 		
0x031E	0x2A01      	INCF        R1, 1, 0
;__Lib_Math.c,250 :: 		
0x0320	0x5001      	MOVF        R1, 0, 0
;__Lib_Math.c,251 :: 		
0x0322	0x1005      	IORWF       R5, 0, 0
;__Lib_Math.c,252 :: 		
0x0324	0x6E0A      	MOVWF       R10, higher_addr(L_Div_16x16_S0)
;__Lib_Math.c,253 :: 		
0x0326	0xBE0A      	BTFSC       R10, 7, 0
;__Lib_Math.c,254 :: 		
0x0328	0xD010      	BRA         $+34
;__Lib_Math.c,256 :: 		
0x032A	0xDF29      	RCALL       _Div_16x16_S_L
;__Lib_Math.c,258 :: 		
0x032C	0xB00B      	BTFSC       R11, 0, 0
;__Lib_Math.c,259 :: 		
0x032E	0xD020      	BRA         $+66
;__Lib_Math.c,261 :: 		
0x0330	0xAE0D      	BTFSS       R13, 7, 0
;__Lib_Math.c,262 :: 		
0x0332	0x0C00      	RETLW       0
;__Lib_Math.c,264 :: 		
0x0334	0x1E00      	COMF        R0, 1, 0
;__Lib_Math.c,265 :: 		
0x0336	0x1E01      	COMF        R1, 1, 0
;__Lib_Math.c,266 :: 		
0x0338	0x2A00      	INCF        R0, 1, 0
;__Lib_Math.c,267 :: 		
0x033A	0xB4D8      	BTFSC       STATUS, 2, 0
;__Lib_Math.c,268 :: 		
0x033C	0x2A01      	INCF        R1, 1, 0
;__Lib_Math.c,270 :: 		
0x033E	0x1E08      	COMF        R8, 1, 0
;__Lib_Math.c,271 :: 		
0x0340	0x1E09      	COMF        R9, 1, 0
;__Lib_Math.c,272 :: 		
0x0342	0x2A08      	INCF        R8, 1, 0
;__Lib_Math.c,273 :: 		
0x0344	0xB4D8      	BTFSC       STATUS, 2, 0
;__Lib_Math.c,274 :: 		
0x0346	0x2A09      	INCF        R9, 1, 0
;__Lib_Math.c,276 :: 		
0x0348	0x0C00      	RETLW       0
;__Lib_Math.c,278 :: 		
0x034A	0xAE05      	BTFSS       R5, 7, 0
;__Lib_Math.c,279 :: 		
0x034C	0xD00D      	BRA         $+28
;__Lib_Math.c,280 :: 		
0x034E	0xBE01      	BTFSC       R1, 7, 0
;__Lib_Math.c,281 :: 		
0x0350	0xD007      	BRA         $+16
;__Lib_Math.c,282 :: 		
0x0352	0x5001      	MOVF        R1, 0, 0
;__Lib_Math.c,283 :: 		
0x0354	0x6E09      	MOVWF       R9, higher_addr(L_Div_16x16_S0)
;__Lib_Math.c,284 :: 		
0x0356	0x5000      	MOVF        R0, 0, 0
;__Lib_Math.c,285 :: 		
0x0358	0x6E08      	MOVWF       R8, higher_addr(L_Div_16x16_S0)
;__Lib_Math.c,286 :: 		
0x035A	0x6A01      	CLRF        R1, higher_addr(L_Div_16x16_S0)
;__Lib_Math.c,287 :: 		
0x035C	0x6A00      	CLRF        R0, higher_addr(L_Div_16x16_S0)
;__Lib_Math.c,288 :: 		
0x035E	0xD7E8      	BRA         $-46
;__Lib_Math.c,289 :: 		
0x0360	0x6A01      	CLRF        R1, higher_addr(L_Div_16x16_S0)
;__Lib_Math.c,290 :: 		
0x0362	0x6A00      	CLRF        R0, higher_addr(L_Div_16x16_S0)
;__Lib_Math.c,291 :: 		
0x0364	0x2A00      	INCF        R0, 1, 0
;__Lib_Math.c,292 :: 		
0x0366	0x0C00      	RETLW       0
;__Lib_Math.c,294 :: 		
0x0368	0x1E01      	COMF        R1, 1, 0
;__Lib_Math.c,295 :: 		
0x036A	0x1E00      	COMF        R0, 1, 0
;__Lib_Math.c,296 :: 		
0x036C	0x2A0B      	INCF        R11, 1, 0
;__Lib_Math.c,297 :: 		
0x036E	0xD7DD      	BRA         $-68
;__Lib_Math.c,299 :: 		
0x0370	0x2A08      	INCF        R8, 1, 0
;__Lib_Math.c,300 :: 		
0x0372	0xB4D8      	BTFSC       STATUS, 2, 0
;__Lib_Math.c,301 :: 		
0x0374	0x2A09      	INCF        R9, 1, 0
;__Lib_Math.c,302 :: 		
0x0376	0x5004      	MOVF        R4, 0, 0
;__Lib_Math.c,303 :: 		
0x0378	0x5C08      	SUBWF       R8, 0, 0
;__Lib_Math.c,304 :: 		
0x037A	0xA4D8      	BTFSS       STATUS, 2, 0
;__Lib_Math.c,305 :: 		
0x037C	0xD7D9      	BRA         $-76
;__Lib_Math.c,306 :: 		
0x037E	0x5005      	MOVF        R5, 0, 0
;__Lib_Math.c,307 :: 		
0x0380	0x5C09      	SUBWF       R9, 0, 0
;__Lib_Math.c,308 :: 		
0x0382	0xA4D8      	BTFSS       STATUS, 2, 0
;__Lib_Math.c,309 :: 		
0x0384	0xD7D5      	BRA         $-84
;__Lib_Math.c,310 :: 		
0x0386	0x6A09      	CLRF        R9, higher_addr(L_Div_16x16_S0)
;__Lib_Math.c,311 :: 		
0x0388	0x6A08      	CLRF        R8, higher_addr(L_Div_16x16_S0)
;__Lib_Math.c,312 :: 		
0x038A	0x2A00      	INCF        R0, 1, 0
;__Lib_Math.c,313 :: 		
0x038C	0xB4D8      	BTFSC       STATUS, 2, 0
;__Lib_Math.c,314 :: 		
0x038E	0x2A01      	INCF        R1, 1, 0
;__Lib_Math.c,315 :: 		
0x0390	0xAE01      	BTFSS       R1, 7, 0
;__Lib_Math.c,316 :: 		
0x0392	0xD7CE      	BRA         $-98
;__Lib_Math.c,317 :: 		
0x0394	0x0000      	NOP
;__Lib_Math.c,318 :: 		
0x0396	0x0CFF      	RETLW       255
;__Lib_Math.c,320 :: 		
L_end_Div_16x16_S:
0x0398	0x0012      	RETURN      0
; end of _Div_16x16_S
_IntToStr:
;__Lib_Conversions.c,146 :: 		
;__Lib_Conversions.c,152 :: 		
0x039A	0x6A56      	CLRF        IntToStr_negative_L0 
0x039C	0x6A57      	CLRF        IntToStr_negative_L0+1 
;__Lib_Conversions.c,153 :: 		
0x039E	0xF058C050  	MOVFF       FARG_IntToStr_input, IntToStr_inword_L0
0x03A2	0xF059C051  	MOVFF       FARG_IntToStr_input+1, IntToStr_inword_L0+1
;__Lib_Conversions.c,154 :: 		
0x03A6	0x0E80      	MOVLW       128
0x03A8	0x1851      	XORWF       FARG_IntToStr_input+1, 0 
0x03AA	0x6E00      	MOVWF       R0 
0x03AC	0x0E80      	MOVLW       128
0x03AE	0x5C00      	SUBWF       R0, 0 
0x03B0	0xE102      	BNZ         L__IntToStr115
0x03B2	0x0E00      	MOVLW       0
0x03B4	0x5C50      	SUBWF       FARG_IntToStr_input, 0 
L__IntToStr115:
0x03B6	0xE20B      	BC          L_IntToStr23
;__Lib_Conversions.c,155 :: 		
0x03B8	0x0E01      	MOVLW       1
0x03BA	0x6E56      	MOVWF       IntToStr_negative_L0 
0x03BC	0x0E00      	MOVLW       0
0x03BE	0x6E57      	MOVWF       IntToStr_negative_L0+1 
;__Lib_Conversions.c,156 :: 		
0x03C0	0x5050      	MOVF        FARG_IntToStr_input, 0 
0x03C2	0x0800      	SUBLW       0
0x03C4	0x6E58      	MOVWF       IntToStr_inword_L0 
0x03C6	0xF059C051  	MOVFF       FARG_IntToStr_input+1, IntToStr_inword_L0+1
0x03CA	0x0E00      	MOVLW       0
0x03CC	0x5659      	SUBFWB      IntToStr_inword_L0+1, 1 
;__Lib_Conversions.c,157 :: 		
L_IntToStr23:
;__Lib_Conversions.c,158 :: 		
0x03CE	0xF05AC058  	MOVFF       IntToStr_inword_L0, FARG_WordToStr_input
0x03D2	0xF05BC059  	MOVFF       IntToStr_inword_L0+1, FARG_WordToStr_input+1
0x03D6	0xF05CC052  	MOVFF       FARG_IntToStr_output, FARG_WordToStr_output
0x03DA	0xF05DC053  	MOVFF       FARG_IntToStr_output+1, FARG_WordToStr_output+1
0x03DE	0xDE7F      	RCALL       _WordToStr
;__Lib_Conversions.c,160 :: 		
0x03E0	0x0E06      	MOVLW       6
0x03E2	0x6E54      	MOVWF       IntToStr_i_L0 
0x03E4	0x0E00      	MOVLW       0
0x03E6	0x6E55      	MOVWF       IntToStr_i_L0+1 
;__Lib_Conversions.c,161 :: 		
L_IntToStr24:
0x03E8	0x0E00      	MOVLW       0
0x03EA	0x6E00      	MOVWF       R0 
0x03EC	0x5055      	MOVF        IntToStr_i_L0+1, 0 
0x03EE	0x5C00      	SUBWF       R0, 0 
0x03F0	0xE102      	BNZ         L__IntToStr116
0x03F2	0x5054      	MOVF        IntToStr_i_L0, 0 
0x03F4	0x0800      	SUBLW       0
L__IntToStr116:
0x03F6	0xE219      	BC          L_IntToStr25
;__Lib_Conversions.c,162 :: 		
0x03F8	0x5054      	MOVF        IntToStr_i_L0, 0 
0x03FA	0x2452      	ADDWF       FARG_IntToStr_output, 0 
0x03FC	0x6EE1      	MOVWF       FSR1L 
0x03FE	0x5055      	MOVF        IntToStr_i_L0+1, 0 
0x0400	0x2053      	ADDWFC      FARG_IntToStr_output+1, 0 
0x0402	0x6EE2      	MOVWF       FSR1H 
0x0404	0x0E01      	MOVLW       1
0x0406	0x5C54      	SUBWF       IntToStr_i_L0, 0 
0x0408	0x6E00      	MOVWF       R0 
0x040A	0x0E00      	MOVLW       0
0x040C	0x5855      	SUBWFB      IntToStr_i_L0+1, 0 
0x040E	0x6E01      	MOVWF       R1 
0x0410	0x5000      	MOVF        R0, 0 
0x0412	0x2452      	ADDWF       FARG_IntToStr_output, 0 
0x0414	0x6EE9      	MOVWF       FSR0L 
0x0416	0x5001      	MOVF        R1, 0 
0x0418	0x2053      	ADDWFC      FARG_IntToStr_output+1, 0 
0x041A	0x6EEA      	MOVWF       FSR0H 
0x041C	0xFFE6CFEE  	MOVFF       POSTINC0, POSTINC1
;__Lib_Conversions.c,163 :: 		
0x0420	0x0E01      	MOVLW       1
0x0422	0x5E54      	SUBWF       IntToStr_i_L0, 1 
0x0424	0x0E00      	MOVLW       0
0x0426	0x5A55      	SUBWFB      IntToStr_i_L0+1, 1 
;__Lib_Conversions.c,164 :: 		
0x0428	0xD7DF      	BRA         L_IntToStr24
L_IntToStr25:
;__Lib_Conversions.c,165 :: 		
0x042A	0xFFE1C052  	MOVFF       FARG_IntToStr_output, FSR1L
0x042E	0xFFE2C053  	MOVFF       FARG_IntToStr_output+1, FSR1H
0x0432	0x0E20      	MOVLW       32
0x0434	0x6EE6      	MOVWF       POSTINC1 
;__Lib_Conversions.c,166 :: 		
0x0436	0x5056      	MOVF        IntToStr_negative_L0, 0 
0x0438	0x1057      	IORWF       IntToStr_negative_L0+1, 0 
0x043A	0xE01A      	BZ          L_IntToStr26
;__Lib_Conversions.c,167 :: 		
0x043C	0x6A54      	CLRF        IntToStr_i_L0 
0x043E	0x6A55      	CLRF        IntToStr_i_L0+1 
;__Lib_Conversions.c,168 :: 		
L_IntToStr27:
0x0440	0x5054      	MOVF        IntToStr_i_L0, 0 
0x0442	0x2452      	ADDWF       FARG_IntToStr_output, 0 
0x0444	0x6EE9      	MOVWF       FSR0L 
0x0446	0x5055      	MOVF        IntToStr_i_L0+1, 0 
0x0448	0x2053      	ADDWFC      FARG_IntToStr_output+1, 0 
0x044A	0x6EEA      	MOVWF       FSR0H 
0x044C	0x50EE      	MOVF        POSTINC0, 0 
0x044E	0x0A20      	XORLW       32
0x0450	0xE103      	BNZ         L_IntToStr28
0x0452	0x4A54      	INFSNZ      IntToStr_i_L0, 1 
0x0454	0x2A55      	INCF        IntToStr_i_L0+1, 1 
0x0456	0xD7F4      	BRA         L_IntToStr27
L_IntToStr28:
;__Lib_Conversions.c,169 :: 		
0x0458	0x0E01      	MOVLW       1
0x045A	0x5E54      	SUBWF       IntToStr_i_L0, 1 
0x045C	0x0E00      	MOVLW       0
0x045E	0x5A55      	SUBWFB      IntToStr_i_L0+1, 1 
;__Lib_Conversions.c,170 :: 		
0x0460	0x5054      	MOVF        IntToStr_i_L0, 0 
0x0462	0x2452      	ADDWF       FARG_IntToStr_output, 0 
0x0464	0x6EE1      	MOVWF       FSR1L 
0x0466	0x5055      	MOVF        IntToStr_i_L0+1, 0 
0x0468	0x2053      	ADDWFC      FARG_IntToStr_output+1, 0 
0x046A	0x6EE2      	MOVWF       FSR1H 
0x046C	0x0E2D      	MOVLW       45
0x046E	0x6EE6      	MOVWF       POSTINC1 
L_IntToStr26:
;__Lib_Conversions.c,171 :: 		
L_end_IntToStr:
0x0470	0x0012      	RETURN      0
; end of _IntToStr
_UART1_Write_Text:
;__Lib_UART_c67.c,66 :: 		
;__Lib_UART_c67.c,67 :: 		
0x0472	0x6A53      	CLRF        UART1_Write_Text_counter_L0 
;__Lib_UART_c67.c,69 :: 		
0x0474	0xFFE9C050  	MOVFF       FARG_UART1_Write_Text_uart_text, FSR0L
0x0478	0xFFEAC051  	MOVFF       FARG_UART1_Write_Text_uart_text+1, FSR0H
0x047C	0xF052CFEE  	MOVFF       POSTINC0, UART1_Write_Text_data__L0
;__Lib_UART_c67.c,70 :: 		
L_UART1_Write_Text5:
0x0480	0x5052      	MOVF        UART1_Write_Text_data__L0, 0 
0x0482	0x0A00      	XORLW       0
0x0484	0xE00D      	BZ          L_UART1_Write_Text6
;__Lib_UART_c67.c,71 :: 		
0x0486	0xF05AC052  	MOVFF       UART1_Write_Text_data__L0, FARG_UART1_Write_data_
0x048A	0xDE72      	RCALL       _UART1_Write
;__Lib_UART_c67.c,72 :: 		
0x048C	0x2A53      	INCF        UART1_Write_Text_counter_L0, 1 
;__Lib_UART_c67.c,73 :: 		
0x048E	0x5053      	MOVF        UART1_Write_Text_counter_L0, 0 
0x0490	0x2450      	ADDWF       FARG_UART1_Write_Text_uart_text, 0 
0x0492	0x6EE9      	MOVWF       FSR0L 
0x0494	0x0E00      	MOVLW       0
0x0496	0x2051      	ADDWFC      FARG_UART1_Write_Text_uart_text+1, 0 
0x0498	0x6EEA      	MOVWF       FSR0H 
0x049A	0xF052CFEE  	MOVFF       POSTINC0, UART1_Write_Text_data__L0
;__Lib_UART_c67.c,74 :: 		
0x049E	0xD7F0      	BRA         L_UART1_Write_Text5
L_UART1_Write_Text6:
;__Lib_UART_c67.c,75 :: 		
L_end_UART1_Write_Text:
0x04A0	0x0012      	RETURN      0
; end of _UART1_Write_Text
_MPU_Read:
;GYROS_ACCEL_PIC.c,24 :: 		unsigned short MPU_Read(unsigned short add)
;GYROS_ACCEL_PIC.c,27 :: 		I2C1_Start();
0x04A2	0xDDDC      	RCALL       _I2C1_Start
;GYROS_ACCEL_PIC.c,28 :: 		I2C1_Wr(W_DATA);
0x04A4	0xF061C01E  	MOVFF       _W_DATA, FARG_I2C1_Wr_data_
0x04A8	0xDDC8      	RCALL       _I2C1_Wr
;GYROS_ACCEL_PIC.c,29 :: 		I2C1_Wr(add);
0x04AA	0xF061C050  	MOVFF       FARG_MPU_Read_add, FARG_I2C1_Wr_data_
0x04AE	0xDDC5      	RCALL       _I2C1_Wr
;GYROS_ACCEL_PIC.c,30 :: 		I2C1_Repeated_Start();
0x04B0	0xDE11      	RCALL       _I2C1_Repeated_Start
;GYROS_ACCEL_PIC.c,31 :: 		I2C1_Wr(R_DATA);
0x04B2	0xF061C01F  	MOVFF       _R_DATA, FARG_I2C1_Wr_data_
0x04B6	0xDDC1      	RCALL       _I2C1_Wr
;GYROS_ACCEL_PIC.c,32 :: 		res=I2C1_Rd(0u);
0x04B8	0x6A5A      	CLRF        FARG_I2C1_Rd_ack 
0x04BA	0xDEA7      	RCALL       _I2C1_Rd
0x04BC	0xF051C000  	MOVFF       R0, MPU_Read_res_L0
;GYROS_ACCEL_PIC.c,33 :: 		I2C1_Stop();
0x04C0	0xDDBA      	RCALL       _I2C1_Stop
;GYROS_ACCEL_PIC.c,34 :: 		return res;
0x04C2	0xF000C051  	MOVFF       MPU_Read_res_L0, R0
;GYROS_ACCEL_PIC.c,35 :: 		}
0x04C6	0x0012      	RETURN      0
; end of _MPU_Read
_main:
0x04C8	0xF003EC83  	CALL        1798, 0
;GYROS_ACCEL_PIC.c,44 :: 		void main()
;GYROS_ACCEL_PIC.c,50 :: 		TRISD.F0=0;
0x04CC	0x9095      	BCF         TRISD, 0 
;GYROS_ACCEL_PIC.c,51 :: 		PORTD.F0=0;
0x04CE	0x9083      	BCF         PORTD, 0 
;GYROS_ACCEL_PIC.c,52 :: 		ADCON1.F3=1;
0x04D0	0x86C1      	BSF         ADCON1, 3 
;GYROS_ACCEL_PIC.c,53 :: 		ADCON1.F2=1;
0x04D2	0x84C1      	BSF         ADCON1, 2 
;GYROS_ACCEL_PIC.c,54 :: 		ADCON1.F1=1;
0x04D4	0x82C1      	BSF         ADCON1, 1 
;GYROS_ACCEL_PIC.c,55 :: 		ADCON1.F0=1;
0x04D6	0x80C1      	BSF         ADCON1, 0 
;GYROS_ACCEL_PIC.c,56 :: 		UART1_Init(9600);
0x04D8	0x0E4D      	MOVLW       77
0x04DA	0x6EAF      	MOVWF       SPBRG 
0x04DC	0x94AC      	BCF         TXSTA, 2, 0
0x04DE	0xDEC4      	RCALL       _UART1_Init
;GYROS_ACCEL_PIC.c,57 :: 		I2C1_Init(100000);
0x04E0	0x0E78      	MOVLW       120
0x04E2	0x6EC8      	MOVWF       SSPADD 
0x04E4	0xDEEC      	RCALL       _I2C1_Init
;GYROS_ACCEL_PIC.c,58 :: 		MPU6050_Init();
0x04E6	0xDEA6      	RCALL       _MPU6050_Init
;GYROS_ACCEL_PIC.c,61 :: 		while(1)
L_main1:
;GYROS_ACCEL_PIC.c,63 :: 		PORTD.F0=0;
0x04E8	0x9083      	BCF         PORTD, 0 
;GYROS_ACCEL_PIC.c,64 :: 		delay_ms(500);
0x04EA	0x0E1F      	MOVLW       31
0x04EC	0x6E0B      	MOVWF       R11, 0
0x04EE	0x0E71      	MOVLW       113
0x04F0	0x6E0C      	MOVWF       R12, 0
0x04F2	0x0E1E      	MOVLW       30
0x04F4	0x6E0D      	MOVWF       R13, 0
L_main3:
0x04F6	0x2E0D      	DECFSZ      R13, 1, 0
0x04F8	0xD7FE      	BRA         L_main3
0x04FA	0x2E0C      	DECFSZ      R12, 1, 0
0x04FC	0xD7FC      	BRA         L_main3
0x04FE	0x2E0B      	DECFSZ      R11, 1, 0
0x0500	0xD7FA      	BRA         L_main3
0x0502	0x0000      	NOP
;GYROS_ACCEL_PIC.c,65 :: 		PORTD.F0=1;
0x0504	0x8083      	BSF         PORTD, 0 
;GYROS_ACCEL_PIC.c,66 :: 		delay_ms(500);
0x0506	0x0E1F      	MOVLW       31
0x0508	0x6E0B      	MOVWF       R11, 0
0x050A	0x0E71      	MOVLW       113
0x050C	0x6E0C      	MOVWF       R12, 0
0x050E	0x0E1E      	MOVLW       30
0x0510	0x6E0D      	MOVWF       R13, 0
L_main4:
0x0512	0x2E0D      	DECFSZ      R13, 1, 0
0x0514	0xD7FE      	BRA         L_main4
0x0516	0x2E0C      	DECFSZ      R12, 1, 0
0x0518	0xD7FC      	BRA         L_main4
0x051A	0x2E0B      	DECFSZ      R11, 1, 0
0x051C	0xD7FA      	BRA         L_main4
0x051E	0x0000      	NOP
;GYROS_ACCEL_PIC.c,68 :: 		temp[1]=(MPU_Read(0x41)<<8)+MPU_Read(0x42);
0x0520	0x0E41      	MOVLW       65
0x0522	0x6E50      	MOVWF       FARG_MPU_Read_add 
0x0524	0xDFBE      	RCALL       _MPU_Read
0x0526	0xF04FC000  	MOVFF       R0, FLOC__main+1
0x052A	0x6A4E      	CLRF        FLOC__main 
0x052C	0x0E42      	MOVLW       66
0x052E	0x6E50      	MOVWF       FARG_MPU_Read_add 
0x0530	0xDFB8      	RCALL       _MPU_Read
0x0532	0x0E00      	MOVLW       0
0x0534	0x6E01      	MOVWF       R1 
0x0536	0x504E      	MOVF        FLOC__main, 0 
0x0538	0x2600      	ADDWF       R0, 1 
0x053A	0x504F      	MOVF        FLOC__main+1, 0 
0x053C	0x2201      	ADDWFC      R1, 1 
;GYROS_ACCEL_PIC.c,69 :: 		temp[1]=(temp[1]+11900)/340;
0x053E	0x0E7C      	MOVLW       124
0x0540	0x2600      	ADDWF       R0, 1 
0x0542	0x0E2E      	MOVLW       46
0x0544	0x2201      	ADDWFC      R1, 1 
0x0546	0x0E54      	MOVLW       84
0x0548	0x6E04      	MOVWF       R4 
0x054A	0x0E01      	MOVLW       1
0x054C	0x6E05      	MOVWF       R5 
0x054E	0xDEC2      	RCALL       _Div_16x16_S
;GYROS_ACCEL_PIC.c,70 :: 		inttostr(temp[1],txt0);
0x0550	0xF050C000  	MOVFF       R0, FARG_IntToStr_input
0x0554	0xF051C001  	MOVFF       R1, FARG_IntToStr_input+1
0x0558	0x0E39      	MOVLW       main_txt0_L0
0x055A	0x6E52      	MOVWF       FARG_IntToStr_output 
0x055C	0x0E00      	MOVLW       hi_addr(main_txt0_L0)
0x055E	0x6E53      	MOVWF       FARG_IntToStr_output+1 
0x0560	0xDF1C      	RCALL       _IntToStr
;GYROS_ACCEL_PIC.c,71 :: 		UART1_Write_Text(txt0);
0x0562	0x0E39      	MOVLW       main_txt0_L0
0x0564	0x6E50      	MOVWF       FARG_UART1_Write_Text_uart_text 
0x0566	0x0E00      	MOVLW       hi_addr(main_txt0_L0)
0x0568	0x6E51      	MOVWF       FARG_UART1_Write_Text_uart_text+1 
0x056A	0xDF83      	RCALL       _UART1_Write_Text
;GYROS_ACCEL_PIC.c,72 :: 		UART1_Write_Text(" [°C]");
0x056C	0x0E20      	MOVLW       ?lstr1_GYROS_ACCEL_PIC
0x056E	0x6E50      	MOVWF       FARG_UART1_Write_Text_uart_text 
0x0570	0x0E00      	MOVLW       hi_addr(?lstr1_GYROS_ACCEL_PIC)
0x0572	0x6E51      	MOVWF       FARG_UART1_Write_Text_uart_text+1 
0x0574	0xDF7E      	RCALL       _UART1_Write_Text
;GYROS_ACCEL_PIC.c,73 :: 		UART1_Write(0x0D);
0x0576	0x0E0D      	MOVLW       13
0x0578	0x6E5A      	MOVWF       FARG_UART1_Write_data_ 
0x057A	0xDDFA      	RCALL       _UART1_Write
;GYROS_ACCEL_PIC.c,74 :: 		UART1_Write(0x0A);
0x057C	0x0E0A      	MOVLW       10
0x057E	0x6E5A      	MOVWF       FARG_UART1_Write_data_ 
0x0580	0xDDF7      	RCALL       _UART1_Write
;GYROS_ACCEL_PIC.c,77 :: 		gyro[1]=(MPU_Read(0x43)<<8)+MPU_Read(0x44);
0x0582	0x0E43      	MOVLW       67
0x0584	0x6E50      	MOVWF       FARG_MPU_Read_add 
0x0586	0xDF8D      	RCALL       _MPU_Read
0x0588	0xF04FC000  	MOVFF       R0, FLOC__main+1
0x058C	0x6A4E      	CLRF        FLOC__main 
0x058E	0x0E44      	MOVLW       68
0x0590	0x6E50      	MOVWF       FARG_MPU_Read_add 
0x0592	0xDF87      	RCALL       _MPU_Read
0x0594	0x5000      	MOVF        R0, 0 
0x0596	0x244E      	ADDWF       FLOC__main, 0 
0x0598	0x6E50      	MOVWF       FARG_IntToStr_input 
0x059A	0x0E00      	MOVLW       0
0x059C	0x204F      	ADDWFC      FLOC__main+1, 0 
0x059E	0x6E51      	MOVWF       FARG_IntToStr_input+1 
;GYROS_ACCEL_PIC.c,78 :: 		inttostr(gyro[1],txt0);
0x05A0	0x0E39      	MOVLW       main_txt0_L0
0x05A2	0x6E52      	MOVWF       FARG_IntToStr_output 
0x05A4	0x0E00      	MOVLW       hi_addr(main_txt0_L0)
0x05A6	0x6E53      	MOVWF       FARG_IntToStr_output+1 
0x05A8	0xDEF8      	RCALL       _IntToStr
;GYROS_ACCEL_PIC.c,79 :: 		UART1_Write_Text(txt0);
0x05AA	0x0E39      	MOVLW       main_txt0_L0
0x05AC	0x6E50      	MOVWF       FARG_UART1_Write_Text_uart_text 
0x05AE	0x0E00      	MOVLW       hi_addr(main_txt0_L0)
0x05B0	0x6E51      	MOVWF       FARG_UART1_Write_Text_uart_text+1 
0x05B2	0xDF5F      	RCALL       _UART1_Write_Text
;GYROS_ACCEL_PIC.c,80 :: 		UART1_Write_Text("  ");
0x05B4	0x0E15      	MOVLW       ?lstr2_GYROS_ACCEL_PIC
0x05B6	0x6E50      	MOVWF       FARG_UART1_Write_Text_uart_text 
0x05B8	0x0E00      	MOVLW       hi_addr(?lstr2_GYROS_ACCEL_PIC)
0x05BA	0x6E51      	MOVWF       FARG_UART1_Write_Text_uart_text+1 
0x05BC	0xDF5A      	RCALL       _UART1_Write_Text
;GYROS_ACCEL_PIC.c,83 :: 		gyro[2]=(MPU_Read(0x45)<<8)+MPU_Read(0x46);
0x05BE	0x0E45      	MOVLW       69
0x05C0	0x6E50      	MOVWF       FARG_MPU_Read_add 
0x05C2	0xDF6F      	RCALL       _MPU_Read
0x05C4	0xF04FC000  	MOVFF       R0, FLOC__main+1
0x05C8	0x6A4E      	CLRF        FLOC__main 
0x05CA	0x0E46      	MOVLW       70
0x05CC	0x6E50      	MOVWF       FARG_MPU_Read_add 
0x05CE	0xDF69      	RCALL       _MPU_Read
0x05D0	0x5000      	MOVF        R0, 0 
0x05D2	0x244E      	ADDWF       FLOC__main, 0 
0x05D4	0x6E50      	MOVWF       FARG_IntToStr_input 
0x05D6	0x0E00      	MOVLW       0
0x05D8	0x204F      	ADDWFC      FLOC__main+1, 0 
0x05DA	0x6E51      	MOVWF       FARG_IntToStr_input+1 
;GYROS_ACCEL_PIC.c,84 :: 		inttostr(gyro[2],txt0);
0x05DC	0x0E39      	MOVLW       main_txt0_L0
0x05DE	0x6E52      	MOVWF       FARG_IntToStr_output 
0x05E0	0x0E00      	MOVLW       hi_addr(main_txt0_L0)
0x05E2	0x6E53      	MOVWF       FARG_IntToStr_output+1 
0x05E4	0xDEDA      	RCALL       _IntToStr
;GYROS_ACCEL_PIC.c,85 :: 		UART1_Write_Text(txt0);
0x05E6	0x0E39      	MOVLW       main_txt0_L0
0x05E8	0x6E50      	MOVWF       FARG_UART1_Write_Text_uart_text 
0x05EA	0x0E00      	MOVLW       hi_addr(main_txt0_L0)
0x05EC	0x6E51      	MOVWF       FARG_UART1_Write_Text_uart_text+1 
0x05EE	0xDF41      	RCALL       _UART1_Write_Text
;GYROS_ACCEL_PIC.c,86 :: 		UART1_Write_Text("  ");
0x05F0	0x0E18      	MOVLW       ?lstr3_GYROS_ACCEL_PIC
0x05F2	0x6E50      	MOVWF       FARG_UART1_Write_Text_uart_text 
0x05F4	0x0E00      	MOVLW       hi_addr(?lstr3_GYROS_ACCEL_PIC)
0x05F6	0x6E51      	MOVWF       FARG_UART1_Write_Text_uart_text+1 
0x05F8	0xDF3C      	RCALL       _UART1_Write_Text
;GYROS_ACCEL_PIC.c,89 :: 		gyro[3]=(MPU_Read(0x47)<<8)+MPU_Read(0x48);
0x05FA	0x0E47      	MOVLW       71
0x05FC	0x6E50      	MOVWF       FARG_MPU_Read_add 
0x05FE	0xDF51      	RCALL       _MPU_Read
0x0600	0xF04FC000  	MOVFF       R0, FLOC__main+1
0x0604	0x6A4E      	CLRF        FLOC__main 
0x0606	0x0E48      	MOVLW       72
0x0608	0x6E50      	MOVWF       FARG_MPU_Read_add 
0x060A	0xDF4B      	RCALL       _MPU_Read
0x060C	0x5000      	MOVF        R0, 0 
0x060E	0x244E      	ADDWF       FLOC__main, 0 
0x0610	0x6E50      	MOVWF       FARG_IntToStr_input 
0x0612	0x0E00      	MOVLW       0
0x0614	0x204F      	ADDWFC      FLOC__main+1, 0 
0x0616	0x6E51      	MOVWF       FARG_IntToStr_input+1 
;GYROS_ACCEL_PIC.c,90 :: 		inttostr(gyro[3],txt0);
0x0618	0x0E39      	MOVLW       main_txt0_L0
0x061A	0x6E52      	MOVWF       FARG_IntToStr_output 
0x061C	0x0E00      	MOVLW       hi_addr(main_txt0_L0)
0x061E	0x6E53      	MOVWF       FARG_IntToStr_output+1 
0x0620	0xDEBC      	RCALL       _IntToStr
;GYROS_ACCEL_PIC.c,91 :: 		UART1_Write_Text(txt0);
0x0622	0x0E39      	MOVLW       main_txt0_L0
0x0624	0x6E50      	MOVWF       FARG_UART1_Write_Text_uart_text 
0x0626	0x0E00      	MOVLW       hi_addr(main_txt0_L0)
0x0628	0x6E51      	MOVWF       FARG_UART1_Write_Text_uart_text+1 
0x062A	0xDF23      	RCALL       _UART1_Write_Text
;GYROS_ACCEL_PIC.c,92 :: 		UART1_Write(0x0D);
0x062C	0x0E0D      	MOVLW       13
0x062E	0x6E5A      	MOVWF       FARG_UART1_Write_data_ 
0x0630	0xDD9F      	RCALL       _UART1_Write
;GYROS_ACCEL_PIC.c,93 :: 		UART1_Write(0x0A);
0x0632	0x0E0A      	MOVLW       10
0x0634	0x6E5A      	MOVWF       FARG_UART1_Write_data_ 
0x0636	0xDD9C      	RCALL       _UART1_Write
;GYROS_ACCEL_PIC.c,96 :: 		accel[1]=(MPU_Read(0x3B)<<8)+MPU_Read(0x3C);
0x0638	0x0E3B      	MOVLW       59
0x063A	0x6E50      	MOVWF       FARG_MPU_Read_add 
0x063C	0xDF32      	RCALL       _MPU_Read
0x063E	0xF04FC000  	MOVFF       R0, FLOC__main+1
0x0642	0x6A4E      	CLRF        FLOC__main 
0x0644	0x0E3C      	MOVLW       60
0x0646	0x6E50      	MOVWF       FARG_MPU_Read_add 
0x0648	0xDF2C      	RCALL       _MPU_Read
0x064A	0x5000      	MOVF        R0, 0 
0x064C	0x244E      	ADDWF       FLOC__main, 0 
0x064E	0x6E50      	MOVWF       FARG_IntToStr_input 
0x0650	0x0E00      	MOVLW       0
0x0652	0x204F      	ADDWFC      FLOC__main+1, 0 
0x0654	0x6E51      	MOVWF       FARG_IntToStr_input+1 
;GYROS_ACCEL_PIC.c,97 :: 		inttostr(accel[1],txt0);
0x0656	0x0E39      	MOVLW       main_txt0_L0
0x0658	0x6E52      	MOVWF       FARG_IntToStr_output 
0x065A	0x0E00      	MOVLW       hi_addr(main_txt0_L0)
0x065C	0x6E53      	MOVWF       FARG_IntToStr_output+1 
0x065E	0xDE9D      	RCALL       _IntToStr
;GYROS_ACCEL_PIC.c,98 :: 		UART1_Write_Text(txt0);
0x0660	0x0E39      	MOVLW       main_txt0_L0
0x0662	0x6E50      	MOVWF       FARG_UART1_Write_Text_uart_text 
0x0664	0x0E00      	MOVLW       hi_addr(main_txt0_L0)
0x0666	0x6E51      	MOVWF       FARG_UART1_Write_Text_uart_text+1 
0x0668	0xDF04      	RCALL       _UART1_Write_Text
;GYROS_ACCEL_PIC.c,99 :: 		UART1_Write_Text("  ");
0x066A	0x0E1B      	MOVLW       ?lstr4_GYROS_ACCEL_PIC
0x066C	0x6E50      	MOVWF       FARG_UART1_Write_Text_uart_text 
0x066E	0x0E00      	MOVLW       hi_addr(?lstr4_GYROS_ACCEL_PIC)
0x0670	0x6E51      	MOVWF       FARG_UART1_Write_Text_uart_text+1 
0x0672	0xDEFF      	RCALL       _UART1_Write_Text
;GYROS_ACCEL_PIC.c,102 :: 		accel[2]=(MPU_Read(0x3D)<<8)+MPU_Read(0x3E);
0x0674	0x0E3D      	MOVLW       61
0x0676	0x6E50      	MOVWF       FARG_MPU_Read_add 
0x0678	0xDF14      	RCALL       _MPU_Read
0x067A	0xF04FC000  	MOVFF       R0, FLOC__main+1
0x067E	0x6A4E      	CLRF        FLOC__main 
0x0680	0x0E3E      	MOVLW       62
0x0682	0x6E50      	MOVWF       FARG_MPU_Read_add 
0x0684	0xDF0E      	RCALL       _MPU_Read
0x0686	0x5000      	MOVF        R0, 0 
0x0688	0x244E      	ADDWF       FLOC__main, 0 
0x068A	0x6E50      	MOVWF       FARG_IntToStr_input 
0x068C	0x0E00      	MOVLW       0
0x068E	0x204F      	ADDWFC      FLOC__main+1, 0 
0x0690	0x6E51      	MOVWF       FARG_IntToStr_input+1 
;GYROS_ACCEL_PIC.c,103 :: 		inttostr(accel[2],txt0);
0x0692	0x0E39      	MOVLW       main_txt0_L0
0x0694	0x6E52      	MOVWF       FARG_IntToStr_output 
0x0696	0x0E00      	MOVLW       hi_addr(main_txt0_L0)
0x0698	0x6E53      	MOVWF       FARG_IntToStr_output+1 
0x069A	0xDE7F      	RCALL       _IntToStr
;GYROS_ACCEL_PIC.c,104 :: 		UART1_Write_Text(txt0);
0x069C	0x0E39      	MOVLW       main_txt0_L0
0x069E	0x6E50      	MOVWF       FARG_UART1_Write_Text_uart_text 
0x06A0	0x0E00      	MOVLW       hi_addr(main_txt0_L0)
0x06A2	0x6E51      	MOVWF       FARG_UART1_Write_Text_uart_text+1 
0x06A4	0xDEE6      	RCALL       _UART1_Write_Text
;GYROS_ACCEL_PIC.c,105 :: 		UART1_Write_Text("  ");
0x06A6	0x0E26      	MOVLW       ?lstr5_GYROS_ACCEL_PIC
0x06A8	0x6E50      	MOVWF       FARG_UART1_Write_Text_uart_text 
0x06AA	0x0E00      	MOVLW       hi_addr(?lstr5_GYROS_ACCEL_PIC)
0x06AC	0x6E51      	MOVWF       FARG_UART1_Write_Text_uart_text+1 
0x06AE	0xDEE1      	RCALL       _UART1_Write_Text
;GYROS_ACCEL_PIC.c,108 :: 		accel[3]=(MPU_Read(0x3F)<<8)+MPU_Read(0x40);
0x06B0	0x0E3F      	MOVLW       63
0x06B2	0x6E50      	MOVWF       FARG_MPU_Read_add 
0x06B4	0xDEF6      	RCALL       _MPU_Read
0x06B6	0xF04FC000  	MOVFF       R0, FLOC__main+1
0x06BA	0x6A4E      	CLRF        FLOC__main 
0x06BC	0x0E40      	MOVLW       64
0x06BE	0x6E50      	MOVWF       FARG_MPU_Read_add 
0x06C0	0xDEF0      	RCALL       _MPU_Read
0x06C2	0x5000      	MOVF        R0, 0 
0x06C4	0x244E      	ADDWF       FLOC__main, 0 
0x06C6	0x6E50      	MOVWF       FARG_IntToStr_input 
0x06C8	0x0E00      	MOVLW       0
0x06CA	0x204F      	ADDWFC      FLOC__main+1, 0 
0x06CC	0x6E51      	MOVWF       FARG_IntToStr_input+1 
;GYROS_ACCEL_PIC.c,109 :: 		inttostr(accel[3],txt0);
0x06CE	0x0E39      	MOVLW       main_txt0_L0
0x06D0	0x6E52      	MOVWF       FARG_IntToStr_output 
0x06D2	0x0E00      	MOVLW       hi_addr(main_txt0_L0)
0x06D4	0x6E53      	MOVWF       FARG_IntToStr_output+1 
0x06D6	0xDE61      	RCALL       _IntToStr
;GYROS_ACCEL_PIC.c,110 :: 		UART1_Write_Text(txt0);
0x06D8	0x0E39      	MOVLW       main_txt0_L0
0x06DA	0x6E50      	MOVWF       FARG_UART1_Write_Text_uart_text 
0x06DC	0x0E00      	MOVLW       hi_addr(main_txt0_L0)
0x06DE	0x6E51      	MOVWF       FARG_UART1_Write_Text_uart_text+1 
0x06E0	0xDEC8      	RCALL       _UART1_Write_Text
;GYROS_ACCEL_PIC.c,111 :: 		UART1_Write(0x0D);
0x06E2	0x0E0D      	MOVLW       13
0x06E4	0x6E5A      	MOVWF       FARG_UART1_Write_data_ 
0x06E6	0xDD44      	RCALL       _UART1_Write
;GYROS_ACCEL_PIC.c,112 :: 		UART1_Write(0x0A);
0x06E8	0x0E0A      	MOVLW       10
0x06EA	0x6E5A      	MOVWF       FARG_UART1_Write_data_ 
0x06EC	0xDD41      	RCALL       _UART1_Write
;GYROS_ACCEL_PIC.c,114 :: 		}
0x06EE	0xD6FC      	BRA         L_main1
;GYROS_ACCEL_PIC.c,115 :: 		}
0x06F0	0xD7FF      	BRA         $+0
; end of _main
0x0706	0xF015EE10  	LFSR        1, 21
0x070A	0x0E14      	MOVLW       20
0x070C	0x6E00      	MOVWF       R0 
0x070E	0x0E01      	MOVLW       1
0x0710	0x6E01      	MOVWF       R1 
0x0712	0x0EF2      	MOVLW       242
0x0714	0x6EF6      	MOVWF       4086 
0x0716	0x0E06      	MOVLW       6
0x0718	0x6EF7      	MOVWF       TBLPTRH 
0x071A	0x0E00      	MOVLW       0
0x071C	0x6EF8      	MOVWF       TBLPTRU 
0x071E	0xF001EC2C  	CALL        600, 0
0x0722	0x0012      	RETURN      0
;GYROS_ACCEL_PIC.c,0 :: ?ICS?lstr2_GYROS_ACCEL_PIC
0x06F2	0x2020 ;?ICS?lstr2_GYROS_ACCEL_PIC+0
0x06F4	0x00 ;?ICS?lstr2_GYROS_ACCEL_PIC+2
; end of ?ICS?lstr2_GYROS_ACCEL_PIC
;GYROS_ACCEL_PIC.c,0 :: ?ICS?lstr3_GYROS_ACCEL_PIC
0x06F5	0x2020 ;?ICS?lstr3_GYROS_ACCEL_PIC+0
0x06F7	0x00 ;?ICS?lstr3_GYROS_ACCEL_PIC+2
; end of ?ICS?lstr3_GYROS_ACCEL_PIC
;GYROS_ACCEL_PIC.c,0 :: ?ICS?lstr4_GYROS_ACCEL_PIC
0x06F8	0x2020 ;?ICS?lstr4_GYROS_ACCEL_PIC+0
0x06FA	0x00 ;?ICS?lstr4_GYROS_ACCEL_PIC+2
; end of ?ICS?lstr4_GYROS_ACCEL_PIC
;GYROS_ACCEL_PIC.c,0 :: ?ICS_W_DATA
0x06FB	0xD0 ;?ICS_W_DATA+0
; end of ?ICS_W_DATA
;GYROS_ACCEL_PIC.c,0 :: ?ICS_R_DATA
0x06FC	0xD1 ;?ICS_R_DATA+0
; end of ?ICS_R_DATA
;GYROS_ACCEL_PIC.c,0 :: ?ICS?lstr1_GYROS_ACCEL_PIC
0x06FD	0x5B20 ;?ICS?lstr1_GYROS_ACCEL_PIC+0
0x06FF	0x43B0 ;?ICS?lstr1_GYROS_ACCEL_PIC+2
0x0701	0x005D ;?ICS?lstr1_GYROS_ACCEL_PIC+4
; end of ?ICS?lstr1_GYROS_ACCEL_PIC
;GYROS_ACCEL_PIC.c,0 :: ?ICS?lstr5_GYROS_ACCEL_PIC
0x0703	0x2020 ;?ICS?lstr5_GYROS_ACCEL_PIC+0
0x0705	0x00 ;?ICS?lstr5_GYROS_ACCEL_PIC+2
; end of ?ICS?lstr5_GYROS_ACCEL_PIC
Symbol List:
//** Routines locations **
//ADDRESS    SIZE    PROCEDURE
//----------------------------------------------
0x001C      [26]    _I2C1_Is_Idle
0x0036       [4]    _I2C1_Stop
0x003A      [34]    _I2C1_Wr
0x005C      [66]    _I2C1_Start
0x009E      [54]    _Div_16x16_U
0x00D4      [10]    _I2C1_Repeated_Start
0x00DE     [146]    _WordToStr
0x0170      [14]    _UART1_Write
0x017E      [88]    _Div_16x16_S_L
0x01D6      [52]    _MPU_Write
0x020A      [42]    _I2C1_Rd
0x0234      [36]    _MPU6050_Init
0x0258      [16]    ___CC2DW
0x0268      [86]    _UART1_Init
0x02BE      [22]    _I2C1_Init
0x02D4     [198]    _Div_16x16_S
0x039A     [216]    _IntToStr
0x0472      [48]    _UART1_Write_Text
0x04A2      [38]    _MPU_Read
0x04C8     [554]    _main
//** Variables locations ** 
//ADDRESS    SIZE    VARIABLE
//----------------------------------------------
0x0000       [1]    SPI1_Write_tmp_L0
0x0000       [1]    UART1_Init_tmp_L0
0x0000       [1]    R0
0x0000       [1]    __Lib_SoftI2C_PutZerosToLATScl_temp_scl_L0
0x0000       [1]    __Lib_SoftI2C_PutZerosToLATSda_temp_sda_L0
0x0000       [1]    EEPROM_Write_SaveINTCON_L0
0x0000       [1]    FLASH_Erase_64_SaveINTCON_L0
0x0001       [1]    UART1_Read___tmp_UART1_Read_L0
0x0001       [1]    __Lib_TFT_16bit_JPEG_FileRead_i_L0
0x0001       [1]    FLASH_Write_32_i_L0
0x0001       [1]    R1
0x0001       [1]    FLASH_Erase_Write_64_i_L0
0x0001       [1]    ispunct_rslt_L0
0x0001       [1]    __Lib_PS2_Wait_Falling_nsample_L0
0x0001       [1]    __Lib_TFT_16bit_JPEG_FileReadBytes_Result_L0
0x0001       [1]    I2C1_Rd_tmp_L0
0x0001       [1]    __Lib_TFT_JPEG_FileReadBytes_Result_L0
0x0001       [1]    __Lib_TFT_JPEG_FileRead_i_L0
0x0001       [2]    FLASH_Read_N_Bytes_i_L0
0x0002       [1]    __Lib_USB_genHID_USB_CtrlTrf_Rx_Service_byteToRead_L0
0x0002       [2]    __Lib_USB_genHID_memset_usb_int_pp_L0
0x0002       [2]    memchr_s_L0
0x0002       [2]    memcpy_dd_L0
0x0002       [2]    strlen_cp_L0
0x0002       [2]    memset_pp_L0
0x0002       [1]    R2
0x0002       [2]    __Lib_USB_genHID_memset_usb_pp_L0
0x0002       [1]    FLASH_Erase_Write_64_j_L0
0x0002       [1]    FLASH_Write_32_SaveINTCON_L0
0x0003       [1]    R3
0x0003       [1]    __Lib_USB_genHID_USB_CtrlTrf_Rx_Service_i_L0
0x0003       [2]    __Lib_USB_genHID_USB_CtrlTrf_Tx_Service_byteToSend_L0
0x0003       [2]    MM_TotalFreeMemSize_Tot_L0
0x0003       [1]    MM_Init_i_L0
0x0003       [2]    __Lib_MmcFat16_f16_toInt_l_L0
0x0003       [2]    Ltrim_original_L0
0x0003       [1]    FLASH_Erase_Write_64_SaveINTCON_L0
0x0003       [2]    memmove_tt_L0
0x0004       [2]    strcat_cp_L0
0x0004       [2]    __Lib_USB_genHID_USB_Get_Status_Handler_p_L2
0x0004       [2]    __Lib_USB_genHID_USB_Std_Feature_Req_Handler_p_L0
0x0004       [2]    strncpy_cp_L0
0x0004       [1]    __Lib_USB_genHID_GetMaxIndexInDevDsc_index_L0
0x0004       [2]    strncat_cp_L0
0x0004       [2]    __Lib_USB_genHID_USB_Transfer_Packet_Int_handle_L0
0x0004       [2]    __Lib_USB_genHID_USB_Transfer_Packet_handle_L0
0x0004       [2]    strcpy_cp_L0
0x0004       [1]    R4
0x0004       [2]    memcpy_ss_L0
0x0004       [2]    __Lib_MemManager_MM_GetMemAlign_P_L0
0x0004       [2]    frexp_pom_L0
0x0005       [2]    LongWordToHex_input_half_L0
0x0005       [2]    LongIntToHex_input_half_L0
0x0005       [2]    memmove_ff_L0
0x0005       [2]    Ltrim_p_L0
0x0005       [2]    __Lib_USB_genHID_USB_Configure_Endpoint_handle_L0
0x0005       [1]    R5
0x0005       [1]    MM_TotalFreeMemSize_i_L0
0x0006       [2]    __Lib_USB_genHID_GetMaxIndexInConfigDsc_totalLen_L0
0x0006       [1]    R6
0x0006       [1]    __Lib_MemManager_MM_GetMemAlign_i_L0
0x0007       [1]    __Lib_TFT_JPEG_GenerateHuffmanTables_bLength_L0
0x0007       [1]    R7
0x0007       [1]    __Lib_TFT_16bit_JPEG_GenerateHuffmanTables_bLength_L0
0x0008       [1]    __Lib_TFT_16bit_JPEG_GenerateHuffmanTables_bTable_L0
0x0008       [1]    __Lib_TFT_JPEG_GenerateHuffmanTables_bTable_L0
0x0008       [3]    __Lib_USB_genHID_GetMaxIndexInConfigDsc_ptr_L0
0x0008       [1]    R8
0x0009       [4]    __Lib_MmcFat16_f16_toLong_l_L0
0x0009       [1]    R9
0x000A       [1]    R10
0x000B       [1]    R11
0x000C       [1]    R12
0x000D       [1]    R13
0x000E       [1]    R14
0x000F       [1]    R15
0x0010       [1]    R16
0x0011       [1]    R17
0x0012       [1]    R18
0x0013       [1]    R19
0x0014       [1]    R20
0x0015       [3]    ?lstr2_GYROS_ACCEL_PIC
0x0018       [3]    ?lstr3_GYROS_ACCEL_PIC
0x001B       [3]    ?lstr4_GYROS_ACCEL_PIC
0x001E       [1]    _W_DATA
0x001F       [1]    _R_DATA
0x0020       [6]    ?lstr1_GYROS_ACCEL_PIC
0x0026       [3]    ?lstr5_GYROS_ACCEL_PIC
0x0029       [4]    _UART_Rd_Ptr
0x002D       [4]    _UART_Rdy_Ptr
0x0031       [4]    _UART_Tx_Idle_Ptr
0x0035       [4]    _UART_Wr_Ptr
0x0039       [7]    main_txt0_L0
0x0040       [6]    main_gyro_L0
0x0046       [6]    main_accel_L0
0x004C       [2]    main_temp_L0
0x004E       [2]    FLOC__main
0x0050       [2]    FARG_UART1_Write_Text_uart_text
0x0050       [1]    FARG_MPU_Read_add
0x0050       [2]    FARG_IntToStr_input
0x0050       [4]    FARG_I2C1_Init_clock
0x0051       [1]    MPU_Read_res_L0
0x0052       [2]    FARG_IntToStr_output
0x0052       [1]    UART1_Write_Text_data__L0
0x0053       [1]    UART1_Write_Text_counter_L0
0x0054       [2]    IntToStr_i_L0
0x0056       [2]    IntToStr_negative_L0
0x0058       [2]    IntToStr_inword_L0
0x005A       [1]    FARG_UART1_Write_data_
0x005A       [2]    FARG_WordToStr_input
0x005A       [1]    FARG_MPU_Write_add
0x005A       [1]    FARG_I2C1_Rd_ack
0x005B       [1]    FARG_MPU_Write_dato
0x005C       [2]    FARG_WordToStr_output
0x005E       [1]    WordToStr_len_L0
0x005F       [2]    FLOC__WordToStr
0x0061       [2]    I2C1_Start_j_L0
0x0061       [1]    FARG_I2C1_Wr_data_
0x0400      [32]    __Lib_USB_genHID_BDT
0x0420       [8]    __Lib_USB_genHID_SetupPkt
0x0428       [8]    __Lib_USB_genHID_CtrlTrfData
0x0F62       [1]    SPPDATA
0x0F63       [0]    CLKCFG1_bit
0x0F63       [0]    WS1_bit
0x0F63       [0]    WS0_bit
0x0F63       [0]    WS3_bit
0x0F63       [0]    CLKCFG0_bit
0x0F63       [0]    WS2_bit
0x0F63       [0]    CSEN_bit
0x0F63       [1]    SPPCFG
0x0F63       [0]    CLK1EN_bit
0x0F64       [0]    SPPBUSY_bit
0x0F64       [0]    ADDR3_bit
0x0F64       [1]    SPPEPS
0x0F64       [0]    ADDR0_bit
0x0F64       [0]    ADDR1_bit
0x0F64       [0]    RDSPP_bit
0x0F64       [0]    ADDR2_bit
0x0F64       [0]    WRSPP_bit
0x0F65       [0]    SPPOWN_bit
0x0F65       [0]    SPPEN_bit
0x0F65       [1]    SPPCON
0x0F66       [1]    UFRML
0x0F66       [0]    FRM3_bit
0x0F66       [0]    FRM4_bit
0x0F66       [0]    FRM5_bit
0x0F66       [0]    FRM0_bit
0x0F66       [0]    FRM1_bit
0x0F66       [0]    FRM2_bit
0x0F66       [0]    FRM7_bit
0x0F66       [0]    FRM6_bit
0x0F67       [0]    FRM9_bit
0x0F67       [0]    FRM10_bit
0x0F67       [0]    FRM8_bit
0x0F67       [1]    UFRMH
0x0F68       [1]    UIR
0x0F68       [0]    IDLEIF_bit
0x0F68       [0]    STALLIF_bit
0x0F68       [0]    SOFIF_bit
0x0F68       [0]    TRNIF_bit
0x0F68       [0]    URSTIF_bit
0x0F68       [0]    UERRIF_bit
0x0F68       [0]    ACTVIF_bit
0x0F69       [0]    UERRIE_bit
0x0F69       [1]    UIE
0x0F69       [0]    SOFIE_bit
0x0F69       [0]    STALLIE_bit
0x0F69       [0]    URSTIE_bit
0x0F69       [0]    TRNIE_bit
0x0F69       [0]    IDLEIE_bit
0x0F69       [0]    ACTVIE_bit
0x0F6A       [0]    PIDEF_bit
0x0F6A       [0]    CRC16EF_bit
0x0F6A       [0]    CRC5EF_bit
0x0F6A       [0]    BTSEF_bit
0x0F6A       [0]    BTOEF_bit
0x0F6A       [1]    UEIR
0x0F6A       [0]    DFN8EF_bit
0x0F6B       [1]    UEIE
0x0F6B       [0]    DFN8EE_bit
0x0F6B       [0]    BTOEE_bit
0x0F6B       [0]    CRC16EE_bit
0x0F6B       [0]    PIDEE_bit
0x0F6B       [0]    CRC5EE_bit
0x0F6B       [0]    BTSEE_bit
0x0F6C       [0]    ENDP2_bit
0x0F6C       [0]    ENDP3_bit
0x0F6C       [0]    DIR__bit
0x0F6C       [0]    PPBI_bit
0x0F6C       [0]    ENDP0_bit
0x0F6C       [0]    ENDP1_bit
0x0F6C       [1]    USTAT
0x0F6D       [0]    USBEN_bit
0x0F6D       [0]    PKTDIS_bit
0x0F6D       [0]    PPBRST_bit
0x0F6D       [0]    SE0_bit
0x0F6D       [1]    UCON
0x0F6D       [0]    SUSPND_bit
0x0F6D       [0]    RESUME__bit
0x0F6E       [0]    ADDR2_UADDR_bit
0x0F6E       [0]    ADDR3_UADDR_bit
0x0F6E       [0]    ADDR6_bit
0x0F6E       [0]    ADDR5_bit
0x0F6E       [0]    ADDR4_bit
0x0F6E       [0]    ADDR1_UADDR_bit
0x0F6E       [1]    UADDR
0x0F6E       [0]    ADDR0_UADDR_bit
0x0F6F       [0]    PPB0_bit
0x0F6F       [0]    PPB1_bit
0x0F6F       [0]    UTRDIS_bit
0x0F6F       [0]    UOEMON_bit
0x0F6F       [0]    UTEYE_bit
0x0F6F       [0]    UPUEN_bit
0x0F6F       [1]    UCFG
0x0F6F       [0]    FSEN_bit
0x0F70       [0]    EPINEN_bit
0x0F70       [0]    EPOUTEN_bit
0x0F70       [0]    EPHSHK_bit
0x0F70       [0]    EPCONDIS_bit
0x0F70       [0]    EPSTALL_bit
0x0F70       [1]    UEP0
0x0F71       [0]    EPHSHK_UEP1_bit
0x0F71       [0]    EPINEN_UEP1_bit
0x0F71       [0]    EPOUTEN_UEP1_bit
0x0F71       [0]    EPCONDIS_UEP1_bit
0x0F71       [1]    UEP1
0x0F71       [0]    EPSTALL_UEP1_bit
0x0F72       [0]    EPOUTEN_UEP2_bit
0x0F72       [0]    EPCONDIS_UEP2_bit
0x0F72       [0]    EPHSHK_UEP2_bit
0x0F72       [0]    EPINEN_UEP2_bit
0x0F72       [1]    UEP2
0x0F72       [0]    EPSTALL_UEP2_bit
0x0F73       [0]    EPCONDIS_UEP3_bit
0x0F73       [0]    EPHSHK_UEP3_bit
0x0F73       [1]    UEP3
0x0F73       [0]    EPOUTEN_UEP3_bit
0x0F73       [0]    EPSTALL_UEP3_bit
0x0F73       [0]    EPINEN_UEP3_bit
0x0F74       [0]    EPCONDIS_UEP4_bit
0x0F74       [0]    EPHSHK_UEP4_bit
0x0F74       [1]    UEP4
0x0F74       [0]    EPSTALL_UEP4_bit
0x0F74       [0]    EPINEN_UEP4_bit
0x0F74       [0]    EPOUTEN_UEP4_bit
0x0F75       [0]    EPHSHK_UEP5_bit
0x0F75       [1]    UEP5
0x0F75       [0]    EPCONDIS_UEP5_bit
0x0F75       [0]    EPINEN_UEP5_bit
0x0F75       [0]    EPSTALL_UEP5_bit
0x0F75       [0]    EPOUTEN_UEP5_bit
0x0F76       [0]    EPHSHK_UEP6_bit
0x0F76       [1]    UEP6
0x0F76       [0]    EPSTALL_UEP6_bit
0x0F76       [0]    EPINEN_UEP6_bit
0x0F76       [0]    EPCONDIS_UEP6_bit
0x0F76       [0]    EPOUTEN_UEP6_bit
0x0F77       [1]    UEP7
0x0F77       [0]    EPHSHK_UEP7_bit
0x0F77       [0]    EPSTALL_UEP7_bit
0x0F77       [0]    EPCONDIS_UEP7_bit
0x0F77       [0]    EPINEN_UEP7_bit
0x0F77       [0]    EPOUTEN_UEP7_bit
0x0F78       [1]    UEP8
0x0F78       [0]    EPINEN_UEP8_bit
0x0F78       [0]    EPSTALL_UEP8_bit
0x0F78       [0]    EPOUTEN_UEP8_bit
0x0F78       [0]    EPHSHK_UEP8_bit
0x0F78       [0]    EPCONDIS_UEP8_bit
0x0F79       [1]    UEP9
0x0F79       [0]    EPINEN_UEP9_bit
0x0F79       [0]    EPSTALL_UEP9_bit
0x0F79       [0]    EPOUTEN_UEP9_bit
0x0F79       [0]    EPHSHK_UEP9_bit
0x0F79       [0]    EPCONDIS_UEP9_bit
0x0F7A       [1]    UEP10
0x0F7A       [0]    EPINEN_UEP10_bit
0x0F7A       [0]    EPSTALL_UEP10_bit
0x0F7A       [0]    EPOUTEN_UEP10_bit
0x0F7A       [0]    EPHSHK_UEP10_bit
0x0F7A       [0]    EPCONDIS_UEP10_bit
0x0F7B       [0]    EPOUTEN_UEP11_bit
0x0F7B       [0]    EPCONDIS_UEP11_bit
0x0F7B       [0]    EPINEN_UEP11_bit
0x0F7B       [1]    UEP11
0x0F7B       [0]    EPSTALL_UEP11_bit
0x0F7B       [0]    EPHSHK_UEP11_bit
0x0F7C       [0]    EPCONDIS_UEP12_bit
0x0F7C       [0]    EPOUTEN_UEP12_bit
0x0F7C       [1]    UEP12
0x0F7C       [0]    EPSTALL_UEP12_bit
0x0F7C       [0]    EPINEN_UEP12_bit
0x0F7C       [0]    EPHSHK_UEP12_bit
0x0F7D       [0]    EPOUTEN_UEP13_bit
0x0F7D       [0]    EPINEN_UEP13_bit
0x0F7D       [0]    EPSTALL_UEP13_bit
0x0F7D       [0]    EPCONDIS_UEP13_bit
0x0F7D       [1]    UEP13
0x0F7D       [0]    EPHSHK_UEP13_bit
0x0F7E       [1]    UEP14
0x0F7E       [0]    EPINEN_UEP14_bit
0x0F7E       [0]    EPSTALL_UEP14_bit
0x0F7E       [0]    EPOUTEN_UEP14_bit
0x0F7E       [0]    EPHSHK_UEP14_bit
0x0F7E       [0]    EPCONDIS_UEP14_bit
0x0F7F       [1]    UEP15
0x0F7F       [0]    EPCONDIS_UEP15_bit
0x0F7F       [0]    EPHSHK_UEP15_bit
0x0F7F       [0]    EPOUTEN_UEP15_bit
0x0F7F       [0]    EPSTALL_UEP15_bit
0x0F7F       [0]    EPINEN_UEP15_bit
0x0F80       [0]    RA6_bit
0x0F80       [0]    RA2_bit
0x0F80       [0]    RA1_bit
0x0F80       [0]    RA0_bit
0x0F80       [0]    RA5_bit
0x0F80       [0]    RA4_bit
0x0F80       [0]    RA3_bit
0x0F80       [0]    AN3_bit
0x0F80       [0]    T0CKI_bit
0x0F80       [0]    AN4_bit
0x0F80       [0]    AN0_bit
0x0F80       [0]    AN1_bit
0x0F80       [0]    AN2_bit
0x0F80       [0]    OSC2_bit
0x0F80       [0]    HLVDIN_bit
0x0F80       [1]    PORTA
0x0F80       [0]    LVDIN_bit
0x0F80       [0]    VREFM_bit
0x0F80       [0]    VREFP_bit
0x0F81       [1]    PORTB
0x0F81       [0]    PGC_bit
0x0F81       [0]    PGD_bit
0x0F81       [0]    RB0_bit
0x0F81       [0]    PGM_bit
0x0F81       [0]    INT0_bit
0x0F81       [0]    INT1_bit
0x0F81       [0]    INT2_bit
0x0F81       [0]    RB5_bit
0x0F81       [0]    RB6_bit
0x0F81       [0]    RB7_bit
0x0F81       [0]    RB4_bit
0x0F81       [0]    RB1_bit
0x0F81       [0]    RB2_bit
0x0F81       [0]    RB3_bit
0x0F82       [0]    RC5_bit
0x0F82       [0]    RC4_bit
0x0F82       [0]    RC6_bit
0x0F82       [0]    CK_bit
0x0F82       [1]    PORTC
0x0F82       [0]    RC0_bit
0x0F82       [0]    RC2_bit
0x0F82       [0]    RC1_bit
0x0F82       [0]    CCP1_bit
0x0F82       [0]    TX_bit
0x0F82       [0]    T1OSO_bit
0x0F82       [0]    T1OSI_bit
0x0F82       [0]    RC7_bit
0x0F82       [0]    P1A_bit
0x0F82       [0]    T13CKI_bit
0x0F82       [0]    RX__bit
0x0F83       [0]    RD7_bit
0x0F83       [0]    SPP5_bit
0x0F83       [0]    SPP7_bit
0x0F83       [0]    SPP6_bit
0x0F83       [0]    SPP4_bit
0x0F83       [0]    SPP0_bit
0x0F83       [0]    RD3_bit
0x0F83       [0]    RD2_bit
0x0F83       [0]    RD0_bit
0x0F83       [0]    RD1_bit
0x0F83       [0]    SPP1_bit
0x0F83       [0]    SPP3_bit
0x0F83       [0]    RD6_bit
0x0F83       [0]    RD5_bit
0x0F83       [0]    RD4_bit
0x0F83       [0]    SPP2_bit
0x0F83       [1]    PORTD
0x0F84       [1]    PORTE
0x0F84       [0]    RDPU_PORTE_bit
0x0F84       [0]    RE3_bit
0x0F84       [0]    OESPP_bit
0x0F84       [0]    RDPU_bit
0x0F84       [0]    CK1SPP_bit
0x0F84       [0]    CK2SPP_bit
0x0F84       [0]    RE2_bit
0x0F84       [0]    RE1_bit
0x0F84       [0]    RE0_bit
0x0F89       [0]    LATA3_bit
0x0F89       [0]    LATA2_bit
0x0F89       [0]    LATA0_bit
0x0F89       [0]    LATA1_bit
0x0F89       [0]    LATA4_bit
0x0F89       [0]    LATA6_bit
0x0F89       [0]    LATA5_bit
0x0F89       [1]    LATA
0x0F8A       [0]    LATB4_bit
0x0F8A       [1]    LATB
0x0F8A       [0]    LATB0_bit
0x0F8A       [0]    LATB6_bit
0x0F8A       [0]    LATB3_bit
0x0F8A       [0]    LATB5_bit
0x0F8A       [0]    LATB1_bit
0x0F8A       [0]    LATB2_bit
0x0F8A       [0]    LATB7_bit
0x0F8B       [0]    LATC0_bit
0x0F8B       [1]    LATC
0x0F8B       [0]    LATC6_bit
0x0F8B       [0]    LATC7_bit
0x0F8B       [0]    LATC2_bit
0x0F8B       [0]    LATC1_bit
0x0F8C       [0]    LATD1_bit
0x0F8C       [0]    LATD0_bit
0x0F8C       [0]    LATD4_bit
0x0F8C       [0]    LATD5_bit
0x0F8C       [0]    LATD6_bit
0x0F8C       [0]    LATD2_bit
0x0F8C       [0]    LATD7_bit
0x0F8C       [0]    LATD3_bit
0x0F8C       [1]    LATD
0x0F8D       [1]    LATE
0x0F8D       [0]    LATE2_bit
0x0F8D       [0]    LATE0_bit
0x0F8D       [0]    LATE1_bit
0x0F92       [0]    TRISA3_bit
0x0F92       [1]    TRISA
0x0F92       [0]    TRISA2_bit
0x0F92       [0]    TRISA6_bit
0x0F92       [0]    TRISA5_bit
0x0F92       [0]    TRISA4_bit
0x0F92       [0]    TRISA1_bit
0x0F92       [0]    TRISA0_bit
0x0F93       [0]    TRISB0_bit
0x0F93       [0]    TRISB5_bit
0x0F93       [1]    TRISB
0x0F93       [0]    TRISB4_bit
0x0F93       [0]    TRISB1_bit
0x0F93       [0]    TRISB7_bit
0x0F93       [0]    TRISB3_bit
0x0F93       [0]    TRISB2_bit
0x0F93       [0]    TRISB6_bit
0x0F94       [0]    TRISC2_bit
0x0F94       [0]    TRISC6_bit
0x0F94       [0]    TRISC7_bit
0x0F94       [0]    TRISC0_bit
0x0F94       [0]    TRISC1_bit
0x0F94       [1]    TRISC
0x0F95       [0]    TRISD4_bit
0x0F95       [0]    TRISD1_bit
0x0F95       [0]    TRISD2_bit
0x0F95       [0]    TRISD3_bit
0x0F95       [0]    TRISD6_bit
0x0F95       [0]    TRISD7_bit
0x0F95       [1]    TRISD
0x0F95       [0]    TRISD5_bit
0x0F95       [0]    TRISD0_bit
0x0F96       [0]    TRISE0_bit
0x0F96       [0]    TRISE2_bit
0x0F96       [1]    TRISE
0x0F96       [0]    TRISE1_bit
0x0F9B       [0]    TUN0_bit
0x0F9B       [0]    TUN2_bit
0x0F9B       [1]    OSCTUNE
0x0F9B       [0]    TUN3_bit
0x0F9B       [0]    TUN1_bit
0x0F9B       [0]    TUN4_bit
0x0F9B       [0]    INTSRC_bit
0x0F9D       [0]    SSPIE_bit
0x0F9D       [0]    SPPIE_bit
0x0F9D       [0]    TMR2IE_bit
0x0F9D       [0]    TMR1IE_bit
0x0F9D       [0]    CCP1IE_bit
0x0F9D       [0]    ADIE_bit
0x0F9D       [1]    PIE1
0x0F9D       [0]    RCIE_bit
0x0F9D       [0]    TXIE_bit
0x0F9E       [0]    TMR1IF_bit
0x0F9E       [0]    SSPIF_bit
0x0F9E       [1]    PIR1
0x0F9E       [0]    CCP1IF_bit
0x0F9E       [0]    TMR2IF_bit
0x0F9E       [0]    ADIF_bit
0x0F9E       [0]    RCIF_bit
0x0F9E       [0]    TXIF_bit
0x0F9E       [0]    SPPIF_bit
0x0F9F       [0]    RCIP_bit
0x0F9F       [0]    SPPIP_bit
0x0F9F       [0]    ADIP_bit
0x0F9F       [0]    TXIP_bit
0x0F9F       [0]    TMR2IP_bit
0x0F9F       [0]    TMR1IP_bit
0x0F9F       [0]    CCP1IP_bit
0x0F9F       [1]    IPR1
0x0F9F       [0]    SSPIP_bit
0x0FA0       [0]    USBIE_bit
0x0FA0       [0]    EEIE_bit
0x0FA0       [0]    BCLIE_bit
0x0FA0       [0]    LVDIE_bit
0x0FA0       [0]    OSCFIE_bit
0x0FA0       [0]    CMIE_bit
0x0FA0       [0]    HLVDIE_bit
0x0FA0       [0]    TMR3IE_bit
0x0FA0       [0]    CCP2IE_bit
0x0FA0       [1]    PIE2
0x0FA1       [0]    BCLIF_bit
0x0FA1       [0]    HLVDIF_bit
0x0FA1       [0]    TMR3IF_bit
0x0FA1       [0]    CCP2IF_bit
0x0FA1       [0]    OSCFIF_bit
0x0FA1       [0]    LVDIF_bit
0x0FA1       [0]    CMIF_bit
0x0FA1       [0]    EEIF_bit
0x0FA1       [0]    USBIF_bit
0x0FA1       [1]    PIR2
0x0FA2       [0]    USBIP_bit
0x0FA2       [0]    HLVDIP_bit
0x0FA2       [1]    IPR2
0x0FA2       [0]    BCLIP_bit
0x0FA2       [0]    EEIP_bit
0x0FA2       [0]    CMIP_bit
0x0FA2       [0]    TMR3IP_bit
0x0FA2       [0]    LVDIP_bit
0x0FA2       [0]    CCP2IP_bit
0x0FA2       [0]    OSCFIP_bit
0x0FA6       [0]    EEPGD_bit
0x0FA6       [0]    WREN_bit
0x0FA6       [0]    WR_bit
0x0FA6       [0]    RD_bit
0x0FA6       [0]    WRERR_bit
0x0FA6       [0]    CFGS_bit
0x0FA6       [1]    EECON1
0x0FA6       [0]    FREE_bit
0x0FA7       [1]    EECON2
0x0FA8       [1]    EEDATA
0x0FA9       [1]    EEADR
0x0FAB       [0]    OERR_bit
0x0FAB       [0]    RX9D_bit
0x0FAB       [1]    RCSTA
0x0FAB       [0]    FERR_bit
0x0FAB       [0]    RX9_bit
0x0FAB       [0]    SPEN_bit
0x0FAB       [0]    ADEN_bit
0x0FAB       [0]    ADDEN_bit
0x0FAB       [0]    CREN_bit
0x0FAB       [0]    SREN_bit
0x0FAC       [0]    TX9_bit
0x0FAC       [0]    TXEN_bit
0x0FAC       [0]    CSRC_bit
0x0FAC       [1]    TXSTA
0x0FAC       [0]    SYNC_bit
0x0FAC       [0]    TRMT_bit
0x0FAC       [0]    TX9D_bit
0x0FAC       [0]    SENDB_bit
0x0FAC       [0]    BRGH_bit
0x0FAD       [1]    TXREG
0x0FAE       [1]    RCREG
0x0FAF       [1]    SPBRG
0x0FB0       [1]    SPBRGH
0x0FB1       [0]    T3CCP2_bit
0x0FB1       [0]    RD16_bit
0x0FB1       [1]    T3CON
0x0FB1       [0]    TMR3CS_bit
0x0FB1       [0]    TMR3ON_bit
0x0FB1       [0]    T3CCP1_bit
0x0FB1       [0]    NOT_T3SYNC_bit
0x0FB1       [0]    T3CKPS0_bit
0x0FB1       [0]    T3SYNC_bit
0x0FB1       [0]    T3NSYNC_bit
0x0FB1       [0]    T3CKPS1_bit
0x0FB2       [1]    TMR3L
0x0FB3       [1]    TMR3H
0x0FB4       [0]    CM2_bit
0x0FB4       [0]    C1INV_bit
0x0FB4       [0]    C2INV_bit
0x0FB4       [0]    CM0_bit
0x0FB4       [0]    CIS_bit
0x0FB4       [0]    C1OUT_bit
0x0FB4       [1]    CMCON
0x0FB4       [0]    CM1_bit
0x0FB4       [0]    C2OUT_bit
0x0FB5       [0]    CVR2_bit
0x0FB5       [0]    CVREN_bit
0x0FB5       [0]    CVR0_bit
0x0FB5       [0]    CVR1_bit
0x0FB5       [0]    CVR3_bit
0x0FB5       [0]    CVRSS_bit
0x0FB5       [1]    CVRCON
0x0FB5       [0]    CVROE_bit
0x0FB5       [0]    CVREF_bit
0x0FB5       [0]    CVRR_bit
0x0FB6       [0]    ECCPAS0_bit
0x0FB6       [0]    ECCPASE_bit
0x0FB6       [0]    ECCPAS2_bit
0x0FB6       [0]    PSSAC1_bit
0x0FB6       [0]    PSSBD1_bit
0x0FB6       [0]    ECCPAS1_bit
0x0FB6       [1]    CCP1AS
0x0FB6       [1]    ECCP1AS
0x0FB6       [0]    PSSAC0_bit
0x0FB6       [0]    PSSBD0_bit
0x0FB7       [0]    PRSEN_bit
0x0FB7       [1]    CCP1DEL
0x0FB7       [0]    PDC3_bit
0x0FB7       [0]    PDC0_bit
0x0FB7       [1]    ECCP1DEL
0x0FB7       [0]    PDC2_bit
0x0FB7       [0]    PDC4_bit
0x0FB7       [0]    PDC5_bit
0x0FB7       [0]    PDC1_bit
0x0FB7       [0]    PDC6_bit
0x0FB8       [0]    TXCKP_bit
0x0FB8       [0]    ABDEN_bit
0x0FB8       [1]    BAUDCTL
0x0FB8       [0]    RXDTP_bit
0x0FB8       [0]    RCIDL_bit
0x0FB8       [0]    WUE_bit
0x0FB8       [0]    RCMT_bit
0x0FB8       [0]    BRG16_bit
0x0FB8       [0]    SCKP_bit
0x0FB8       [0]    ABDOVF_bit
0x0FB8       [1]    BAUDCON
0x0FBA       [0]    CCP2M2_bit
0x0FBA       [0]    DC2B0_bit
0x0FBA       [0]    CCP2M3_bit
0x0FBA       [0]    CCP2M1_bit
0x0FBA       [0]    CCP2M0_bit
0x0FBA       [0]    DC2B1_bit
0x0FBA       [1]    CCP2CON
0x0FBB       [2]    CCPR2
0x0FBB       [1]    CCPR2L
0x0FBC       [1]    CCPR2H
0x0FBD       [0]    CCP1M3_bit
0x0FBD       [1]    ECCP1CON
0x0FBD       [0]    CCP1M0_bit
0x0FBD       [0]    CCP1M2_bit
0x0FBD       [0]    CCP1M1_bit
0x0FBD       [0]    DC1B0_bit
0x0FBD       [0]    P1M0_bit
0x0FBD       [0]    DC1B1_bit
0x0FBD       [1]    CCP1CON
0x0FBD       [0]    P1M1_bit
0x0FBE       [2]    CCPR1
0x0FBE       [1]    CCPR1L
0x0FBF       [1]    CCPR1H
0x0FC0       [1]    ADCON2
0x0FC0       [0]    ADFM_bit
0x0FC0       [0]    ACQT0_bit
0x0FC0       [0]    ACQT1_bit
0x0FC0       [0]    ACQT2_bit
0x0FC0       [0]    ADCS0_bit
0x0FC0       [0]    ADCS1_bit
0x0FC0       [0]    ADCS2_bit
0x0FC1       [0]    PCFG3_bit
0x0FC1       [0]    VCFG0_bit
0x0FC1       [0]    VCFG1_bit
0x0FC1       [0]    PCFG2_bit
0x0FC1       [1]    ADCON1
0x0FC1       [0]    PCFG0_bit
0x0FC1       [0]    PCFG1_bit
0x0FC2       [0]    GO_bit
0x0FC2       [0]    NOT_DONE_bit
0x0FC2       [0]    GO_NOT_DONE_bit
0x0FC2       [1]    ADCON0
0x0FC2       [0]    ADON_bit
0x0FC2       [0]    DONE_bit
0x0FC2       [0]    CHS0_bit
0x0FC2       [0]    GO_DONE_bit
0x0FC2       [0]    CHS1_bit
0x0FC2       [0]    CHS3_bit
0x0FC2       [0]    CHS2_bit
0x0FC3       [2]    ADRES
0x0FC3       [1]    ADRESL
0x0FC4       [1]    ADRESH
0x0FC5       [0]    ACKEN_bit
0x0FC5       [0]    RCEN_bit
0x0FC5       [0]    ACKSTAT_bit
0x0FC5       [0]    ACKDT_bit
0x0FC5       [0]    SEN_bit
0x0FC5       [1]    SSPCON2
0x0FC5       [0]    PEN_bit
0x0FC5       [0]    RSEN_bit
0x0FC5       [0]    GCEN_bit
0x0FC6       [0]    SSPEN_bit
0x0FC6       [0]    SSPM2_bit
0x0FC6       [0]    SSPOV_bit
0x0FC6       [0]    SSPM1_bit
0x0FC6       [0]    CKP_bit
0x0FC6       [0]    SSPM3_bit
0x0FC6       [0]    SSPM0_bit
0x0FC6       [0]    WCOL_bit
0x0FC6       [1]    SSPCON1
0x0FC7       [0]    NOT_ADDRESS_bit
0x0FC7       [0]    NOT_WRITE_bit
0x0FC7       [0]    I2C_DAT_bit
0x0FC7       [0]    NOT_W_bit
0x0FC7       [0]    NOT_A_bit
0x0FC7       [0]    D_bit
0x0FC7       [1]    SSPSTAT
0x0FC7       [0]    R_bit
0x0FC7       [0]    READ_WRITE_bit
0x0FC7       [0]    DATA_ADDRESS_bit
0x0FC7       [0]    S_bit
0x0FC7       [0]    P_bit
0x0FC7       [0]    D_NOT_A_bit
0x0FC7       [0]    BF_bit
0x0FC7       [0]    UA_bit
0x0FC7       [0]    R_NOT_W_bit
0x0FC7       [0]    CKE_bit
0x0FC7       [0]    I2C_READ_bit
0x0FC7       [0]    I2C_START__bit
0x0FC7       [0]    I2C_STOP__bit
0x0FC7       [0]    SMP_bit
0x0FC7       [0]    R_W_bit
0x0FC7       [0]    D_A_bit
0x0FC8       [1]    SSPADD
0x0FC9       [1]    SSPBUF
0x0FCA       [0]    TOUTPS1_bit
0x0FCA       [0]    TOUTPS0_bit
0x0FCA       [0]    TOUTPS2_bit
0x0FCA       [1]    T2CON
0x0FCA       [0]    TOUTPS3_bit
0x0FCA       [0]    TMR2ON_bit
0x0FCA       [0]    T2CKPS1_bit
0x0FCA       [0]    T2CKPS0_bit
0x0FCA       [0]    T2OUTPS0_bit
0x0FCA       [0]    T2OUTPS2_bit
0x0FCA       [0]    T2OUTPS3_bit
0x0FCA       [0]    T2OUTPS1_bit
0x0FCB       [1]    PR2
0x0FCC       [1]    TMR2
0x0FCD       [1]    T1CON
0x0FCD       [0]    T1SYNC_bit
0x0FCD       [0]    RD16_T1CON_bit
0x0FCD       [0]    T1CKPS1_bit
0x0FCD       [0]    T1CKPS0_bit
0x0FCD       [0]    T1RUN_bit
0x0FCD       [0]    TMR1CS_bit
0x0FCD       [0]    TMR1ON_bit
0x0FCD       [0]    T1OSCEN_bit
0x0FCD       [0]    NOT_T1SYNC_bit
0x0FCE       [1]    TMR1L
0x0FCF       [1]    TMR1H
0x0FD0       [0]    RI_bit
0x0FD0       [0]    NOT_IPEN_bit
0x0FD0       [1]    RCON
0x0FD0       [0]    NOT_BOR_bit
0x0FD0       [0]    PD_bit
0x0FD0       [0]    TO__bit
0x0FD0       [0]    POR_bit
0x0FD0       [0]    NOT_TO_bit
0x0FD0       [0]    NOT_RI_bit
0x0FD0       [0]    NOT_POR_bit
0x0FD0       [0]    NOT_PD_bit
0x0FD0       [0]    BOR_bit
0x0FD0       [0]    IPEN_bit
0x0FD0       [0]    SBOREN_bit
0x0FD1       [1]    WDTCON
0x0FD1       [0]    SWDTE_bit
0x0FD1       [0]    SWDTEN_bit
0x0FD2       [0]    HLVDL1_bit
0x0FD2       [0]    HLVDL0_bit
0x0FD2       [0]    HLVDL2_bit
0x0FD2       [0]    LVDL0_bit
0x0FD2       [0]    HLVDL3_bit
0x0FD2       [1]    HLVDCON
0x0FD2       [1]    LVDCON
0x0FD2       [0]    HLVDEN_bit
0x0FD2       [0]    VDIRMAG_bit
0x0FD2       [0]    IRVST_bit
0x0FD2       [0]    LVV1_bit
0x0FD2       [0]    LVV0_bit
0x0FD2       [0]    LVV2_bit
0x0FD2       [0]    BGST_bit
0x0FD2       [0]    LVV3_bit
0x0FD2       [0]    LVDL2_bit
0x0FD2       [0]    LVDL1_bit
0x0FD2       [0]    LVDL3_bit
0x0FD2       [0]    IVRST_bit
0x0FD2       [0]    LVDEN_bit
0x0FD3       [0]    FLTS_bit
0x0FD3       [0]    SCS1_bit
0x0FD3       [0]    IRCF0_bit
0x0FD3       [0]    IRCF2_bit
0x0FD3       [0]    IRCF1_bit
0x0FD3       [0]    SCS0_bit
0x0FD3       [0]    OSTS_bit
0x0FD3       [0]    IOFS_bit
0x0FD3       [1]    OSCCON
0x0FD3       [0]    IDLEN_bit
0x0FD5       [0]    T08BIT_bit
0x0FD5       [0]    TMR0ON_bit
0x0FD5       [0]    T0SE_bit
0x0FD5       [0]    T0CS_bit
0x0FD5       [0]    PSA_bit
0x0FD5       [0]    T0PS2_bit
0x0FD5       [1]    T0CON
0x0FD5       [0]    T0PS0_bit
0x0FD5       [0]    T0PS1_bit
0x0FD6       [1]    TMR0L
0x0FD7       [1]    TMR0H
0x0FD8       [0]    OV_bit
0x0FD8       [0]    Z_bit
0x0FD8       [0]    N_bit
0x0FD8       [1]    STATUS
0x0FD8       [0]    C_bit
0x0FD8       [0]    DC_bit
0x0FD9       [1]    FSR2L
0x0FD9       [2]    FSR2
0x0FD9       [2]    FSR2PTR
0x0FDA       [1]    FSR2H
0x0FDB       [1]    PLUSW2
0x0FDC       [1]    PREINC2
0x0FDD       [1]    POSTDEC2
0x0FDE       [1]    POSTINC2
0x0FDF       [1]    INDF2
0x0FE0       [1]    BSR
0x0FE1       [2]    FSR1
0x0FE1       [2]    FSR1PTR
0x0FE1       [1]    FSR1L
0x0FE2       [1]    FSR1H
0x0FE3       [1]    PLUSW1
0x0FE4       [1]    PREINC1
0x0FE5       [1]    POSTDEC1
0x0FE6       [1]    POSTINC1
0x0FE7       [1]    INDF1
0x0FE8       [1]    WREG
0x0FE9       [2]    FSR0
0x0FE9       [2]    FSR0PTR
0x0FE9       [1]    FSR0L
0x0FEA       [1]    FSR0H
0x0FEB       [1]    PLUSW0
0x0FEC       [1]    PREINC0
0x0FED       [1]    POSTDEC0
0x0FEE       [1]    POSTINC0
0x0FEF       [1]    INDF0
0x0FF0       [0]    INT1E_bit
0x0FF0       [0]    INT2F_bit
0x0FF0       [0]    INT1F_bit
0x0FF0       [0]    INT2P_bit
0x0FF0       [0]    INT1P_bit
0x0FF0       [0]    INT2E_bit
0x0FF0       [0]    INT2IP_bit
0x0FF0       [0]    INT2IF_bit
0x0FF0       [0]    INT1IF_bit
0x0FF0       [1]    INTCON3
0x0FF0       [0]    INT1IP_bit
0x0FF0       [0]    INT2IE_bit
0x0FF0       [0]    INT1IE_bit
0x0FF1       [0]    TMR0IP_bit
0x0FF1       [0]    INTEDG2_bit
0x0FF1       [0]    RBPU_bit
0x0FF1       [0]    RBIP_bit
0x0FF1       [0]    INTEDG1_bit
0x0FF1       [0]    T0IP_bit
0x0FF1       [1]    INTCON2
0x0FF1       [0]    INTEDG0_bit
0x0FF1       [0]    NOT_RBPU_bit
0x0FF2       [0]    TMR0IF_bit
0x0FF2       [0]    RBIE_bit
0x0FF2       [0]    RBIF_bit
0x0FF2       [0]    INT0IF_bit
0x0FF2       [0]    PEIE_bit
0x0FF2       [0]    T0IE_bit
0x0FF2       [0]    INT0E_bit
0x0FF2       [0]    GIEH_bit
0x0FF2       [0]    GIEL_bit
0x0FF2       [0]    GIE_bit
0x0FF2       [0]    PEIE_GIEL_bit
0x0FF2       [0]    TMR0IE_bit
0x0FF2       [0]    INT0IE_bit
0x0FF2       [0]    T0IF_bit
0x0FF2       [0]    INT0F_bit
0x0FF2       [0]    GIE_GIEH_bit
0x0FF2       [1]    INTCON
0x0FF3       [1]    PRODL
0x0FF3       [2]    PROD
0x0FF4       [1]    PRODH
0x0FF5       [1]    TABLAT
0x0FF6       [1]    TBLPTRL
0x0FF6       [3]    TBLPTR
0x0FF7       [1]    TBLPTRH
0x0FF8       [1]    TBLPTRU
0x0FF9       [1]    PC
0x0FF9       [1]    PCL
0x0FFA       [1]    PCLATH
0x0FFB       [0]    PCU1_bit
0x0FFB       [0]    PCU0_bit
0x0FFB       [0]    PCU4_bit
0x0FFB       [1]    PCLATU
0x0FFB       [0]    PCU3_bit
0x0FFB       [0]    PCU2_bit
0x0FFC       [0]    STKPTR3_bit
0x0FFC       [0]    STKPTR4_bit
0x0FFC       [0]    STKOVF_bit
0x0FFC       [0]    STKPTR2_bit
0x0FFC       [0]    STKUNF_bit
0x0FFC       [1]    STKPTR
0x0FFC       [0]    STKFUL_bit
0x0FFC       [0]    STKPTR1_bit
0x0FFC       [0]    STKPTR0_bit
0x0FFD       [1]    TOSL
0x0FFE       [1]    TOSH
0x0FFF       [1]    TOSU
//** Constants locations ** 
//ADDRESS    SIZE    CONSTANT
//----------------------------------------------
0x06F2       [3]    ?ICS?lstr2_GYROS_ACCEL_PIC
0x06F5       [3]    ?ICS?lstr3_GYROS_ACCEL_PIC
0x06F8       [3]    ?ICS?lstr4_GYROS_ACCEL_PIC
0x06FB       [1]    ?ICS_W_DATA
0x06FC       [1]    ?ICS_R_DATA
0x06FD       [6]    ?ICS?lstr1_GYROS_ACCEL_PIC
0x0703       [3]    ?ICS?lstr5_GYROS_ACCEL_PIC
//** Label List: ** 
//----------------------------------------------
  L_MPU_Write0
  L_main1
  L_main2
  L_main3
  L_main4
  _MPU_Write
  _MPU_Read
  _MPU6050_Init
  _main
  L_ByteToStr0
  L_ByteToStr1
  L_ByteToStr2
  L_ByteToStr3
  L_ByteToStr4
  L_ByteToStr5
  L_WordToStr6
  L_WordToStr7
  L_WordToStr8
  L_WordToStr9
  L_WordToStr10
  L_WordToStr11
  L_WordToStrWithZeros12
  L_WordToStrWithZeros13
  L_WordToStrWithZeros14
  L_WordToStrWithZeros15
  L_WordToStrWithZeros16
  L_ShortToStr17
  L_ShortToStr18
  L_ShortToStr19
  L_ShortToStr20
  L_ShortToStr21
  L_ShortToStr22
  L_IntToStr23
  L_IntToStr24
  L_IntToStr25
  L_IntToStr26
  L_IntToStr27
  L_IntToStr28
  L_IntToStrWithZeros29
  L_IntToStrWithZeros30
  L_IntToStrWithZeros31
  L_IntToStrWithZeros32
  L_IntToStrWithZeros33
  L_IntToStrWithZeros34
  L_IntToStrWithZeros35
  L_IntToStrWithZeros36
  L_IntToStrWithZeros37
  L_LongWordToStr38
  L_LongWordToStr39
  L_LongWordToStr40
  L_LongWordToStr41
  L_LongWordToStr42
  L_LongWordToStr43
  L_LongWordToStrWithZeros44
  L_LongWordToStrWithZeros45
  L_LongWordToStrWithZeros46
  L_LongWordToStrWithZeros47
  L_LongWordToStrWithZeros48
  L_LongToStr49
  L_LongToStr50
  L_LongToStr51
  L_LongToStr52
  L_LongToStr53
  L_LongToStr54
  L_LongIntToStrWithZeros55
  L_LongIntToStrWithZeros56
  L_LongIntToStrWithZeros57
  L_LongIntToStrWithZeros58
  L_LongIntToStrWithZeros59
  L_LongIntToStrWithZeros60
  L_LongIntToStrWithZeros61
  L_LongIntToStrWithZeros62
  L_LongIntToStrWithZeros63
  L_Dec2Bcd64
  L_Dec2Bcd65
  L_Rtrim66
  L_Rtrim67
  L_Rtrim68
  L_Rtrim69
  L_Ltrim70
  L_Ltrim71
  L_Ltrim72
  L_Ltrim73
  L_Ltrim74
  L_Ltrim75
  L_FloatToStr76
  L_FloatToStr77
  L_FloatToStr78
  L_FloatToStr79
  L_FloatToStr80
  L_FloatToStr81
  L_FloatToStr82
  L_FloatToStr83
  L_FloatToStr84
  L_FloatToStr85
  L_FloatToStr86
  L_FloatToStr87
  L_FloatToStr88
  L_FloatToStr89
  L_FloatToStr90
  L_FloatToStr91
  L_FloatToStr92
  L_FloatToStr93
  L_FloatToStr94
  L_FloatToStr95
  L_FloatToStr96
  L_FloatToStr97
  L__Rtrim98
  L__Ltrim99
  L__FloatToStr100
  L_end_ByteToHex
  _ByteToHex
  L_end_ShortToHex
  _ShortToHex
  L_end_WordToHex
  _WordToHex
  L_end_IntToHex
  _IntToHex
  L_end_LongWordToHex
  _LongWordToHex
  L_end_LongIntToHex
  _LongIntToHex
  L_end_ByteToStr
  _ByteToStr
  L_end_WordToStr
  _WordToStr
  L__WordToStr109
  L_end_WordToStrWithZeros
  _WordToStrWithZeros
  L__WordToStrWithZeros111
  L_end_ShortToStr
  _ShortToStr
  L__ShortToStr113
  L_end_IntToStr
  _IntToStr
  L__IntToStr115
  L__IntToStr116
  L_end_IntToStrWithZeros
  _IntToStrWithZeros
  L__IntToStrWithZeros118
  L__IntToStrWithZeros119
  L__IntToStrWithZeros120
  L_end_LongWordToStr
  _LongWordToStr
  L__LongWordToStr122
  L__LongWordToStr123
  L_end_LongWordToStrWithZeros
  _LongWordToStrWithZeros
  L__LongWordToStrWithZeros125
  L_end_LongToStr
  _LongToStr
  L__LongToStr127
  L__LongToStr128
  L_end_LongIntToStrWithZeros
  _LongIntToStrWithZeros
  L__LongIntToStrWithZeros130
  L__LongIntToStrWithZeros131
  L__LongIntToStrWithZeros132
  L_end_Dec2Bcd
  _Dec2Bcd
  L_end_Bcd2Dec
  _Bcd2Dec
  L_end_Bcd2Dec16
  _Bcd2Dec16
  L__Bcd2Dec16136
  L__Bcd2Dec16137
  L_end_Dec2Bcd16
  _Dec2Bcd16
  L__Dec2Bcd16139
  L__Dec2Bcd16140
  L_end_Rtrim
  _Rtrim
  L__Rtrim142
  L_end_Ltrim
  _Ltrim
  L_end_FloatToStr
  _FloatToStr
  L__FloatToStr145
  L__FloatToStr146
  L__FloatToStr147
  L__FloatToStr148
  L__FloatToStr149
  L_I2C1_Is_Idle0
  L_I2C1_Is_Idle1
  L_I2C1_Start2
  L_I2C1_Start3
  L_I2C1_Start4
  L_I2C1_Start5
  L_I2C1_Start6
  L_I2C1_Start7
  L_I2C1_Start8
  L_I2C1_Start9
  L_I2C1_Repeated_Start10
  L_I2C1_Repeated_Start11
  L_I2C1_Rd12
  L_I2C1_Rd13
  L_I2C1_Rd14
  L_I2C1_Rd15
  L_I2C1_Rd16
  L_I2C1_Rd17
  L_I2C1_Wr18
  L_I2C1_Wr19
  L_I2C1_Wr20
  L_I2C1_Wr21
  L_I2C1_Wr22
  L_I2C1_Wr23
  L_end_I2C1_Init
  _I2C1_Init
  L_end_I2C1_Is_Idle
  _I2C1_Is_Idle
  L_end_I2C1_Start
  _I2C1_Start
  L__I2C1_Start27
  L__I2C1_Start28
  L_end_I2C1_Repeated_Start
  _I2C1_Repeated_Start
  L_end_I2C1_Rd
  _I2C1_Rd
  L_end_I2C1_Wr
  _I2C1_Wr
  L_end_I2C1_Stop
  _I2C1_Stop
  L_Div_16x16_S0
  L_Div_16x16_S1
  LOOPS3232A
  SADD22LA
  SOK22LA
  SADD22L8
  SOK22L8
  LOOPS3232B
  SADD22LB
  SOK22LB
  SADD22L16
  SOK22L16
  LOOPS3232C
  SADD22LC
  SOK22LC
  SADD22L24
  SOK22L24
  LOOPS3232D
  SADD22LD
  SOK22LD
  SOK22L
  L_Div_32x32_S6
  L_Div_32x32_S7
  L_Div_32x32_S8
  L_Div_32x32_S9
  FXD3232S
  END_ALL
  CA3232S
  C3232SX
  C3232SX1
  C3232S
  C3232S2
  C3232SX4
  C3232SOK
  C3232SX3
  C3232SX2
  avoid_comfrem
  LOOPU3232A
  UADD22LA
  UOK22LA
  UADD22L8
  UOK22L8
  LOOPU3232B
  UADD22LB
  UOK22LB
  UADD22L16
  UOK22L16
  LOOPU3232C
  UADD22LC
  UOK22LC
  UADD22L24
  UOK22L24
  LOOPU3232D
  UADD22LD
  UOK22LD
  UOK22L
  _NEXT
  _EXIT2
  _LOOP
  _EXIT1
  _IF_FIRST
  _IF_SECOND
  _INVERCE_FIRST
  _MULT
  _INBERSE_SECOND
  _EXIT
  L_end_Div_8x8_U
  _Div_8x8_U
  L_end_Div_16x16_U
  _Div_16x16_U
  L_end_Div_16x16_S_L
  _Div_16x16_S_L
  L_end_Div_16x16_S
  _Div_16x16_S
  L_end_Div_8x8_S
  _Div_8x8_S
  L_end_Mul_8x8_S
  _Mul_8x8_S
  L_end_Mul_16x16_U
  _Mul_16x16_U
  L_end_Mul_16x16_S
  _Mul_16x16_S
  L_end_SDIV3232L
  _SDIV3232L
  L_end_COMFREM
  _COMFREM
  L_end_Div_32x32_S
  _Div_32x32_S
  L_end_Div_32x32_U
  _Div_32x32_U
  L_end_Mul_32x32_U
  _Mul_32x32_U
  L_end_Mul_32x32_S
  _Mul_32x32_S
  _CC2D_Loop1
  _CC2DL_Loop1
  L_loopCA2AWs
  L_loopCCA2AWs
  L_loopCS2Ss
  L_CS2Send
  L_loopCCS2Ss
  L_CCS2Send
  L_loopFZinSWs
  L_longjmp7
  L_end___CC2D
  ___CC2D
  L_end___CC2DW
  ___CC2DW
  L_end___CA2AW
  ___CA2AW
  L_end___CCA2AW
  ___CCA2AW
  L_end___CS2S
  ___CS2S
  L_end___CCS2S
  ___CCS2S
  L_end___FZinS
  ___FZinS
  L_end_____DoIFC
  _____DoIFC
  L_end_Swap
  _Swap
  L_end_setjmp
  _setjmp
  L_end_longjmp
  _longjmp
  L_UART1_Init0
  L_UART1_Init1
  L_UART1_Read2
  L_UART1_Write3
  L_UART1_Write4
  L_UART1_Write_Text5
  L_UART1_Write_Text6
  L_UART1_Read_Text7
  L_UART1_Read_Text8
  L_UART1_Read_Text9
  L_UART1_Read_Text10
  L_UART1_Read_Text11
  L_UART1_Read_Text12
  L_UART1_Read_Text13
  L_UART1_Read_Text14
  L_UART1_Read_Text15
  L_UART_Write_Text16
  L_UART_Write_Text17
  L_UART_Read_Text18
  L_UART_Read_Text19
  L_UART_Read_Text20
  L_UART_Read_Text21
  L_UART_Read_Text22
  L_UART_Read_Text23
  L_UART_Read_Text24
  L_UART_Read_Text25
  L_UART_Read_Text26
  L_end_UART1_Init
  _UART1_Init
  L_end_UART1_Data_Ready
  _UART1_Data_Ready
  L_end_UART1_Read
  _UART1_Read
  L_end_UART1_Tx_Idle
  _UART1_Tx_Idle
  L_end_UART1_Write
  _UART1_Write
  L_end_UART1_Write_Text
  _UART1_Write_Text
  L_end_UART1_Read_Text
  _UART1_Read_Text
  L_end_UART_Set_Active
  _UART_Set_Active
  L_end_UART_Write
  _UART_Write
  L_end_UART_Write_Text
  _UART_Write_Text
  L_end_UART_Read
  _UART_Read
  L_end_UART_Data_Ready
  _UART_Data_Ready
  L_end_UART_Read_Text
  _UART_Read_Text
  L_end_UART_Tx_Idle
  _UART_Tx_Idle
