;  LST file generated by mikroListExporter - v.2.0 
; Date/Time: 02/10/2016 09:24:08 a.m.
;----------------------------------------------

;Address Opcode 	ASM
0x0000	0x29F4      	GOTO       500
_interrupt:
0x0004	0x00FF      	MOVWF      R15
0x0005	0x0E03      	SWAPF      STATUS, 0
0x0006	0x0183      	CLRF       STATUS
0x0007	0x00B3      	MOVWF      ___saveSTATUS
0x0008	0x080A      	MOVF       PCLATH, 0
0x0009	0x00B2      	MOVWF      ___savePCLATH
0x000A	0x018A      	CLRF       PCLATH
0x000B	0x0870      	MOVF       R0, 0
0x000C	0x00A3      	MOVWF      35
0x000D	0x087C      	MOVF       R12, 0
0x000E	0x00A2      	MOVWF      34
0x000F	0x087D      	MOVF       R13, 0
0x0010	0x00A1      	MOVWF      33
;SERVOMOTOR_CONTROLER.c,7 :: 		void interrupt(void){ /////*/*/******/*/*/*//*/*/*/*/*
;SERVOMOTOR_CONTROLER.c,8 :: 		if(PIR1.F0==1) {
0x0011	0x1C0C      	BTFSS      PIR1, 0
0x0012	0x2877      	GOTO       L_interrupt0
;SERVOMOTOR_CONTROLER.c,9 :: 		TMR1H=462;
0x0013	0x30CE      	MOVLW      206
0x0014	0x008F      	MOVWF      TMR1H
;SERVOMOTOR_CONTROLER.c,10 :: 		TMR1L=50;
0x0015	0x3032      	MOVLW      50
0x0016	0x008E      	MOVWF      TMR1L
;SERVOMOTOR_CONTROLER.c,11 :: 		PORTB.F3=1;
0x0017	0x1586      	BSF        PORTB, 3
;SERVOMOTOR_CONTROLER.c,12 :: 		PORTB.F4=1;
0x0018	0x1606      	BSF        PORTB, 4
;SERVOMOTOR_CONTROLER.c,13 :: 		PORTB.F5=1;
0x0019	0x1686      	BSF        PORTB, 5
;SERVOMOTOR_CONTROLER.c,14 :: 		PORTB.F6=1;
0x001A	0x1706      	BSF        PORTB, 6
;SERVOMOTOR_CONTROLER.c,15 :: 		PORTB.F7=1;
0x001B	0x1786      	BSF        PORTB, 7
;SERVOMOTOR_CONTROLER.c,16 :: 		delay_us(900);
0x001C	0x3006      	MOVLW      6
0x001D	0x00FC      	MOVWF      R12
0x001E	0x30D7      	MOVLW      215
0x001F	0x00FD      	MOVWF      R13
L_interrupt1:
0x0020	0x0BFD      	DECFSZ     R13, 1
0x0021	0x2820      	GOTO       L_interrupt1
0x0022	0x0BFC      	DECFSZ     R12, 1
0x0023	0x2820      	GOTO       L_interrupt1
;SERVOMOTOR_CONTROLER.c,17 :: 		for(i=0;i<=80;i++){
0x0024	0x01A6      	CLRF       _i
0x0025	0x01A7      	CLRF       _i+1
L_interrupt2:
0x0026	0x3080      	MOVLW      128
0x0027	0x00F0      	MOVWF      R0
0x0028	0x3080      	MOVLW      128
0x0029	0x0627      	XORWF      _i+1, 0
0x002A	0x0270      	SUBWF      R0, 0
0x002B	0x1D03      	BTFSS      STATUS, 2
0x002C	0x282F      	GOTO       L__interrupt16
0x002D	0x0826      	MOVF       _i, 0
0x002E	0x3C50      	SUBLW      80
L__interrupt16:
0x002F	0x1C03      	BTFSS      STATUS, 0
0x0030	0x2876      	GOTO       L_interrupt3
;SERVOMOTOR_CONTROLER.c,18 :: 		if(i>servo1){
0x0031	0x3080      	MOVLW      128
0x0032	0x0629      	XORWF      _servo1+1, 0
0x0033	0x00F0      	MOVWF      R0
0x0034	0x3080      	MOVLW      128
0x0035	0x0627      	XORWF      _i+1, 0
0x0036	0x0270      	SUBWF      R0, 0
0x0037	0x1D03      	BTFSS      STATUS, 2
0x0038	0x283B      	GOTO       L__interrupt17
0x0039	0x0826      	MOVF       _i, 0
0x003A	0x0228      	SUBWF      _servo1, 0
L__interrupt17:
0x003B	0x1803      	BTFSC      STATUS, 0
0x003C	0x283E      	GOTO       L_interrupt5
;SERVOMOTOR_CONTROLER.c,19 :: 		PORTB.F3=0;
0x003D	0x1186      	BCF        PORTB, 3
;SERVOMOTOR_CONTROLER.c,20 :: 		}
L_interrupt5:
;SERVOMOTOR_CONTROLER.c,21 :: 		if(i>servo2){
0x003E	0x3080      	MOVLW      128
0x003F	0x062B      	XORWF      _servo2+1, 0
0x0040	0x00F0      	MOVWF      R0
0x0041	0x3080      	MOVLW      128
0x0042	0x0627      	XORWF      _i+1, 0
0x0043	0x0270      	SUBWF      R0, 0
0x0044	0x1D03      	BTFSS      STATUS, 2
0x0045	0x2848      	GOTO       L__interrupt18
0x0046	0x0826      	MOVF       _i, 0
0x0047	0x022A      	SUBWF      _servo2, 0
L__interrupt18:
0x0048	0x1803      	BTFSC      STATUS, 0
0x0049	0x284B      	GOTO       L_interrupt6
;SERVOMOTOR_CONTROLER.c,22 :: 		PORTB.F4=0;
0x004A	0x1206      	BCF        PORTB, 4
;SERVOMOTOR_CONTROLER.c,23 :: 		}
L_interrupt6:
;SERVOMOTOR_CONTROLER.c,24 :: 		if(i>servo3){
0x004B	0x3080      	MOVLW      128
0x004C	0x0631      	XORWF      _servo3+1, 0
0x004D	0x00F0      	MOVWF      R0
0x004E	0x3080      	MOVLW      128
0x004F	0x0627      	XORWF      _i+1, 0
0x0050	0x0270      	SUBWF      R0, 0
0x0051	0x1D03      	BTFSS      STATUS, 2
0x0052	0x2855      	GOTO       L__interrupt19
0x0053	0x0826      	MOVF       _i, 0
0x0054	0x0230      	SUBWF      _servo3, 0
L__interrupt19:
0x0055	0x1803      	BTFSC      STATUS, 0
0x0056	0x2858      	GOTO       L_interrupt7
;SERVOMOTOR_CONTROLER.c,25 :: 		PORTB.F5=0;
0x0057	0x1286      	BCF        PORTB, 5
;SERVOMOTOR_CONTROLER.c,26 :: 		}
L_interrupt7:
;SERVOMOTOR_CONTROLER.c,27 :: 		if(i>servo4){
0x0058	0x3080      	MOVLW      128
0x0059	0x062F      	XORWF      _servo4+1, 0
0x005A	0x00F0      	MOVWF      R0
0x005B	0x3080      	MOVLW      128
0x005C	0x0627      	XORWF      _i+1, 0
0x005D	0x0270      	SUBWF      R0, 0
0x005E	0x1D03      	BTFSS      STATUS, 2
0x005F	0x2862      	GOTO       L__interrupt20
0x0060	0x0826      	MOVF       _i, 0
0x0061	0x022E      	SUBWF      _servo4, 0
L__interrupt20:
0x0062	0x1803      	BTFSC      STATUS, 0
0x0063	0x2865      	GOTO       L_interrupt8
;SERVOMOTOR_CONTROLER.c,28 :: 		PORTB.F6=0;
0x0064	0x1306      	BCF        PORTB, 6
;SERVOMOTOR_CONTROLER.c,29 :: 		}
L_interrupt8:
;SERVOMOTOR_CONTROLER.c,30 :: 		if(i>servo5){
0x0065	0x3080      	MOVLW      128
0x0066	0x062D      	XORWF      _servo5+1, 0
0x0067	0x00F0      	MOVWF      R0
0x0068	0x3080      	MOVLW      128
0x0069	0x0627      	XORWF      _i+1, 0
0x006A	0x0270      	SUBWF      R0, 0
0x006B	0x1D03      	BTFSS      STATUS, 2
0x006C	0x286F      	GOTO       L__interrupt21
0x006D	0x0826      	MOVF       _i, 0
0x006E	0x022C      	SUBWF      _servo5, 0
L__interrupt21:
0x006F	0x1803      	BTFSC      STATUS, 0
0x0070	0x2872      	GOTO       L_interrupt9
;SERVOMOTOR_CONTROLER.c,31 :: 		PORTB.F7=0;
0x0071	0x1386      	BCF        PORTB, 7
;SERVOMOTOR_CONTROLER.c,32 :: 		}
L_interrupt9:
;SERVOMOTOR_CONTROLER.c,17 :: 		for(i=0;i<=80;i++){
0x0072	0x0AA6      	INCF       _i, 1
0x0073	0x1903      	BTFSC      STATUS, 2
0x0074	0x0AA7      	INCF       _i+1, 1
;SERVOMOTOR_CONTROLER.c,33 :: 		}
0x0075	0x2826      	GOTO       L_interrupt2
L_interrupt3:
;SERVOMOTOR_CONTROLER.c,35 :: 		PIR1.F0=0;
0x0076	0x100C      	BCF        PIR1, 0
;SERVOMOTOR_CONTROLER.c,38 :: 		}
L_interrupt0:
;SERVOMOTOR_CONTROLER.c,39 :: 		}
L__interrupt15:
0x0077	0x0823      	MOVF       35, 0
0x0078	0x00F0      	MOVWF      R0
0x0079	0x0822      	MOVF       34, 0
0x007A	0x00FC      	MOVWF      R12
0x007B	0x0821      	MOVF       33, 0
0x007C	0x00FD      	MOVWF      R13
0x007D	0x0832      	MOVF       ___savePCLATH, 0
0x007E	0x008A      	MOVWF      PCLATH
0x007F	0x0E33      	SWAPF      ___saveSTATUS, 0
0x0080	0x0083      	MOVWF      STATUS
0x0081	0x0EFF      	SWAPF      R15, 1
0x0082	0x0E7F      	SWAPF      R15, 0
0x0083	0x0009      	RETFIE
; end of _interrupt
_RES032:
;__Lib_MathDouble.c,123 :: 		
;__Lib_MathDouble.c,128 :: 		
0x0084	0x01F2      	CLRF       R2
;__Lib_MathDouble.c,129 :: 		
0x0085	0x01F1      	CLRF       R1
;__Lib_MathDouble.c,130 :: 		
0x0086	0x01F0      	CLRF       R0
;__Lib_MathDouble.c,131 :: 		
0x0087	0x01F8      	CLRF       R8
;__Lib_MathDouble.c,132 :: 		
0x0088	0x01F3      	CLRF       R3
;__Lib_MathDouble.c,133 :: 		
0x0089	0x3000      	MOVLW      0
;__Lib_MathDouble.c,135 :: 		
L_end_RES032:
0x008A	0x0008      	RETURN
; end of _RES032
_FIXSIGN32:
;__Lib_MathDouble.c,112 :: 		
;__Lib_MathDouble.c,116 :: 		
0x008B	0x1FFA      	BTFSS      R10, 7
;__Lib_MathDouble.c,117 :: 		
0x008C	0x13F2      	BCF        R2, 7
;__Lib_MathDouble.c,118 :: 		
0x008D	0x3000      	MOVLW      0
;__Lib_MathDouble.c,120 :: 		
L_end_FIXSIGN32:
0x008E	0x0008      	RETURN
; end of _FIXSIGN32
_SETFUN32:
;__Lib_MathDouble.c,138 :: 		
;__Lib_MathDouble.c,145 :: 		
0x008F	0x157B      	BSF        R11, 2
;__Lib_MathDouble.c,146 :: 		
0x0090	0x1FFB      	BTFSS      R11, 7
;__Lib_MathDouble.c,147 :: 		
0x0091	0x2899      	GOTO       SETFUN32EEE
;__Lib_MathDouble.c,148 :: 		
0x0092	0x3001      	MOVLW      1
;__Lib_MathDouble.c,149 :: 		
0x0093	0x00F3      	MOVWF      R3
;__Lib_MathDouble.c,150 :: 		
0x0094	0x01F2      	CLRF       R2
;__Lib_MathDouble.c,151 :: 		
0x0095	0x01F1      	CLRF       R1
;__Lib_MathDouble.c,152 :: 		
0x0096	0x01F0      	CLRF       R0
;__Lib_MathDouble.c,153 :: 		
0x0097	0x0DFA      	RLF        R10, 1
;__Lib_MathDouble.c,154 :: 		
0x0098	0x0CF2      	RRF        R2, 1
;__Lib_MathDouble.c,155 :: 		
SETFUN32EEE:
;__Lib_MathDouble.c,156 :: 		
0x0099	0x30FF      	MOVLW      255
;__Lib_MathDouble.c,158 :: 		
L_end_SETFUN32:
0x009A	0x0008      	RETURN
; end of _SETFUN32
_SETIOV3224:
;__Lib_MathDouble.c,1000 :: 		
;__Lib_MathDouble.c,1006 :: 		
0x009B	0x147B      	BSF        R11, 0
;__Lib_MathDouble.c,1007 :: 		
0x009C	0x1FFB      	BTFSS      R11, 7
;__Lib_MathDouble.c,1008 :: 		
0x009D	0x28A6      	GOTO       SETIOV3224EEE
;__Lib_MathDouble.c,1010 :: 		
0x009E	0x01F2      	CLRF       R2
;__Lib_MathDouble.c,1011 :: 		
0x009F	0x1FFA      	BTFSS      R10, 7
;__Lib_MathDouble.c,1012 :: 		
0x00A0	0x30FF      	MOVLW      255
;__Lib_MathDouble.c,1013 :: 		
0x00A1	0x00F2      	MOVWF      R2
;__Lib_MathDouble.c,1014 :: 		
0x00A2	0x00F1      	MOVWF      R1
;__Lib_MathDouble.c,1015 :: 		
0x00A3	0x00F0      	MOVWF      R0
;__Lib_MathDouble.c,1016 :: 		
0x00A4	0x0DFA      	RLF        R10, 1
;__Lib_MathDouble.c,1017 :: 		
0x00A5	0x0CF2      	RRF        R2, 1
;__Lib_MathDouble.c,1018 :: 		
SETIOV3224EEE:
;__Lib_MathDouble.c,1019 :: 		
0x00A6	0x30FF      	MOVLW      255
;__Lib_MathDouble.c,1021 :: 		
L_end_SETIOV3224:
0x00A7	0x0008      	RETURN
; end of _SETIOV3224
_SETFOV32:
;__Lib_MathDouble.c,79 :: 		
;__Lib_MathDouble.c,86 :: 		
0x00A8	0x14FB      	BSF        R11, 1
;__Lib_MathDouble.c,87 :: 		
0x00A9	0x1FFB      	BTFSS      R11, 7
;__Lib_MathDouble.c,88 :: 		
0x00AA	0x28B2      	GOTO       SETFOV32EEE
;__Lib_MathDouble.c,89 :: 		
0x00AB	0x30FF      	MOVLW      255
;__Lib_MathDouble.c,90 :: 		
0x00AC	0x00F3      	MOVWF      R3
;__Lib_MathDouble.c,91 :: 		
0x00AD	0x00F2      	MOVWF      R2
;__Lib_MathDouble.c,92 :: 		
0x00AE	0x00F1      	MOVWF      R1
;__Lib_MathDouble.c,93 :: 		
0x00AF	0x00F0      	MOVWF      R0
;__Lib_MathDouble.c,94 :: 		
0x00B0	0x0DFA      	RLF        R10, 1
;__Lib_MathDouble.c,95 :: 		
0x00B1	0x0CF2      	RRF        R2, 1
;__Lib_MathDouble.c,96 :: 		
SETFOV32EEE:
;__Lib_MathDouble.c,97 :: 		
0x00B2	0x30FF      	MOVLW      255
;__Lib_MathDouble.c,99 :: 		
L_end_SETFOV32:
0x00B3	0x0008      	RETURN
; end of _SETFOV32
_____DoICP:
;__Lib_System.c,6 :: 		
;__Lib_System.c,9 :: 		
0x00B4	0x1283      	BCF        STATUS, 5
0x00B5	0x1303      	BCF        STATUS, 6
0x00B6	0x0825      	MOVF       ___DoICPAddr+1, 0
0x00B7	0x008A      	MOVWF      PCLATH
;__Lib_System.c,10 :: 		
0x00B8	0x0824      	MOVF       ___DoICPAddr, 0
0x00B9	0x0082      	MOVWF      PCL
;__Lib_System.c,12 :: 		
L_end_____DoICP:
0x00BA	0x0008      	RETURN
; end of _____DoICP
_NRM3232:
;__Lib_MathDouble.c,167 :: 		
;__Lib_MathDouble.c,173 :: 		
;__Lib_MathDouble.c,175 :: 		
0x00BB	0x01A0      	CLRF       __math_tempbD
;__Lib_MathDouble.c,176 :: 		
0x00BC	0x0872      	MOVF       R2, 0
;__Lib_MathDouble.c,177 :: 		
0x00BD	0x1D03      	BTFSS      STATUS, 2
;__Lib_MathDouble.c,178 :: 		
0x00BE	0x28D0      	GOTO       NORM3232
;__Lib_MathDouble.c,179 :: 		
0x00BF	0x0871      	MOVF       R1, 0
;__Lib_MathDouble.c,180 :: 		
0x00C0	0x00F2      	MOVWF      R2
;__Lib_MathDouble.c,181 :: 		
0x00C1	0x0870      	MOVF       R0, 0
;__Lib_MathDouble.c,182 :: 		
0x00C2	0x00F1      	MOVWF      R1
;__Lib_MathDouble.c,183 :: 		
0x00C3	0x01F0      	CLRF       R0
;__Lib_MathDouble.c,184 :: 		
0x00C4	0x15A0      	BSF        __math_tempbD, 3
;__Lib_MathDouble.c,186 :: 		
0x00C5	0x0872      	MOVF       R2, 0
;__Lib_MathDouble.c,187 :: 		
0x00C6	0x1D03      	BTFSS      STATUS, 2
;__Lib_MathDouble.c,188 :: 		
0x00C7	0x28D0      	GOTO       NORM3232
;__Lib_MathDouble.c,189 :: 		
0x00C8	0x0871      	MOVF       R1, 0
;__Lib_MathDouble.c,190 :: 		
0x00C9	0x00F2      	MOVWF      R2
;__Lib_MathDouble.c,191 :: 		
0x00CA	0x01F1      	CLRF       R1
;__Lib_MathDouble.c,192 :: 		
0x00CB	0x11A0      	BCF        __math_tempbD, 3
;__Lib_MathDouble.c,193 :: 		
0x00CC	0x1620      	BSF        __math_tempbD, 4
;__Lib_MathDouble.c,195 :: 		
0x00CD	0x0872      	MOVF       R2, 0
;__Lib_MathDouble.c,196 :: 		
0x00CE	0x1903      	BTFSC      STATUS, 2
;__Lib_MathDouble.c,197 :: 		
0x00CF	0x28DE      	GOTO       JPNRES032
;__Lib_MathDouble.c,198 :: 		
NORM3232:
;__Lib_MathDouble.c,199 :: 		
0x00D0	0x0820      	MOVF       __math_tempbD, 0
;__Lib_MathDouble.c,200 :: 		
0x00D1	0x02F3      	SUBWF      R3, 1
;__Lib_MathDouble.c,201 :: 		
0x00D2	0x1D03      	BTFSS      STATUS, 2
;__Lib_MathDouble.c,202 :: 		
0x00D3	0x1C03      	BTFSS      STATUS, 0
;__Lib_MathDouble.c,203 :: 		
0x00D4	0x28E2      	GOTO       JPNSETFUN32
;__Lib_MathDouble.c,204 :: 		
0x00D5	0x1003      	BCF        STATUS, 0
;__Lib_MathDouble.c,205 :: 		
NORM3232A:
;__Lib_MathDouble.c,206 :: 		
0x00D6	0x1BF2      	BTFSC      R2, 7
;__Lib_MathDouble.c,207 :: 		
0x00D7	0x28E6      	GOTO       JMPNFIXSIGN32
;__Lib_MathDouble.c,208 :: 		
0x00D8	0x0DF0      	RLF        R0, 1
;__Lib_MathDouble.c,209 :: 		
0x00D9	0x0DF1      	RLF        R1, 1
;__Lib_MathDouble.c,210 :: 		
0x00DA	0x0DF2      	RLF        R2, 1
;__Lib_MathDouble.c,211 :: 		
0x00DB	0x0BF3      	DECFSZ     R3, 1
;__Lib_MathDouble.c,212 :: 		
0x00DC	0x28D6      	GOTO       NORM3232A
;__Lib_MathDouble.c,213 :: 		
0x00DD	0x28E2      	GOTO       JPNSETFUN32
;__Lib_MathDouble.c,214 :: 		
JPNRES032:
;__Lib_MathDouble.c,215 :: 		
0x00DE	0x3001      	MOVLW      1
;__Lib_MathDouble.c,216 :: 		
0x00DF	0x00FC      	MOVWF      R12
;__Lib_MathDouble.c,218 :: 		
0x00E0	0x2084      	CALL       _RES032
;__Lib_MathDouble.c,220 :: 		
0x00E1	0x28E9      	GOTO       NORM32EEE
;__Lib_MathDouble.c,221 :: 		
JPNSETFUN32:
;__Lib_MathDouble.c,222 :: 		
0x00E2	0x3002      	MOVLW      2
;__Lib_MathDouble.c,223 :: 		
0x00E3	0x00FC      	MOVWF      R12
;__Lib_MathDouble.c,225 :: 		
0x00E4	0x208F      	CALL       _SETFUN32
;__Lib_MathDouble.c,227 :: 		
0x00E5	0x28E9      	GOTO       NORM32EEE
;__Lib_MathDouble.c,228 :: 		
JMPNFIXSIGN32:
;__Lib_MathDouble.c,229 :: 		
0x00E6	0x3004      	MOVLW      4
;__Lib_MathDouble.c,230 :: 		
0x00E7	0x00FC      	MOVWF      R12
;__Lib_MathDouble.c,232 :: 		
0x00E8	0x208B      	CALL       _FIXSIGN32
;__Lib_MathDouble.c,234 :: 		
NORM32EEE:
;__Lib_MathDouble.c,236 :: 		
L_end_NRM3232:
0x00E9	0x0008      	RETURN
; end of _NRM3232
_UART1_Read:
;__Lib_UART_b21.c,20 :: 		
;__Lib_UART_b21.c,23 :: 		
0x00EA	0x1283      	BCF        STATUS, 5
0x00EB	0x1303      	BCF        STATUS, 6
0x00EC	0x081A      	MOVF       RCREG, 0
0x00ED	0x00F1      	MOVWF      R1
;__Lib_UART_b21.c,24 :: 		
0x00EE	0x1C98      	BTFSS      RCSTA, 1
0x00EF	0x28F2      	GOTO       L_UART1_Read2
;__Lib_UART_b21.c,25 :: 		
0x00F0	0x1218      	BCF        RCSTA, 4
;__Lib_UART_b21.c,26 :: 		
0x00F1	0x1618      	BSF        RCSTA, 4
;__Lib_UART_b21.c,27 :: 		
L_UART1_Read2:
;__Lib_UART_b21.c,28 :: 		
0x00F2	0x0871      	MOVF       R1, 0
0x00F3	0x00F0      	MOVWF      R0
;__Lib_UART_b21.c,29 :: 		
L_end_UART1_Read:
0x00F4	0x0008      	RETURN
; end of _UART1_Read
_Int2Double:
;__Lib_MathDouble.c,1812 :: 		
;__Lib_MathDouble.c,1818 :: 		
0x00F5	0x1283      	BCF        STATUS, 5
;__Lib_MathDouble.c,1819 :: 		
0x00F6	0x1303      	BCF        STATUS, 6
;__Lib_MathDouble.c,1820 :: 		
0x00F7	0x0870      	MOVF       R0, 0
;__Lib_MathDouble.c,1821 :: 		
0x00F8	0x00F8      	MOVWF      R8
;__Lib_MathDouble.c,1822 :: 		
0x00F9	0x0871      	MOVF       R1, 0
;__Lib_MathDouble.c,1823 :: 		
0x00FA	0x00F0      	MOVWF      R0
;__Lib_MathDouble.c,1824 :: 		
0x00FB	0x01F1      	CLRF       R1
;__Lib_MathDouble.c,1825 :: 		
0x00FC	0x01F2      	CLRF       R2
;__Lib_MathDouble.c,1826 :: 		
0x00FD	0x01F3      	CLRF       R3
;__Lib_MathDouble.c,1829 :: 		
0x00FE	0x01FB      	CLRF       R11
;__Lib_MathDouble.c,1830 :: 		
0x00FF	0x01FC      	CLRF       R12
;__Lib_MathDouble.c,1832 :: 		
0x0100	0x3096      	MOVLW      150
;__Lib_MathDouble.c,1833 :: 		
0x0101	0x00F3      	MOVWF      R3
;__Lib_MathDouble.c,1834 :: 		
0x0102	0x01FA      	CLRF       R10
;__Lib_MathDouble.c,1835 :: 		
0x0103	0x1FF0      	BTFSS      R0, 7
;__Lib_MathDouble.c,1836 :: 		
0x0104	0x290B      	GOTO       FLO1632EEE
;__Lib_MathDouble.c,1838 :: 		
0x0105	0x09F8      	COMF       R8, 1
;__Lib_MathDouble.c,1839 :: 		
0x0106	0x09F0      	COMF       R0, 1
;__Lib_MathDouble.c,1841 :: 		
0x0107	0x0AF8      	INCF       R8, 1
;__Lib_MathDouble.c,1842 :: 		
0x0108	0x1903      	BTFSC      STATUS, 2
;__Lib_MathDouble.c,1843 :: 		
0x0109	0x0AF0      	INCF       R0, 1
;__Lib_MathDouble.c,1845 :: 		
0x010A	0x17FA      	BSF        R10, 7
;__Lib_MathDouble.c,1846 :: 		
FLO1632EEE:
;__Lib_MathDouble.c,1847 :: 		
0x010B	0x0870      	MOVF       R0, 0
;__Lib_MathDouble.c,1848 :: 		
0x010C	0x00F1      	MOVWF      R1
;__Lib_MathDouble.c,1849 :: 		
0x010D	0x0878      	MOVF       R8, 0
;__Lib_MathDouble.c,1850 :: 		
0x010E	0x00F0      	MOVWF      R0
;__Lib_MathDouble.c,1851 :: 		
0x010F	0x01F8      	CLRF       R8
;__Lib_MathDouble.c,1852 :: 		
0x0110	0x01F2      	CLRF       R2
;__Lib_MathDouble.c,1854 :: 		
0x0111	0x20BB      	CALL       _NRM3232
;__Lib_MathDouble.c,1855 :: 		
L_end_Int2Double:
0x0112	0x0008      	RETURN
; end of _Int2Double
_Double2Int:
;__Lib_MathDouble.c,1391 :: 		
;__Lib_MathDouble.c,1399 :: 		
0x0113	0x1283      	BCF        STATUS, 5
;__Lib_MathDouble.c,1400 :: 		
0x0114	0x1303      	BCF        STATUS, 6
;__Lib_MathDouble.c,1402 :: 		
0x0115	0x01FB      	CLRF       R11
;__Lib_MathDouble.c,1403 :: 		
0x0116	0x0873      	MOVF       R3, 0
;__Lib_MathDouble.c,1404 :: 		
0x0117	0x1903      	BTFSC      STATUS, 2
;__Lib_MathDouble.c,1405 :: 		
0x0118	0x2950      	GOTO       IRES016
;__Lib_MathDouble.c,1407 :: 		
0x0119	0x0872      	MOVF       R2, 0
;__Lib_MathDouble.c,1408 :: 		
0x011A	0x00FA      	MOVWF      R10
;__Lib_MathDouble.c,1409 :: 		
0x011B	0x17F2      	BSF        R2, 7
;__Lib_MathDouble.c,1411 :: 		
0x011C	0x308E      	MOVLW      142
;__Lib_MathDouble.c,1412 :: 		
0x011D	0x02F3      	SUBWF      R3, 1
;__Lib_MathDouble.c,1413 :: 		
0x011E	0x1FF3      	BTFSS      R3, 7
;__Lib_MathDouble.c,1414 :: 		
0x011F	0x2953      	GOTO       SETIOV16
;__Lib_MathDouble.c,1415 :: 		
0x0120	0x09F3      	COMF       R3, 1
;__Lib_MathDouble.c,1416 :: 		
0x0121	0x0AF3      	INCF       R3, 1
;__Lib_MathDouble.c,1418 :: 		
0x0122	0x3008      	MOVLW      8
;__Lib_MathDouble.c,1419 :: 		
0x0123	0x0273      	SUBWF      R3, 0
;__Lib_MathDouble.c,1420 :: 		
0x0124	0x1C03      	BTFSS      STATUS, 0
;__Lib_MathDouble.c,1421 :: 		
0x0125	0x2936      	GOTO       TSHIFT3216
;__Lib_MathDouble.c,1422 :: 		
0x0126	0x00F3      	MOVWF      R3
;__Lib_MathDouble.c,1423 :: 		
0x0127	0x0DF1      	RLF        R1, 1
;__Lib_MathDouble.c,1424 :: 		
0x0128	0x0872      	MOVF       R2, 0
;__Lib_MathDouble.c,1425 :: 		
0x0129	0x00F1      	MOVWF      R1
;__Lib_MathDouble.c,1426 :: 		
0x012A	0x01F2      	CLRF       R2
;__Lib_MathDouble.c,1428 :: 		
0x012B	0x3008      	MOVLW      8
;__Lib_MathDouble.c,1429 :: 		
0x012C	0x0273      	SUBWF      R3, 0
;__Lib_MathDouble.c,1430 :: 		
0x012D	0x1C03      	BTFSS      STATUS, 0
;__Lib_MathDouble.c,1431 :: 		
0x012E	0x2936      	GOTO       TSHIFT3216
;__Lib_MathDouble.c,1432 :: 		
0x012F	0x00F3      	MOVWF      R3
;__Lib_MathDouble.c,1433 :: 		
0x0130	0x0DF1      	RLF        R1, 1
;__Lib_MathDouble.c,1434 :: 		
0x0131	0x01F1      	CLRF       R1
;__Lib_MathDouble.c,1436 :: 		
0x0132	0x0873      	MOVF       R3, 0
;__Lib_MathDouble.c,1437 :: 		
0x0133	0x1D03      	BTFSS      STATUS, 2
;__Lib_MathDouble.c,1438 :: 		
0x0134	0x1003      	BCF        STATUS, 0
;__Lib_MathDouble.c,1439 :: 		
0x0135	0x293E      	GOTO       SHIFT3216OK
;__Lib_MathDouble.c,1440 :: 		
TSHIFT3216:
;__Lib_MathDouble.c,1441 :: 		
0x0136	0x0873      	MOVF       R3, 0
;__Lib_MathDouble.c,1442 :: 		
0x0137	0x1903      	BTFSC      STATUS, 2
;__Lib_MathDouble.c,1443 :: 		
0x0138	0x293E      	GOTO       SHIFT3216OK
;__Lib_MathDouble.c,1444 :: 		
SHIFT3216:
;__Lib_MathDouble.c,1445 :: 		
0x0139	0x1003      	BCF        STATUS, 0
;__Lib_MathDouble.c,1446 :: 		
0x013A	0x0CF2      	RRF        R2, 1
;__Lib_MathDouble.c,1447 :: 		
0x013B	0x0CF1      	RRF        R1, 1
;__Lib_MathDouble.c,1448 :: 		
0x013C	0x0BF3      	DECFSZ     R3, 1
;__Lib_MathDouble.c,1449 :: 		
0x013D	0x2939      	GOTO       SHIFT3216
;__Lib_MathDouble.c,1450 :: 		
SHIFT3216OK:
;__Lib_MathDouble.c,1451 :: 		
0x013E	0x1B7B      	BTFSC      R11, 6
;__Lib_MathDouble.c,1452 :: 		
0x013F	0x1C71      	BTFSS      R1, 0
;__Lib_MathDouble.c,1453 :: 		
0x0140	0x2948      	GOTO       INT3216OK
;__Lib_MathDouble.c,1454 :: 		
0x0141	0x1C03      	BTFSS      STATUS, 0
;__Lib_MathDouble.c,1455 :: 		
0x0142	0x2948      	GOTO       INT3216OK
;__Lib_MathDouble.c,1456 :: 		
0x0143	0x0AF1      	INCF       R1, 1
;__Lib_MathDouble.c,1457 :: 		
0x0144	0x1903      	BTFSC      STATUS, 2
;__Lib_MathDouble.c,1458 :: 		
0x0145	0x0AF2      	INCF       R2, 1
;__Lib_MathDouble.c,1459 :: 		
0x0146	0x1BF2      	BTFSC      R2, 7
;__Lib_MathDouble.c,1460 :: 		
0x0147	0x295F      	GOTO       JPJSETIOV3224
;__Lib_MathDouble.c,1461 :: 		
INT3216OK:
;__Lib_MathDouble.c,1462 :: 		
0x0148	0x1FFA      	BTFSS      R10, 7
;__Lib_MathDouble.c,1463 :: 		
0x0149	0x2962      	GOTO       INT3216EOK
;__Lib_MathDouble.c,1465 :: 		
0x014A	0x09F2      	COMF       R2, 1
;__Lib_MathDouble.c,1466 :: 		
0x014B	0x09F1      	COMF       R1, 1
;__Lib_MathDouble.c,1467 :: 		
0x014C	0x0AF1      	INCF       R1, 1
;__Lib_MathDouble.c,1468 :: 		
0x014D	0x1903      	BTFSC      STATUS, 2
;__Lib_MathDouble.c,1469 :: 		
0x014E	0x0AF2      	INCF       R2, 1
;__Lib_MathDouble.c,1470 :: 		
0x014F	0x2962      	GOTO       INT3216EOK
;__Lib_MathDouble.c,1472 :: 		
IRES016:
;__Lib_MathDouble.c,1473 :: 		
0x0150	0x01F2      	CLRF       R2
;__Lib_MathDouble.c,1474 :: 		
0x0151	0x01F1      	CLRF       R1
;__Lib_MathDouble.c,1475 :: 		
0x0152	0x2962      	GOTO       INT3216EOK
;__Lib_MathDouble.c,1476 :: 		
SETIOV16:
;__Lib_MathDouble.c,1477 :: 		
0x0153	0x147B      	BSF        R11, 0
;__Lib_MathDouble.c,1478 :: 		
0x0154	0x1FFB      	BTFSS      R11, 7
;__Lib_MathDouble.c,1479 :: 		
0x0155	0x2965      	GOTO       INT3216EER
;__Lib_MathDouble.c,1481 :: 		
0x0156	0x01F2      	CLRF       R2
;__Lib_MathDouble.c,1482 :: 		
0x0157	0x1FFA      	BTFSS      R10, 7
;__Lib_MathDouble.c,1483 :: 		
0x0158	0x2965      	GOTO       INT3216EER
;__Lib_MathDouble.c,1484 :: 		
0x0159	0x30FF      	MOVLW      255
;__Lib_MathDouble.c,1485 :: 		
0x015A	0x00F2      	MOVWF      R2
;__Lib_MathDouble.c,1486 :: 		
0x015B	0x00F1      	MOVWF      R1
;__Lib_MathDouble.c,1487 :: 		
0x015C	0x0DFA      	RLF        R10, 1
;__Lib_MathDouble.c,1488 :: 		
0x015D	0x0CF2      	RRF        R2, 1
;__Lib_MathDouble.c,1489 :: 		
0x015E	0x2965      	GOTO       INT3216EER
;__Lib_MathDouble.c,1491 :: 		
JPJSETIOV3224:
;__Lib_MathDouble.c,1492 :: 		
0x015F	0x3001      	MOVLW      1
;__Lib_MathDouble.c,1493 :: 		
0x0160	0x00FC      	MOVWF      R12
;__Lib_MathDouble.c,1494 :: 		
0x0161	0x2967      	GOTO       INT3216EEE
;__Lib_MathDouble.c,1495 :: 		
INT3216EOK:
;__Lib_MathDouble.c,1496 :: 		
0x0162	0x3000      	MOVLW      0
;__Lib_MathDouble.c,1497 :: 		
0x0163	0x00FC      	MOVWF      R12
;__Lib_MathDouble.c,1498 :: 		
0x0164	0x2967      	GOTO       INT3216EEE
;__Lib_MathDouble.c,1499 :: 		
INT3216EER:
;__Lib_MathDouble.c,1500 :: 		
0x0165	0x30FF      	MOVLW      255
;__Lib_MathDouble.c,1501 :: 		
0x0166	0x00FC      	MOVWF      R12
;__Lib_MathDouble.c,1502 :: 		
INT3216EEE:
;__Lib_MathDouble.c,1505 :: 		
0x0167	0x08FC      	MOVF       R12, 1
;__Lib_MathDouble.c,1507 :: 		
0x0168	0x1903      	BTFSC      STATUS, 2
;__Lib_MathDouble.c,1508 :: 		
0x0169	0x296B      	GOTO       L_Double2Int_0
;__Lib_MathDouble.c,1510 :: 		
0x016A	0x209B      	CALL       _SETIOV3224
;__Lib_MathDouble.c,1512 :: 		
L_Double2Int_0:
;__Lib_MathDouble.c,1513 :: 		
0x016B	0x0871      	MOVF       R1, 0
;__Lib_MathDouble.c,1514 :: 		
0x016C	0x00F0      	MOVWF      R0
;__Lib_MathDouble.c,1515 :: 		
0x016D	0x0872      	MOVF       R2, 0
;__Lib_MathDouble.c,1516 :: 		
0x016E	0x00F1      	MOVWF      R1
;__Lib_MathDouble.c,1520 :: 		
L_end_Double2Int:
0x016F	0x0008      	RETURN
; end of _Double2Int
___CC2DW:
;__Lib_System.c,134 :: 		
;__Lib_System.c,137 :: 		
_CC2D_Loop1:
;__Lib_System.c,139 :: 		
0x0170	0x20B4      	CALL       _____DoICP
0x0171	0x118A      	BCF        PCLATH, 3
0x0172	0x120A      	BCF        PCLATH, 4
;__Lib_System.c,141 :: 		
0x0173	0x0080      	MOVWF      INDF
;__Lib_System.c,142 :: 		
0x0174	0x0A84      	INCF       FSR, 1
;__Lib_System.c,143 :: 		
0x0175	0x0AA4      	INCF       ___DoICPAddr, 1
;__Lib_System.c,145 :: 		
0x0176	0x1903      	BTFSC      STATUS, 2
;__Lib_System.c,146 :: 		
0x0177	0x0AA5      	INCF       ___DoICPAddr+1, 1
;__Lib_System.c,147 :: 		
0x0178	0x03F0      	DECF       R0, 1
;__Lib_System.c,149 :: 		
0x0179	0x1D03      	BTFSS      STATUS, 2
;__Lib_System.c,150 :: 		
0x017A	0x2970      	GOTO       _CC2D_Loop1
;__Lib_System.c,152 :: 		
L_end___CC2DW:
0x017B	0x0008      	RETURN
; end of ___CC2DW
_Mul_32x32_FP:
;__Lib_MathDouble.c,610 :: 		
;__Lib_MathDouble.c,622 :: 		
;__Lib_MathDouble.c,624 :: 		
0x017C	0x1283      	BCF        STATUS, 5
;__Lib_MathDouble.c,625 :: 		
0x017D	0x1303      	BCF        STATUS, 6
;__Lib_MathDouble.c,627 :: 		
0x017E	0x01FB      	CLRF       R11
;__Lib_MathDouble.c,628 :: 		
0x017F	0x0873      	MOVF       R3, 0
;__Lib_MathDouble.c,629 :: 		
0x0180	0x1D03      	BTFSS      STATUS, 2
;__Lib_MathDouble.c,630 :: 		
0x0181	0x0877      	MOVF       R7, 0
;__Lib_MathDouble.c,631 :: 		
0x0182	0x1903      	BTFSC      STATUS, 2
;__Lib_MathDouble.c,632 :: 		
0x0183	0x29D3      	GOTO       JPMRES032
;__Lib_MathDouble.c,634 :: 		
0x0184	0x0872      	MOVF       R2, 0
;__Lib_MathDouble.c,635 :: 		
0x0185	0x0676      	XORWF      R6, 0
;__Lib_MathDouble.c,636 :: 		
0x0186	0x00FA      	MOVWF      R10
;__Lib_MathDouble.c,637 :: 		
0x0187	0x0877      	MOVF       R7, 0
;__Lib_MathDouble.c,638 :: 		
0x0188	0x07F3      	ADDWF      R3, 1
;__Lib_MathDouble.c,639 :: 		
0x0189	0x307E      	MOVLW      126
;__Lib_MathDouble.c,640 :: 		
0x018A	0x1C03      	BTFSS      STATUS, 0
;__Lib_MathDouble.c,641 :: 		
0x018B	0x2990      	GOTO       MTUN32
;__Lib_MathDouble.c,642 :: 		
0x018C	0x02F3      	SUBWF      R3, 1
;__Lib_MathDouble.c,643 :: 		
0x018D	0x1803      	BTFSC      STATUS, 0
;__Lib_MathDouble.c,644 :: 		
0x018E	0x29D6      	GOTO       JPMSETFOV32
;__Lib_MathDouble.c,645 :: 		
0x018F	0x2993      	GOTO       MOK32
;__Lib_MathDouble.c,646 :: 		
MTUN32:
;__Lib_MathDouble.c,647 :: 		
0x0190	0x02F3      	SUBWF      R3, 1
;__Lib_MathDouble.c,648 :: 		
0x0191	0x1C03      	BTFSS      STATUS, 0
;__Lib_MathDouble.c,649 :: 		
0x0192	0x29D9      	GOTO       JPMSETFUN32
;__Lib_MathDouble.c,650 :: 		
MOK32:
;__Lib_MathDouble.c,651 :: 		
0x0193	0x0872      	MOVF       R2, 0
;__Lib_MathDouble.c,652 :: 		
0x0194	0x00F8      	MOVWF      R8
;__Lib_MathDouble.c,653 :: 		
0x0195	0x0871      	MOVF       R1, 0
;__Lib_MathDouble.c,654 :: 		
0x0196	0x00FC      	MOVWF      R12
;__Lib_MathDouble.c,655 :: 		
0x0197	0x0870      	MOVF       R0, 0
;__Lib_MathDouble.c,656 :: 		
0x0198	0x00FD      	MOVWF      R13
;__Lib_MathDouble.c,657 :: 		
0x0199	0x17F8      	BSF        R8, 7
;__Lib_MathDouble.c,658 :: 		
0x019A	0x17F6      	BSF        R6, 7
;__Lib_MathDouble.c,659 :: 		
0x019B	0x1003      	BCF        STATUS, 0
;__Lib_MathDouble.c,660 :: 		
0x019C	0x01F2      	CLRF       R2
;__Lib_MathDouble.c,661 :: 		
0x019D	0x01F1      	CLRF       R1
;__Lib_MathDouble.c,662 :: 		
0x019E	0x01F0      	CLRF       R0
;__Lib_MathDouble.c,663 :: 		
0x019F	0x3018      	MOVLW      24
;__Lib_MathDouble.c,664 :: 		
0x01A0	0x00A0      	MOVWF      __math_tempbD
;__Lib_MathDouble.c,665 :: 		
MLOOP32:
;__Lib_MathDouble.c,666 :: 		
0x01A1	0x1C7D      	BTFSS      R13, 0
;__Lib_MathDouble.c,667 :: 		
0x01A2	0x29AD      	GOTO       MNOADD32
;__Lib_MathDouble.c,669 :: 		
0x01A3	0x0874      	MOVF       R4, 0
;__Lib_MathDouble.c,670 :: 		
0x01A4	0x07F0      	ADDWF      R0, 1
;__Lib_MathDouble.c,671 :: 		
0x01A5	0x0875      	MOVF       R5, 0
;__Lib_MathDouble.c,672 :: 		
0x01A6	0x1803      	BTFSC      STATUS, 0
;__Lib_MathDouble.c,673 :: 		
0x01A7	0x0F75      	INCFSZ     R5, 0
;__Lib_MathDouble.c,674 :: 		
0x01A8	0x07F1      	ADDWF      R1, 1
;__Lib_MathDouble.c,675 :: 		
0x01A9	0x0876      	MOVF       R6, 0
;__Lib_MathDouble.c,676 :: 		
0x01AA	0x1803      	BTFSC      STATUS, 0
;__Lib_MathDouble.c,677 :: 		
0x01AB	0x0F76      	INCFSZ     R6, 0
;__Lib_MathDouble.c,678 :: 		
0x01AC	0x07F2      	ADDWF      R2, 1
;__Lib_MathDouble.c,679 :: 		
MNOADD32:
;__Lib_MathDouble.c,680 :: 		
0x01AD	0x0CF2      	RRF        R2, 1
;__Lib_MathDouble.c,681 :: 		
0x01AE	0x0CF1      	RRF        R1, 1
;__Lib_MathDouble.c,682 :: 		
0x01AF	0x0CF0      	RRF        R0, 1
;__Lib_MathDouble.c,683 :: 		
0x01B0	0x0CF8      	RRF        R8, 1
;__Lib_MathDouble.c,684 :: 		
0x01B1	0x0CFC      	RRF        R12, 1
;__Lib_MathDouble.c,685 :: 		
0x01B2	0x0CFD      	RRF        R13, 1
;__Lib_MathDouble.c,686 :: 		
0x01B3	0x1003      	BCF        STATUS, 0
;__Lib_MathDouble.c,687 :: 		
0x01B4	0x0BA0      	DECFSZ     __math_tempbD, 1
;__Lib_MathDouble.c,688 :: 		
0x01B5	0x29A1      	GOTO       MLOOP32
;__Lib_MathDouble.c,689 :: 		
0x01B6	0x1BF2      	BTFSC      R2, 7
;__Lib_MathDouble.c,690 :: 		
0x01B7	0x29BD      	GOTO       MROUND32
;__Lib_MathDouble.c,691 :: 		
0x01B8	0x0DF8      	RLF        R8, 1
;__Lib_MathDouble.c,692 :: 		
0x01B9	0x0DF0      	RLF        R0, 1
;__Lib_MathDouble.c,693 :: 		
0x01BA	0x0DF1      	RLF        R1, 1
;__Lib_MathDouble.c,694 :: 		
0x01BB	0x0DF2      	RLF        R2, 1
;__Lib_MathDouble.c,695 :: 		
0x01BC	0x03F3      	DECF       R3, 1
;__Lib_MathDouble.c,696 :: 		
MROUND32:
;__Lib_MathDouble.c,697 :: 		
0x01BD	0x1B7B      	BTFSC      R11, 6
;__Lib_MathDouble.c,698 :: 		
0x01BE	0x1C70      	BTFSS      R0, 0
;__Lib_MathDouble.c,699 :: 		
0x01BF	0x29CF      	GOTO       MUL32OK
;__Lib_MathDouble.c,700 :: 		
0x01C0	0x1FF8      	BTFSS      R8, 7
;__Lib_MathDouble.c,701 :: 		
0x01C1	0x29CF      	GOTO       MUL32OK
;__Lib_MathDouble.c,702 :: 		
0x01C2	0x0AF0      	INCF       R0, 1
;__Lib_MathDouble.c,703 :: 		
0x01C3	0x1903      	BTFSC      STATUS, 2
;__Lib_MathDouble.c,704 :: 		
0x01C4	0x0AF1      	INCF       R1, 1
;__Lib_MathDouble.c,705 :: 		
0x01C5	0x1903      	BTFSC      STATUS, 2
;__Lib_MathDouble.c,706 :: 		
0x01C6	0x0AF2      	INCF       R2, 1
;__Lib_MathDouble.c,707 :: 		
0x01C7	0x1D03      	BTFSS      STATUS, 2
;__Lib_MathDouble.c,708 :: 		
0x01C8	0x29CF      	GOTO       MUL32OK
;__Lib_MathDouble.c,709 :: 		
0x01C9	0x0CF2      	RRF        R2, 1
;__Lib_MathDouble.c,710 :: 		
0x01CA	0x0CF1      	RRF        R1, 1
;__Lib_MathDouble.c,711 :: 		
0x01CB	0x0CF0      	RRF        R0, 1
;__Lib_MathDouble.c,712 :: 		
0x01CC	0x0AF3      	INCF       R3, 1
;__Lib_MathDouble.c,713 :: 		
0x01CD	0x1903      	BTFSC      STATUS, 2
;__Lib_MathDouble.c,714 :: 		
0x01CE	0x29D6      	GOTO       JPMSETFOV32
;__Lib_MathDouble.c,715 :: 		
MUL32OK:
;__Lib_MathDouble.c,716 :: 		
0x01CF	0x1FFA      	BTFSS      R10, 7
;__Lib_MathDouble.c,717 :: 		
0x01D0	0x13F2      	BCF        R2, 7
;__Lib_MathDouble.c,718 :: 		
0x01D1	0x3000      	MOVLW      0
;__Lib_MathDouble.c,720 :: 		
0x01D2	0x29DB      	GOTO       MUL32EEE
;__Lib_MathDouble.c,721 :: 		
JPMRES032:
;__Lib_MathDouble.c,722 :: 		
0x01D3	0x3001      	MOVLW      1
;__Lib_MathDouble.c,725 :: 		
0x01D4	0x2084      	CALL       _RES032
;__Lib_MathDouble.c,727 :: 		
0x01D5	0x29DB      	GOTO       MUL32EEE
;__Lib_MathDouble.c,728 :: 		
JPMSETFOV32:
;__Lib_MathDouble.c,729 :: 		
0x01D6	0x3002      	MOVLW      2
;__Lib_MathDouble.c,732 :: 		
0x01D7	0x20A8      	CALL       _SETFOV32
;__Lib_MathDouble.c,734 :: 		
0x01D8	0x29DB      	GOTO       MUL32EEE
;__Lib_MathDouble.c,735 :: 		
JPMSETFUN32:
;__Lib_MathDouble.c,736 :: 		
0x01D9	0x3004      	MOVLW      4
;__Lib_MathDouble.c,739 :: 		
0x01DA	0x208F      	CALL       _SETFUN32
;__Lib_MathDouble.c,741 :: 		
MUL32EEE:
;__Lib_MathDouble.c,742 :: 		
0x01DB	0x0000      	NOP
;__Lib_MathDouble.c,749 :: 		
L_end_Mul_32x32_FP:
0x01DC	0x0008      	RETURN
; end of _Mul_32x32_FP
_UART1_Data_Ready:
;__Lib_UART_b21.c,15 :: 		
;__Lib_UART_b21.c,16 :: 		
0x01DD	0x3000      	MOVLW      0
0x01DE	0x1283      	BCF        STATUS, 5
0x01DF	0x1303      	BCF        STATUS, 6
0x01E0	0x1A8C      	BTFSC      PIR1, 5
0x01E1	0x3001      	MOVLW      1
0x01E2	0x00F0      	MOVWF      R0
;__Lib_UART_b21.c,17 :: 		
L_end_UART1_Data_Ready:
0x01E3	0x0008      	RETURN
; end of _UART1_Data_Ready
_UART1_Init:
;__Lib_UART_b21.c,2 :: 		
;__Lib_UART_b21.c,5 :: 		
0x01E4	0x1683      	BSF        STATUS, 5
0x01E5	0x1303      	BCF        STATUS, 6
0x01E6	0x1698      	BSF        TXSTA, 5
;__Lib_UART_b21.c,6 :: 		
0x01E7	0x3090      	MOVLW      144
0x01E8	0x1283      	BCF        STATUS, 5
0x01E9	0x0098      	MOVWF      RCSTA
;__Lib_UART_b21.c,7 :: 		
0x01EA	0x1683      	BSF        STATUS, 5
0x01EB	0x1486      	BSF        TRISB1_bit, BitPos(TRISB1_bit+0)
;__Lib_UART_b21.c,8 :: 		
0x01EC	0x1106      	BCF        TRISB2_bit, BitPos(TRISB2_bit+0)
;__Lib_UART_b21.c,9 :: 		
L_UART1_Init0:
0x01ED	0x1283      	BCF        STATUS, 5
0x01EE	0x1E8C      	BTFSS      PIR1, 5
0x01EF	0x29F3      	GOTO       L_UART1_Init1
;__Lib_UART_b21.c,10 :: 		
0x01F0	0x081A      	MOVF       RCREG, 0
0x01F1	0x00F0      	MOVWF      R0
0x01F2	0x29ED      	GOTO       L_UART1_Init0
L_UART1_Init1:
;__Lib_UART_b21.c,11 :: 		
L_end_UART1_Init:
0x01F3	0x0008      	RETURN
; end of _UART1_Init
_main:
;SERVOMOTOR_CONTROLER.c,42 :: 		void main() {           //-------******-------
;SERVOMOTOR_CONTROLER.c,45 :: 		int j=0;
0x01F4	0x1283      	BCF        STATUS, 5
0x01F5	0x1303      	BCF        STATUS, 6
0x01F6	0x01C2      	CLRF       main_j_L0
0x01F7	0x01C3      	CLRF       main_j_L0+1
;SERVOMOTOR_CONTROLER.c,47 :: 		TRISB= 0b00000011;
0x01F8	0x3003      	MOVLW      3
0x01F9	0x1683      	BSF        STATUS, 5
0x01FA	0x0086      	MOVWF      TRISB
;SERVOMOTOR_CONTROLER.c,48 :: 		INTCON=0b11000000;
0x01FB	0x30C0      	MOVLW      192
0x01FC	0x008B      	MOVWF      INTCON
;SERVOMOTOR_CONTROLER.c,49 :: 		T1CON= 0b00110001;
0x01FD	0x3031      	MOVLW      49
0x01FE	0x1283      	BCF        STATUS, 5
0x01FF	0x0090      	MOVWF      T1CON
;SERVOMOTOR_CONTROLER.c,50 :: 		PIE1.F0=1;
0x0200	0x1683      	BSF        STATUS, 5
0x0201	0x140C      	BSF        PIE1, 0
;SERVOMOTOR_CONTROLER.c,51 :: 		PORTB.F2=1;
0x0202	0x1283      	BCF        STATUS, 5
0x0203	0x1506      	BSF        PORTB, 2
;SERVOMOTOR_CONTROLER.c,53 :: 		UART1_Init(9600);
0x0204	0x3081      	MOVLW      129
0x0205	0x1683      	BSF        STATUS, 5
0x0206	0x0099      	MOVWF      SPBRG
0x0207	0x1518      	BSF        TXSTA, 2
0x0208	0x21E4      	CALL       _UART1_Init
;SERVOMOTOR_CONTROLER.c,54 :: 		while(1)
L_main10:
;SERVOMOTOR_CONTROLER.c,56 :: 		if(UART1_Data_Ready()){
0x0209	0x21DD      	CALL       _UART1_Data_Ready
0x020A	0x0870      	MOVF       R0, 0
0x020B	0x1903      	BTFSC      STATUS, 2
0x020C	0x2A34      	GOTO       L_main12
;SERVOMOTOR_CONTROLER.c,57 :: 		ch=UART1_Read();
0x020D	0x20EA      	CALL       _UART1_Read
;SERVOMOTOR_CONTROLER.c,58 :: 		a=ch;
0x020E	0x0870      	MOVF       R0, 0
0x020F	0x00B4      	MOVWF      main_a_L0
0x0210	0x01B5      	CLRF       main_a_L0+1
;SERVOMOTOR_CONTROLER.c,59 :: 		if(a>185) j=0;
0x0211	0x3080      	MOVLW      128
0x0212	0x00F0      	MOVWF      R0
0x0213	0x3080      	MOVLW      128
0x0214	0x0635      	XORWF      main_a_L0+1, 0
0x0215	0x0270      	SUBWF      R0, 0
0x0216	0x1D03      	BTFSS      STATUS, 2
0x0217	0x2A1A      	GOTO       L__main22
0x0218	0x0834      	MOVF       main_a_L0, 0
0x0219	0x3CB9      	SUBLW      185
L__main22:
0x021A	0x1803      	BTFSC      STATUS, 0
0x021B	0x2A1E      	GOTO       L_main13
0x021C	0x01C2      	CLRF       main_j_L0
0x021D	0x01C3      	CLRF       main_j_L0+1
L_main13:
;SERVOMOTOR_CONTROLER.c,60 :: 		angle_servo[j]=a;
0x021E	0x0842      	MOVF       main_j_L0, 0
0x021F	0x00F0      	MOVWF      R0
0x0220	0x0843      	MOVF       main_j_L0+1, 0
0x0221	0x00F1      	MOVWF      R0+1
0x0222	0x0DF0      	RLF        R0, 1
0x0223	0x0DF1      	RLF        R0+1, 1
0x0224	0x1070      	BCF        R0, 0
0x0225	0x0870      	MOVF       R0, 0
0x0226	0x3E36      	ADDLW      main_angle_servo_L0
0x0227	0x0084      	MOVWF      FSR
0x0228	0x0834      	MOVF       main_a_L0, 0
0x0229	0x0080      	MOVWF      INDF
0x022A	0x0835      	MOVF       main_a_L0+1, 0
0x022B	0x0A84      	INCF       FSR, 1
0x022C	0x0080      	MOVWF      INDF
;SERVOMOTOR_CONTROLER.c,61 :: 		j++;
0x022D	0x0AC2      	INCF       main_j_L0, 1
0x022E	0x1903      	BTFSC      STATUS, 2
0x022F	0x0AC3      	INCF       main_j_L0+1, 1
;SERVOMOTOR_CONTROLER.c,62 :: 		delay_us(50);
0x0230	0x3053      	MOVLW      83
0x0231	0x00FD      	MOVWF      R13
L_main14:
0x0232	0x0BFD      	DECFSZ     R13, 1
0x0233	0x2A32      	GOTO       L_main14
;SERVOMOTOR_CONTROLER.c,63 :: 		}
L_main12:
;SERVOMOTOR_CONTROLER.c,64 :: 		servo1= angle_servo[1]*0.44;
0x0234	0x0838      	MOVF       main_angle_servo_L0+2, 0
0x0235	0x00F0      	MOVWF      R0
0x0236	0x0839      	MOVF       main_angle_servo_L0+3, 0
0x0237	0x00F1      	MOVWF      R0+1
0x0238	0x20F5      	CALL       _Int2Double
0x0239	0x30AE      	MOVLW      174
0x023A	0x00F4      	MOVWF      R4
0x023B	0x3047      	MOVLW      71
0x023C	0x00F5      	MOVWF      R4+1
0x023D	0x3061      	MOVLW      97
0x023E	0x00F6      	MOVWF      R4+2
0x023F	0x307D      	MOVLW      125
0x0240	0x00F7      	MOVWF      R4+3
0x0241	0x217C      	CALL       _Mul_32x32_FP
0x0242	0x2113      	CALL       _Double2Int
0x0243	0x0870      	MOVF       R0, 0
0x0244	0x00A8      	MOVWF      _servo1
0x0245	0x0871      	MOVF       R0+1, 0
0x0246	0x00A9      	MOVWF      _servo1+1
;SERVOMOTOR_CONTROLER.c,65 :: 		servo2= angle_servo[2]*0.44;
0x0247	0x083A      	MOVF       main_angle_servo_L0+4, 0
0x0248	0x00F0      	MOVWF      R0
0x0249	0x083B      	MOVF       main_angle_servo_L0+5, 0
0x024A	0x00F1      	MOVWF      R0+1
0x024B	0x20F5      	CALL       _Int2Double
0x024C	0x30AE      	MOVLW      174
0x024D	0x00F4      	MOVWF      R4
0x024E	0x3047      	MOVLW      71
0x024F	0x00F5      	MOVWF      R4+1
0x0250	0x3061      	MOVLW      97
0x0251	0x00F6      	MOVWF      R4+2
0x0252	0x307D      	MOVLW      125
0x0253	0x00F7      	MOVWF      R4+3
0x0254	0x217C      	CALL       _Mul_32x32_FP
0x0255	0x2113      	CALL       _Double2Int
0x0256	0x0870      	MOVF       R0, 0
0x0257	0x00AA      	MOVWF      _servo2
0x0258	0x0871      	MOVF       R0+1, 0
0x0259	0x00AB      	MOVWF      _servo2+1
;SERVOMOTOR_CONTROLER.c,66 :: 		servo3= angle_servo[3]*0.44;
0x025A	0x083C      	MOVF       main_angle_servo_L0+6, 0
0x025B	0x00F0      	MOVWF      R0
0x025C	0x083D      	MOVF       main_angle_servo_L0+7, 0
0x025D	0x00F1      	MOVWF      R0+1
0x025E	0x20F5      	CALL       _Int2Double
0x025F	0x30AE      	MOVLW      174
0x0260	0x00F4      	MOVWF      R4
0x0261	0x3047      	MOVLW      71
0x0262	0x00F5      	MOVWF      R4+1
0x0263	0x3061      	MOVLW      97
0x0264	0x00F6      	MOVWF      R4+2
0x0265	0x307D      	MOVLW      125
0x0266	0x00F7      	MOVWF      R4+3
0x0267	0x217C      	CALL       _Mul_32x32_FP
0x0268	0x2113      	CALL       _Double2Int
0x0269	0x0870      	MOVF       R0, 0
0x026A	0x00B0      	MOVWF      _servo3
0x026B	0x0871      	MOVF       R0+1, 0
0x026C	0x00B1      	MOVWF      _servo3+1
;SERVOMOTOR_CONTROLER.c,67 :: 		servo4= angle_servo[4]*0.44;
0x026D	0x083E      	MOVF       main_angle_servo_L0+8, 0
0x026E	0x00F0      	MOVWF      R0
0x026F	0x083F      	MOVF       main_angle_servo_L0+9, 0
0x0270	0x00F1      	MOVWF      R0+1
0x0271	0x20F5      	CALL       _Int2Double
0x0272	0x30AE      	MOVLW      174
0x0273	0x00F4      	MOVWF      R4
0x0274	0x3047      	MOVLW      71
0x0275	0x00F5      	MOVWF      R4+1
0x0276	0x3061      	MOVLW      97
0x0277	0x00F6      	MOVWF      R4+2
0x0278	0x307D      	MOVLW      125
0x0279	0x00F7      	MOVWF      R4+3
0x027A	0x217C      	CALL       _Mul_32x32_FP
0x027B	0x2113      	CALL       _Double2Int
0x027C	0x0870      	MOVF       R0, 0
0x027D	0x00AE      	MOVWF      _servo4
0x027E	0x0871      	MOVF       R0+1, 0
0x027F	0x00AF      	MOVWF      _servo4+1
;SERVOMOTOR_CONTROLER.c,68 :: 		servo5= angle_servo[5]*0.44;
0x0280	0x0840      	MOVF       main_angle_servo_L0+10, 0
0x0281	0x00F0      	MOVWF      R0
0x0282	0x0841      	MOVF       main_angle_servo_L0+11, 0
0x0283	0x00F1      	MOVWF      R0+1
0x0284	0x20F5      	CALL       _Int2Double
0x0285	0x30AE      	MOVLW      174
0x0286	0x00F4      	MOVWF      R4
0x0287	0x3047      	MOVLW      71
0x0288	0x00F5      	MOVWF      R4+1
0x0289	0x3061      	MOVLW      97
0x028A	0x00F6      	MOVWF      R4+2
0x028B	0x307D      	MOVLW      125
0x028C	0x00F7      	MOVWF      R4+3
0x028D	0x217C      	CALL       _Mul_32x32_FP
0x028E	0x2113      	CALL       _Double2Int
0x028F	0x0870      	MOVF       R0, 0
0x0290	0x00AC      	MOVWF      _servo5
0x0291	0x0871      	MOVF       R0+1, 0
0x0292	0x00AD      	MOVWF      _servo5+1
;SERVOMOTOR_CONTROLER.c,70 :: 		}
0x0293	0x2A09      	GOTO       L_main10
;SERVOMOTOR_CONTROLER.c,71 :: 		}
0x0294	0x2A94      	GOTO       $+0
; end of _main
Symbol List:
//** Routines locations **
//ADDRESS    SIZE    PROCEDURE
//----------------------------------------------
0x0004     [128]    _interrupt
0x0084       [7]    _RES032
0x008B       [4]    _FIXSIGN32
0x008F      [12]    _SETFUN32
0x009B      [13]    _SETIOV3224
0x00A8      [12]    _SETFOV32
0x00B4       [7]    _____DoICP
0x00BB      [47]    _NRM3232
0x00EA      [11]    _UART1_Read
0x00F5      [30]    _Int2Double
0x0113      [93]    _Double2Int
0x0170      [12]    ___CC2DW
0x017C      [97]    _Mul_32x32_FP
0x01DD       [7]    _UART1_Data_Ready
0x01E4      [16]    _UART1_Init
0x01F4     [161]    _main
//** Variables locations ** 
//ADDRESS    SIZE    VARIABLE
//----------------------------------------------
0x0000       [1]    INDF
0x0001       [1]    TMR0
0x0002       [1]    PCL
0x0003       [0]    Z_bit
0x0003       [0]    DC_bit
0x0003       [0]    IRP_bit
0x0003       [0]    RP1_bit
0x0003       [0]    NOT_TO_bit
0x0003       [0]    NOT_PD_bit
0x0003       [0]    RP0_bit
0x0003       [0]    C_bit
0x0003       [1]    STATUS
0x0004       [1]    FSR
0x0004       [1]    FSRPTR
0x0005       [0]    RA6_bit
0x0005       [0]    RA5_bit
0x0005       [0]    RA7_bit
0x0005       [0]    RA4_bit
0x0005       [0]    RA0_bit
0x0005       [1]    PORTA
0x0005       [0]    RA1_bit
0x0005       [0]    RA3_bit
0x0005       [0]    RA2_bit
0x0006       [0]    RB2_bit
0x0006       [0]    RB6_bit
0x0006       [0]    RB5_bit
0x0006       [1]    PORTB
0x0006       [0]    RB7_bit
0x0006       [0]    RB3_bit
0x0006       [0]    RB1_bit
0x0006       [0]    RB4_bit
0x0006       [0]    RB0_bit
0x000A       [1]    PCLATH
0x000B       [0]    RBIE_bit
0x000B       [0]    T0IF_bit
0x000B       [0]    TMR0IF_bit
0x000B       [0]    INTE_bit
0x000B       [0]    GIE_bit
0x000B       [0]    PEIE_bit
0x000B       [0]    T0IE_bit
0x000B       [0]    INTF_bit
0x000B       [0]    RBIF_bit
0x000B       [0]    TMR0IE_bit
0x000B       [1]    INTCON
0x000C       [0]    CCP1IF_bit
0x000C       [0]    TMR2IF_bit
0x000C       [0]    CMIF_bit
0x000C       [0]    TMR1IF_bit
0x000C       [0]    EEIF_bit
0x000C       [0]    TXIF_bit
0x000C       [1]    PIR1
0x000C       [0]    RCIF_bit
0x000E       [1]    TMR1L
0x000F       [1]    TMR1H
0x0010       [0]    TMR1CS_bit
0x0010       [0]    NOT_T1SYNC_bit
0x0010       [1]    T1CON
0x0010       [0]    TMR1ON_bit
0x0010       [0]    T1OSCEN_bit
0x0010       [0]    T1CKPS1_bit
0x0010       [0]    T1CKPS0_bit
0x0011       [1]    TMR2
0x0012       [0]    TOUTPS1_bit
0x0012       [1]    T2CON
0x0012       [0]    TOUTPS3_bit
0x0012       [0]    TOUTPS2_bit
0x0012       [0]    TMR2ON_bit
0x0012       [0]    TOUTPS0_bit
0x0012       [0]    T2CKPS1_bit
0x0012       [0]    T2CKPS0_bit
0x0015       [2]    CCPR1
0x0015       [1]    CCPR1L
0x0016       [1]    CCPR1H
0x0017       [1]    CCP1CON
0x0017       [0]    CCP1M1_bit
0x0017       [0]    CCP1M2_bit
0x0017       [0]    CCP1M3_bit
0x0017       [0]    CCP1Y_bit
0x0017       [0]    CCP1X_bit
0x0017       [0]    CCP1M0_bit
0x0018       [0]    SPEN_bit
0x0018       [0]    CREN_bit
0x0018       [0]    SREN_bit
0x0018       [0]    RX9_bit
0x0018       [1]    RCSTA
0x0018       [0]    OERR_bit
0x0018       [0]    RX9D_bit
0x0018       [0]    FERR_bit
0x0018       [0]    ADDEN_bit
0x0018       [0]    ADEN_bit
0x0019       [1]    TXREG
0x001A       [1]    RCREG
0x001F       [0]    CM0_bit
0x001F       [0]    C2OUT_bit
0x001F       [0]    C1OUT_bit
0x001F       [0]    CM2_bit
0x001F       [1]    CMCON
0x001F       [0]    CM1_bit
0x001F       [0]    CIS_bit
0x001F       [0]    C1INV_bit
0x001F       [0]    C2INV_bit
0x0020       [1]    __math_tempbD
0x0024       [2]    ___DoICPAddr
0x0026       [2]    _i
0x0028       [2]    _servo1
0x002A       [2]    _servo2
0x002C       [2]    _servo5
0x002E       [2]    _servo4
0x0030       [2]    _servo3
0x0032       [1]    ___savePCLATH
0x0033       [1]    ___saveSTATUS
0x0034       [2]    main_a_L0
0x0036      [12]    main_angle_servo_L0
0x0042       [2]    main_j_L0
0x0070       [1]    R0
0x0071       [1]    R1
0x0072       [1]    R2
0x0073       [1]    R3
0x0074       [1]    R4
0x0075       [1]    R5
0x0076       [1]    R6
0x0077       [1]    R7
0x0078       [1]    R8
0x0079       [1]    R9
0x007A       [1]    R10
0x007B       [1]    R11
0x007C       [1]    R12
0x007D       [1]    R13
0x007E       [1]    R14
0x007F       [1]    R15
0x0081       [0]    INTEDG_bit
0x0081       [0]    NOT_RBPU_bit
0x0081       [0]    T0CS_bit
0x0081       [0]    PSA_bit
0x0081       [0]    T0SE_bit
0x0081       [0]    PS2_bit
0x0081       [1]    OPTION_REG
0x0081       [0]    PS0_bit
0x0081       [0]    PS1_bit
0x0085       [1]    TRISA
0x0085       [0]    TRISA2_bit
0x0085       [0]    TRISA3_bit
0x0085       [0]    TRISA0_bit
0x0085       [0]    TRISA1_bit
0x0085       [0]    TRISA7_bit
0x0085       [0]    TRISA6_bit
0x0085       [0]    TRISA4_bit
0x0085       [0]    TRISA5_bit
0x0086       [0]    TRISB3_bit
0x0086       [0]    TRISB2_bit
0x0086       [0]    TRISB1_bit
0x0086       [0]    TRISB4_bit
0x0086       [0]    TRISB7_bit
0x0086       [0]    TRISB6_bit
0x0086       [0]    TRISB5_bit
0x0086       [0]    TRISB0_bit
0x0086       [1]    TRISB
0x008C       [0]    EEIE_bit
0x008C       [0]    TXIE_bit
0x008C       [0]    CMIE_bit
0x008C       [0]    RCIE_bit
0x008C       [0]    TMR2IE_bit
0x008C       [0]    TMR1IE_bit
0x008C       [1]    PIE1
0x008C       [0]    CCP1IE_bit
0x008E       [0]    NOT_BOR_bit
0x008E       [0]    NOT_POR_bit
0x008E       [1]    PCON
0x008E       [0]    OSCF_bit
0x008E       [0]    NOT_BOD_bit
0x008E       [0]    NOT_BO_bit
0x0092       [1]    PR2
0x0098       [0]    TRMT_bit
0x0098       [0]    BRGH_bit
0x0098       [1]    TXSTA
0x0098       [0]    TX9D_bit
0x0098       [0]    SYNC_bit
0x0098       [0]    TX9_bit
0x0098       [0]    CSRC_bit
0x0098       [0]    TXEN_bit
0x0099       [1]    SPBRG
0x009A       [1]    EEDATA
0x009B       [1]    EEADR
0x009C       [0]    WREN_bit
0x009C       [0]    WRERR_bit
0x009C       [0]    WR_bit
0x009C       [1]    EECON1
0x009C       [0]    RD_bit
0x009D       [1]    EECON2
0x009F       [0]    VR2_bit
0x009F       [0]    VR3_bit
0x009F       [1]    VRCON
0x009F       [0]    VR1_bit
0x009F       [0]    VRR_bit
0x009F       [0]    VREN_bit
0x009F       [0]    VR0_bit
0x009F       [0]    VROE_bit
//** Label List: ** 
//----------------------------------------------
  L_interrupt0
  L_interrupt1
  L_interrupt2
  L_interrupt3
  L_interrupt4
  L_interrupt5
  L_interrupt6
  L_interrupt7
  L_interrupt8
  L_interrupt9
  L_main10
  L_main11
  L_main12
  L_main13
  L_main14
  _interrupt
  L__interrupt15
  L__interrupt16
  L__interrupt17
  L__interrupt18
  L__interrupt19
  L__interrupt20
  L__interrupt21
  _main
  L__main22
  SETFOV32EEE
  SETFUN32EEE
  NORM3232
  JPNRES032
  JPNSETFUN32
  NORM3232A
  JMPNFIXSIGN32
  NORM32EEE
  NRMRND4032
  NRM4032
  JMPSETFOV32
  NORM4032
  JMPRES032
  JMPSETFUN32
  NORM4032A
  JMPFIXSIGN32
  NRM4032EEE
  USEA32
  JMPEEE
  ALIGNED32
  ALIGNB32
  ALOOPB32
  AOK32
  ACOMP32
  JMPNRMRND4032
  ADD_JMPSETFOV32
  JMPNRM4032
  JMPNRM32
  ADD32EEE
  FPM32
  JPMRES032
  M32BNE0
  MTUN32
  JPMSETFOV32
  MOK32
  JPMSETFUN32
  MLOOP32
  MNOADD32
  MADD32
  MROUND32
  MUL32OK
  MUL32EEE
  L_Div_32x32_FP7
  L_Div_32x32_FP8
  L_Div_32x32_FP9
  L_Div_32x32_FP10
  FPD32
  JPDSETFDZ32
  JPDRES032
  D32BNE0
  TALIGN32
  TS1ALIGN32
  TS2ALIGN32
  DALIGN32OK
  ALTB32
  AGEB32
  JPDSETFOV32
  DARGOK32
  JPDSETFUN32
  DLOOP32
  DS132
  DS232
  DREST32
  DOK32
  DAREST32
  DROUND32
  DIV32OK
  DIV32EEE
  SETIOV3224EEE
  INT3232U
  INT3232UEOK
  SETEXP32U
  SETIOV32U
  TSHIFT3232U
  SHIFT3232UOK
  SHIFT3232U
  INT3232UOK
  JPLSETIOV3224
  IRES032U
  INT3232UEER
  INT3232UEEE
  L_Double2Longword_0
  INT3232
  INT3232EOK
  SETIOV32
  TSHIFT3232
  SHIFT3232OK
  SHIFT3232
  INT3232OK
  JPISETIOV3224
  IRES032
  INT3232EER
  INT3232EEE
  L_Double2Longint_0
  INT3216
  IRES016
  SETIOV16
  TSHIFT3216
  SHIFT3216OK
  SHIFT3216
  INT3216OK
  JPJSETIOV3224
  INT3216EOK
  INT3216EER
  INT3216EEE
  L_Double2Int_0
  INT3216U
  IRES016U
  SETEXP16U
  SETIOV16U
  TSHIFT3216U
  SHIFT3216UOK
  SHIFT3216U
  INT3216UOK
  JPKSETIOV3224
  INT3216UEOK
  INT3216UEER
  INT3216UEEE
  L_Double2Word_0
  INT32U08
  IRES008
  SETEXP08
  SETIOV08
  TSHIFT3208
  SHIFT3208OK
  SHIFT3208
  INT3208OK
  D2B_JPKSETIOV3224
  INT3208EOK
  INT3208EER
  INT3208EEE
  L_Double2Byte_0
  FLO08U32
  FLO1632
  FLO1632EEE
  FLO16U32
  FLO3232
  FLO3232EEE
  FLO32U32
  EQU_FALSE
  COMPARE_EQU
  COMPARE_NOTZERO
  COMPARE_XNOTZERO
  COMPARE_YNOTZERO
  COMPARE_LT
  COMPARE_GT
  COMPARE_TESTALL
  COMPARE_C1
  GT_FALSE
  GT_TRUE
  COMPARE_C2
  COMPARE_C3
  L_end_SETFOV32
  _SETFOV32
  L_end_SETFDZ32
  _SETFDZ32
  L_end_FIXSIGN32
  _FIXSIGN32
  L_end_RES032
  _RES032
  L_end_SETFUN32
  _SETFUN32
  L_end_NRM3232
  _NRM3232
  L_end_NRM4032
  _NRM4032
  L_end_Add_32x32_FP
  _Add_32x32_FP
  L_end_Sub_32x32_FP
  _Sub_32x32_FP
  L_end_Mul_32x32_FP
  _Mul_32x32_FP
  L_end_Div_32x32_FP
  _Div_32x32_FP
  L_end_SETIOV3224
  _SETIOV3224
  L_end_Double2Longword
  _Double2Longword
  L_end_Double2Longint
  _Double2Longint
  L_end_Double2Int
  _Double2Int
  L_end_Double2Word
  _Double2Word
  L_end_Double2Byte
  _Double2Byte
  L_end_Byte2Double
  _Byte2Double
  L_end_Int2Double
  _Int2Double
  L_end_Word2Double
  _Word2Double
  L_end_Longint2Double
  _Longint2Double
  L_end_Longword2Double
  _Longword2Double
  L_end_Equals_Double
  _Equals_Double
  L_end_Compare_Double
  _Compare_Double
  L_loopCA2AWs
  L_CA2AWend
  _CCA2AW_Loop1
  L_loopCS2Ss
  L_CS2Send
  _CCS2S_Loop1
  L_CCS2Send
  L_loopFZinSWs
  L_FZinSend
  _CC2D_Loop1
  L_end_____DoICP
  _____DoICP
  L_end_____DoIFC
  _____DoIFC
  L_end___CA2AW
  ___CA2AW
  L_end___CCA2AW
  ___CCA2AW
  L_end___CS2S
  ___CS2S
  L_end___CCS2S
  ___CCS2S
  L_end___FZinS
  ___FZinS
  L_end___CC2DW
  ___CC2DW
  L_end_Swap
  _Swap
  L_UART1_Init0
  L_UART1_Init1
  L_UART1_Read2
  L_UART1_Write3
  L_UART1_Write4
  L_UART1_Write_Text5
  L_UART1_Write_Text6
  L_UART1_Read_Text7
  L_UART1_Read_Text8
  L_UART1_Read_Text9
  L_UART1_Read_Text10
  L_UART1_Read_Text11
  L_UART1_Read_Text12
  L_UART1_Read_Text13
  L_UART1_Read_Text14
  L_UART1_Read_Text15
  L_end_UART1_Init
  _UART1_Init
  L_end_UART1_Data_Ready
  _UART1_Data_Ready
  L_end_UART1_Read
  _UART1_Read
  L_end_UART1_Tx_Idle
  _UART1_Tx_Idle
  L_end_UART1_Write
  _UART1_Write
  L_end_UART1_Write_Text
  _UART1_Write_Text
  L_end_UART1_Read_Text
  _UART1_Read_Text
  L_interrupt0
  L_interrupt1
  L_interrupt2
  L_interrupt3
  L_interrupt4
  L_interrupt5
  L_interrupt6
  L_interrupt7
  L_interrupt8
  L_interrupt9
  L_main10
  L_main11
  L_main12
  L_main13
  L_main14
  _interrupt
  L__interrupt15
  L__interrupt16
  L__interrupt17
  L__interrupt18
  L__interrupt19
  L__interrupt20
  L__interrupt21
  _main
  L__main22
