0	1	mikroCPIC1618.exe -MSF -DBG -pP16F877A -GC -DL -O11111114 -fo20 -N"C:\osa\osa\example\mikroc\lights_mikroc16.mcppi" -SP"C:\Users\Public\Documents\Mikroelektronika\mikroC PRO for PIC\defs\" -SP"C:\Users\Public\Documents\Mikroelektronika\mikroC PRO for PIC\Uses\P16\" -SP"C:\osa\osa\example\mikroc\" -SP"G:\Program Files\Mikroelektronika\mikroC PRO for PIC\defs\" -SP"G:\Program Files\Mikroelektronika\mikroC PRO for PIC\Uses\P16\" -SP"C:\osa\example\mikroc\" -SP"C:\Program Files\Mikroelektronika\mikroC PRO for PIC\defs\" -SP"C:\Program Files\Mikroelektronika\mikroC PRO for PIC\Uses\P16\" -SP"C:\osa\" -SP"C:\osa\osa\" -IP"C:\osa\example\mikroc\" -IP"C:\osa\" -IP"C:\osa\osa\" -IP"C:\osa\osa\example\mikroc\" "lights_mikroc.c" "osa.c" "__Lib_Math.mcl" "__Lib_MathDouble.mcl" "__Lib_System.mcl" "__Lib_Delays.mcl"	 
warning: 0	1501	Specified search path does not exist: 'G:\Program Files\Mikroelektronika\mikroC PRO for PIC\defs'	 
warning: 0	1501	Specified search path does not exist: 'G:\Program Files\Mikroelektronika\mikroC PRO for PIC\Uses\P16'	 
warning: 0	1501	Specified search path does not exist: 'C:\osa\example\mikroc'	 
warning: 0	1501	Specified search path does not exist: 'C:\Program Files\Mikroelektronika\mikroC PRO for PIC\defs'	 
warning: 0	1501	Specified search path does not exist: 'C:\Program Files\Mikroelektronika\mikroC PRO for PIC\Uses\P16'	 
warning: 0	1502	Specified include path does not exist: 'C:\osa\example\mikroc'	 
hint: 0	1139	Available RAM: 352 [bytes], Available ROM: 8192 [bytes]	 
diagnostics: 0	126	All files Preprocessed in 249 ms	 
diagnostics: 0	122	Compilation Started	osa.h
diagnostics: 432	123	Compiled Successfully	lights_mikroc.c
diagnostics: 0	122	Compilation Started	osa.h
diagnostics: 36	123	Compiled Successfully	osa_tasks.c
hint: 228	1164	Variable 'temp' has been eliminated by optimizer	osa_tasks.c
hint: 256	1164	Variable 'temp' has been eliminated by optimizer	osa_tasks.c
hint: 283	1164	Variable 'temp' has been eliminated by optimizer	osa_tasks.c
hint: 333	1164	Variable 'temp' has been eliminated by optimizer	osa_tasks.c
diagnostics: 0	127	All files Compiled in 359 ms	 
hint: 0	1144	Used RAM (bytes): 41 (12%)  Free RAM (bytes): 311 (88%)	Used RAM (bytes): 41 (12%)  Free RAM (bytes): 311 (88%)
hint: 0	1144	Used ROM (program words): 589 (7%)  Free ROM (program words): 7603 (93%)	Used ROM (program words): 589 (7%)  Free ROM (program words): 7603 (93%)
diagnostics: 0	125	Project Linked Successfully	lights_mikroc16.mcppi
hint: 0	1004	COFF file successfully generated	COFF file successfully generated
diagnostics: 0	128	Linked in 468 ms	 
diagnostics: 0	129	Project 'lights_mikroc16.mcppi' completed: 1139 ms	 
diagnostics: 0	103	Finished successfully: 21 Aug 2013, 00:22:04	lights_mikroc16.mcppi
