;  LST file generated by mikroListExporter - v.2.0 
; Date/Time: 8/21/2013 1:38:11 AM
;----------------------------------------------

;Address Opcode 	ASM
0x0000	0xF000EFB8  	GOTO        368
_interrupt:
;lights_mikroc.c,259 :: 		void interrupt (void)
0x0008	0xF016C000  	MOVFF       R0, 22
0x000C	0xF015C001  	MOVFF       R1, 21
;lights_mikroc.c,267 :: 		if (T0IF_bit && T0IE_bit)
0x0010	0xA4F2      	BTFSS       T0IF_bit, 2 
0x0012	0xD002      	BRA         L_interrupt15
0x0014	0xBAF2      	BTFSC       T0IE_bit, 5 
L__interrupt28:
;lights_mikroc.c,269 :: 		T0IF_bit = 0;
0x0016	0x94F2      	BCF         T0IF_bit, 2 
;lights_mikroc.c,271 :: 		}
L_interrupt15:
;lights_mikroc.c,278 :: 		if (TMR2IF_bit)
0x0018	0xA29E      	BTFSS       TMR2IF_bit, 1 
0x001A	0xD002      	BRA         L_interrupt16
;lights_mikroc.c,280 :: 		TMR2IF_bit = 0;
0x001C	0x929E      	BCF         TMR2IF_bit, 1 
;lights_mikroc.c,281 :: 		OS_Timer();
0x001E	0xD816      	RCALL       _OS_Timer
;lights_mikroc.c,282 :: 		}
L_interrupt16:
;lights_mikroc.c,284 :: 		}
L_end_interrupt:
L__interrupt33:
0x0020	0xF000C016  	MOVFF       22, R0
0x0024	0xF001C015  	MOVFF       21, R1
0x0028	0x0011      	RETFIE      1
; end of _interrupt
__OS_SET_FSR_CUR_TASK:
;osa_pic18_mikroc.c,242 :: 		
;osa_pic18_mikroc.c,244 :: 		
0x002A	0xFFE9C017  	MOVFF       __OS_CurTask, FSR0L
0x002E	0xFFEAC018  	MOVFF       __OS_CurTask+1, FSR0H
;osa_pic18_mikroc.c,245 :: 		
L_end__OS_SET_FSR_CUR_TASK:
0x0032	0x0012      	RETURN      0
; end of __OS_SET_FSR_CUR_TASK
__OS_JumpToTask:
;osa_pic18_mikroc.c,64 :: 		
;osa_pic18_mikroc.c,66 :: 		
0x0034	0xDFFA      	RCALL       __OS_SET_FSR_CUR_TASK
;osa_pic18_mikroc.c,67 :: 		
0x0036	0xF030CFEE  	MOVFF       POSTINC0, __OS_State
;osa_pic18_mikroc.c,69 :: 		
0x003A	0x0005      	PUSH
;osa_pic18_mikroc.c,70 :: 		
0x003C	0x50EE      	MOVF        POSTINC0, 0, 0
;osa_pic18_mikroc.c,71 :: 		
0x003E	0x6EFD      	MOVWF       TOSL, 0
;osa_pic18_mikroc.c,72 :: 		
0x0040	0x50EE      	MOVF        POSTINC0, 0, 0
;osa_pic18_mikroc.c,73 :: 		
0x0042	0x6EFE      	MOVWF       TOSH, 0
;osa_pic18_mikroc.c,74 :: 		
0x0044	0x50EE      	MOVF        POSTINC0, 0, 0
;osa_pic18_mikroc.c,75 :: 		
0x0046	0x6EFF      	MOVWF       TOSU, 0
;osa_pic18_mikroc.c,76 :: 		
0x0048	0x0012      	RETURN      0
;osa_pic18_mikroc.c,78 :: 		
L_end__OS_JumpToTask:
0x004A	0x0012      	RETURN      0
; end of __OS_JumpToTask
_OS_Timer:
;osa_system.c,568 :: 		
;osa_system.c,570 :: 		
0x004C	0xA81A      	BTFSS       __OS_Tasks, 4 
0x004E	0xD00E      	BRA         L_OS_Timer11
0x0050	0x0E01      	MOVLW       1
0x0052	0x241F      	ADDWF       __OS_Tasks+5, 0 
0x0054	0x6E00      	MOVWF       R0 
0x0056	0x0E00      	MOVLW       0
0x0058	0x2020      	ADDWFC      __OS_Tasks+6, 0 
0x005A	0x6E01      	MOVWF       R1 
0x005C	0xF01FC000  	MOVFF       R0, __OS_Tasks+5
0x0060	0xF020C001  	MOVFF       R1, __OS_Tasks+6
0x0064	0x501F      	MOVF        __OS_Tasks+5, 0 
0x0066	0x1020      	IORWF       __OS_Tasks+6, 0 
0x0068	0xB4D8      	BTFSC       STATUS, 2 
0x006A	0x981A      	BCF         __OS_Tasks, 4 
L_OS_Timer12:
L_OS_Timer11:
0x006C	0xA821      	BTFSS       __OS_Tasks+7, 4 
0x006E	0xD00E      	BRA         L_OS_Timer13
0x0070	0x0E01      	MOVLW       1
0x0072	0x2426      	ADDWF       __OS_Tasks+12, 0 
0x0074	0x6E00      	MOVWF       R0 
0x0076	0x0E00      	MOVLW       0
0x0078	0x2027      	ADDWFC      __OS_Tasks+13, 0 
0x007A	0x6E01      	MOVWF       R1 
0x007C	0xF026C000  	MOVFF       R0, __OS_Tasks+12
0x0080	0xF027C001  	MOVFF       R1, __OS_Tasks+13
0x0084	0x5026      	MOVF        __OS_Tasks+12, 0 
0x0086	0x1027      	IORWF       __OS_Tasks+13, 0 
0x0088	0xB4D8      	BTFSC       STATUS, 2 
0x008A	0x9821      	BCF         __OS_Tasks+7, 4 
L_OS_Timer14:
L_OS_Timer13:
0x008C	0xA828      	BTFSS       __OS_Tasks+14, 4 
0x008E	0xD00E      	BRA         L_OS_Timer15
0x0090	0x0E01      	MOVLW       1
0x0092	0x242D      	ADDWF       __OS_Tasks+19, 0 
0x0094	0x6E00      	MOVWF       R0 
0x0096	0x0E00      	MOVLW       0
0x0098	0x202E      	ADDWFC      __OS_Tasks+20, 0 
0x009A	0x6E01      	MOVWF       R1 
0x009C	0xF02DC000  	MOVFF       R0, __OS_Tasks+19
0x00A0	0xF02EC001  	MOVFF       R1, __OS_Tasks+20
0x00A4	0x502D      	MOVF        __OS_Tasks+19, 0 
0x00A6	0x102E      	IORWF       __OS_Tasks+20, 0 
0x00A8	0xB4D8      	BTFSC       STATUS, 2 
0x00AA	0x9828      	BCF         __OS_Tasks+14, 4 
L_OS_Timer16:
L_OS_Timer15:
;osa_system.c,571 :: 		
L_end_OS_Timer:
0x00AC	0x0012      	RETURN      0
; end of _OS_Timer
__OS_Task_Create:
;osa_tasks.c,75 :: 		
;osa_tasks.c,79 :: 		
0x00AE	0x922F      	BCF         __OS_Flags, 1 
;osa_tasks.c,88 :: 		
0x00B0	0x0E1A      	MOVLW       __OS_Tasks
0x00B2	0x6E01      	MOVWF       R1 
0x00B4	0x0E00      	MOVLW       hi_addr(__OS_Tasks)
0x00B6	0x6E02      	MOVWF       R2 
;osa_tasks.c,89 :: 		
0x00B8	0x6A19      	CLRF        __OS_Temp 
;osa_tasks.c,91 :: 		
L__OS_Task_Create17:
;osa_tasks.c,93 :: 		
0x00BA	0xFFE9C001  	MOVFF       R1, FSR0L
0x00BE	0xFFEAC002  	MOVFF       R2, FSR0H
0x00C2	0xF000CFEE  	MOVFF       POSTINC0, R0
0x00C6	0xBC00      	BTFSC       R0, 6 
0x00C8	0xD028      	BRA         L__OS_Task_Create20
;osa_tasks.c,95 :: 		
0x00CA	0x8C31      	BSF         FARG__OS_Task_Create_priority, 6 
;osa_tasks.c,96 :: 		
0x00CC	0x8631      	BSF         FARG__OS_Task_Create_priority, 3 
;osa_tasks.c,98 :: 		
0x00CE	0x0E01      	MOVLW       1
0x00D0	0x2401      	ADDWF       R1, 0 
0x00D2	0x6EE1      	MOVWF       FSR1L 
0x00D4	0x0E00      	MOVLW       0
0x00D6	0x2002      	ADDWFC      R2, 0 
0x00D8	0x6EE2      	MOVWF       FSR1H 
0x00DA	0xFFE6C032  	MOVFF       FARG__OS_Task_Create_TaskAddr, POSTINC1
0x00DE	0xFFE6C033  	MOVFF       FARG__OS_Task_Create_TaskAddr+1, POSTINC1
0x00E2	0xFFE6C034  	MOVFF       FARG__OS_Task_Create_TaskAddr+2, POSTINC1
0x00E6	0xFFE6C035  	MOVFF       FARG__OS_Task_Create_TaskAddr+3, POSTINC1
;osa_tasks.c,101 :: 		
0x00EA	0x0E05      	MOVLW       5
0x00EC	0x2401      	ADDWF       R1, 0 
0x00EE	0x6EE1      	MOVWF       FSR1L 
0x00F0	0x0E00      	MOVLW       0
0x00F2	0x2002      	ADDWFC      R2, 0 
0x00F4	0x6EE2      	MOVWF       FSR1H 
0x00F6	0x6AE6      	CLRF        POSTINC1 
0x00F8	0x6AE6      	CLRF        POSTINC1 
;osa_tasks.c,108 :: 		
0x00FA	0xFFE1C001  	MOVFF       R1, FSR1L
0x00FE	0xFFE2C002  	MOVFF       R2, FSR1H
0x0102	0xFFE6C031  	MOVFF       FARG__OS_Task_Create_priority, POSTINC1
;osa_tasks.c,111 :: 		
0x0106	0x5002      	MOVF        R2, 0 
0x0108	0x1818      	XORWF       __OS_CurTask+1, 0 
0x010A	0xE102      	BNZ         L___OS_Task_Create37
0x010C	0x5017      	MOVF        __OS_CurTask, 0 
0x010E	0x1801      	XORWF       R1, 0 
L___OS_Task_Create37:
0x0110	0xE102      	BNZ         L__OS_Task_Create21
0x0112	0xF030C031  	MOVFF       FARG__OS_Task_Create_priority, __OS_State
L__OS_Task_Create21:
;osa_tasks.c,126 :: 		
0x0116	0x922F      	BCF         __OS_Flags, 1 
;osa_tasks.c,128 :: 		
0x0118	0xD009      	BRA         L_end__OS_Task_Create
;osa_tasks.c,130 :: 		
L__OS_Task_Create20:
;osa_tasks.c,132 :: 		
0x011A	0x0E07      	MOVLW       7
0x011C	0x2601      	ADDWF       R1, 1 
0x011E	0x0E00      	MOVLW       0
0x0120	0x2202      	ADDWFC      R2, 1 
;osa_tasks.c,134 :: 		
0x0122	0x2A19      	INCF        __OS_Temp, 1 
0x0124	0x0E03      	MOVLW       3
0x0126	0x5C19      	SUBWF       __OS_Temp, 0 
0x0128	0xE3C8      	BNC         L__OS_Task_Create17
;osa_tasks.c,137 :: 		
0x012A	0x822F      	BSF         __OS_Flags, 1 
;osa_tasks.c,139 :: 		
;osa_tasks.c,140 :: 		
L_end__OS_Task_Create:
0x012C	0x0012      	RETURN      0
; end of __OS_Task_Create
_Init:
;lights_mikroc.c,195 :: 		void Init (void)
;lights_mikroc.c,202 :: 		PORTA = PORTA_CONST;
0x012E	0x6A80      	CLRF        PORTA 
;lights_mikroc.c,203 :: 		PORTB = PORTB_CONST;
0x0130	0x6A81      	CLRF        PORTB 
;lights_mikroc.c,205 :: 		TRISA = TRISA_CONST;
0x0132	0x0E01      	MOVLW       1
0x0134	0x6E92      	MOVWF       TRISA 
;lights_mikroc.c,206 :: 		TRISB = TRISB_CONST;
0x0136	0x0E01      	MOVLW       1
0x0138	0x6E93      	MOVWF       TRISB 
;lights_mikroc.c,208 :: 		NOT_RBPU_bit = 0;
0x013A	0x9EF1      	BCF         NOT_RBPU_bit, 7 
;lights_mikroc.c,210 :: 		PORTC = PORTC_CONST;
0x013C	0x6A82      	CLRF        PORTC 
;lights_mikroc.c,211 :: 		TRISC = TRISC_CONST;
0x013E	0x6A94      	CLRF        TRISC 
;lights_mikroc.c,236 :: 		T2CON         = 0x4E;
0x0140	0x0E4E      	MOVLW       78
0x0142	0x6ECA      	MOVWF       T2CON 
;lights_mikroc.c,237 :: 		TMR2IE_bit         = 1;
0x0144	0x829D      	BSF         TMR2IE_bit, 1 
;lights_mikroc.c,238 :: 		PR2                 = 250;
0x0146	0x0EFA      	MOVLW       250
0x0148	0x6ECB      	MOVWF       PR2 
;lights_mikroc.c,239 :: 		INTCON         = 0xC0;
0x014A	0x0EC0      	MOVLW       192
0x014C	0x6EF2      	MOVWF       INTCON 
;lights_mikroc.c,249 :: 		PEIE_bit = 1;
0x014E	0x8CF2      	BSF         PEIE_bit, 6 
;lights_mikroc.c,251 :: 		}
L_end_Init:
0x0150	0x0012      	RETURN      0
; end of _Init
_OS_Init:
;osa_system.c,67 :: 		
;osa_system.c,72 :: 		
0x0152	0x6A2F      	CLRF        __OS_Flags 
;osa_system.c,323 :: 		
0x0154	0x0E1A      	MOVLW       __OS_Tasks
0x0156	0x6E00      	MOVWF       R0 
0x0158	0x0E00      	MOVLW       hi_addr(__OS_Tasks)
0x015A	0x6E01      	MOVWF       R1 
0x015C	0x0E0E      	MOVLW       14
0x015E	0x2400      	ADDWF       R0, 0 
0x0160	0x6E17      	MOVWF       __OS_CurTask 
0x0162	0x0E00      	MOVLW       0
0x0164	0x2001      	ADDWFC      R1, 0 
0x0166	0x6E18      	MOVWF       __OS_CurTask+1 
;osa_system.c,326 :: 		
0x0168	0x9C1A      	BCF         __OS_Tasks, 6 
;osa_system.c,329 :: 		
0x016A	0x9C21      	BCF         __OS_Tasks+7, 6 
;osa_system.c,333 :: 		
0x016C	0x9C28      	BCF         __OS_Tasks+14, 6 
;osa_system.c,394 :: 		
L_end_OS_Init:
0x016E	0x0012      	RETURN      0
; end of _OS_Init
_main:
;lights_mikroc.c,155 :: 		void main (void)
;lights_mikroc.c,157 :: 		Init();                             // Init periphery
0x0170	0xDFDE      	RCALL       _Init
;lights_mikroc.c,159 :: 		OS_Init();                          // Init OS
0x0172	0xDFEF      	RCALL       _OS_Init
;lights_mikroc.c,163 :: 		OS_Task_Create(0, Thread1);    // Create tasks.
0x0174	0x6A31      	CLRF        FARG__OS_Task_Create_priority 
0x0176	0x0EFF      	MOVLW       _Thread1
0x0178	0x6E32      	MOVWF       FARG__OS_Task_Create_TaskAddr 
0x017A	0x0EFF      	MOVLW       hi_addr(_Thread1)
0x017C	0x6E33      	MOVWF       FARG__OS_Task_Create_TaskAddr+1 
0x017E	0x0E00      	MOVLW       0
0x0180	0x6E34      	MOVWF       FARG__OS_Task_Create_TaskAddr+2 
0x0182	0x0E00      	MOVLW       0
0x0184	0x6E35      	MOVWF       FARG__OS_Task_Create_TaskAddr+3 
0x0186	0xDF93      	RCALL       __OS_Task_Create
;lights_mikroc.c,164 :: 		OS_Task_Create(0, Thread2);   //
0x0188	0x6A31      	CLRF        FARG__OS_Task_Create_priority 
0x018A	0x0EFF      	MOVLW       _Thread2
0x018C	0x6E32      	MOVWF       FARG__OS_Task_Create_TaskAddr 
0x018E	0x0EFF      	MOVLW       hi_addr(_Thread2)
0x0190	0x6E33      	MOVWF       FARG__OS_Task_Create_TaskAddr+1 
0x0192	0x0E00      	MOVLW       0
0x0194	0x6E34      	MOVWF       FARG__OS_Task_Create_TaskAddr+2 
0x0196	0x0E00      	MOVLW       0
0x0198	0x6E35      	MOVWF       FARG__OS_Task_Create_TaskAddr+3 
0x019A	0xDF89      	RCALL       __OS_Task_Create
;lights_mikroc.c,165 :: 		OS_Task_Create(0, Thread3);     //
0x019C	0x6A31      	CLRF        FARG__OS_Task_Create_priority 
0x019E	0x0EFF      	MOVLW       _Thread3
0x01A0	0x6E32      	MOVWF       FARG__OS_Task_Create_TaskAddr 
0x01A2	0x0EFF      	MOVLW       hi_addr(_Thread3)
0x01A4	0x6E33      	MOVWF       FARG__OS_Task_Create_TaskAddr+1 
0x01A6	0x0E00      	MOVLW       0
0x01A8	0x6E34      	MOVWF       FARG__OS_Task_Create_TaskAddr+2 
0x01AA	0x0E00      	MOVLW       0
0x01AC	0x6E35      	MOVWF       FARG__OS_Task_Create_TaskAddr+3 
0x01AE	0xDF7F      	RCALL       __OS_Task_Create
;lights_mikroc.c,170 :: 		OS_EI();                            // Enable interrupts
0x01B0	0x8EF2      	BSF         GIE_bit, 7 
0x01B2	0xBED0      	BTFSC       IPEN_bit, 7 
0x01B4	0x8CF2      	BSF         GIEL_bit, 6 
L_main0:
;lights_mikroc.c,172 :: 		OS_Run();                           // Running scheduler void hello() iv 0x0018 ics ICS_AUTO {}
L_main1:
0x01B6	0x6A19      	CLRF        __OS_Temp 
0x01B8	0x0E1A      	MOVLW       __OS_Tasks
0x01BA	0x6E00      	MOVWF       R0 
0x01BC	0x0E00      	MOVLW       hi_addr(__OS_Tasks)
0x01BE	0x6E01      	MOVWF       R1 
0x01C0	0x0E0E      	MOVLW       14
0x01C2	0x2400      	ADDWF       R0, 0 
0x01C4	0x6E02      	MOVWF       R2 
0x01C6	0x0E00      	MOVLW       0
0x01C8	0x2001      	ADDWFC      R1, 0 
0x01CA	0x6E03      	MOVWF       R3 
0x01CC	0x5003      	MOVF        R3, 0 
0x01CE	0x5C18      	SUBWF       __OS_CurTask+1, 0 
0x01D0	0xE102      	BNZ         L__main30
0x01D2	0x5002      	MOVF        R2, 0 
0x01D4	0x5C17      	SUBWF       __OS_CurTask, 0 
L__main30:
0x01D6	0xE305      	BNC         L_main4
0x01D8	0x0E1A      	MOVLW       __OS_Tasks
0x01DA	0x6E17      	MOVWF       __OS_CurTask 
0x01DC	0x0E00      	MOVLW       hi_addr(__OS_Tasks)
0x01DE	0x6E18      	MOVWF       __OS_CurTask+1 
0x01E0	0xD00A      	BRA         L_main5
L_main4:
0x01E2	0x0E07      	MOVLW       7
0x01E4	0x2417      	ADDWF       __OS_CurTask, 0 
0x01E6	0x6E00      	MOVWF       R0 
0x01E8	0x0E00      	MOVLW       0
0x01EA	0x2018      	ADDWFC      __OS_CurTask+1, 0 
0x01EC	0x6E01      	MOVWF       R1 
0x01EE	0xF017C000  	MOVFF       R0, __OS_CurTask
0x01F2	0xF018C001  	MOVFF       R1, __OS_CurTask+1
L_main5:
0x01F6	0xFFE9C017  	MOVFF       __OS_CurTask, FSR0L
0x01FA	0xFFEAC018  	MOVFF       __OS_CurTask+1, FSR0H
0x01FE	0x0E01      	MOVLW       1
0x0200	0x6E00      	MOVWF       R0 
0x0202	0x0E30      	MOVLW       __OS_State
0x0204	0x6EE1      	MOVWF       FSR1L 
0x0206	0x0E00      	MOVLW       hi_addr(__OS_State)
0x0208	0x6EE2      	MOVWF       FSR1H 
L_main6:
0x020A	0xFFE6CFEE  	MOVFF       POSTINC0, POSTINC1
0x020E	0x0600      	DECF        R0, 1 
0x0210	0xE1FC      	BNZ         L_main6
0x0212	0xAC30      	BTFSS       __OS_State, 6 
0x0214	0xD003      	BRA         L__main27
0x0216	0xBE30      	BTFSC       __OS_State, 7 
0x0218	0xD001      	BRA         L__main27
0x021A	0xD001      	BRA         L_main9
L__main27:
0x021C	0xD00E      	BRA         ___main__OS_SCHED_CONTINUE
L_main9:
0x021E	0xA830      	BTFSS       __OS_State, 4 
0x0220	0xD003      	BRA         L_main12
0x0222	0xBA30      	BTFSC       __OS_State, 5 
0x0224	0xD001      	BRA         L_main12
L__main26:
0x0226	0xD009      	BRA         ___main__OS_SCHED_CONTINUE
L_main12:
0x0228	0xDF05      	RCALL       __OS_JumpToTask
0x022A	0xDEFF      	RCALL       __OS_SET_FSR_CUR_TASK
0x022C	0x0ED7      	MOVLW       215
0x022E	0x16EF      	ANDWF       __indf, 1 
0x0230	0x0E28      	MOVLW       40
0x0232	0x1430      	ANDWF       __OS_State, 0 
0x0234	0x6E00      	MOVWF       R0 
0x0236	0x5000      	MOVF        R0, 0 
0x0238	0x12EF      	IORWF       __indf, 1 
___main__OS_SCHED_CONTINUE:
0x023A	0xD7BD      	BRA         L_main1
;lights_mikroc.c,174 :: 		}
L_end_main:
0x023C	0xD7FF      	BRA         $+0
; end of _main
Symbol List:
//** Routines locations **
//ADDRESS    SIZE    PROCEDURE
//----------------------------------------------
0x0008      [34]    _interrupt
0x002A      [10]    __OS_SET_FSR_CUR_TASK
0x0034      [24]    __OS_JumpToTask
0x004C      [98]    _OS_Timer
0x00AE     [128]    __OS_Task_Create
0x012E      [36]    _Init
0x0152      [30]    _OS_Init
0x0170     [206]    _main
//** Variables locations ** 
//ADDRESS    SIZE    VARIABLE
//----------------------------------------------
0x0000       [1]    R0
0x0000       [1]    UART1_Init_tmp_L0
0x0001       [1]    OS_DI_temp_L0
0x0001       [1]    R1
0x0001       [1]    UART1_Read___tmp_UART1_Read_L0
0x0001       [2]    _OS_Task_Create_Task_L0
0x0002       [1]    R2
0x0003       [1]    R3
0x0004       [1]    R4
0x0005       [1]    R5
0x0006       [1]    R6
0x0007       [1]    R7
0x0008       [1]    R8
0x0009       [1]    R9
0x000A       [1]    R10
0x000B       [1]    R11
0x000C       [1]    R12
0x000D       [1]    R13
0x000E       [1]    R14
0x000F       [1]    R15
0x0010       [1]    R16
0x0011       [1]    R17
0x0012       [1]    R18
0x0013       [1]    R19
0x0014       [1]    R20
0x0017       [2]    __OS_CurTask
0x0019       [1]    __OS_Temp
0x001A      [21]    __OS_Tasks
0x002F       [1]    __OS_Flags
0x0030       [1]    __OS_State
0x0031       [1]    FARG__OS_Task_Create_priority
0x0032       [4]    FARG__OS_Task_Create_TaskAddr
0x0F80       [1]    PORTA
0x0F81       [1]    PORTB
0x0F82       [1]    PORTC
0x0F92       [1]    TRISA
0x0F93       [1]    TRISB
0x0F94       [1]    TRISC
0x0F9D       [0]    TMR2IE_bit
0x0F9E       [0]    TMR2IF_bit
0x0FCA       [1]    T2CON
0x0FCB       [1]    PR2
0x0FD0       [0]    IPEN_bit
0x0FD8       [1]    STATUS
0x0FD9       [1]    FSR2L
0x0FDA       [1]    FSR2H
0x0FDE       [1]    POSTINC2
0x0FE0       [1]    BSR
0x0FE1       [1]    FSR1L
0x0FE2       [1]    FSR1H
0x0FE4       [1]    PREINC1
0x0FE6       [1]    POSTINC1
0x0FE7       [1]    INDF1
0x0FE8       [1]    WREG
0x0FE9       [1]    FSR0L
0x0FE9       [2]    __fsr
0x0FEA       [1]    FSR0H
0x0FEE       [1]    __postinc
0x0FEE       [1]    POSTINC0
0x0FEF       [1]    __indf
0x0FF1       [0]    NOT_RBPU_bit
0x0FF2       [0]    GIEL_bit
0x0FF2       [0]    GIE_bit
0x0FF2       [0]    PEIE_bit
0x0FF2       [0]    T0IF_bit
0x0FF2       [1]    INTCON
0x0FF2       [0]    T0IE_bit
0x0FF3       [1]    PRODL
0x0FF4       [1]    PRODH
0x0FF5       [1]    TABLAT
0x0FF6       [1]    TBLPTRL
0x0FF7       [1]    TBLPTRH
0x0FF8       [1]    TBLPTRU
0x0FFD       [1]    __tosl
0x0FFE       [1]    __tosh
0x0FFF       [1]    __tosu
//** Label List: ** 
//----------------------------------------------
  L_main0
  L_main1
  L_main2
  L_main3
  L_main4
  L_main5
  L_main6
  L_main7
  L_main8
  L_main9
  ___main__OS_SCHED_CONTINUE
  L_main10
  L_main11
  L_main12
  L_interrupt13
  L_interrupt14
  L_interrupt15
  L_interrupt16
  L_Thread117
  L_Thread118
  L_Thread119
  L_Thread220
  L_Thread221
  L_Thread222
  L_Thread323
  L_Thread324
  L_Thread325
  L__main26
  L__main27
  L__interrupt28
  L_end_main
  _main
  L__main30
  L_end_Init
  _Init
  L_end_interrupt
  _interrupt
  L__interrupt33
  L_end_Thread1
  _Thread1
  L_end_Thread2
  _Thread2
  L_end_Thread3
  _Thread3
  L__OS_ClrReadySetClrCanContinue0
  L__OS_ClrReadySetClrCanContinue1
  L_OS_DI2
  L_OS_RI3
  L_OS_RI4
  L_OS_RI5
  L__OS_CheckEvent6
  L__OS_CheckEvent7
  L__OS_CheckEvent8
  L__OS_CheckEvent9
  L__OS_InitDelay10
  L_OS_Timer11
  L_OS_Timer12
  L_OS_Timer13
  L_OS_Timer14
  L_OS_Timer15
  L_OS_Timer16
  L__OS_Task_Create17
  L__OS_Task_Create18
  L__OS_Task_Create19
  L__OS_Task_Create20
  L__OS_Task_Create21
  L___OS_CheckEvent22
  L_end__OS_JumpToTask
  __OS_JumpToTask
  L_end__OS_ReturnSave
  __OS_ReturnSave
  L_end__OS_ReturnNoSave
  __OS_ReturnNoSave
  L_end__OS_EnterWaitMode
  __OS_EnterWaitMode
  L_end__OS_EnterWaitModeTO
  __OS_EnterWaitModeTO
  L_end__OS_ClrReadySetClrCanContinue
  __OS_ClrReadySetClrCanContinue
  L_end__OS_SET_FSR_CUR_TASK
  __OS_SET_FSR_CUR_TASK
  L_end_OS_DI
  _OS_DI
  L_end_OS_RI
  _OS_RI
  L_end__OS_CheckEvent
  __OS_CheckEvent
  L_end__OS_InitDelay
  __OS_InitDelay
  L_end_OS_Init
  _OS_Init
  L_end_OS_Timer
  _OS_Timer
  L_end__OS_Task_Create
  __OS_Task_Create
  L___OS_Task_Create37
  L_main0
  L_main1
  L_main2
  L_main3
  L_main4
  L_main5
  L_main6
  L_main7
  L_main8
  L_main9
  ___main__OS_SCHED_CONTINUE
  L_main10
  L_main11
  L_main12
  L_interrupt13
  L_interrupt14
  L_interrupt15
  L_interrupt16
  L_Thread117
  L_Thread118
  L_Thread119
  L_Thread220
  L_Thread221
  L_Thread222
  L_Thread323
  L_Thread324
  L_Thread325
  L__main26
  L__main27
  L__interrupt28
  L_end_main
  _main
  L__main30
  L_end_Init
  _Init
  L_end_interrupt
  _interrupt
  L__interrupt33
  L_end_Thread1
  _Thread1
  L_end_Thread2
  _Thread2
  L_end_Thread3
  _Thread3
  L__OS_ClrReadySetClrCanContinue0
  L__OS_ClrReadySetClrCanContinue1
  L_OS_DI2
  L_OS_RI3
  L_OS_RI4
  L_OS_RI5
  L__OS_CheckEvent6
  L__OS_CheckEvent7
  L__OS_CheckEvent8
  L__OS_CheckEvent9
  L__OS_InitDelay10
  L_OS_Timer11
  L_OS_Timer12
  L_OS_Timer13
  L_OS_Timer14
  L_OS_Timer15
  L_OS_Timer16
  L__OS_Task_Create17
  L__OS_Task_Create18
  L__OS_Task_Create19
  L__OS_Task_Create20
  L__OS_Task_Create21
  L___OS_CheckEvent22
  L_end__OS_JumpToTask
  __OS_JumpToTask
  L_end__OS_ReturnSave
  __OS_ReturnSave
  L_end__OS_ReturnNoSave
  __OS_ReturnNoSave
  L_end__OS_EnterWaitMode
  __OS_EnterWaitMode
  L_end__OS_EnterWaitModeTO
  __OS_EnterWaitModeTO
  L_end__OS_ClrReadySetClrCanContinue
  __OS_ClrReadySetClrCanContinue
  L_end__OS_SET_FSR_CUR_TASK
  __OS_SET_FSR_CUR_TASK
  L_end_OS_DI
  _OS_DI
  L_end_OS_RI
  _OS_RI
  L_end__OS_CheckEvent
  __OS_CheckEvent
  L_end__OS_InitDelay
  __OS_InitDelay
  L_end_OS_Init
  _OS_Init
  L_end_OS_Timer
  _OS_Timer
  L_end__OS_Task_Create
  __OS_Task_Create
  L___OS_Task_Create37
