;  LST file generated by mikroListExporter - v.2.0 
; Date/Time: 09/11/2016 11:25:16 p.m.
;----------------------------------------------

;Address Opcode 	ASM
0x0000	0xF002EF05  	GOTO        1034
0x0004	0x0000      	NOP
0x0006	0x0000      	NOP
0x0008	0xF000EF00  	GOTO        0
0x000C	0x0000      	NOP
0x000E	0x0000      	NOP
0x0010	0x0000      	NOP
0x0012	0x0000      	NOP
0x0014	0x0000      	NOP
0x0016	0x0000      	NOP
0x0018	0xD7F3      	BRA         0
_FIXSIGN32:
;__Lib_MathDouble.c,117 :: 		
;__Lib_MathDouble.c,121 :: 		
0x001C	0xAE0A      	BTFSS       R10, 7, 0
;__Lib_MathDouble.c,122 :: 		
0x001E	0x9E02      	BCF         R2, 7, 0
;__Lib_MathDouble.c,123 :: 		
0x0020	0x0E00      	MOVLW       0
;__Lib_MathDouble.c,125 :: 		
L_end_FIXSIGN32:
0x0022	0x0012      	RETURN      0
; end of _FIXSIGN32
_SETFUN32:
;__Lib_MathDouble.c,144 :: 		
;__Lib_MathDouble.c,152 :: 		
0x0024	0x840B      	BSF         R11, 2, 0
;__Lib_MathDouble.c,153 :: 		
0x0026	0xAE0B      	BTFSS       R11, 7, 0
;__Lib_MathDouble.c,154 :: 		
0x0028	0xF000EF1D  	GOTO        SETFUN32EEE
;__Lib_MathDouble.c,156 :: 		
0x002C	0x0E01      	MOVLW       1
;__Lib_MathDouble.c,157 :: 		
0x002E	0x6E03      	MOVWF       R3, higher_addr(SETFOV32EEE)
;__Lib_MathDouble.c,158 :: 		
0x0030	0x6A02      	CLRF        R2, higher_addr(SETFOV32EEE)
;__Lib_MathDouble.c,159 :: 		
0x0032	0x6A01      	CLRF        R1, higher_addr(SETFOV32EEE)
;__Lib_MathDouble.c,160 :: 		
0x0034	0x6A00      	CLRF        R0, higher_addr(SETFOV32EEE)
;__Lib_MathDouble.c,161 :: 		
0x0036	0x360A      	RLCF        R10, 1, 0
;__Lib_MathDouble.c,162 :: 		
0x0038	0x3202      	RRCF        R2, 1, 0
;__Lib_MathDouble.c,163 :: 		
SETFUN32EEE:
;__Lib_MathDouble.c,164 :: 		
0x003A	0x0EFF      	MOVLW       255
;__Lib_MathDouble.c,166 :: 		
L_end_SETFUN32:
0x003C	0x0012      	RETURN      0
; end of _SETFUN32
_RES032:
;__Lib_MathDouble.c,128 :: 		
;__Lib_MathDouble.c,134 :: 		
0x003E	0x6A02      	CLRF        R2, higher_addr(SETFOV32EEE)
;__Lib_MathDouble.c,135 :: 		
0x0040	0x6A01      	CLRF        R1, higher_addr(SETFOV32EEE)
;__Lib_MathDouble.c,136 :: 		
0x0042	0x6A00      	CLRF        R0, higher_addr(SETFOV32EEE)
;__Lib_MathDouble.c,137 :: 		
0x0044	0x6A08      	CLRF        R8, higher_addr(SETFOV32EEE)
;__Lib_MathDouble.c,138 :: 		
0x0046	0x6A03      	CLRF        R3, higher_addr(SETFOV32EEE)
;__Lib_MathDouble.c,139 :: 		
0x0048	0x0E00      	MOVLW       0
;__Lib_MathDouble.c,141 :: 		
L_end_RES032:
0x004A	0x0012      	RETURN      0
; end of _RES032
_Mul_16x16_U:
;__Lib_Math.c,440 :: 		
;__Lib_Math.c,447 :: 		
0x004C	0x6A0B      	CLRF        R11, higher_addr(L_Div_16x16_S0)
;__Lib_Math.c,448 :: 		
0x004E	0x6A0A      	CLRF        R10, higher_addr(L_Div_16x16_S0)
;__Lib_Math.c,449 :: 		
0x0050	0x6A09      	CLRF        R9, higher_addr(L_Div_16x16_S0)
;__Lib_Math.c,450 :: 		
0x0052	0x5000      	MOVF        R0, 0, 0
;__Lib_Math.c,451 :: 		
0x0054	0x0204      	MULWF       R4, higher_addr(L_Div_16x16_S0)
;__Lib_Math.c,453 :: 		
0x0056	0xF009CFF4  	MOVFF       PRODH, R9
;__Lib_Math.c,454 :: 		
0x005A	0xF008CFF3  	MOVFF       PRODL, R8
;__Lib_Math.c,455 :: 		
0x005E	0x5001      	MOVF        R1, 0, 0
;__Lib_Math.c,456 :: 		
0x0060	0x0205      	MULWF       R5, higher_addr(L_Div_16x16_S0)
;__Lib_Math.c,458 :: 		
0x0062	0xF00BCFF4  	MOVFF       PRODH, R11
;__Lib_Math.c,459 :: 		
0x0066	0xF00ACFF3  	MOVFF       PRODL, R10
;__Lib_Math.c,460 :: 		
0x006A	0x5000      	MOVF        R0, 0, 0
;__Lib_Math.c,461 :: 		
0x006C	0x0205      	MULWF       R5, higher_addr(L_Div_16x16_S0)
;__Lib_Math.c,463 :: 		
0x006E	0x50F3      	MOVF        PRODL, 0, 0
;__Lib_Math.c,464 :: 		
0x0070	0x2609      	ADDWF       R9, 1, 0
;__Lib_Math.c,465 :: 		
0x0072	0x50F4      	MOVF        PRODH, 0, 0
;__Lib_Math.c,466 :: 		
0x0074	0x220A      	ADDWFC      R10, 1, 0
;__Lib_Math.c,467 :: 		
0x0076	0x6AE8      	CLRF        WREG, higher_addr(L_Div_16x16_S0)
;__Lib_Math.c,468 :: 		
0x0078	0x220B      	ADDWFC      R11, 1, 0
;__Lib_Math.c,469 :: 		
0x007A	0x5001      	MOVF        R1, 0, 0
;__Lib_Math.c,470 :: 		
0x007C	0x0204      	MULWF       R4, higher_addr(L_Div_16x16_S0)
;__Lib_Math.c,472 :: 		
0x007E	0x50F3      	MOVF        PRODL, 0, 0
;__Lib_Math.c,473 :: 		
0x0080	0x2609      	ADDWF       R9, 1, 0
;__Lib_Math.c,474 :: 		
0x0082	0x50F4      	MOVF        PRODH, 0, 0
;__Lib_Math.c,475 :: 		
0x0084	0x220A      	ADDWFC      R10, 1, 0
;__Lib_Math.c,476 :: 		
0x0086	0x6AE8      	CLRF        WREG, higher_addr(L_Div_16x16_S0)
;__Lib_Math.c,477 :: 		
0x0088	0x220B      	ADDWFC      R11, 1, 0
;__Lib_Math.c,479 :: 		
0x008A	0xF000C008  	MOVFF       R8, R0
;__Lib_Math.c,480 :: 		
0x008E	0xF001C009  	MOVFF       R9, R1
;__Lib_Math.c,481 :: 		
0x0092	0xF002C00A  	MOVFF       R10, R2
;__Lib_Math.c,482 :: 		
0x0096	0xF003C00B  	MOVFF       R11, R3
;__Lib_Math.c,485 :: 		
L_end_Mul_16x16_U:
0x009A	0x0012      	RETURN      0
; end of _Mul_16x16_U
_NRM3232:
;__Lib_MathDouble.c,455 :: 		
;__Lib_MathDouble.c,463 :: 		
0x009C	0x6A0C      	CLRF        R12, higher_addr(SETFOV32EEE)
;__Lib_MathDouble.c,464 :: 		
0x009E	0x6A0E      	CLRF        R14, higher_addr(SETFOV32EEE)
;__Lib_MathDouble.c,465 :: 		
0x00A0	0x5002      	MOVF        R2, 0, 0
;__Lib_MathDouble.c,466 :: 		
0x00A2	0xA4D8      	BTFSS       STATUS, 2, 0
;__Lib_MathDouble.c,467 :: 		
0x00A4	0xF000EF67  	GOTO        NORM3232
;__Lib_MathDouble.c,468 :: 		
0x00A8	0xF002C001  	MOVFF       R1, R2
;__Lib_MathDouble.c,469 :: 		
0x00AC	0xF001C000  	MOVFF       R0, R1
;__Lib_MathDouble.c,470 :: 		
0x00B0	0x6A00      	CLRF        R0, higher_addr(SETFOV32EEE)
;__Lib_MathDouble.c,471 :: 		
0x00B2	0x860E      	BSF         R14, 3, 0
;__Lib_MathDouble.c,473 :: 		
0x00B4	0x5002      	MOVF        R2, 0, 0
;__Lib_MathDouble.c,474 :: 		
0x00B6	0xA4D8      	BTFSS       STATUS, 2, 0
;__Lib_MathDouble.c,475 :: 		
0x00B8	0xF000EF67  	GOTO        NORM3232
;__Lib_MathDouble.c,476 :: 		
0x00BC	0xF002C001  	MOVFF       R1, R2
;__Lib_MathDouble.c,477 :: 		
0x00C0	0x6A01      	CLRF        R1, higher_addr(SETFOV32EEE)
;__Lib_MathDouble.c,478 :: 		
0x00C2	0x960E      	BCF         R14, 3, 0
;__Lib_MathDouble.c,479 :: 		
0x00C4	0x880E      	BSF         R14, 4, 0
;__Lib_MathDouble.c,481 :: 		
0x00C6	0x5002      	MOVF        R2, 0, 0
;__Lib_MathDouble.c,482 :: 		
0x00C8	0xB4D8      	BTFSC       STATUS, 2, 0
;__Lib_MathDouble.c,483 :: 		
0x00CA	0xF000EF79  	GOTO        JPNRES032
;__Lib_MathDouble.c,484 :: 		
NORM3232:
;__Lib_MathDouble.c,485 :: 		
0x00CE	0x500E      	MOVF        R14, 0, 0
;__Lib_MathDouble.c,486 :: 		
0x00D0	0x5E03      	SUBWF       R3, 1, 0
;__Lib_MathDouble.c,487 :: 		
0x00D2	0xA4D8      	BTFSS       STATUS, 2, 0
;__Lib_MathDouble.c,488 :: 		
0x00D4	0xA0D8      	BTFSS       STATUS, 0, 0
;__Lib_MathDouble.c,489 :: 		
0x00D6	0xF000EF7E  	GOTO        JPNSETFUN32
;__Lib_MathDouble.c,490 :: 		
0x00DA	0x90D8      	BCF         STATUS, 0, 0
;__Lib_MathDouble.c,491 :: 		
NORM3232A:
;__Lib_MathDouble.c,492 :: 		
0x00DC	0xBE02      	BTFSC       R2, 7, 0
;__Lib_MathDouble.c,493 :: 		
0x00DE	0xF000EF83  	GOTO        JMPNFIXSIGN32
;__Lib_MathDouble.c,494 :: 		
0x00E2	0x3600      	RLCF        R0, 1, 0
;__Lib_MathDouble.c,495 :: 		
0x00E4	0x3601      	RLCF        R1, 1, 0
;__Lib_MathDouble.c,496 :: 		
0x00E6	0x3602      	RLCF        R2, 1, 0
;__Lib_MathDouble.c,497 :: 		
0x00E8	0x2E03      	DECFSZ      R3, 1, 0
;__Lib_MathDouble.c,498 :: 		
0x00EA	0xF000EF6E  	GOTO        NORM3232A
;__Lib_MathDouble.c,499 :: 		
0x00EE	0xF000EF7E  	GOTO        JPNSETFUN32
;__Lib_MathDouble.c,500 :: 		
JPNRES032:
;__Lib_MathDouble.c,501 :: 		
0x00F2	0x0E01      	MOVLW       1
;__Lib_MathDouble.c,502 :: 		
0x00F4	0x6E0C      	MOVWF       R12, higher_addr(SETFOV32EEE)
;__Lib_MathDouble.c,504 :: 		
0x00F6	0xDFA3      	RCALL       _RES032
;__Lib_MathDouble.c,506 :: 		
0x00F8	0xF000EF86  	GOTO        NORM32EEE
;__Lib_MathDouble.c,507 :: 		
JPNSETFUN32:
;__Lib_MathDouble.c,508 :: 		
0x00FC	0x0E02      	MOVLW       2
;__Lib_MathDouble.c,509 :: 		
0x00FE	0x6E0C      	MOVWF       R12, higher_addr(SETFOV32EEE)
;__Lib_MathDouble.c,511 :: 		
0x0100	0xDF91      	RCALL       _SETFUN32
;__Lib_MathDouble.c,513 :: 		
0x0102	0xF000EF86  	GOTO        NORM32EEE
;__Lib_MathDouble.c,514 :: 		
JMPNFIXSIGN32:
;__Lib_MathDouble.c,515 :: 		
0x0106	0x0E04      	MOVLW       4
;__Lib_MathDouble.c,516 :: 		
0x0108	0x6E0C      	MOVWF       R12, higher_addr(SETFOV32EEE)
;__Lib_MathDouble.c,518 :: 		
0x010A	0xDF88      	RCALL       _FIXSIGN32
;__Lib_MathDouble.c,520 :: 		
NORM32EEE:
;__Lib_MathDouble.c,527 :: 		
L_end_NRM3232:
0x010C	0x0012      	RETURN      0
; end of _NRM3232
_Delay_22us:
;__Lib_Delays.c,15 :: 		void Delay_22us() {
;__Lib_Delays.c,16 :: 		Delay_us(22);
0x010E	0x0E07      	MOVLW       7
0x0110	0x6E0D      	MOVWF       R13, 0
L_Delay_22us1:
0x0112	0x2E0D      	DECFSZ      R13, 1, 0
0x0114	0xD7FE      	BRA         L_Delay_22us1
;__Lib_Delays.c,17 :: 		}
0x0116	0x0012      	RETURN      0
; end of _Delay_22us
_SETFOV32:
;__Lib_MathDouble.c,82 :: 		
;__Lib_MathDouble.c,90 :: 		
0x0118	0x820B      	BSF         R11, 1, 0
;__Lib_MathDouble.c,91 :: 		
0x011A	0xAE0B      	BTFSS       R11, 7, 0
;__Lib_MathDouble.c,92 :: 		
0x011C	0xF000EF96  	GOTO        SETFOV32EEE
;__Lib_MathDouble.c,94 :: 		
0x0120	0x6803      	SETF        R3, higher_addr(SETFOV32EEE)
;__Lib_MathDouble.c,95 :: 		
0x0122	0x6802      	SETF        R2, higher_addr(SETFOV32EEE)
;__Lib_MathDouble.c,96 :: 		
0x0124	0x6801      	SETF        R1, higher_addr(SETFOV32EEE)
;__Lib_MathDouble.c,97 :: 		
0x0126	0x6800      	SETF        R0, higher_addr(SETFOV32EEE)
;__Lib_MathDouble.c,98 :: 		
0x0128	0x360A      	RLCF        R10, 1, 0
;__Lib_MathDouble.c,99 :: 		
0x012A	0x3202      	RRCF        R2, 1, 0
;__Lib_MathDouble.c,100 :: 		
SETFOV32EEE:
;__Lib_MathDouble.c,101 :: 		
0x012C	0x0EFF      	MOVLW       255
;__Lib_MathDouble.c,103 :: 		
L_end_SETFOV32:
0x012E	0x0012      	RETURN      0
; end of _SETFOV32
_PWM1_Set_Duty:
;__Lib_PWM_c21.c,43 :: 		
;__Lib_PWM_c21.c,47 :: 		
0x0130	0x50CB      	MOVF        PR2, 0 
0x0132	0x0F01      	ADDLW       1
0x0134	0x6E00      	MOVWF       R0 
0x0136	0x6A01      	CLRF        R1 
0x0138	0x0E00      	MOVLW       0
0x013A	0x2201      	ADDWFC      R1, 1 
0x013C	0xF004C032  	MOVFF       FARG_PWM1_Set_Duty_new_duty, R4
0x0140	0x0E00      	MOVLW       0
0x0142	0x6E05      	MOVWF       R5 
0x0144	0xDF83      	RCALL       _Mul_16x16_U
0x0146	0x0E06      	MOVLW       6
0x0148	0x6E02      	MOVWF       R2 
0x014A	0xF004C000  	MOVFF       R0, R4
0x014E	0xF005C001  	MOVFF       R1, R5
0x0152	0x5002      	MOVF        R2, 0 
L__PWM1_Set_Duty10:
0x0154	0xE005      	BZ          L__PWM1_Set_Duty11
0x0156	0x3205      	RRCF        R5, 1 
0x0158	0x3204      	RRCF        R4, 1 
0x015A	0x9E05      	BCF         R5, 7 
0x015C	0x0FFF      	ADDLW       255
0x015E	0xD7FA      	BRA         L__PWM1_Set_Duty10
L__PWM1_Set_Duty11:
;__Lib_PWM_c21.c,48 :: 		
0x0160	0x0E04      	MOVLW       4
0x0162	0x6E01      	MOVWF       R1 
0x0164	0xF000C004  	MOVFF       R4, R0
0x0168	0x5001      	MOVF        R1, 0 
L__PWM1_Set_Duty12:
0x016A	0xE004      	BZ          L__PWM1_Set_Duty13
0x016C	0x3600      	RLCF        R0, 1 
0x016E	0x9000      	BCF         R0, 0 
0x0170	0x0FFF      	ADDLW       255
0x0172	0xD7FB      	BRA         L__PWM1_Set_Duty12
L__PWM1_Set_Duty13:
0x0174	0x0E30      	MOVLW       48
0x0176	0x1400      	ANDWF       R0, 0 
0x0178	0x6E03      	MOVWF       R3 
;__Lib_PWM_c21.c,49 :: 		
0x017A	0xF000C004  	MOVFF       R4, R0
0x017E	0xF001C005  	MOVFF       R5, R1
0x0182	0x3201      	RRCF        R1, 1 
0x0184	0x3200      	RRCF        R0, 1 
0x0186	0x9E01      	BCF         R1, 7 
0x0188	0x3201      	RRCF        R1, 1 
0x018A	0x3200      	RRCF        R0, 1 
0x018C	0x9E01      	BCF         R1, 7 
0x018E	0xFFBEC000  	MOVFF       R0, CCPR1L
;__Lib_PWM_c21.c,50 :: 		
0x0192	0x0E0F      	MOVLW       15
0x0194	0x16BD      	ANDWF       CCP1CON, 1 
;__Lib_PWM_c21.c,51 :: 		
0x0196	0x5003      	MOVF        R3, 0 
0x0198	0x12BD      	IORWF       CCP1CON, 1 
;__Lib_PWM_c21.c,52 :: 		
L_end_PWM1_Set_Duty:
0x019A	0x0012      	RETURN      0
; end of _PWM1_Set_Duty
_Compare_Double:
;__Lib_MathDouble.c,2518 :: 		
;__Lib_MathDouble.c,2529 :: 		
0x019C	0x6A0A      	CLRF        R10, higher_addr(SETFOV32EEE)
;__Lib_MathDouble.c,2530 :: 		
0x019E	0x5003      	MOVF        R3, 0, 0
;__Lib_MathDouble.c,2531 :: 		
0x01A0	0xA4D8      	BTFSS       STATUS, 2, 0
;__Lib_MathDouble.c,2532 :: 		
0x01A2	0x800A      	BSF         R10, 0, 0
;__Lib_MathDouble.c,2533 :: 		
0x01A4	0x5007      	MOVF        R7, 0, 0
;__Lib_MathDouble.c,2534 :: 		
0x01A6	0xA4D8      	BTFSS       STATUS, 2, 0
;__Lib_MathDouble.c,2535 :: 		
0x01A8	0x820A      	BSF         R10, 1, 0
;__Lib_MathDouble.c,2537 :: 		
0x01AA	0x500A      	MOVF        R10, 0, 0
;__Lib_MathDouble.c,2538 :: 		
0x01AC	0xB4D8      	BTFSC       STATUS, 2, 0
;__Lib_MathDouble.c,2539 :: 		
0x01AE	0xF001EF31  	GOTO        COMPARE_EQU
;__Lib_MathDouble.c,2540 :: 		
0x01B2	0x0A03      	XORLW       3
;__Lib_MathDouble.c,2541 :: 		
0x01B4	0xB4D8      	BTFSC       STATUS, 2, 0
;__Lib_MathDouble.c,2542 :: 		
0x01B6	0xF000EFEA  	GOTO        COMPARE_NOTZERO
;__Lib_MathDouble.c,2544 :: 		
0x01BA	0xB00A      	BTFSC       R10, 0, 0
;__Lib_MathDouble.c,2545 :: 		
0x01BC	0xF000EFE5  	GOTO        COMPARE_XNOTZERO
;__Lib_MathDouble.c,2547 :: 		
0x01C0	0xAE06      	BTFSS       R6, 7, 0
;__Lib_MathDouble.c,2548 :: 		
0x01C2	0xF001EF2F  	GOTO        COMPARE_LT
;__Lib_MathDouble.c,2549 :: 		
0x01C6	0xF001EF2D  	GOTO        COMPARE_GT
;__Lib_MathDouble.c,2550 :: 		
COMPARE_XNOTZERO:
;__Lib_MathDouble.c,2551 :: 		
0x01CA	0xAE02      	BTFSS       R2, 7, 0
;__Lib_MathDouble.c,2552 :: 		
0x01CC	0xF001EF2D  	GOTO        COMPARE_GT
;__Lib_MathDouble.c,2553 :: 		
0x01D0	0xF001EF2F  	GOTO        COMPARE_LT
;__Lib_MathDouble.c,2555 :: 		
COMPARE_NOTZERO:
;__Lib_MathDouble.c,2556 :: 		
0x01D4	0x5002      	MOVF        R2, 0, 0
;__Lib_MathDouble.c,2557 :: 		
0x01D6	0x0B80      	ANDLW       128
;__Lib_MathDouble.c,2558 :: 		
0x01D8	0x6E0A      	MOVWF       R10, higher_addr(SETFOV32EEE)
;__Lib_MathDouble.c,2559 :: 		
0x01DA	0x9E02      	BCF         R2, 7, 0
;__Lib_MathDouble.c,2561 :: 		
0x01DC	0x5006      	MOVF        R6, 0, 0
;__Lib_MathDouble.c,2562 :: 		
0x01DE	0x0B80      	ANDLW       128
;__Lib_MathDouble.c,2563 :: 		
0x01E0	0x9E06      	BCF         R6, 7, 0
;__Lib_MathDouble.c,2565 :: 		
0x01E2	0x180A      	XORWF       R10, 0, 0
;__Lib_MathDouble.c,2566 :: 		
0x01E4	0xB4D8      	BTFSC       STATUS, 2, 0
;__Lib_MathDouble.c,2567 :: 		
0x01E6	0xF000EFFB  	GOTO        COMPARE_TESTALL
;__Lib_MathDouble.c,2569 :: 		
0x01EA	0x500A      	MOVF        R10, 0, 0
;__Lib_MathDouble.c,2570 :: 		
0x01EC	0xB4D8      	BTFSC       STATUS, 2, 0
;__Lib_MathDouble.c,2571 :: 		
0x01EE	0xF001EF2D  	GOTO        COMPARE_GT
;__Lib_MathDouble.c,2572 :: 		
0x01F2	0xF001EF2F  	GOTO        COMPARE_LT
;__Lib_MathDouble.c,2574 :: 		
COMPARE_TESTALL:
;__Lib_MathDouble.c,2575 :: 		
0x01F6	0x5007      	MOVF        R7, 0, 0
;__Lib_MathDouble.c,2576 :: 		
0x01F8	0x5C03      	SUBWF       R3, 0, 0
;__Lib_MathDouble.c,2577 :: 		
0x01FA	0xB4D8      	BTFSC       STATUS, 2, 0
;__Lib_MathDouble.c,2578 :: 		
0x01FC	0xF001EF05  	GOTO        COMPARE_C1
;__Lib_MathDouble.c,2579 :: 		
0x0200	0xA0D8      	BTFSS       STATUS, 0, 0
;__Lib_MathDouble.c,2580 :: 		
0x0202	0xF001EF21  	GOTO        GT_FALSE
;__Lib_MathDouble.c,2581 :: 		
0x0206	0xF001EF27  	GOTO        GT_TRUE
;__Lib_MathDouble.c,2582 :: 		
COMPARE_C1:
;__Lib_MathDouble.c,2583 :: 		
0x020A	0x5006      	MOVF        R6, 0, 0
;__Lib_MathDouble.c,2584 :: 		
0x020C	0x5C02      	SUBWF       R2, 0, 0
;__Lib_MathDouble.c,2585 :: 		
0x020E	0xB4D8      	BTFSC       STATUS, 2, 0
;__Lib_MathDouble.c,2586 :: 		
0x0210	0xF001EF0F  	GOTO        COMPARE_C2
;__Lib_MathDouble.c,2587 :: 		
0x0214	0xA0D8      	BTFSS       STATUS, 0, 0
;__Lib_MathDouble.c,2588 :: 		
0x0216	0xF001EF21  	GOTO        GT_FALSE
;__Lib_MathDouble.c,2589 :: 		
0x021A	0xF001EF27  	GOTO        GT_TRUE
;__Lib_MathDouble.c,2590 :: 		
COMPARE_C2:
;__Lib_MathDouble.c,2591 :: 		
0x021E	0x5005      	MOVF        R5, 0, 0
;__Lib_MathDouble.c,2592 :: 		
0x0220	0x5C01      	SUBWF       R1, 0, 0
;__Lib_MathDouble.c,2593 :: 		
0x0222	0xB4D8      	BTFSC       STATUS, 2, 0
;__Lib_MathDouble.c,2594 :: 		
0x0224	0xF001EF19  	GOTO        COMPARE_C3
;__Lib_MathDouble.c,2595 :: 		
0x0228	0xA0D8      	BTFSS       STATUS, 0, 0
;__Lib_MathDouble.c,2596 :: 		
0x022A	0xF001EF21  	GOTO        GT_FALSE
;__Lib_MathDouble.c,2597 :: 		
0x022E	0xF001EF27  	GOTO        GT_TRUE
;__Lib_MathDouble.c,2598 :: 		
COMPARE_C3:
;__Lib_MathDouble.c,2599 :: 		
0x0232	0x5004      	MOVF        R4, 0, 0
;__Lib_MathDouble.c,2600 :: 		
0x0234	0x5C00      	SUBWF       R0, 0, 0
;__Lib_MathDouble.c,2601 :: 		
0x0236	0xB4D8      	BTFSC       STATUS, 2, 0
;__Lib_MathDouble.c,2602 :: 		
0x0238	0xF001EF31  	GOTO        COMPARE_EQU
;__Lib_MathDouble.c,2603 :: 		
0x023C	0xB0D8      	BTFSC       STATUS, 0, 0
;__Lib_MathDouble.c,2604 :: 		
0x023E	0xF001EF27  	GOTO        GT_TRUE
;__Lib_MathDouble.c,2606 :: 		
GT_FALSE:
;__Lib_MathDouble.c,2607 :: 		
0x0242	0x520A      	MOVF        R10, 1, 0
;__Lib_MathDouble.c,2608 :: 		
0x0244	0xB4D8      	BTFSC       STATUS, 2, 0
;__Lib_MathDouble.c,2609 :: 		
0x0246	0xF001EF2F  	GOTO        COMPARE_LT
;__Lib_MathDouble.c,2610 :: 		
0x024A	0xF001EF2D  	GOTO        COMPARE_GT
;__Lib_MathDouble.c,2611 :: 		
GT_TRUE:
;__Lib_MathDouble.c,2612 :: 		
0x024E	0x520A      	MOVF        R10, 1, 0
;__Lib_MathDouble.c,2613 :: 		
0x0250	0xB4D8      	BTFSC       STATUS, 2, 0
;__Lib_MathDouble.c,2614 :: 		
0x0252	0xF001EF2D  	GOTO        COMPARE_GT
;__Lib_MathDouble.c,2615 :: 		
0x0256	0xF001EF2F  	GOTO        COMPARE_LT
;__Lib_MathDouble.c,2617 :: 		
COMPARE_GT:
;__Lib_MathDouble.c,2620 :: 		
0x025A	0x80D8      	BSF         STATUS, 0, 0
;__Lib_MathDouble.c,2621 :: 		
0x025C	0x0012      	RETURN      0
;__Lib_MathDouble.c,2622 :: 		
COMPARE_LT:
;__Lib_MathDouble.c,2625 :: 		
0x025E	0x90D8      	BCF         STATUS, 0, 0
;__Lib_MathDouble.c,2626 :: 		
0x0260	0x0012      	RETURN      0
;__Lib_MathDouble.c,2627 :: 		
COMPARE_EQU:
;__Lib_MathDouble.c,2630 :: 		
0x0262	0x80D8      	BSF         STATUS, 0, 0
;__Lib_MathDouble.c,2631 :: 		
0x0264	0x84D8      	BSF         STATUS, 2, 0
;__Lib_MathDouble.c,2632 :: 		
0x0266	0x0012      	RETURN      0
;__Lib_MathDouble.c,2634 :: 		
L_end_Compare_Double:
0x0268	0x0012      	RETURN      0
; end of _Compare_Double
_PWM1_Start:
;__Lib_PWM_c21.c,54 :: 		
;__Lib_PWM_c21.c,55 :: 		
0x026A	0x9494      	BCF         TRISC2_bit, BitPos(TRISC2_bit+0) 
;__Lib_PWM_c21.c,56 :: 		
0x026C	0x84CA      	BSF         T2CON, 2 
;__Lib_PWM_c21.c,57 :: 		
0x026E	0x0E0C      	MOVLW       12
0x0270	0x12BD      	IORWF       CCP1CON, 1 
;__Lib_PWM_c21.c,58 :: 		
L_end_PWM1_Start:
0x0272	0x0012      	RETURN      0
; end of _PWM1_Start
_PWM1_Init:
;__Lib_PWM_c21.c,36 :: 		
;__Lib_PWM_c21.c,37 :: 		
;__Lib_PWM_c21.c,38 :: 		
0x0274	0x6ABE      	CLRF        CCPR1L 
;__Lib_PWM_c21.c,39 :: 		
0x0276	0x98BD      	BCF         CCP1CON, 4 
;__Lib_PWM_c21.c,40 :: 		
0x0278	0x9ABD      	BCF         CCP1CON, 5 
;__Lib_PWM_c21.c,41 :: 		
L_end_PWM1_Init:
0x027A	0x0012      	RETURN      0
; end of _PWM1_Init
_ADC_Read:
;__Lib_ADC_A_D.c,35 :: 		
;__Lib_ADC_A_D.c,38 :: 		
0x027C	0x6AC2      	CLRF        ADCON0 
;__Lib_ADC_A_D.c,39 :: 		
0x027E	0x0E07      	MOVLW       7
0x0280	0x12C0      	IORWF       ADCON2, 1 
;__Lib_ADC_A_D.c,40 :: 		
0x0282	0x8EC0      	BSF         ADCON2, 7 
;__Lib_ADC_A_D.c,41 :: 		
0x0284	0xF000C032  	MOVFF       FARG_ADC_Read_channel, R0
0x0288	0x3600      	RLCF        R0, 1 
0x028A	0x9000      	BCF         R0, 0 
0x028C	0x3600      	RLCF        R0, 1 
0x028E	0x9000      	BCF         R0, 0 
0x0290	0x5000      	MOVF        R0, 0 
0x0292	0x12C2      	IORWF       ADCON0, 1 
;__Lib_ADC_A_D.c,42 :: 		
0x0294	0x80C2      	BSF         ADCON0, 0 
;__Lib_ADC_A_D.c,43 :: 		
0x0296	0xDF3B      	RCALL       _Delay_22us
;__Lib_ADC_A_D.c,44 :: 		
0x0298	0x82C2      	BSF         ADCON0, 1 
;__Lib_ADC_A_D.c,45 :: 		
L_ADC_Read2:
0x029A	0xA2C2      	BTFSS       ADCON0, 1 
0x029C	0xD001      	BRA         L_ADC_Read3
;__Lib_ADC_A_D.c,46 :: 		
0x029E	0xD7FD      	BRA         L_ADC_Read2
L_ADC_Read3:
;__Lib_ADC_A_D.c,47 :: 		
0x02A0	0xF001CFC4  	MOVFF       ADRESH, R1
0x02A4	0x6A00      	CLRF        R0 
;__Lib_ADC_A_D.c,48 :: 		
0x02A6	0x50C3      	MOVF        ADRESL, 0 
0x02A8	0x1200      	IORWF       R0, 1 
0x02AA	0x0E00      	MOVLW       0
0x02AC	0x1201      	IORWF       R1, 1 
;__Lib_ADC_A_D.c,49 :: 		
0x02AE	0x90C2      	BCF         ADCON0, 0 
;__Lib_ADC_A_D.c,51 :: 		
;__Lib_ADC_A_D.c,52 :: 		
L_end_ADC_Read:
0x02B0	0x0012      	RETURN      0
; end of _ADC_Read
_Mul_32x32_FP:
;__Lib_MathDouble.c,1130 :: 		
;__Lib_MathDouble.c,1148 :: 		
0x02B2	0x6A08      	CLRF        R8, higher_addr(SETFOV32EEE)
;__Lib_MathDouble.c,1149 :: 		
0x02B4	0x6A09      	CLRF        R9, higher_addr(SETFOV32EEE)
;__Lib_MathDouble.c,1151 :: 		
0x02B6	0x0E00      	MOVLW       0
;__Lib_MathDouble.c,1152 :: 		
0x02B8	0x6207      	CPFSEQ      R7, higher_addr(SETFOV32EEE)
;__Lib_MathDouble.c,1153 :: 		
0x02BA	0x6403      	CPFSGT      R3, higher_addr(SETFOV32EEE)
;__Lib_MathDouble.c,1154 :: 		
0x02BC	0xF001EFDE  	GOTO        MULJPRES032
;__Lib_MathDouble.c,1157 :: 		
0x02C0	0x5002      	MOVF        R2, 0, 0
;__Lib_MathDouble.c,1158 :: 		
0x02C2	0x1806      	XORWF       R6, 0, 0
;__Lib_MathDouble.c,1159 :: 		
0x02C4	0x6E0A      	MOVWF       R10, higher_addr(SETFOV32EEE)
;__Lib_MathDouble.c,1161 :: 		
0x02C6	0x5007      	MOVF        R7, 0, 0
;__Lib_MathDouble.c,1162 :: 		
0x02C8	0x2603      	ADDWF       R3, 1, 0
;__Lib_MathDouble.c,1163 :: 		
0x02CA	0x0E7E      	MOVLW       126
;__Lib_MathDouble.c,1164 :: 		
0x02CC	0xA0D8      	BTFSS       STATUS, 0, 0
;__Lib_MathDouble.c,1165 :: 		
0x02CE	0xF001EF6F  	GOTO        MTUN32
;__Lib_MathDouble.c,1167 :: 		
0x02D2	0x5E03      	SUBWF       R3, 1, 0
;__Lib_MathDouble.c,1168 :: 		
0x02D4	0xB0D8      	BTFSC       STATUS, 0, 0
;__Lib_MathDouble.c,1169 :: 		
0x02D6	0xF001EFE2  	GOTO        MULJPSETFOV32
;__Lib_MathDouble.c,1170 :: 		
0x02DA	0xF001EF73  	GOTO        MOK32
;__Lib_MathDouble.c,1172 :: 		
MTUN32:
;__Lib_MathDouble.c,1173 :: 		
0x02DE	0x5E03      	SUBWF       R3, 1, 0
;__Lib_MathDouble.c,1174 :: 		
0x02E0	0xA0D8      	BTFSS       STATUS, 0, 0
;__Lib_MathDouble.c,1175 :: 		
0x02E2	0xF001EFE6  	GOTO        MULJPSETFUN32
;__Lib_MathDouble.c,1177 :: 		
MOK32:
;__Lib_MathDouble.c,1178 :: 		
0x02E6	0x8E02      	BSF         R2, 7, 0
;__Lib_MathDouble.c,1179 :: 		
0x02E8	0x8E06      	BSF         R6, 7, 0
;__Lib_MathDouble.c,1181 :: 		
0x02EA	0xF00EC002  	MOVFF       R2, R14
;__Lib_MathDouble.c,1182 :: 		
0x02EE	0xF00BC001  	MOVFF       R1, R11
;__Lib_MathDouble.c,1183 :: 		
0x02F2	0xF00DC000  	MOVFF       R0, R13
;__Lib_MathDouble.c,1185 :: 		
0x02F6	0x5000      	MOVF        R0, 0, 0
;__Lib_MathDouble.c,1186 :: 		
0x02F8	0x0204      	MULWF       R4, higher_addr(SETFOV32EEE)
;__Lib_MathDouble.c,1187 :: 		
0x02FA	0xF00CCFF4  	MOVFF       PRODH, R12
;__Lib_MathDouble.c,1189 :: 		
0x02FE	0x5001      	MOVF        R1, 0, 0
;__Lib_MathDouble.c,1190 :: 		
0x0300	0x0205      	MULWF       R5, higher_addr(SETFOV32EEE)
;__Lib_MathDouble.c,1191 :: 		
0x0302	0xF000CFF4  	MOVFF       PRODH, R0
;__Lib_MathDouble.c,1192 :: 		
0x0306	0xF008CFF3  	MOVFF       PRODL, R8
;__Lib_MathDouble.c,1194 :: 		
0x030A	0x0204      	MULWF       R4, higher_addr(SETFOV32EEE)
;__Lib_MathDouble.c,1195 :: 		
0x030C	0x50F3      	MOVF        PRODL, 0, 0
;__Lib_MathDouble.c,1196 :: 		
0x030E	0x260C      	ADDWF       R12, 1, 0
;__Lib_MathDouble.c,1197 :: 		
0x0310	0x50F4      	MOVF        PRODH, 0, 0
;__Lib_MathDouble.c,1198 :: 		
0x0312	0x2208      	ADDWFC      R8, 1, 0
;__Lib_MathDouble.c,1199 :: 		
0x0314	0x0E00      	MOVLW       0
;__Lib_MathDouble.c,1200 :: 		
0x0316	0x2200      	ADDWFC      R0, 1, 0
;__Lib_MathDouble.c,1202 :: 		
0x0318	0x500D      	MOVF        R13, 0, 0
;__Lib_MathDouble.c,1203 :: 		
0x031A	0x0205      	MULWF       R5, higher_addr(SETFOV32EEE)
;__Lib_MathDouble.c,1204 :: 		
0x031C	0x50F3      	MOVF        PRODL, 0, 0
;__Lib_MathDouble.c,1205 :: 		
0x031E	0x260C      	ADDWF       R12, 1, 0
;__Lib_MathDouble.c,1206 :: 		
0x0320	0x50F4      	MOVF        PRODH, 0, 0
;__Lib_MathDouble.c,1207 :: 		
0x0322	0x2208      	ADDWFC      R8, 1, 0
;__Lib_MathDouble.c,1208 :: 		
0x0324	0x0E00      	MOVLW       0
;__Lib_MathDouble.c,1209 :: 		
0x0326	0x2200      	ADDWFC      R0, 1, 0
;__Lib_MathDouble.c,1211 :: 		
0x0328	0x5002      	MOVF        R2, 0, 0
;__Lib_MathDouble.c,1212 :: 		
0x032A	0x0204      	MULWF       R4, higher_addr(SETFOV32EEE)
;__Lib_MathDouble.c,1213 :: 		
0x032C	0x50F3      	MOVF        PRODL, 0, 0
;__Lib_MathDouble.c,1214 :: 		
0x032E	0x2608      	ADDWF       R8, 1, 0
;__Lib_MathDouble.c,1215 :: 		
0x0330	0x50F4      	MOVF        PRODH, 0, 0
;__Lib_MathDouble.c,1216 :: 		
0x0332	0x2200      	ADDWFC      R0, 1, 0
;__Lib_MathDouble.c,1217 :: 		
0x0334	0x5002      	MOVF        R2, 0, 0
;__Lib_MathDouble.c,1218 :: 		
0x0336	0x0205      	MULWF       R5, higher_addr(SETFOV32EEE)
;__Lib_MathDouble.c,1219 :: 		
0x0338	0x6A01      	CLRF        R1, higher_addr(SETFOV32EEE)
;__Lib_MathDouble.c,1220 :: 		
0x033A	0x0E00      	MOVLW       0
;__Lib_MathDouble.c,1221 :: 		
0x033C	0x2201      	ADDWFC      R1, 1, 0
;__Lib_MathDouble.c,1222 :: 		
0x033E	0x50F3      	MOVF        PRODL, 0, 0
;__Lib_MathDouble.c,1223 :: 		
0x0340	0x2600      	ADDWF       R0, 1, 0
;__Lib_MathDouble.c,1224 :: 		
0x0342	0x50F4      	MOVF        PRODH, 0, 0
;__Lib_MathDouble.c,1225 :: 		
0x0344	0x2201      	ADDWFC      R1, 1, 0
;__Lib_MathDouble.c,1227 :: 		
0x0346	0x500D      	MOVF        R13, 0, 0
;__Lib_MathDouble.c,1228 :: 		
0x0348	0x0206      	MULWF       R6, higher_addr(SETFOV32EEE)
;__Lib_MathDouble.c,1229 :: 		
0x034A	0x50F3      	MOVF        PRODL, 0, 0
;__Lib_MathDouble.c,1230 :: 		
0x034C	0x2608      	ADDWF       R8, 1, 0
;__Lib_MathDouble.c,1231 :: 		
0x034E	0x50F4      	MOVF        PRODH, 0, 0
;__Lib_MathDouble.c,1232 :: 		
0x0350	0x2200      	ADDWFC      R0, 1, 0
;__Lib_MathDouble.c,1233 :: 		
0x0352	0x6A02      	CLRF        R2, higher_addr(SETFOV32EEE)
;__Lib_MathDouble.c,1234 :: 		
0x0354	0x0E00      	MOVLW       0
;__Lib_MathDouble.c,1235 :: 		
0x0356	0x2201      	ADDWFC      R1, 1, 0
;__Lib_MathDouble.c,1236 :: 		
0x0358	0x2202      	ADDWFC      R2, 1, 0
;__Lib_MathDouble.c,1238 :: 		
0x035A	0x500B      	MOVF        R11, 0, 0
;__Lib_MathDouble.c,1239 :: 		
0x035C	0x0206      	MULWF       R6, higher_addr(SETFOV32EEE)
;__Lib_MathDouble.c,1240 :: 		
0x035E	0x50F3      	MOVF        PRODL, 0, 0
;__Lib_MathDouble.c,1241 :: 		
0x0360	0x2600      	ADDWF       R0, 1, 0
;__Lib_MathDouble.c,1242 :: 		
0x0362	0x50F4      	MOVF        PRODH, 0, 0
;__Lib_MathDouble.c,1243 :: 		
0x0364	0x2201      	ADDWFC      R1, 1, 0
;__Lib_MathDouble.c,1244 :: 		
0x0366	0x0E00      	MOVLW       0
;__Lib_MathDouble.c,1245 :: 		
0x0368	0x2202      	ADDWFC      R2, 1, 0
;__Lib_MathDouble.c,1247 :: 		
0x036A	0x500E      	MOVF        R14, 0, 0
;__Lib_MathDouble.c,1248 :: 		
0x036C	0x0206      	MULWF       R6, higher_addr(SETFOV32EEE)
;__Lib_MathDouble.c,1249 :: 		
0x036E	0x50F3      	MOVF        PRODL, 0, 0
;__Lib_MathDouble.c,1250 :: 		
0x0370	0x2601      	ADDWF       R1, 1, 0
;__Lib_MathDouble.c,1251 :: 		
0x0372	0x50F4      	MOVF        PRODH, 0, 0
;__Lib_MathDouble.c,1252 :: 		
0x0374	0x2202      	ADDWFC      R2, 1, 0
;__Lib_MathDouble.c,1254 :: 		
0x0376	0xBE02      	BTFSC       R2, 7, 0
;__Lib_MathDouble.c,1255 :: 		
0x0378	0xF001EFC6  	GOTO        MROUND32
;__Lib_MathDouble.c,1256 :: 		
0x037C	0x3608      	RLCF        R8, 1, 0
;__Lib_MathDouble.c,1257 :: 		
0x037E	0x3600      	RLCF        R0, 1, 0
;__Lib_MathDouble.c,1258 :: 		
0x0380	0x3601      	RLCF        R1, 1, 0
;__Lib_MathDouble.c,1259 :: 		
0x0382	0x3602      	RLCF        R2, 1, 0
;__Lib_MathDouble.c,1260 :: 		
0x0384	0x0603      	DECF        R3, 1, 0
;__Lib_MathDouble.c,1261 :: 		
0x0386	0xB4D8      	BTFSC       STATUS, 2, 0
;__Lib_MathDouble.c,1262 :: 		
0x0388	0xF001EFE6  	GOTO        MULJPSETFUN32
;__Lib_MathDouble.c,1264 :: 		
MROUND32:
;__Lib_MathDouble.c,1267 :: 		
0x038C	0xF001EFD9  	GOTO        MUL32OK
;__Lib_MathDouble.c,1268 :: 		
0x0390	0x80D8      	BSF         STATUS, 0, 0
;__Lib_MathDouble.c,1269 :: 		
0x0392	0x0E80      	MOVLW       128
;__Lib_MathDouble.c,1270 :: 		
0x0394	0x6408      	CPFSGT      R8, higher_addr(SETFOV32EEE)
;__Lib_MathDouble.c,1271 :: 		
0x0396	0x3000      	RRCF        R0, 0, 0
;__Lib_MathDouble.c,1272 :: 		
0x0398	0x0E00      	MOVLW       0
;__Lib_MathDouble.c,1273 :: 		
0x039A	0x2200      	ADDWFC      R0, 1, 0
;__Lib_MathDouble.c,1274 :: 		
0x039C	0x2201      	ADDWFC      R1, 1, 0
;__Lib_MathDouble.c,1275 :: 		
0x039E	0x2202      	ADDWFC      R2, 1, 0
;__Lib_MathDouble.c,1277 :: 		
0x03A0	0xA0D8      	BTFSS       STATUS, 0, 0
;__Lib_MathDouble.c,1278 :: 		
0x03A2	0xF001EFD9  	GOTO        MUL32OK
;__Lib_MathDouble.c,1279 :: 		
0x03A6	0x3202      	RRCF        R2, 1, 0
;__Lib_MathDouble.c,1280 :: 		
0x03A8	0x3201      	RRCF        R1, 1, 0
;__Lib_MathDouble.c,1281 :: 		
0x03AA	0x3200      	RRCF        R0, 1, 0
;__Lib_MathDouble.c,1282 :: 		
0x03AC	0x4A03      	INFSNZ      R3, 1, 0
;__Lib_MathDouble.c,1283 :: 		
0x03AE	0xF001EFE2  	GOTO        MULJPSETFOV32
;__Lib_MathDouble.c,1285 :: 		
MUL32OK:
;__Lib_MathDouble.c,1286 :: 		
0x03B2	0xAE0A      	BTFSS       R10, 7, 0
;__Lib_MathDouble.c,1287 :: 		
0x03B4	0x9E02      	BCF         R2, 7, 0
;__Lib_MathDouble.c,1289 :: 		
0x03B6	0x0E00      	MOVLW       0
;__Lib_MathDouble.c,1290 :: 		
0x03B8	0xF001EFE8  	GOTO        MULEEE
;__Lib_MathDouble.c,1291 :: 		
MULJPRES032:
;__Lib_MathDouble.c,1292 :: 		
0x03BC	0x0E01      	MOVLW       1
;__Lib_MathDouble.c,1295 :: 		
0x03BE	0xDE3F      	RCALL       _RES032
;__Lib_MathDouble.c,1297 :: 		
0x03C0	0xF001EFE8  	GOTO        MULEEE
;__Lib_MathDouble.c,1298 :: 		
MULJPSETFOV32:
;__Lib_MathDouble.c,1299 :: 		
0x03C4	0x0E02      	MOVLW       2
;__Lib_MathDouble.c,1302 :: 		
0x03C6	0xDEA8      	RCALL       _SETFOV32
;__Lib_MathDouble.c,1304 :: 		
0x03C8	0xF001EFE8  	GOTO        MULEEE
;__Lib_MathDouble.c,1305 :: 		
MULJPSETFUN32:
;__Lib_MathDouble.c,1306 :: 		
0x03CC	0x0E04      	MOVLW       4
;__Lib_MathDouble.c,1309 :: 		
0x03CE	0xDE2A      	RCALL       _SETFUN32
;__Lib_MathDouble.c,1311 :: 		
MULEEE:
;__Lib_MathDouble.c,1318 :: 		
L_end_Mul_32x32_FP:
0x03D0	0x0012      	RETURN      0
; end of _Mul_32x32_FP
___CC2DW:
;__Lib_System.c,21 :: 		
;__Lib_System.c,23 :: 		
_CC2DL_Loop1:
;__Lib_System.c,24 :: 		
0x03D2	0x0009      	TBLRD*+
;__Lib_System.c,25 :: 		
0x03D4	0xFFE6CFF5  	MOVFF       TABLAT, POSTINC1
;__Lib_System.c,26 :: 		
0x03D8	0x0600      	DECF        R0, 1, 0
;__Lib_System.c,27 :: 		
0x03DA	0xE1FB      	BNZ         _CC2DL_Loop1
;__Lib_System.c,28 :: 		
0x03DC	0x0601      	DECF        R1, 1, 0
;__Lib_System.c,29 :: 		
0x03DE	0xE1F9      	BNZ         _CC2DL_Loop1
;__Lib_System.c,31 :: 		
L_end___CC2DW:
0x03E0	0x0012      	RETURN      0
; end of ___CC2DW
_Word2Double:
;__Lib_MathDouble.c,2335 :: 		
;__Lib_MathDouble.c,2344 :: 		
0x03E2	0x5000      	MOVF        R0, 0, 0
;__Lib_MathDouble.c,2345 :: 		
0x03E4	0x6E08      	MOVWF       R8, higher_addr(SETFOV32EEE)
;__Lib_MathDouble.c,2346 :: 		
0x03E6	0x5001      	MOVF        R1, 0, 0
;__Lib_MathDouble.c,2347 :: 		
0x03E8	0x6E00      	MOVWF       R0, higher_addr(SETFOV32EEE)
;__Lib_MathDouble.c,2348 :: 		
0x03EA	0x6A01      	CLRF        R1, higher_addr(SETFOV32EEE)
;__Lib_MathDouble.c,2349 :: 		
0x03EC	0x6A02      	CLRF        R2, higher_addr(SETFOV32EEE)
;__Lib_MathDouble.c,2350 :: 		
0x03EE	0x6A03      	CLRF        R3, higher_addr(SETFOV32EEE)
;__Lib_MathDouble.c,2353 :: 		
0x03F0	0x6A0B      	CLRF        R11, higher_addr(SETFOV32EEE)
;__Lib_MathDouble.c,2354 :: 		
0x03F2	0x6A0C      	CLRF        R12, higher_addr(SETFOV32EEE)
;__Lib_MathDouble.c,2356 :: 		
0x03F4	0x0E96      	MOVLW       150
;__Lib_MathDouble.c,2357 :: 		
0x03F6	0x6E03      	MOVWF       R3, higher_addr(SETFOV32EEE)
;__Lib_MathDouble.c,2358 :: 		
0x03F8	0x6A0A      	CLRF        R10, higher_addr(SETFOV32EEE)
;__Lib_MathDouble.c,2360 :: 		
0x03FA	0xF001C000  	MOVFF       R0, R1
;__Lib_MathDouble.c,2361 :: 		
0x03FE	0xF000C008  	MOVFF       R8, R0
;__Lib_MathDouble.c,2362 :: 		
0x0402	0x6A08      	CLRF        R8, higher_addr(SETFOV32EEE)
;__Lib_MathDouble.c,2363 :: 		
0x0404	0x6A02      	CLRF        R2, higher_addr(SETFOV32EEE)
;__Lib_MathDouble.c,2365 :: 		
0x0406	0xDE4A      	RCALL       _NRM3232
;__Lib_MathDouble.c,2366 :: 		
L_end_Word2Double:
0x0408	0x0012      	RETURN      0
; end of _Word2Double
_main:
;INV.c,1 :: 		void main() {
;INV.c,19 :: 		TRISA=0b00000111;
0x040A	0x0E07      	MOVLW       7
0x040C	0x6E92      	MOVWF       TRISA 
;INV.c,20 :: 		TRISD=0b00000011;
0x040E	0x0E03      	MOVLW       3
0x0410	0x6E95      	MOVWF       TRISD 
;INV.c,21 :: 		TRISB.F3=0;
0x0412	0x9693      	BCF         TRISB, 3 
;INV.c,23 :: 		PWM1_Init(15625);
0x0414	0x90CA      	BCF         T2CON, 0, 0
0x0416	0x92CA      	BCF         T2CON, 1, 0
0x0418	0x0E3F      	MOVLW       63
0x041A	0x6ECB      	MOVWF       PR2, 0
0x041C	0xDF2B      	RCALL       _PWM1_Init
;INV.c,25 :: 		PWM1_Start();
0x041E	0xDF25      	RCALL       _PWM1_Start
;INV.c,26 :: 		while(1){
L_main0:
;INV.c,27 :: 		day_night=PORTD.F0;
0x0420	0xB083      	BTFSC       PORTD, 0 
0x0422	0xD002      	BRA         L__main14
0x0424	0x9031      	BCF         main_day_night_L0, BitPos(main_day_night_L0+0) 
0x0426	0xD001      	BRA         L__main15
L__main14:
0x0428	0x8031      	BSF         main_day_night_L0, BitPos(main_day_night_L0+0) 
L__main15:
;INV.c,28 :: 		level=PORTD.F1;
0x042A	0xB283      	BTFSC       PORTD, 1 
0x042C	0xD002      	BRA         L__main16
0x042E	0x9831      	BCF         main_level_L0, BitPos(main_level_L0+0) 
0x0430	0xD001      	BRA         L__main17
L__main16:
0x0432	0x8831      	BSF         main_level_L0, BitPos(main_level_L0+0) 
L__main17:
;INV.c,29 :: 		PORTD.F2=heater;
0x0434	0xB231      	BTFSC       main_heater_L0, BitPos(main_heater_L0+0) 
0x0436	0xD002      	BRA         L__main18
0x0438	0x9483      	BCF         PORTD, 2 
0x043A	0xD001      	BRA         L__main19
L__main18:
0x043C	0x8483      	BSF         PORTD, 2 
L__main19:
;INV.c,30 :: 		PORTD.F3=air_bubble;
0x043E	0xB431      	BTFSC       main_air_bubble_L0, BitPos(main_air_bubble_L0+0) 
0x0440	0xD002      	BRA         L__main20
0x0442	0x9683      	BCF         PORTD, 3 
0x0444	0xD001      	BRA         L__main21
L__main20:
0x0446	0x8683      	BSF         PORTD, 3 
L__main21:
;INV.c,31 :: 		PORTD.F4=humidify;
0x0448	0xB631      	BTFSC       main_humidify_L0, BitPos(main_humidify_L0+0) 
0x044A	0xD002      	BRA         L__main22
0x044C	0x9883      	BCF         PORTD, 4 
0x044E	0xD001      	BRA         L__main23
L__main22:
0x0450	0x8883      	BSF         PORTD, 4 
L__main23:
;INV.c,32 :: 		PORTD.F5=levelout;
0x0452	0xBA31      	BTFSC       main_levelout_L0, BitPos(main_levelout_L0+0) 
0x0454	0xD002      	BRA         L__main24
0x0456	0x9A83      	BCF         PORTD, 5 
0x0458	0xD001      	BRA         L__main25
L__main24:
0x045A	0x8A83      	BSF         PORTD, 5 
L__main25:
;INV.c,34 :: 		dtemp=ADC_read(0);
0x045C	0x6A32      	CLRF        FARG_ADC_Read_channel 
0x045E	0xDF0E      	RCALL       _ADC_Read
;INV.c,35 :: 		t=dtemp*0.48875;	            //environment_temp
0x0460	0xDFC0      	RCALL       _Word2Double
0x0462	0x0E71      	MOVLW       113
0x0464	0x6E04      	MOVWF       R4 
0x0466	0x0E3D      	MOVLW       61
0x0468	0x6E05      	MOVWF       R5 
0x046A	0x0E7A      	MOVLW       122
0x046C	0x6E06      	MOVWF       R6 
0x046E	0x0E7D      	MOVLW       125
0x0470	0x6E07      	MOVWF       R7 
0x0472	0xDF1F      	RCALL       _Mul_32x32_FP
0x0474	0xF015C000  	MOVFF       R0, main_t_L0
0x0478	0xF016C001  	MOVFF       R1, main_t_L0+1
0x047C	0xF017C002  	MOVFF       R2, main_t_L0+2
0x0480	0xF018C003  	MOVFF       R3, main_t_L0+3
;INV.c,37 :: 		dtemp1=ADC_read(1);
0x0484	0x0E01      	MOVLW       1
0x0486	0x6E32      	MOVWF       FARG_ADC_Read_channel 
0x0488	0xDEF9      	RCALL       _ADC_Read
;INV.c,38 :: 		t1=dtemp1*0.48875;               //water_temp
0x048A	0xDFAB      	RCALL       _Word2Double
0x048C	0x0E71      	MOVLW       113
0x048E	0x6E04      	MOVWF       R4 
0x0490	0x0E3D      	MOVLW       61
0x0492	0x6E05      	MOVWF       R5 
0x0494	0x0E7A      	MOVLW       122
0x0496	0x6E06      	MOVWF       R6 
0x0498	0x0E7D      	MOVLW       125
0x049A	0x6E07      	MOVWF       R7 
0x049C	0xDF0A      	RCALL       _Mul_32x32_FP
0x049E	0xF019C000  	MOVFF       R0, main_t1_L0
0x04A2	0xF01AC001  	MOVFF       R1, main_t1_L0+1
0x04A6	0xF01BC002  	MOVFF       R2, main_t1_L0+2
0x04AA	0xF01CC003  	MOVFF       R3, main_t1_L0+3
;INV.c,40 :: 		dhum=ADC_read(2);
0x04AE	0x0E02      	MOVLW       2
0x04B0	0x6E32      	MOVWF       FARG_ADC_Read_channel 
0x04B2	0xDEE4      	RCALL       _ADC_Read
;INV.c,41 :: 		hum=dhum*0.097656;	            //environment_temp
0x04B4	0xDF96      	RCALL       _Word2Double
0x04B6	0x0EDE      	MOVLW       222
0x04B8	0x6E04      	MOVWF       R4 
0x04BA	0x0EFF      	MOVLW       255
0x04BC	0x6E05      	MOVWF       R5 
0x04BE	0x0E47      	MOVLW       71
0x04C0	0x6E06      	MOVWF       R6 
0x04C2	0x0E7B      	MOVLW       123
0x04C4	0x6E07      	MOVWF       R7 
0x04C6	0xDEF5      	RCALL       _Mul_32x32_FP
0x04C8	0xF01DC000  	MOVFF       R0, main_hum_L0
0x04CC	0xF01EC001  	MOVFF       R1, main_hum_L0+1
0x04D0	0xF01FC002  	MOVFF       R2, main_hum_L0+2
0x04D4	0xF020C003  	MOVFF       R3, main_hum_L0+3
;INV.c,45 :: 		if(day_night==1)
0x04D8	0xA031      	BTFSS       main_day_night_L0, BitPos(main_day_night_L0+0) 
0x04DA	0xD021      	BRA         L_main2
;INV.c,47 :: 		cond_et_max=22.0;
0x04DC	0x0E00      	MOVLW       0
0x04DE	0x6E21      	MOVWF       main_cond_et_max_L0 
0x04E0	0x0E00      	MOVLW       0
0x04E2	0x6E22      	MOVWF       main_cond_et_max_L0+1 
0x04E4	0x0E30      	MOVLW       48
0x04E6	0x6E23      	MOVWF       main_cond_et_max_L0+2 
0x04E8	0x0E83      	MOVLW       131
0x04EA	0x6E24      	MOVWF       main_cond_et_max_L0+3 
;INV.c,48 :: 		cond_et_min=18.0;
0x04EC	0x0E00      	MOVLW       0
0x04EE	0x6E25      	MOVWF       main_cond_et_min_L0 
0x04F0	0x0E00      	MOVLW       0
0x04F2	0x6E26      	MOVWF       main_cond_et_min_L0+1 
0x04F4	0x0E10      	MOVLW       16
0x04F6	0x6E27      	MOVWF       main_cond_et_min_L0+2 
0x04F8	0x0E83      	MOVLW       131
0x04FA	0x6E28      	MOVWF       main_cond_et_min_L0+3 
;INV.c,49 :: 		cond_wt_max=15.0;
0x04FC	0x0E00      	MOVLW       0
0x04FE	0x6E29      	MOVWF       main_cond_wt_max_L0 
0x0500	0x0E00      	MOVLW       0
0x0502	0x6E2A      	MOVWF       main_cond_wt_max_L0+1 
0x0504	0x0E70      	MOVLW       112
0x0506	0x6E2B      	MOVWF       main_cond_wt_max_L0+2 
0x0508	0x0E82      	MOVLW       130
0x050A	0x6E2C      	MOVWF       main_cond_wt_max_L0+3 
;INV.c,50 :: 		cond_h_min=50.0;
0x050C	0x0E00      	MOVLW       0
0x050E	0x6E2D      	MOVWF       main_cond_h_min_L0 
0x0510	0x0E00      	MOVLW       0
0x0512	0x6E2E      	MOVWF       main_cond_h_min_L0+1 
0x0514	0x0E48      	MOVLW       72
0x0516	0x6E2F      	MOVWF       main_cond_h_min_L0+2 
0x0518	0x0E84      	MOVLW       132
0x051A	0x6E30      	MOVWF       main_cond_h_min_L0+3 
;INV.c,51 :: 		}
0x051C	0xD020      	BRA         L_main3
L_main2:
;INV.c,54 :: 		cond_et_max=20.0;
0x051E	0x0E00      	MOVLW       0
0x0520	0x6E21      	MOVWF       main_cond_et_max_L0 
0x0522	0x0E00      	MOVLW       0
0x0524	0x6E22      	MOVWF       main_cond_et_max_L0+1 
0x0526	0x0E20      	MOVLW       32
0x0528	0x6E23      	MOVWF       main_cond_et_max_L0+2 
0x052A	0x0E83      	MOVLW       131
0x052C	0x6E24      	MOVWF       main_cond_et_max_L0+3 
;INV.c,55 :: 		cond_et_min=16.0;
0x052E	0x0E00      	MOVLW       0
0x0530	0x6E25      	MOVWF       main_cond_et_min_L0 
0x0532	0x0E00      	MOVLW       0
0x0534	0x6E26      	MOVWF       main_cond_et_min_L0+1 
0x0536	0x0E00      	MOVLW       0
0x0538	0x6E27      	MOVWF       main_cond_et_min_L0+2 
0x053A	0x0E83      	MOVLW       131
0x053C	0x6E28      	MOVWF       main_cond_et_min_L0+3 
;INV.c,56 :: 		cond_wt_max=13.0;
0x053E	0x0E00      	MOVLW       0
0x0540	0x6E29      	MOVWF       main_cond_wt_max_L0 
0x0542	0x0E00      	MOVLW       0
0x0544	0x6E2A      	MOVWF       main_cond_wt_max_L0+1 
0x0546	0x0E50      	MOVLW       80
0x0548	0x6E2B      	MOVWF       main_cond_wt_max_L0+2 
0x054A	0x0E82      	MOVLW       130
0x054C	0x6E2C      	MOVWF       main_cond_wt_max_L0+3 
;INV.c,57 :: 		cond_h_min=40.0;
0x054E	0x0E00      	MOVLW       0
0x0550	0x6E2D      	MOVWF       main_cond_h_min_L0 
0x0552	0x0E00      	MOVLW       0
0x0554	0x6E2E      	MOVWF       main_cond_h_min_L0+1 
0x0556	0x0E20      	MOVLW       32
0x0558	0x6E2F      	MOVWF       main_cond_h_min_L0+2 
0x055A	0x0E84      	MOVLW       132
0x055C	0x6E30      	MOVWF       main_cond_h_min_L0+3 
;INV.c,58 :: 		}
L_main3:
;INV.c,60 :: 		if (t<cond_et_min)
0x055E	0xF004C025  	MOVFF       main_cond_et_min_L0, R4
0x0562	0xF005C026  	MOVFF       main_cond_et_min_L0+1, R5
0x0566	0xF006C027  	MOVFF       main_cond_et_min_L0+2, R6
0x056A	0xF007C028  	MOVFF       main_cond_et_min_L0+3, R7
0x056E	0xF000C015  	MOVFF       main_t_L0, R0
0x0572	0xF001C016  	MOVFF       main_t_L0+1, R1
0x0576	0xF002C017  	MOVFF       main_t_L0+2, R2
0x057A	0xF003C018  	MOVFF       main_t_L0+3, R3
0x057E	0xDE0E      	RCALL       _Compare_Double
0x0580	0x0E01      	MOVLW       1
0x0582	0xB0D8      	BTFSC       STATUS, 0 
0x0584	0x0E00      	MOVLW       0
0x0586	0x6E00      	MOVWF       R0 
0x0588	0x5200      	MOVF        R0, 1 
0x058A	0xE004      	BZ          L_main4
;INV.c,62 :: 		heater=0;
0x058C	0x9231      	BCF         main_heater_L0, BitPos(main_heater_L0+0) 
;INV.c,63 :: 		PWM1_Set_Duty( 0.3 );   // cooler
0x058E	0x6A32      	CLRF        FARG_PWM1_Set_Duty_new_duty 
0x0590	0xDDCF      	RCALL       _PWM1_Set_Duty
;INV.c,64 :: 		}
0x0592	0xD01F      	BRA         L_main5
L_main4:
;INV.c,65 :: 		else if (t>cond_et_max)
0x0594	0xF004C015  	MOVFF       main_t_L0, R4
0x0598	0xF005C016  	MOVFF       main_t_L0+1, R5
0x059C	0xF006C017  	MOVFF       main_t_L0+2, R6
0x05A0	0xF007C018  	MOVFF       main_t_L0+3, R7
0x05A4	0xF000C021  	MOVFF       main_cond_et_max_L0, R0
0x05A8	0xF001C022  	MOVFF       main_cond_et_max_L0+1, R1
0x05AC	0xF002C023  	MOVFF       main_cond_et_max_L0+2, R2
0x05B0	0xF003C024  	MOVFF       main_cond_et_max_L0+3, R3
0x05B4	0xDDF3      	RCALL       _Compare_Double
0x05B6	0x0E01      	MOVLW       1
0x05B8	0xB0D8      	BTFSC       STATUS, 0 
0x05BA	0x0E00      	MOVLW       0
0x05BC	0x6E00      	MOVWF       R0 
0x05BE	0x5200      	MOVF        R0, 1 
0x05C0	0xE005      	BZ          L_main6
;INV.c,67 :: 		heater=1;
0x05C2	0x8231      	BSF         main_heater_L0, BitPos(main_heater_L0+0) 
;INV.c,68 :: 		PWM1_Set_Duty( 1.0 );
0x05C4	0x0E01      	MOVLW       1
0x05C6	0x6E32      	MOVWF       FARG_PWM1_Set_Duty_new_duty 
0x05C8	0xDDB3      	RCALL       _PWM1_Set_Duty
;INV.c,69 :: 		}
0x05CA	0xD003      	BRA         L_main7
L_main6:
;INV.c,72 :: 		heater=1;
0x05CC	0x8231      	BSF         main_heater_L0, BitPos(main_heater_L0+0) 
;INV.c,73 :: 		PWM1_Set_Duty( 0.3 );
0x05CE	0x6A32      	CLRF        FARG_PWM1_Set_Duty_new_duty 
0x05D0	0xDDAF      	RCALL       _PWM1_Set_Duty
;INV.c,74 :: 		}
L_main7:
L_main5:
;INV.c,76 :: 		if (t1>cond_wt_max)
0x05D2	0xF004C019  	MOVFF       main_t1_L0, R4
0x05D6	0xF005C01A  	MOVFF       main_t1_L0+1, R5
0x05DA	0xF006C01B  	MOVFF       main_t1_L0+2, R6
0x05DE	0xF007C01C  	MOVFF       main_t1_L0+3, R7
0x05E2	0xF000C029  	MOVFF       main_cond_wt_max_L0, R0
0x05E6	0xF001C02A  	MOVFF       main_cond_wt_max_L0+1, R1
0x05EA	0xF002C02B  	MOVFF       main_cond_wt_max_L0+2, R2
0x05EE	0xF003C02C  	MOVFF       main_cond_wt_max_L0+3, R3
0x05F2	0xDDD4      	RCALL       _Compare_Double
0x05F4	0x0E01      	MOVLW       1
0x05F6	0xB0D8      	BTFSC       STATUS, 0 
0x05F8	0x0E00      	MOVLW       0
0x05FA	0x6E00      	MOVWF       R0 
0x05FC	0x5200      	MOVF        R0, 1 
0x05FE	0xE002      	BZ          L_main8
;INV.c,77 :: 		air_bubble=0;
0x0600	0x9431      	BCF         main_air_bubble_L0, BitPos(main_air_bubble_L0+0) 
0x0602	0xD001      	BRA         L_main9
L_main8:
;INV.c,79 :: 		air_bubble=1;
0x0604	0x8431      	BSF         main_air_bubble_L0, BitPos(main_air_bubble_L0+0) 
L_main9:
;INV.c,81 :: 		if (hum<cond_h_min)
0x0606	0xF004C02D  	MOVFF       main_cond_h_min_L0, R4
0x060A	0xF005C02E  	MOVFF       main_cond_h_min_L0+1, R5
0x060E	0xF006C02F  	MOVFF       main_cond_h_min_L0+2, R6
0x0612	0xF007C030  	MOVFF       main_cond_h_min_L0+3, R7
0x0616	0xF000C01D  	MOVFF       main_hum_L0, R0
0x061A	0xF001C01E  	MOVFF       main_hum_L0+1, R1
0x061E	0xF002C01F  	MOVFF       main_hum_L0+2, R2
0x0622	0xF003C020  	MOVFF       main_hum_L0+3, R3
0x0626	0xDDBA      	RCALL       _Compare_Double
0x0628	0x0E01      	MOVLW       1
0x062A	0xB0D8      	BTFSC       STATUS, 0 
0x062C	0x0E00      	MOVLW       0
0x062E	0x6E00      	MOVWF       R0 
0x0630	0x5200      	MOVF        R0, 1 
0x0632	0xE002      	BZ          L_main10
;INV.c,82 :: 		humidify=0;
0x0634	0x9631      	BCF         main_humidify_L0, BitPos(main_humidify_L0+0) 
0x0636	0xD001      	BRA         L_main11
L_main10:
;INV.c,84 :: 		humidify=1;
0x0638	0x8631      	BSF         main_humidify_L0, BitPos(main_humidify_L0+0) 
L_main11:
;INV.c,85 :: 		if (level==1)
0x063A	0xA831      	BTFSS       main_level_L0, BitPos(main_level_L0+0) 
0x063C	0xD002      	BRA         L_main12
;INV.c,86 :: 		levelout=0;
0x063E	0x9A31      	BCF         main_levelout_L0, BitPos(main_levelout_L0+0) 
0x0640	0xD001      	BRA         L_main13
L_main12:
;INV.c,88 :: 		levelout=1;
0x0642	0x8A31      	BSF         main_levelout_L0, BitPos(main_levelout_L0+0) 
L_main13:
;INV.c,90 :: 		}
0x0644	0xD6ED      	BRA         L_main0
;INV.c,91 :: 		}
0x0646	0xD7FF      	BRA         $+0
; end of _main
Symbol List:
//** Routines locations **
//ADDRESS    SIZE    PROCEDURE
//----------------------------------------------
0x001C       [8]    _FIXSIGN32
0x0024      [26]    _SETFUN32
0x003E      [14]    _RES032
0x004C      [80]    _Mul_16x16_U
0x009C     [114]    _NRM3232
0x010E      [10]    _Delay_22us
0x0118      [24]    _SETFOV32
0x0130     [108]    _PWM1_Set_Duty
0x019C     [206]    _Compare_Double
0x026A      [10]    _PWM1_Start
0x0274       [8]    _PWM1_Init
0x027C      [54]    _ADC_Read
0x02B2     [288]    _Mul_32x32_FP
0x03D2      [16]    ___CC2DW
0x03E2      [40]    _Word2Double
0x040A     [574]    _main
//** Variables locations ** 
//ADDRESS    SIZE    VARIABLE
//----------------------------------------------
0x0000       [1]    FLASH_Erase_64_SaveINTCON_L0
0x0000       [1]    SPI1_Write_tmp_L0
0x0000       [1]    __Lib_SoftI2C_PutZerosToLATSda_temp_sda_L0
0x0000       [1]    EEPROM_Write_SaveINTCON_L0
0x0000       [1]    UART1_Init_tmp_L0
0x0000       [1]    __Lib_SoftI2C_PutZerosToLATScl_temp_scl_L0
0x0000       [1]    R0
0x0001       [1]    __Lib_TFT_JPEG_FileReadBytes_Result_L0
0x0001       [1]    I2C1_Rd_tmp_L0
0x0001       [1]    __Lib_TFT_16bit_JPEG_FileRead_i_L0
0x0001       [1]    __Lib_TFT_16bit_JPEG_FileReadBytes_Result_L0
0x0001       [1]    UART1_Read___tmp_UART1_Read_L0
0x0001       [1]    FLASH_Erase_Write_64_i_L0
0x0001       [2]    FLASH_Read_N_Bytes_i_L0
0x0001       [1]    R1
0x0001       [1]    FLASH_Write_32_i_L0
0x0001       [1]    ispunct_rslt_L0
0x0001       [1]    __Lib_PS2_Wait_Falling_nsample_L0
0x0001       [1]    __Lib_TFT_JPEG_FileRead_i_L0
0x0002       [2]    strlen_cp_L0
0x0002       [2]    memcpy_dd_L0
0x0002       [2]    memset_pp_L0
0x0002       [1]    FLASH_Write_32_SaveINTCON_L0
0x0002       [2]    __Lib_USB_genHID_memset_usb_int_pp_L0
0x0002       [2]    __Lib_USB_genHID_memset_usb_pp_L0
0x0002       [2]    memchr_s_L0
0x0002       [1]    FLASH_Erase_Write_64_j_L0
0x0002       [1]    R2
0x0002       [1]    __Lib_USB_genHID_USB_CtrlTrf_Rx_Service_byteToRead_L0
0x0003       [2]    memmove_tt_L0
0x0003       [1]    R3
0x0003       [1]    MM_Init_i_L0
0x0003       [2]    __Lib_MmcFat16_f16_toInt_l_L0
0x0003       [2]    Ltrim_original_L0
0x0003       [1]    FLASH_Erase_Write_64_SaveINTCON_L0
0x0003       [2]    __Lib_USB_genHID_USB_CtrlTrf_Tx_Service_byteToSend_L0
0x0003       [2]    MM_TotalFreeMemSize_Tot_L0
0x0003       [1]    __Lib_USB_genHID_USB_CtrlTrf_Rx_Service_i_L0
0x0004       [1]    R4
0x0004       [2]    __Lib_MemManager_MM_GetMemAlign_P_L0
0x0004       [2]    __Lib_USB_genHID_USB_Transfer_Packet_Int_handle_L0
0x0004       [1]    __Lib_USB_genHID_GetMaxIndexInDevDsc_index_L0
0x0004       [2]    strncpy_cp_L0
0x0004       [2]    strcpy_cp_L0
0x0004       [2]    frexp_pom_L0
0x0004       [2]    __Lib_USB_genHID_USB_Std_Feature_Req_Handler_p_L0
0x0004       [2]    strcat_cp_L0
0x0004       [2]    __Lib_USB_genHID_USB_Transfer_Packet_handle_L0
0x0004       [2]    memcpy_ss_L0
0x0004       [2]    __Lib_USB_genHID_USB_Get_Status_Handler_p_L2
0x0004       [2]    strncat_cp_L0
0x0005       [2]    LongIntToHex_input_half_L0
0x0005       [2]    __Lib_USB_genHID_USB_Configure_Endpoint_handle_L0
0x0005       [1]    MM_TotalFreeMemSize_i_L0
0x0005       [2]    Ltrim_p_L0
0x0005       [2]    memmove_ff_L0
0x0005       [1]    R5
0x0005       [2]    LongWordToHex_input_half_L0
0x0006       [2]    __Lib_USB_genHID_GetMaxIndexInConfigDsc_totalLen_L0
0x0006       [1]    __Lib_MemManager_MM_GetMemAlign_i_L0
0x0006       [1]    R6
0x0007       [1]    __Lib_TFT_16bit_JPEG_GenerateHuffmanTables_bLength_L0
0x0007       [1]    __Lib_TFT_JPEG_GenerateHuffmanTables_bLength_L0
0x0007       [1]    R7
0x0008       [3]    __Lib_USB_genHID_GetMaxIndexInConfigDsc_ptr_L0
0x0008       [1]    __Lib_TFT_JPEG_GenerateHuffmanTables_bTable_L0
0x0008       [1]    __Lib_TFT_16bit_JPEG_GenerateHuffmanTables_bTable_L0
0x0008       [1]    R8
0x0009       [1]    R9
0x0009       [4]    __Lib_MmcFat16_f16_toLong_l_L0
0x000A       [1]    R10
0x000B       [1]    R11
0x000C       [1]    R12
0x000D       [1]    R13
0x000E       [1]    R14
0x000F       [1]    R15
0x0010       [1]    R16
0x0011       [1]    R17
0x0012       [1]    R18
0x0013       [1]    R19
0x0014       [1]    R20
0x0015       [4]    main_t_L0
0x0019       [4]    main_t1_L0
0x001D       [4]    main_hum_L0
0x0021       [4]    main_cond_et_max_L0
0x0025       [4]    main_cond_et_min_L0
0x0029       [4]    main_cond_wt_max_L0
0x002D       [4]    main_cond_h_min_L0
0x0031       [0]    main_levelout_L0
0x0031       [0]    main_humidify_L0
0x0031       [0]    main_level_L0
0x0031       [0]    main_air_bubble_L0
0x0031       [0]    main_day_night_L0
0x0031       [0]    main_heater_L0
0x0032       [1]    FARG_ADC_Read_channel
0x0032       [1]    FARG_PWM1_Set_Duty_new_duty
0x0032       [4]    FARG_PWM1_Init_PWM_Freq
0x0400      [32]    __Lib_USB_genHID_BDT
0x0420       [8]    __Lib_USB_genHID_SetupPkt
0x0428       [8]    __Lib_USB_genHID_CtrlTrfData
0x0F62       [1]    SPPDATA
0x0F63       [0]    CSEN_bit
0x0F63       [1]    SPPCFG
0x0F63       [0]    CLK1EN_bit
0x0F63       [0]    CLKCFG1_bit
0x0F63       [0]    CLKCFG0_bit
0x0F63       [0]    WS1_bit
0x0F63       [0]    WS2_bit
0x0F63       [0]    WS3_bit
0x0F63       [0]    WS0_bit
0x0F64       [0]    ADDR1_bit
0x0F64       [1]    SPPEPS
0x0F64       [0]    RDSPP_bit
0x0F64       [0]    ADDR3_bit
0x0F64       [0]    ADDR0_bit
0x0F64       [0]    ADDR2_bit
0x0F64       [0]    WRSPP_bit
0x0F64       [0]    SPPBUSY_bit
0x0F65       [0]    SPPEN_bit
0x0F65       [1]    SPPCON
0x0F65       [0]    SPPOWN_bit
0x0F66       [1]    UFRML
0x0F66       [0]    FRM5_bit
0x0F66       [0]    FRM1_bit
0x0F66       [0]    FRM3_bit
0x0F66       [0]    FRM4_bit
0x0F66       [0]    FRM0_bit
0x0F66       [0]    FRM7_bit
0x0F66       [0]    FRM2_bit
0x0F66       [0]    FRM6_bit
0x0F67       [0]    FRM10_bit
0x0F67       [0]    FRM9_bit
0x0F67       [1]    UFRMH
0x0F67       [0]    FRM8_bit
0x0F68       [0]    IDLEIF_bit
0x0F68       [0]    UERRIF_bit
0x0F68       [0]    ACTVIF_bit
0x0F68       [0]    STALLIF_bit
0x0F68       [0]    URSTIF_bit
0x0F68       [0]    TRNIF_bit
0x0F68       [0]    SOFIF_bit
0x0F68       [1]    UIR
0x0F69       [0]    SOFIE_bit
0x0F69       [1]    UIE
0x0F69       [0]    URSTIE_bit
0x0F69       [0]    UERRIE_bit
0x0F69       [0]    ACTVIE_bit
0x0F69       [0]    IDLEIE_bit
0x0F69       [0]    STALLIE_bit
0x0F69       [0]    TRNIE_bit
0x0F6A       [0]    BTOEF_bit
0x0F6A       [1]    UEIR
0x0F6A       [0]    CRC5EF_bit
0x0F6A       [0]    CRC16EF_bit
0x0F6A       [0]    DFN8EF_bit
0x0F6A       [0]    PIDEF_bit
0x0F6A       [0]    BTSEF_bit
0x0F6B       [0]    CRC5EE_bit
0x0F6B       [0]    DFN8EE_bit
0x0F6B       [0]    PIDEE_bit
0x0F6B       [1]    UEIE
0x0F6B       [0]    BTSEE_bit
0x0F6B       [0]    CRC16EE_bit
0x0F6B       [0]    BTOEE_bit
0x0F6C       [0]    PPBI_bit
0x0F6C       [1]    USTAT
0x0F6C       [0]    ENDP2_bit
0x0F6C       [0]    ENDP3_bit
0x0F6C       [0]    DIR__bit
0x0F6C       [0]    ENDP0_bit
0x0F6C       [0]    ENDP1_bit
0x0F6D       [0]    PPBRST_bit
0x0F6D       [0]    PKTDIS_bit
0x0F6D       [0]    SE0_bit
0x0F6D       [1]    UCON
0x0F6D       [0]    USBEN_bit
0x0F6D       [0]    RESUME__bit
0x0F6D       [0]    SUSPND_bit
0x0F6E       [1]    UADDR
0x0F6E       [0]    ADDR2_UADDR_bit
0x0F6E       [0]    ADDR6_bit
0x0F6E       [0]    ADDR0_UADDR_bit
0x0F6E       [0]    ADDR1_UADDR_bit
0x0F6E       [0]    ADDR4_bit
0x0F6E       [0]    ADDR5_bit
0x0F6E       [0]    ADDR3_UADDR_bit
0x0F6F       [0]    PPB0_bit
0x0F6F       [0]    FSEN_bit
0x0F6F       [0]    UOEMON_bit
0x0F6F       [0]    UTEYE_bit
0x0F6F       [0]    PPB1_bit
0x0F6F       [1]    UCFG
0x0F6F       [0]    UPUEN_bit
0x0F6F       [0]    UTRDIS_bit
0x0F70       [1]    UEP0
0x0F70       [0]    EPCONDIS_bit
0x0F70       [0]    EPHSHK_bit
0x0F70       [0]    EPOUTEN_bit
0x0F70       [0]    EPSTALL_bit
0x0F70       [0]    EPINEN_bit
0x0F71       [0]    EPOUTEN_UEP1_bit
0x0F71       [0]    EPCONDIS_UEP1_bit
0x0F71       [0]    EPHSHK_UEP1_bit
0x0F71       [1]    UEP1
0x0F71       [0]    EPSTALL_UEP1_bit
0x0F71       [0]    EPINEN_UEP1_bit
0x0F72       [0]    EPHSHK_UEP2_bit
0x0F72       [0]    EPINEN_UEP2_bit
0x0F72       [0]    EPCONDIS_UEP2_bit
0x0F72       [0]    EPSTALL_UEP2_bit
0x0F72       [0]    EPOUTEN_UEP2_bit
0x0F72       [1]    UEP2
0x0F73       [0]    EPOUTEN_UEP3_bit
0x0F73       [0]    EPCONDIS_UEP3_bit
0x0F73       [0]    EPHSHK_UEP3_bit
0x0F73       [0]    EPINEN_UEP3_bit
0x0F73       [0]    EPSTALL_UEP3_bit
0x0F73       [1]    UEP3
0x0F74       [0]    EPINEN_UEP4_bit
0x0F74       [1]    UEP4
0x0F74       [0]    EPSTALL_UEP4_bit
0x0F74       [0]    EPHSHK_UEP4_bit
0x0F74       [0]    EPCONDIS_UEP4_bit
0x0F74       [0]    EPOUTEN_UEP4_bit
0x0F75       [0]    EPSTALL_UEP5_bit
0x0F75       [0]    EPCONDIS_UEP5_bit
0x0F75       [1]    UEP5
0x0F75       [0]    EPHSHK_UEP5_bit
0x0F75       [0]    EPINEN_UEP5_bit
0x0F75       [0]    EPOUTEN_UEP5_bit
0x0F76       [0]    EPHSHK_UEP6_bit
0x0F76       [0]    EPCONDIS_UEP6_bit
0x0F76       [0]    EPOUTEN_UEP6_bit
0x0F76       [1]    UEP6
0x0F76       [0]    EPINEN_UEP6_bit
0x0F76       [0]    EPSTALL_UEP6_bit
0x0F77       [1]    UEP7
0x0F77       [0]    EPOUTEN_UEP7_bit
0x0F77       [0]    EPCONDIS_UEP7_bit
0x0F77       [0]    EPHSHK_UEP7_bit
0x0F77       [0]    EPSTALL_UEP7_bit
0x0F77       [0]    EPINEN_UEP7_bit
0x0F78       [1]    UEP8
0x0F78       [0]    EPINEN_UEP8_bit
0x0F78       [0]    EPSTALL_UEP8_bit
0x0F78       [0]    EPOUTEN_UEP8_bit
0x0F78       [0]    EPHSHK_UEP8_bit
0x0F78       [0]    EPCONDIS_UEP8_bit
0x0F79       [0]    EPCONDIS_UEP9_bit
0x0F79       [0]    EPOUTEN_UEP9_bit
0x0F79       [0]    EPSTALL_UEP9_bit
0x0F79       [0]    EPINEN_UEP9_bit
0x0F79       [1]    UEP9
0x0F79       [0]    EPHSHK_UEP9_bit
0x0F7A       [0]    EPHSHK_UEP10_bit
0x0F7A       [0]    EPSTALL_UEP10_bit
0x0F7A       [0]    EPOUTEN_UEP10_bit
0x0F7A       [1]    UEP10
0x0F7A       [0]    EPCONDIS_UEP10_bit
0x0F7A       [0]    EPINEN_UEP10_bit
0x0F7B       [1]    UEP11
0x0F7B       [0]    EPCONDIS_UEP11_bit
0x0F7B       [0]    EPHSHK_UEP11_bit
0x0F7B       [0]    EPINEN_UEP11_bit
0x0F7B       [0]    EPSTALL_UEP11_bit
0x0F7B       [0]    EPOUTEN_UEP11_bit
0x0F7C       [1]    UEP12
0x0F7C       [0]    EPINEN_UEP12_bit
0x0F7C       [0]    EPCONDIS_UEP12_bit
0x0F7C       [0]    EPOUTEN_UEP12_bit
0x0F7C       [0]    EPSTALL_UEP12_bit
0x0F7C       [0]    EPHSHK_UEP12_bit
0x0F7D       [0]    EPSTALL_UEP13_bit
0x0F7D       [0]    EPINEN_UEP13_bit
0x0F7D       [0]    EPCONDIS_UEP13_bit
0x0F7D       [0]    EPOUTEN_UEP13_bit
0x0F7D       [1]    UEP13
0x0F7D       [0]    EPHSHK_UEP13_bit
0x0F7E       [0]    EPINEN_UEP14_bit
0x0F7E       [0]    EPSTALL_UEP14_bit
0x0F7E       [1]    UEP14
0x0F7E       [0]    EPHSHK_UEP14_bit
0x0F7E       [0]    EPCONDIS_UEP14_bit
0x0F7E       [0]    EPOUTEN_UEP14_bit
0x0F7F       [1]    UEP15
0x0F7F       [0]    EPHSHK_UEP15_bit
0x0F7F       [0]    EPINEN_UEP15_bit
0x0F7F       [0]    EPOUTEN_UEP15_bit
0x0F7F       [0]    EPSTALL_UEP15_bit
0x0F7F       [0]    EPCONDIS_UEP15_bit
0x0F80       [0]    AN4_bit
0x0F80       [0]    RA3_bit
0x0F80       [0]    LVDIN_bit
0x0F80       [0]    RA1_bit
0x0F80       [0]    RA2_bit
0x0F80       [0]    VREFM_bit
0x0F80       [0]    OSC2_bit
0x0F80       [0]    VREFP_bit
0x0F80       [0]    RA4_bit
0x0F80       [0]    HLVDIN_bit
0x0F80       [1]    PORTA
0x0F80       [0]    RA6_bit
0x0F80       [0]    AN0_bit
0x0F80       [0]    AN1_bit
0x0F80       [0]    RA0_bit
0x0F80       [0]    T0CKI_bit
0x0F80       [0]    AN3_bit
0x0F80       [0]    AN2_bit
0x0F80       [0]    RA5_bit
0x0F81       [0]    INT0_bit
0x0F81       [0]    RB1_bit
0x0F81       [0]    PGC_bit
0x0F81       [0]    RB7_bit
0x0F81       [1]    PORTB
0x0F81       [0]    RB2_bit
0x0F81       [0]    PGM_bit
0x0F81       [0]    RB4_bit
0x0F81       [0]    RB0_bit
0x0F81       [0]    RB3_bit
0x0F81       [0]    INT2_bit
0x0F81       [0]    PGD_bit
0x0F81       [0]    RB6_bit
0x0F81       [0]    RB5_bit
0x0F81       [0]    INT1_bit
0x0F82       [0]    RC6_bit
0x0F82       [0]    RC7_bit
0x0F82       [0]    RC4_bit
0x0F82       [0]    RC5_bit
0x0F82       [0]    RC0_bit
0x0F82       [0]    T13CKI_bit
0x0F82       [1]    PORTC
0x0F82       [0]    P1A_bit
0x0F82       [0]    RX__bit
0x0F82       [0]    T1OSI_bit
0x0F82       [0]    T1OSO_bit
0x0F82       [0]    TX_bit
0x0F82       [0]    CCP1_bit
0x0F82       [0]    RC1_bit
0x0F82       [0]    CK_bit
0x0F82       [0]    RC2_bit
0x0F83       [0]    RD0_bit
0x0F83       [0]    SPP2_bit
0x0F83       [0]    RD5_bit
0x0F83       [0]    RD1_bit
0x0F83       [0]    RD2_bit
0x0F83       [0]    SPP1_bit
0x0F83       [0]    RD7_bit
0x0F83       [0]    SPP5_bit
0x0F83       [0]    RD4_bit
0x0F83       [1]    PORTD
0x0F83       [0]    SPP7_bit
0x0F83       [0]    SPP3_bit
0x0F83       [0]    SPP0_bit
0x0F83       [0]    RD3_bit
0x0F83       [0]    RD6_bit
0x0F83       [0]    SPP4_bit
0x0F83       [0]    SPP6_bit
0x0F84       [0]    RE2_bit
0x0F84       [0]    RE1_bit
0x0F84       [0]    CK1SPP_bit
0x0F84       [0]    RDPU_bit
0x0F84       [0]    RE0_bit
0x0F84       [1]    PORTE
0x0F84       [0]    RE3_bit
0x0F84       [0]    CK2SPP_bit
0x0F84       [0]    RDPU_PORTE_bit
0x0F84       [0]    OESPP_bit
0x0F89       [0]    LATA4_bit
0x0F89       [0]    LATA3_bit
0x0F89       [0]    LATA0_bit
0x0F89       [1]    LATA
0x0F89       [0]    LATA2_bit
0x0F89       [0]    LATA1_bit
0x0F89       [0]    LATA5_bit
0x0F89       [0]    LATA6_bit
0x0F8A       [1]    LATB
0x0F8A       [0]    LATB4_bit
0x0F8A       [0]    LATB5_bit
0x0F8A       [0]    LATB7_bit
0x0F8A       [0]    LATB6_bit
0x0F8A       [0]    LATB1_bit
0x0F8A       [0]    LATB0_bit
0x0F8A       [0]    LATB3_bit
0x0F8A       [0]    LATB2_bit
0x0F8B       [0]    LATC2_bit
0x0F8B       [0]    LATC6_bit
0x0F8B       [0]    LATC7_bit
0x0F8B       [1]    LATC
0x0F8B       [0]    LATC0_bit
0x0F8B       [0]    LATC1_bit
0x0F8C       [0]    LATD3_bit
0x0F8C       [0]    LATD2_bit
0x0F8C       [0]    LATD1_bit
0x0F8C       [0]    LATD4_bit
0x0F8C       [0]    LATD7_bit
0x0F8C       [0]    LATD6_bit
0x0F8C       [0]    LATD5_bit
0x0F8C       [1]    LATD
0x0F8C       [0]    LATD0_bit
0x0F8D       [0]    LATE1_bit
0x0F8D       [0]    LATE0_bit
0x0F8D       [0]    LATE2_bit
0x0F8D       [1]    LATE
0x0F92       [0]    TRISA6_bit
0x0F92       [0]    TRISA5_bit
0x0F92       [0]    TRISA4_bit
0x0F92       [1]    TRISA
0x0F92       [0]    TRISA2_bit
0x0F92       [0]    TRISA1_bit
0x0F92       [0]    TRISA0_bit
0x0F92       [0]    TRISA3_bit
0x0F93       [0]    TRISB0_bit
0x0F93       [0]    TRISB6_bit
0x0F93       [0]    TRISB5_bit
0x0F93       [0]    TRISB7_bit
0x0F93       [0]    TRISB1_bit
0x0F93       [0]    TRISB2_bit
0x0F93       [0]    TRISB3_bit
0x0F93       [1]    TRISB
0x0F93       [0]    TRISB4_bit
0x0F94       [0]    TRISC6_bit
0x0F94       [1]    TRISC
0x0F94       [0]    TRISC7_bit
0x0F94       [0]    TRISC0_bit
0x0F94       [0]    TRISC1_bit
0x0F94       [0]    TRISC2_bit
0x0F95       [0]    TRISD1_bit
0x0F95       [0]    TRISD6_bit
0x0F95       [0]    TRISD0_bit
0x0F95       [0]    TRISD4_bit
0x0F95       [0]    TRISD5_bit
0x0F95       [0]    TRISD2_bit
0x0F95       [0]    TRISD3_bit
0x0F95       [0]    TRISD7_bit
0x0F95       [1]    TRISD
0x0F96       [1]    TRISE
0x0F96       [0]    TRISE1_bit
0x0F96       [0]    TRISE2_bit
0x0F96       [0]    TRISE0_bit
0x0F9B       [0]    INTSRC_bit
0x0F9B       [1]    OSCTUNE
0x0F9B       [0]    TUN3_bit
0x0F9B       [0]    TUN2_bit
0x0F9B       [0]    TUN1_bit
0x0F9B       [0]    TUN0_bit
0x0F9B       [0]    TUN4_bit
0x0F9D       [1]    PIE1
0x0F9D       [0]    ADIE_bit
0x0F9D       [0]    SPPIE_bit
0x0F9D       [0]    CCP1IE_bit
0x0F9D       [0]    TMR2IE_bit
0x0F9D       [0]    TMR1IE_bit
0x0F9D       [0]    SSPIE_bit
0x0F9D       [0]    TXIE_bit
0x0F9D       [0]    RCIE_bit
0x0F9E       [0]    ADIF_bit
0x0F9E       [1]    PIR1
0x0F9E       [0]    SPPIF_bit
0x0F9E       [0]    RCIF_bit
0x0F9E       [0]    TMR2IF_bit
0x0F9E       [0]    TMR1IF_bit
0x0F9E       [0]    CCP1IF_bit
0x0F9E       [0]    TXIF_bit
0x0F9E       [0]    SSPIF_bit
0x0F9F       [1]    IPR1
0x0F9F       [0]    RCIP_bit
0x0F9F       [0]    SPPIP_bit
0x0F9F       [0]    ADIP_bit
0x0F9F       [0]    TXIP_bit
0x0F9F       [0]    TMR2IP_bit
0x0F9F       [0]    TMR1IP_bit
0x0F9F       [0]    SSPIP_bit
0x0F9F       [0]    CCP1IP_bit
0x0FA0       [0]    USBIE_bit
0x0FA0       [0]    EEIE_bit
0x0FA0       [0]    CMIE_bit
0x0FA0       [0]    OSCFIE_bit
0x0FA0       [0]    LVDIE_bit
0x0FA0       [1]    PIE2
0x0FA0       [0]    CCP2IE_bit
0x0FA0       [0]    TMR3IE_bit
0x0FA0       [0]    BCLIE_bit
0x0FA0       [0]    HLVDIE_bit
0x0FA1       [0]    USBIF_bit
0x0FA1       [0]    EEIF_bit
0x0FA1       [0]    CMIF_bit
0x0FA1       [0]    LVDIF_bit
0x0FA1       [0]    OSCFIF_bit
0x0FA1       [0]    BCLIF_bit
0x0FA1       [0]    CCP2IF_bit
0x0FA1       [1]    PIR2
0x0FA1       [0]    HLVDIF_bit
0x0FA1       [0]    TMR3IF_bit
0x0FA2       [0]    USBIP_bit
0x0FA2       [0]    EEIP_bit
0x0FA2       [0]    CMIP_bit
0x0FA2       [0]    LVDIP_bit
0x0FA2       [0]    OSCFIP_bit
0x0FA2       [0]    CCP2IP_bit
0x0FA2       [1]    IPR2
0x0FA2       [0]    TMR3IP_bit
0x0FA2       [0]    BCLIP_bit
0x0FA2       [0]    HLVDIP_bit
0x0FA6       [0]    WREN_bit
0x0FA6       [0]    WR_bit
0x0FA6       [0]    RD_bit
0x0FA6       [0]    WRERR_bit
0x0FA6       [0]    EEPGD_bit
0x0FA6       [0]    CFGS_bit
0x0FA6       [0]    FREE_bit
0x0FA6       [1]    EECON1
0x0FA7       [1]    EECON2
0x0FA8       [1]    EEDATA
0x0FA9       [1]    EEADR
0x0FAB       [0]    ADDEN_bit
0x0FAB       [0]    ADEN_bit
0x0FAB       [0]    FERR_bit
0x0FAB       [0]    OERR_bit
0x0FAB       [0]    RX9D_bit
0x0FAB       [0]    CREN_bit
0x0FAB       [0]    SREN_bit
0x0FAB       [1]    RCSTA
0x0FAB       [0]    RX9_bit
0x0FAB       [0]    SPEN_bit
0x0FAC       [0]    TX9D_bit
0x0FAC       [0]    CSRC_bit
0x0FAC       [0]    TX9_bit
0x0FAC       [0]    SENDB_bit
0x0FAC       [0]    BRGH_bit
0x0FAC       [0]    TXEN_bit
0x0FAC       [0]    SYNC_bit
0x0FAC       [0]    TRMT_bit
0x0FAC       [1]    TXSTA
0x0FAD       [1]    TXREG
0x0FAE       [1]    RCREG
0x0FAF       [1]    SPBRG
0x0FB0       [1]    SPBRGH
0x0FB1       [0]    NOT_T3SYNC_bit
0x0FB1       [0]    T3CCP1_bit
0x0FB1       [0]    T3CKPS0_bit
0x0FB1       [0]    T3CKPS1_bit
0x0FB1       [0]    T3NSYNC_bit
0x0FB1       [0]    T3CCP2_bit
0x0FB1       [0]    RD16_bit
0x0FB1       [0]    T3SYNC_bit
0x0FB1       [0]    TMR3CS_bit
0x0FB1       [1]    T3CON
0x0FB1       [0]    TMR3ON_bit
0x0FB2       [1]    TMR3L
0x0FB3       [1]    TMR3H
0x0FB4       [0]    C2OUT_bit
0x0FB4       [0]    C1OUT_bit
0x0FB4       [0]    C2INV_bit
0x0FB4       [0]    CM2_bit
0x0FB4       [0]    CM1_bit
0x0FB4       [0]    CM0_bit
0x0FB4       [1]    CMCON
0x0FB4       [0]    CIS_bit
0x0FB4       [0]    C1INV_bit
0x0FB5       [0]    CVREN_bit
0x0FB5       [0]    CVROE_bit
0x0FB5       [0]    CVR0_bit
0x0FB5       [0]    CVR2_bit
0x0FB5       [0]    CVR1_bit
0x0FB5       [0]    CVREF_bit
0x0FB5       [1]    CVRCON
0x0FB5       [0]    CVR3_bit
0x0FB5       [0]    CVRR_bit
0x0FB5       [0]    CVRSS_bit
0x0FB6       [1]    CCP1AS
0x0FB6       [1]    ECCP1AS
0x0FB6       [0]    ECCPAS0_bit
0x0FB6       [0]    PSSAC1_bit
0x0FB6       [0]    ECCPAS2_bit
0x0FB6       [0]    ECCPAS1_bit
0x0FB6       [0]    PSSBD0_bit
0x0FB6       [0]    ECCPASE_bit
0x0FB6       [0]    PSSAC0_bit
0x0FB6       [0]    PSSBD1_bit
0x0FB7       [0]    PDC5_bit
0x0FB7       [0]    PDC4_bit
0x0FB7       [0]    PDC6_bit
0x0FB7       [1]    CCP1DEL
0x0FB7       [1]    ECCP1DEL
0x0FB7       [0]    PRSEN_bit
0x0FB7       [0]    PDC0_bit
0x0FB7       [0]    PDC1_bit
0x0FB7       [0]    PDC3_bit
0x0FB7       [0]    PDC2_bit
0x0FB8       [0]    RCMT_bit
0x0FB8       [0]    SCKP_bit
0x0FB8       [1]    BAUDCON
0x0FB8       [1]    BAUDCTL
0x0FB8       [0]    ABDOVF_bit
0x0FB8       [0]    BRG16_bit
0x0FB8       [0]    WUE_bit
0x0FB8       [0]    ABDEN_bit
0x0FB8       [0]    TXCKP_bit
0x0FB8       [0]    RCIDL_bit
0x0FB8       [0]    RXDTP_bit
0x0FBA       [1]    CCP2CON
0x0FBA       [0]    DC2B1_bit
0x0FBA       [0]    CCP2M3_bit
0x0FBA       [0]    DC2B0_bit
0x0FBA       [0]    CCP2M2_bit
0x0FBA       [0]    CCP2M0_bit
0x0FBA       [0]    CCP2M1_bit
0x0FBB       [1]    CCPR2L
0x0FBB       [2]    CCPR2
0x0FBC       [1]    CCPR2H
0x0FBD       [0]    CCP1M0_bit
0x0FBD       [1]    CCP1CON
0x0FBD       [1]    ECCP1CON
0x0FBD       [0]    CCP1M1_bit
0x0FBD       [0]    DC1B1_bit
0x0FBD       [0]    P1M0_bit
0x0FBD       [0]    P1M1_bit
0x0FBD       [0]    CCP1M2_bit
0x0FBD       [0]    CCP1M3_bit
0x0FBD       [0]    DC1B0_bit
0x0FBE       [1]    CCPR1L
0x0FBE       [2]    CCPR1
0x0FBF       [1]    CCPR1H
0x0FC0       [1]    ADCON2
0x0FC0       [0]    ADCS1_bit
0x0FC0       [0]    ADCS0_bit
0x0FC0       [0]    ADFM_bit
0x0FC0       [0]    ADCS2_bit
0x0FC0       [0]    ACQT2_bit
0x0FC0       [0]    ACQT1_bit
0x0FC0       [0]    ACQT0_bit
0x0FC1       [0]    PCFG2_bit
0x0FC1       [0]    PCFG1_bit
0x0FC1       [0]    PCFG0_bit
0x0FC1       [1]    ADCON1
0x0FC1       [0]    PCFG3_bit
0x0FC1       [0]    VCFG0_bit
0x0FC1       [0]    VCFG1_bit
0x0FC2       [0]    CHS3_bit
0x0FC2       [1]    ADCON0
0x0FC2       [0]    ADON_bit
0x0FC2       [0]    NOT_DONE_bit
0x0FC2       [0]    DONE_bit
0x0FC2       [0]    GO_bit
0x0FC2       [0]    CHS0_bit
0x0FC2       [0]    GO_NOT_DONE_bit
0x0FC2       [0]    GO_DONE_bit
0x0FC2       [0]    CHS2_bit
0x0FC2       [0]    CHS1_bit
0x0FC3       [2]    ADRES
0x0FC3       [1]    ADRESL
0x0FC4       [1]    ADRESH
0x0FC5       [0]    RCEN_bit
0x0FC5       [0]    ACKEN_bit
0x0FC5       [0]    PEN_bit
0x0FC5       [0]    SEN_bit
0x0FC5       [0]    RSEN_bit
0x0FC5       [0]    GCEN_bit
0x0FC5       [1]    SSPCON2
0x0FC5       [0]    ACKDT_bit
0x0FC5       [0]    ACKSTAT_bit
0x0FC6       [1]    SSPCON1
0x0FC6       [0]    SSPM1_bit
0x0FC6       [0]    SSPM0_bit
0x0FC6       [0]    SSPM3_bit
0x0FC6       [0]    SSPM2_bit
0x0FC6       [0]    WCOL_bit
0x0FC6       [0]    CKP_bit
0x0FC6       [0]    SSPEN_bit
0x0FC6       [0]    SSPOV_bit
0x0FC7       [0]    R_W_bit
0x0FC7       [0]    SMP_bit
0x0FC7       [0]    CKE_bit
0x0FC7       [0]    D_A_bit
0x0FC7       [0]    I2C_STOP__bit
0x0FC7       [0]    I2C_START__bit
0x0FC7       [0]    I2C_READ_bit
0x0FC7       [0]    UA_bit
0x0FC7       [0]    BF_bit
0x0FC7       [1]    SSPSTAT
0x0FC7       [0]    R_NOT_W_bit
0x0FC7       [0]    D_NOT_A_bit
0x0FC7       [0]    P_bit
0x0FC7       [0]    S_bit
0x0FC7       [0]    READ_WRITE_bit
0x0FC7       [0]    NOT_ADDRESS_bit
0x0FC7       [0]    NOT_WRITE_bit
0x0FC7       [0]    D_bit
0x0FC7       [0]    R_bit
0x0FC7       [0]    DATA_ADDRESS_bit
0x0FC7       [0]    I2C_DAT_bit
0x0FC7       [0]    NOT_W_bit
0x0FC7       [0]    NOT_A_bit
0x0FC8       [1]    SSPADD
0x0FC9       [1]    SSPBUF
0x0FCA       [0]    T2CKPS1_bit
0x0FCA       [0]    T2OUTPS0_bit
0x0FCA       [0]    T2CKPS0_bit
0x0FCA       [1]    T2CON
0x0FCA       [0]    TMR2ON_bit
0x0FCA       [0]    TOUTPS1_bit
0x0FCA       [0]    TOUTPS2_bit
0x0FCA       [0]    TOUTPS3_bit
0x0FCA       [0]    TOUTPS0_bit
0x0FCA       [0]    T2OUTPS1_bit
0x0FCA       [0]    T2OUTPS2_bit
0x0FCA       [0]    T2OUTPS3_bit
0x0FCB       [1]    PR2
0x0FCC       [1]    TMR2
0x0FCD       [0]    T1OSCEN_bit
0x0FCD       [0]    T1RUN_bit
0x0FCD       [1]    T1CON
0x0FCD       [0]    NOT_T1SYNC_bit
0x0FCD       [0]    T1CKPS1_bit
0x0FCD       [0]    TMR1CS_bit
0x0FCD       [0]    TMR1ON_bit
0x0FCD       [0]    RD16_T1CON_bit
0x0FCD       [0]    T1SYNC_bit
0x0FCD       [0]    T1CKPS0_bit
0x0FCE       [1]    TMR1L
0x0FCF       [1]    TMR1H
0x0FD0       [1]    RCON
0x0FD0       [0]    IPEN_bit
0x0FD0       [0]    SBOREN_bit
0x0FD0       [0]    POR_bit
0x0FD0       [0]    BOR_bit
0x0FD0       [0]    NOT_RI_bit
0x0FD0       [0]    NOT_POR_bit
0x0FD0       [0]    NOT_BOR_bit
0x0FD0       [0]    NOT_TO_bit
0x0FD0       [0]    NOT_PD_bit
0x0FD0       [0]    RI_bit
0x0FD0       [0]    NOT_IPEN_bit
0x0FD0       [0]    PD_bit
0x0FD0       [0]    TO__bit
0x0FD1       [0]    SWDTEN_bit
0x0FD1       [0]    SWDTE_bit
0x0FD1       [1]    WDTCON
0x0FD2       [0]    IRVST_bit
0x0FD2       [0]    VDIRMAG_bit
0x0FD2       [0]    HLVDL0_bit
0x0FD2       [1]    HLVDCON
0x0FD2       [1]    LVDCON
0x0FD2       [0]    HLVDEN_bit
0x0FD2       [0]    HLVDL1_bit
0x0FD2       [0]    LVV1_bit
0x0FD2       [0]    LVV0_bit
0x0FD2       [0]    IVRST_bit
0x0FD2       [0]    BGST_bit
0x0FD2       [0]    LVV3_bit
0x0FD2       [0]    LVV2_bit
0x0FD2       [0]    LVDEN_bit
0x0FD2       [0]    LVDL0_bit
0x0FD2       [0]    HLVDL3_bit
0x0FD2       [0]    HLVDL2_bit
0x0FD2       [0]    LVDL1_bit
0x0FD2       [0]    LVDL3_bit
0x0FD2       [0]    LVDL2_bit
0x0FD3       [0]    IRCF0_bit
0x0FD3       [0]    FLTS_bit
0x0FD3       [0]    IRCF1_bit
0x0FD3       [0]    IOFS_bit
0x0FD3       [0]    IRCF2_bit
0x0FD3       [0]    SCS1_bit
0x0FD3       [0]    IDLEN_bit
0x0FD3       [0]    OSTS_bit
0x0FD3       [1]    OSCCON
0x0FD3       [0]    SCS0_bit
0x0FD5       [0]    T0PS1_bit
0x0FD5       [0]    T0PS2_bit
0x0FD5       [0]    T0PS0_bit
0x0FD5       [0]    T0SE_bit
0x0FD5       [1]    T0CON
0x0FD5       [0]    PSA_bit
0x0FD5       [0]    TMR0ON_bit
0x0FD5       [0]    T08BIT_bit
0x0FD5       [0]    T0CS_bit
0x0FD6       [1]    TMR0L
0x0FD7       [1]    TMR0H
0x0FD8       [0]    Z_bit
0x0FD8       [0]    C_bit
0x0FD8       [0]    DC_bit
0x0FD8       [1]    STATUS
0x0FD8       [0]    N_bit
0x0FD8       [0]    OV_bit
0x0FD9       [2]    FSR2PTR
0x0FD9       [1]    FSR2L
0x0FD9       [2]    FSR2
0x0FDA       [1]    FSR2H
0x0FDB       [1]    PLUSW2
0x0FDC       [1]    PREINC2
0x0FDD       [1]    POSTDEC2
0x0FDE       [1]    POSTINC2
0x0FDF       [1]    INDF2
0x0FE0       [1]    BSR
0x0FE1       [2]    FSR1
0x0FE1       [1]    FSR1L
0x0FE1       [2]    FSR1PTR
0x0FE2       [1]    FSR1H
0x0FE3       [1]    PLUSW1
0x0FE4       [1]    PREINC1
0x0FE5       [1]    POSTDEC1
0x0FE6       [1]    POSTINC1
0x0FE7       [1]    INDF1
0x0FE8       [1]    WREG
0x0FE9       [2]    FSR0
0x0FE9       [1]    FSR0L
0x0FE9       [2]    FSR0PTR
0x0FEA       [1]    FSR0H
0x0FEB       [1]    PLUSW0
0x0FEC       [1]    PREINC0
0x0FED       [1]    POSTDEC0
0x0FEE       [1]    POSTINC0
0x0FEF       [1]    INDF0
0x0FF0       [0]    INT1F_bit
0x0FF0       [0]    INT2IP_bit
0x0FF0       [0]    INT2F_bit
0x0FF0       [0]    INT2E_bit
0x0FF0       [0]    INT1E_bit
0x0FF0       [0]    INT1IF_bit
0x0FF0       [0]    INT2IF_bit
0x0FF0       [0]    INT1IE_bit
0x0FF0       [0]    INT1IP_bit
0x0FF0       [0]    INT2IE_bit
0x0FF0       [0]    INT1P_bit
0x0FF0       [1]    INTCON3
0x0FF0       [0]    INT2P_bit
0x0FF1       [0]    NOT_RBPU_bit
0x0FF1       [0]    T0IP_bit
0x0FF1       [0]    RBPU_bit
0x0FF1       [0]    INTEDG0_bit
0x0FF1       [0]    TMR0IP_bit
0x0FF1       [0]    RBIP_bit
0x0FF1       [0]    INTEDG1_bit
0x0FF1       [0]    INTEDG2_bit
0x0FF1       [1]    INTCON2
0x0FF2       [0]    INT0IE_bit
0x0FF2       [0]    TMR0IE_bit
0x0FF2       [0]    PEIE_GIEL_bit
0x0FF2       [0]    RBIE_bit
0x0FF2       [0]    RBIF_bit
0x0FF2       [0]    INT0IF_bit
0x0FF2       [0]    TMR0IF_bit
0x0FF2       [0]    GIE_GIEH_bit
0x0FF2       [0]    GIE_bit
0x0FF2       [0]    PEIE_bit
0x0FF2       [0]    GIEH_bit
0x0FF2       [0]    GIEL_bit
0x0FF2       [0]    T0IF_bit
0x0FF2       [0]    INT0F_bit
0x0FF2       [0]    T0IE_bit
0x0FF2       [0]    INT0E_bit
0x0FF2       [1]    INTCON
0x0FF3       [1]    PRODL
0x0FF3       [2]    PROD
0x0FF4       [1]    PRODH
0x0FF5       [1]    TABLAT
0x0FF6       [3]    TBLPTR
0x0FF6       [1]    TBLPTRL
0x0FF7       [1]    TBLPTRH
0x0FF8       [1]    TBLPTRU
0x0FF9       [1]    PCL
0x0FF9       [1]    PC
0x0FFA       [1]    PCLATH
0x0FFB       [0]    PCU2_bit
0x0FFB       [0]    PCU4_bit
0x0FFB       [0]    PCU3_bit
0x0FFB       [1]    PCLATU
0x0FFB       [0]    PCU0_bit
0x0FFB       [0]    PCU1_bit
0x0FFC       [0]    STKPTR3_bit
0x0FFC       [0]    STKPTR4_bit
0x0FFC       [0]    STKOVF_bit
0x0FFC       [0]    STKPTR2_bit
0x0FFC       [0]    STKUNF_bit
0x0FFC       [1]    STKPTR
0x0FFC       [0]    STKFUL_bit
0x0FFC       [0]    STKPTR1_bit
0x0FFC       [0]    STKPTR0_bit
0x0FFD       [1]    TOSL
0x0FFE       [1]    TOSH
0x0FFF       [1]    TOSU
//** Label List: ** 
//----------------------------------------------
  L_main0
  L_main1
  L_main2
  L_main3
  L_main4
  L_main5
  L_main6
  L_main7
  L_main8
  L_main9
  L_main10
  L_main11
  L_main12
  L_main13
  _main
  L__main14
  L__main15
  L__main16
  L__main17
  L__main18
  L__main19
  L__main20
  L__main21
  L__main22
  L__main23
  L__main24
  L__main25
  L_ADC_Get_Sample0
  L_ADC_Get_Sample1
  L_ADC_Read2
  L_ADC_Read3
  L_end_ADC_Init
  _ADC_Init
  L_end_ADC_Get_Sample
  _ADC_Get_Sample
  L_end_ADC_Read
  _ADC_Read
  L_Delay_10us0
  L_Delay_22us1
  L_Delay_50us2
  L_Delay_80us3
  L_Delay_500us4
  L_Delay_5500us5
  L_Delay_1ms6
  L_Delay_5ms7
  L_Delay_8ms8
  L_Delay_100ms9
  L_Delay_10ms10
  L_Delay_1sec11
  L____Boot_Delay4k12
  L____Boot_Delay8k13
  L____Boot_Delay12k14
  L____Boot_Delay16k15
  L____Boot_Delay24k16
  L____Boot_Delay32k17
  L____Boot_Delay48k18
  L____Boot_Delay64k19
  L____Boot_Delay128k20
  L_Delay_Cyc21
  L_Delay_Cyc22
  L_VDelay_ms23
  L_VDelay_ms24
  L_VDelay_ms25
  L_VDelay_Advanced_ms26
  L_VDelay_Advanced_ms27
  L_VDelay_Advanced_ms28
  _Get_Fosc_kHz
  _Delay_1us
  _Delay_10us
  _Delay_22us
  _Delay_50us
  _Delay_80us
  _Delay_500us
  _Delay_5500us
  _Delay_1ms
  _Delay_5ms
  _Delay_8ms
  _Delay_100ms
  _Delay_10ms
  _Delay_1sec
  ____Boot_Delay4k
  ____Boot_Delay8k
  ____Boot_Delay12k
  ____Boot_Delay16k
  ____Boot_Delay24k
  ____Boot_Delay32k
  ____Boot_Delay48k
  ____Boot_Delay64k
  ____Boot_Delay128k
  _Delay_Cyc
  _VDelay_ms
  L__VDelay_ms29
  L__VDelay_ms30
  L__VDelay_ms31
  _VDelay_Advanced_ms
  L__VDelay_Advanced_ms32
  L__VDelay_Advanced_ms33
  L__VDelay_Advanced_ms34
  L_Div_16x16_S0
  L_Div_16x16_S1
  LOOPS3232A
  SADD22LA
  SOK22LA
  SADD22L8
  SOK22L8
  LOOPS3232B
  SADD22LB
  SOK22LB
  SADD22L16
  SOK22L16
  LOOPS3232C
  SADD22LC
  SOK22LC
  SADD22L24
  SOK22L24
  LOOPS3232D
  SADD22LD
  SOK22LD
  SOK22L
  L_Div_32x32_S6
  L_Div_32x32_S7
  L_Div_32x32_S8
  L_Div_32x32_S9
  FXD3232S
  END_ALL
  CA3232S
  C3232SX
  C3232SX1
  C3232S
  C3232S2
  C3232SX4
  C3232SOK
  C3232SX3
  C3232SX2
  avoid_comfrem
  LOOPU3232A
  UADD22LA
  UOK22LA
  UADD22L8
  UOK22L8
  LOOPU3232B
  UADD22LB
  UOK22LB
  UADD22L16
  UOK22L16
  LOOPU3232C
  UADD22LC
  UOK22LC
  UADD22L24
  UOK22L24
  LOOPU3232D
  UADD22LD
  UOK22LD
  UOK22L
  _NEXT
  _EXIT2
  _LOOP
  _EXIT1
  _IF_FIRST
  _IF_SECOND
  _INVERCE_FIRST
  _MULT
  _INBERSE_SECOND
  _EXIT
  L_end_Div_8x8_U
  _Div_8x8_U
  L_end_Div_16x16_U
  _Div_16x16_U
  L_end_Div_16x16_S_L
  _Div_16x16_S_L
  L_end_Div_16x16_S
  _Div_16x16_S
  L_end_Div_8x8_S
  _Div_8x8_S
  L_end_Mul_8x8_S
  _Mul_8x8_S
  L_end_Mul_16x16_U
  _Mul_16x16_U
  L_end_Mul_16x16_S
  _Mul_16x16_S
  L_end_SDIV3232L
  _SDIV3232L
  L_end_COMFREM
  _COMFREM
  L_end_Div_32x32_S
  _Div_32x32_S
  L_end_Div_32x32_U
  _Div_32x32_U
  L_end_Mul_32x32_U
  _Mul_32x32_U
  L_end_Mul_32x32_S
  _Mul_32x32_S
  SETFOV32EEE
  SETFUN32EEE
  NRMRND4032
  NRM40JPSETFOV32
  NRM4032
  NRM4032A
  TNIB4032
  NORM4032
  TNORMUN4032
  NRM40JPSETFUN32
  NRM40JPFIXSIGN32
  NRM4032B
  TNIB4032A
  NORM4032A
  NRM4032C
  TNIB4032B
  NORM4032B
  NRM40JPRES032
  TNIB4032C
  NORM4032C
  NRM40EEE
  NORM3232
  JPNRES032
  JPNSETFUN32
  NORM3232A
  JMPNFIXSIGN32
  NORM32EEE
  SETIOV3224EEE
  FPA32
  USEA32
  USEB32
  BRETURN32
  BLIGNED32
  BNIB32
  BNIB32A
  BNIB32B
  BNIB32C
  ADDEOK
  BLOOP32C
  BLOOP32B
  BLOOP32A
  BLOOP32
  AOK32
  BNE032
  ALIGNED32
  ANIB32
  ANIB32A
  ANIB32B
  ANIB32C
  ALOOP32C
  ALOOP32B
  ALOOP32A
  ALOOP32
  ACOMP32
  ADDJPNRMRND4032
  ADDJPSETFOV32
  ADDJPNRM4032
  ADDEEE
  FPS32
  FPM32
  MULJPRES032
  M32BNE0
  MTUN32
  MULJPSETFOV32
  MOK32
  MULJPSETFUN32
  MROUND32
  MUL32OK
  MULEEE
  L_Div_32x32_FP11
  L_Div_32x32_FP12
  L_Div_32x32_FP13
  L_Div_32x32_FP14
  FPD32
  JPDSETFDZ32
  JPDRES032
  D32BNE0
  TALIGN32
  TS1ALIGN32
  TS2ALIGN32
  DALIGN32OK
  ALTB32
  AGEB32
  JPDSETFOV32
  DARGOK32
  JPDSETFUN32
  DLOOP32
  DS132
  DS232
  DREST32
  DOK32
  DAREST32
  DROUND32
  DIV32OK
  DIV32EEE
  INT3232U
  INT3232UEOK
  SETEXP32U
  SETIOV32U
  TSHIFT3232U
  SHIFT3232UOK
  SHIFT3232U
  INT3232UOK
  JPLSETIOV3224
  IRES032U
  INT3232UEER
  INT3232UEEE
  INT3232
  INT3232EOK
  SETIOV32
  TSHIFT3232
  SHIFT3232OK
  SHIFT3232
  INT3232OK
  JPISETIOV3224
  IRES032
  INT3232EER
  INT3232EEE
  INT3216
  IRES016
  SETIOV16
  TSHIFT3216
  SHIFT3216OK
  SHIFT3216
  INT3216OK
  JPJSETIOV3224
  INT3216EOK
  INT3216EER
  INT3216EEE
  INT3216U
  IRES016U
  SETEXP16U
  SETIOV16U
  TSHIFT3216U
  SHIFT3216UOK
  SHIFT3216U
  INT3216UOK
  JPKSETIOV3224
  INT3216UEOK
  INT3216UEER
  INT3216UEEE
  INT32U08
  IRES008
  SETEXP08
  SETIOV08
  TSHIFT3208
  SHIFT3208OK
  SHIFT3208
  INT3208OK
  D2B_JPKSETIOV3224
  INT3208EOK
  INT3208EER
  INT3208EEE
  FLO08U32
  FLO1632
  FLO1632EEE
  FLO16U32
  FLO3232
  FLO3232EEE
  FLO32U32
  EQU_FALSE
  COMPARE_EQU
  COMPARE_NOTZERO
  COMPARE_XNOTZERO
  COMPARE_YNOTZERO
  COMPARE_LT
  COMPARE_GT
  COMPARE_TESTALL
  COMPARE_C1
  GT_FALSE
  GT_TRUE
  COMPARE_C2
  COMPARE_C3
  L_end_SETFOV32
  _SETFOV32
  L_end_SETFDZ32
  _SETFDZ32
  L_end_FIXSIGN32
  _FIXSIGN32
  L_end_RES032
  _RES032
  L_end_SETFUN32
  _SETFUN32
  L_end_NRM4032
  _NRM4032
  L_end_NRM3232
  _NRM3232
  L_end_SETIOV3224
  _SETIOV3224
  L_end_Add_32x32_FP
  _Add_32x32_FP
  L_end_Sub_32x32_FP
  _Sub_32x32_FP
  L_end_Mul_32x32_FP
  _Mul_32x32_FP
  L_end_Div_32x32_FP
  _Div_32x32_FP
  L_end_Double2Longword
  _Double2Longword
  L_end_Double2Longint
  _Double2Longint
  L_end_Double2Int
  _Double2Int
  L_end_Double2Word
  _Double2Word
  L_end_Double2Byte
  _Double2Byte
  L_end_Byte2Double
  _Byte2Double
  L_end_Int2Double
  _Int2Double
  L_end_Word2Double
  _Word2Double
  L_end_Longint2Double
  _Longint2Double
  L_end_Longword2Double
  _Longword2Double
  L_end_Equals_Double
  _Equals_Double
  L_end_Compare_Double
  _Compare_Double
  L_end_PWM2_Init
  _PWM2_Init
  L_end_PWM2_Set_Duty
  _PWM2_Set_Duty
  L__PWM2_Set_Duty2
  L__PWM2_Set_Duty3
  L__PWM2_Set_Duty4
  L__PWM2_Set_Duty5
  L_end_PWM2_Start
  _PWM2_Start
  L_end_PWM2_Stop
  _PWM2_Stop
  L_end_PWM1_Init
  _PWM1_Init
  L_end_PWM1_Set_Duty
  _PWM1_Set_Duty
  L__PWM1_Set_Duty10
  L__PWM1_Set_Duty11
  L__PWM1_Set_Duty12
  L__PWM1_Set_Duty13
  L_end_PWM1_Start
  _PWM1_Start
  L_end_PWM1_Stop
  _PWM1_Stop
  _CC2D_Loop1
  _CC2DL_Loop1
  L_loopCA2AWs
  L_loopCCA2AWs
  L_loopCS2Ss
  L_CS2Send
  L_loopCCS2Ss
  L_CCS2Send
  L_loopFZinSWs
  L_longjmp7
  L_end___CC2D
  ___CC2D
  L_end___CC2DW
  ___CC2DW
  L_end___CA2AW
  ___CA2AW
  L_end___CCA2AW
  ___CCA2AW
  L_end___CS2S
  ___CS2S
  L_end___CCS2S
  ___CCS2S
  L_end___FZinS
  ___FZinS
  L_end_____DoIFC
  _____DoIFC
  L_end_Swap
  _Swap
  L_end_setjmp
  _setjmp
  L_end_longjmp
  _longjmp
